[0.168s] Invoking command in '/home/hb/hb_ws/build/apriltag_ros': CMAKE_PREFIX_PATH=/home/hb/hb_ws/install/ydlidar_ros2_driver:/home/hb/hb_ws/install/usb_cam:/home/hb/hb_ws/install/serial_communication:/opt/ros/humble:/home/hb/hb_ws/install/teleop_twist_joy:/home/hb/hb_ws/install/micro_ros_setup:/home/hb/hb_ws/install/micro_ros_agent:/home/hb/hb_ws/install/micro_ros_msgs:/home/hb/hb_ws/install/apriltag_ros /usr/bin/cmake --build /home/hb/hb_ws/build/apriltag_ros -- -j4 -l4
[1.981s] [ 33%] Built target apriltag_node
[1.982s] [ 50%] Built target tags
[1.983s] [ 66%] Built target pose_estimation
[1.983s] [35m[1mConsolidate compiler generated dependencies of target AprilTagNode[0m
[1.983s] [100%] Built target AprilTagNode
[2.012s] Invoked command in '/home/hb/hb_ws/build/apriltag_ros' returned '0': CMAKE_PREFIX_PATH=/home/hb/hb_ws/install/ydlidar_ros2_driver:/home/hb/hb_ws/install/usb_cam:/home/hb/hb_ws/install/serial_communication:/opt/ros/humble:/home/hb/hb_ws/install/teleop_twist_joy:/home/hb/hb_ws/install/micro_ros_setup:/home/hb/hb_ws/install/micro_ros_agent:/home/hb/hb_ws/install/micro_ros_msgs:/home/hb/hb_ws/install/apriltag_ros /usr/bin/cmake --build /home/hb/hb_ws/build/apriltag_ros -- -j4 -l4
[2.592s] Invoking command in '/home/hb/hb_ws/build/apriltag_ros': CMAKE_PREFIX_PATH=/home/hb/hb_ws/install/ydlidar_ros2_driver:/home/hb/hb_ws/install/usb_cam:/home/hb/hb_ws/install/serial_communication:/opt/ros/humble:/home/hb/hb_ws/install/teleop_twist_joy:/home/hb/hb_ws/install/micro_ros_setup:/home/hb/hb_ws/install/micro_ros_agent:/home/hb/hb_ws/install/micro_ros_msgs:/home/hb/hb_ws/install/apriltag_ros /usr/bin/cmake --install /home/hb/hb_ws/build/apriltag_ros
[2.690s] -- Install configuration: ""
[2.693s] -- Up-to-date: /home/hb/hb_ws/install/apriltag_ros/lib/apriltag_ros/apriltag_node
[2.698s] -- Up-to-date: /home/hb/hb_ws/install/apriltag_ros/share/apriltag_ros/environment/library_path.sh
[2.702s] -- Up-to-date: /home/hb/hb_ws/install/apriltag_ros/share/apriltag_ros/environment/library_path.dsv
[2.706s] -- Up-to-date: /home/hb/hb_ws/install/apriltag_ros/lib/libAprilTagNode.so
[2.708s] -- Up-to-date: /home/hb/hb_ws/install/apriltag_ros/share/apriltag_ros/cfg
[2.713s] -- Up-to-date: /home/hb/hb_ws/install/apriltag_ros/share/apriltag_ros/cfg/tags_36h11.yaml
[2.714s] -- Up-to-date: /home/hb/hb_ws/install/apriltag_ros/share/apriltag_ros/launch
[2.715s] -- Up-to-date: /home/hb/hb_ws/install/apriltag_ros/share/apriltag_ros/launch/v4l2_36h11.launch.yml
[2.718s] -- Up-to-date: /home/hb/hb_ws/install/apriltag_ros/share/ament_index/resource_index/package_run_dependencies/apriltag_ros
[2.718s] -- Up-to-date: /home/hb/hb_ws/install/apriltag_ros/share/ament_index/resource_index/parent_prefix_path/apriltag_ros
[2.719s] -- Up-to-date: /home/hb/hb_ws/install/apriltag_ros/share/apriltag_ros/environment/ament_prefix_path.sh
[2.720s] -- Up-to-date: /home/hb/hb_ws/install/apriltag_ros/share/apriltag_ros/environment/ament_prefix_path.dsv
[2.721s] -- Up-to-date: /home/hb/hb_ws/install/apriltag_ros/share/apriltag_ros/environment/path.sh
[2.722s] -- Up-to-date: /home/hb/hb_ws/install/apriltag_ros/share/apriltag_ros/environment/path.dsv
[2.722s] -- Up-to-date: /home/hb/hb_ws/install/apriltag_ros/share/apriltag_ros/local_setup.bash
[2.722s] -- Up-to-date: /home/hb/hb_ws/install/apriltag_ros/share/apriltag_ros/local_setup.sh
[2.723s] -- Up-to-date: /home/hb/hb_ws/install/apriltag_ros/share/apriltag_ros/local_setup.zsh
[2.723s] -- Up-to-date: /home/hb/hb_ws/install/apriltag_ros/share/apriltag_ros/local_setup.dsv
[2.724s] -- Installing: /home/hb/hb_ws/install/apriltag_ros/share/apriltag_ros/package.dsv
[2.730s] -- Up-to-date: /home/hb/hb_ws/install/apriltag_ros/share/ament_index/resource_index/packages/apriltag_ros
[2.747s] -- Up-to-date: /home/hb/hb_ws/install/apriltag_ros/share/ament_index/resource_index/rclcpp_components/apriltag_ros
[2.749s] -- Up-to-date: /home/hb/hb_ws/install/apriltag_ros/share/apriltag_ros/cmake/apriltag_rosConfig.cmake
[2.750s] -- Up-to-date: /home/hb/hb_ws/install/apriltag_ros/share/apriltag_ros/cmake/apriltag_rosConfig-version.cmake
[2.751s] -- Up-to-date: /home/hb/hb_ws/install/apriltag_ros/share/apriltag_ros/package.xml
[2.752s] Invoked command in '/home/hb/hb_ws/build/apriltag_ros' returned '0': CMAKE_PREFIX_PATH=/home/hb/hb_ws/install/ydlidar_ros2_driver:/home/hb/hb_ws/install/usb_cam:/home/hb/hb_ws/install/serial_communication:/opt/ros/humble:/home/hb/hb_ws/install/teleop_twist_joy:/home/hb/hb_ws/install/micro_ros_setup:/home/hb/hb_ws/install/micro_ros_agent:/home/hb/hb_ws/install/micro_ros_msgs:/home/hb/hb_ws/install/apriltag_ros /usr/bin/cmake --install /home/hb/hb_ws/build/apriltag_ros
