[3.642s] Invoking command in '/home/hb/hb_ws/src/serial_communication': PYTHONPATH=/home/hb/hb_ws/build/serial_communication/prefix_override:/home/hb/hb_ws/install/serial_communication/lib/python3.10/site-packages:${PYTHONPATH} /usr/bin/python3 -W ignore:setup.py install is deprecated setup.py egg_info --egg-base ../../build/serial_communication build --build-base /home/hb/hb_ws/build/serial_communication/build install --record /home/hb/hb_ws/build/serial_communication/install.log --single-version-externally-managed install_data
[4.814s] running egg_info
[4.817s] writing ../../build/serial_communication/serial_communication.egg-info/PKG-INFO
[4.818s] writing dependency_links to ../../build/serial_communication/serial_communication.egg-info/dependency_links.txt
[4.819s] writing entry points to ../../build/serial_communication/serial_communication.egg-info/entry_points.txt
[4.820s] writing requirements to ../../build/serial_communication/serial_communication.egg-info/requires.txt
[4.820s] writing top-level names to ../../build/serial_communication/serial_communication.egg-info/top_level.txt
[4.829s] reading manifest file '../../build/serial_communication/serial_communication.egg-info/SOURCES.txt'
[4.833s] writing manifest file '../../build/serial_communication/serial_communication.egg-info/SOURCES.txt'
[4.834s] running build
[4.834s] running build_py
[4.835s] copying serial_communication/teleop_serial.py -> /home/hb/hb_ws/build/serial_communication/build/lib/serial_communication
[4.836s] running install
[4.838s] running install_lib
[4.842s] copying /home/hb/hb_ws/build/serial_communication/build/lib/serial_communication/teleop_serial.py -> /home/hb/hb_ws/install/serial_communication/lib/python3.10/site-packages/serial_communication
[4.844s] byte-compiling /home/hb/hb_ws/install/serial_communication/lib/python3.10/site-packages/serial_communication/teleop_serial.py to teleop_serial.cpython-310.pyc
[4.847s] running install_data
[4.848s] running install_egg_info
[4.855s] removing '/home/hb/hb_ws/install/serial_communication/lib/python3.10/site-packages/serial_communication-0.0.0-py3.10.egg-info' (and everything under it)
[4.856s] Copying ../../build/serial_communication/serial_communication.egg-info to /home/hb/hb_ws/install/serial_communication/lib/python3.10/site-packages/serial_communication-0.0.0-py3.10.egg-info
[4.862s] running install_scripts
[4.950s] Installing teleop_serial script to /home/hb/hb_ws/install/serial_communication/lib/serial_communication
[4.951s] writing list of installed files to '/home/hb/hb_ws/build/serial_communication/install.log'
[5.104s] Invoked command in '/home/hb/hb_ws/src/serial_communication' returned '0': PYTHONPATH=/home/hb/hb_ws/build/serial_communication/prefix_override:/home/hb/hb_ws/install/serial_communication/lib/python3.10/site-packages:${PYTHONPATH} /usr/bin/python3 -W ignore:setup.py install is deprecated setup.py egg_info --egg-base ../../build/serial_communication build --build-base /home/hb/hb_ws/build/serial_communication/build install --record /home/hb/hb_ws/build/serial_communication/install.log --single-version-externally-managed install_data
