[0.469s] DEBUG:colcon:Command line arguments: ['/usr/bin/colcon', 'build']
[0.470s] DEBUG:colcon:Parsed command line arguments: Namespace(log_base=None, log_level=None, verb_name='build', build_base='build', install_base='install', merge_install=False, symlink_install=False, test_result_base=None, continue_on_error=False, executor='parallel', parallel_workers=4, event_handlers=None, ignore_user_meta=False, metas=['./colcon.meta'], base_paths=['.'], packages_ignore=None, packages_ignore_regex=None, paths=None, packages_up_to=None, packages_up_to_regex=None, packages_above=None, packages_above_and_dependencies=None, packages_above_depth=None, packages_select_by_dep=None, packages_skip_by_dep=None, packages_skip_up_to=None, packages_select_build_failed=False, packages_skip_build_finished=False, packages_select_test_failures=False, packages_skip_test_passed=False, packages_select=None, packages_skip=None, packages_select_regex=None, packages_skip_regex=None, packages_start=None, packages_end=None, allow_overriding=[], cmake_args=None, cmake_target=None, cmake_target_skip_unavailable=False, cmake_clean_cache=False, cmake_clean_first=False, cmake_force_configure=False, ament_cmake_args=None, catkin_cmake_args=None, catkin_skip_building_tests=False, verb_parser=<colcon_defaults.argument_parser.defaults.DefaultArgumentsDecorator object at 0xffff982118d0>, verb_extension=<colcon_core.verb.build.BuildVerb object at 0xffff9839ee90>, main=<bound method BuildVerb.main of <colcon_core.verb.build.BuildVerb object at 0xffff9839ee90>>)
[1.340s] Level 1:colcon.colcon_core.package_discovery:discover_packages(colcon_meta) check parameters
[1.341s] Level 1:colcon.colcon_core.package_discovery:discover_packages(recursive) check parameters
[1.341s] Level 1:colcon.colcon_core.package_discovery:discover_packages(ignore) check parameters
[1.341s] Level 1:colcon.colcon_core.package_discovery:discover_packages(path) check parameters
[1.341s] Level 1:colcon.colcon_core.package_discovery:discover_packages(colcon_meta) discover
[1.342s] Level 1:colcon.colcon_core.package_discovery:discover_packages(recursive) discover
[1.342s] INFO:colcon.colcon_core.package_discovery:Crawling recursively for packages in '/home/hb/hb_ws'
[1.343s] Level 1:colcon.colcon_core.package_identification:_identify(.) by extensions ['ignore', 'ignore_ament_install']
[1.343s] Level 1:colcon.colcon_core.package_identification:_identify(.) by extension 'ignore'
[1.344s] Level 1:colcon.colcon_core.package_identification:_identify(.) by extension 'ignore_ament_install'
[1.344s] Level 1:colcon.colcon_core.package_identification:_identify(.) by extensions ['colcon_pkg']
[1.344s] Level 1:colcon.colcon_core.package_identification:_identify(.) by extension 'colcon_pkg'
[1.344s] Level 1:colcon.colcon_core.package_identification:_identify(.) by extensions ['colcon_meta']
[1.344s] Level 1:colcon.colcon_core.package_identification:_identify(.) by extension 'colcon_meta'
[1.344s] Level 1:colcon.colcon_core.package_identification:_identify(.) by extensions ['ros']
[1.345s] Level 1:colcon.colcon_core.package_identification:_identify(.) by extension 'ros'
[1.394s] Level 1:colcon.colcon_core.package_identification:_identify(.) by extensions ['cmake', 'python']
[1.395s] Level 1:colcon.colcon_core.package_identification:_identify(.) by extension 'cmake'
[1.395s] Level 1:colcon.colcon_core.package_identification:_identify(.) by extension 'python'
[1.395s] Level 1:colcon.colcon_core.package_identification:_identify(.) by extensions ['python_setup_py']
[1.395s] Level 1:colcon.colcon_core.package_identification:_identify(.) by extension 'python_setup_py'
[1.396s] Level 1:colcon.colcon_core.package_identification:_identify(build) by extensions ['ignore', 'ignore_ament_install']
[1.397s] Level 1:colcon.colcon_core.package_identification:_identify(build) by extension 'ignore'
[1.397s] Level 1:colcon.colcon_core.package_identification:_identify(build) ignored
[1.398s] Level 1:colcon.colcon_core.package_identification:_identify(firmware) by extensions ['ignore', 'ignore_ament_install']
[1.398s] Level 1:colcon.colcon_core.package_identification:_identify(firmware) by extension 'ignore'
[1.399s] Level 1:colcon.colcon_core.package_identification:_identify(firmware) ignored
[1.399s] Level 1:colcon.colcon_core.package_identification:_identify(install) by extensions ['ignore', 'ignore_ament_install']
[1.400s] Level 1:colcon.colcon_core.package_identification:_identify(install) by extension 'ignore'
[1.400s] Level 1:colcon.colcon_core.package_identification:_identify(install) ignored
[1.401s] Level 1:colcon.colcon_core.package_identification:_identify(log) by extensions ['ignore', 'ignore_ament_install']
[1.401s] Level 1:colcon.colcon_core.package_identification:_identify(log) by extension 'ignore'
[1.401s] Level 1:colcon.colcon_core.package_identification:_identify(log) ignored
[1.402s] Level 1:colcon.colcon_core.package_identification:_identify(src) by extensions ['ignore', 'ignore_ament_install']
[1.402s] Level 1:colcon.colcon_core.package_identification:_identify(src) by extension 'ignore'
[1.402s] Level 1:colcon.colcon_core.package_identification:_identify(src) by extension 'ignore_ament_install'
[1.403s] Level 1:colcon.colcon_core.package_identification:_identify(src) by extensions ['colcon_pkg']
[1.403s] Level 1:colcon.colcon_core.package_identification:_identify(src) by extension 'colcon_pkg'
[1.403s] Level 1:colcon.colcon_core.package_identification:_identify(src) by extensions ['colcon_meta']
[1.403s] Level 1:colcon.colcon_core.package_identification:_identify(src) by extension 'colcon_meta'
[1.403s] Level 1:colcon.colcon_core.package_identification:_identify(src) by extensions ['ros']
[1.403s] Level 1:colcon.colcon_core.package_identification:_identify(src) by extension 'ros'
[1.404s] Level 1:colcon.colcon_core.package_identification:_identify(src) by extensions ['cmake', 'python']
[1.404s] Level 1:colcon.colcon_core.package_identification:_identify(src) by extension 'cmake'
[1.404s] Level 1:colcon.colcon_core.package_identification:_identify(src) by extension 'python'
[1.404s] Level 1:colcon.colcon_core.package_identification:_identify(src) by extensions ['python_setup_py']
[1.404s] Level 1:colcon.colcon_core.package_identification:_identify(src) by extension 'python_setup_py'
[1.405s] Level 1:colcon.colcon_core.package_identification:_identify(src/serial_communication) by extensions ['ignore', 'ignore_ament_install']
[1.405s] Level 1:colcon.colcon_core.package_identification:_identify(src/serial_communication) by extension 'ignore'
[1.405s] Level 1:colcon.colcon_core.package_identification:_identify(src/serial_communication) by extension 'ignore_ament_install'
[1.406s] Level 1:colcon.colcon_core.package_identification:_identify(src/serial_communication) by extensions ['colcon_pkg']
[1.406s] Level 1:colcon.colcon_core.package_identification:_identify(src/serial_communication) by extension 'colcon_pkg'
[1.406s] Level 1:colcon.colcon_core.package_identification:_identify(src/serial_communication) by extensions ['colcon_meta']
[1.406s] Level 1:colcon.colcon_core.package_identification:_identify(src/serial_communication) by extension 'colcon_meta'
[1.406s] Level 1:colcon.colcon_core.package_identification:_identify(src/serial_communication) by extensions ['ros']
[1.407s] Level 1:colcon.colcon_core.package_identification:_identify(src/serial_communication) by extension 'ros'
[1.416s] DEBUG:colcon.colcon_core.package_identification:Package 'src/serial_communication' with type 'ros.ament_python' and name 'serial_communication'
[1.417s] Level 1:colcon.colcon_core.package_identification:_identify(src/teleop_twist_joy) by extensions ['ignore', 'ignore_ament_install']
[1.417s] Level 1:colcon.colcon_core.package_identification:_identify(src/teleop_twist_joy) by extension 'ignore'
[1.417s] Level 1:colcon.colcon_core.package_identification:_identify(src/teleop_twist_joy) by extension 'ignore_ament_install'
[1.418s] Level 1:colcon.colcon_core.package_identification:_identify(src/teleop_twist_joy) by extensions ['colcon_pkg']
[1.418s] Level 1:colcon.colcon_core.package_identification:_identify(src/teleop_twist_joy) by extension 'colcon_pkg'
[1.419s] Level 1:colcon.colcon_core.package_identification:_identify(src/teleop_twist_joy) by extensions ['colcon_meta']
[1.419s] Level 1:colcon.colcon_core.package_identification:_identify(src/teleop_twist_joy) by extension 'colcon_meta'
[1.420s] Level 1:colcon.colcon_core.package_identification:_identify(src/teleop_twist_joy) by extensions ['ros']
[1.420s] Level 1:colcon.colcon_core.package_identification:_identify(src/teleop_twist_joy) by extension 'ros'
[1.424s] DEBUG:colcon.colcon_core.package_identification:Package 'src/teleop_twist_joy' with type 'ros.ament_cmake' and name 'teleop_twist_joy'
[1.425s] Level 1:colcon.colcon_core.package_identification:_identify(src/usb_cam) by extensions ['ignore', 'ignore_ament_install']
[1.425s] Level 1:colcon.colcon_core.package_identification:_identify(src/usb_cam) by extension 'ignore'
[1.426s] Level 1:colcon.colcon_core.package_identification:_identify(src/usb_cam) by extension 'ignore_ament_install'
[1.426s] Level 1:colcon.colcon_core.package_identification:_identify(src/usb_cam) by extensions ['colcon_pkg']
[1.426s] Level 1:colcon.colcon_core.package_identification:_identify(src/usb_cam) by extension 'colcon_pkg'
[1.426s] Level 1:colcon.colcon_core.package_identification:_identify(src/usb_cam) by extensions ['colcon_meta']
[1.426s] Level 1:colcon.colcon_core.package_identification:_identify(src/usb_cam) by extension 'colcon_meta'
[1.427s] Level 1:colcon.colcon_core.package_identification:_identify(src/usb_cam) by extensions ['ros']
[1.427s] Level 1:colcon.colcon_core.package_identification:_identify(src/usb_cam) by extension 'ros'
[1.453s] DEBUG:colcon.colcon_core.package_identification:Package 'src/usb_cam' with type 'ros.ament_cmake' and name 'usb_cam'
[1.454s] Level 1:colcon.colcon_core.package_identification:_identify(src/ydlidar_ros2_driver) by extensions ['ignore', 'ignore_ament_install']
[1.455s] Level 1:colcon.colcon_core.package_identification:_identify(src/ydlidar_ros2_driver) by extension 'ignore'
[1.455s] Level 1:colcon.colcon_core.package_identification:_identify(src/ydlidar_ros2_driver) by extension 'ignore_ament_install'
[1.455s] Level 1:colcon.colcon_core.package_identification:_identify(src/ydlidar_ros2_driver) by extensions ['colcon_pkg']
[1.455s] Level 1:colcon.colcon_core.package_identification:_identify(src/ydlidar_ros2_driver) by extension 'colcon_pkg'
[1.456s] Level 1:colcon.colcon_core.package_identification:_identify(src/ydlidar_ros2_driver) by extensions ['colcon_meta']
[1.456s] Level 1:colcon.colcon_core.package_identification:_identify(src/ydlidar_ros2_driver) by extension 'colcon_meta'
[1.456s] Level 1:colcon.colcon_core.package_identification:_identify(src/ydlidar_ros2_driver) by extensions ['ros']
[1.456s] Level 1:colcon.colcon_core.package_identification:_identify(src/ydlidar_ros2_driver) by extension 'ros'
[1.463s] DEBUG:colcon.colcon_core.package_identification:Package 'src/ydlidar_ros2_driver' with type 'ros.ament_cmake' and name 'ydlidar_ros2_driver'
[1.463s] Level 1:colcon.colcon_core.package_discovery:discover_packages(recursive) using defaults
[1.464s] Level 1:colcon.colcon_core.package_discovery:discover_packages(ignore) discover
[1.464s] Level 1:colcon.colcon_core.package_discovery:discover_packages(ignore) using defaults
[1.464s] Level 1:colcon.colcon_core.package_discovery:discover_packages(path) discover
[1.464s] Level 1:colcon.colcon_core.package_discovery:discover_packages(path) using defaults
[1.584s] Level 1:colcon.colcon_core.package_discovery:discover_packages(prefix_path) check parameters
[1.584s] Level 1:colcon.colcon_core.package_discovery:discover_packages(prefix_path) discover
[1.597s] DEBUG:colcon.colcon_installed_package_information.package_discovery:Found 8 installed packages in /home/hb/hb_ws/install
[1.608s] DEBUG:colcon.colcon_installed_package_information.package_discovery:Found 346 installed packages in /opt/ros/humble
[1.616s] Level 1:colcon.colcon_core.package_discovery:discover_packages(prefix_path) using defaults
[1.821s] Level 5:colcon.colcon_core.verb:set package 'serial_communication' build argument 'cmake_args' from command line to 'None'
[1.821s] Level 5:colcon.colcon_core.verb:set package 'serial_communication' build argument 'cmake_target' from command line to 'None'
[1.821s] Level 5:colcon.colcon_core.verb:set package 'serial_communication' build argument 'cmake_target_skip_unavailable' from command line to 'False'
[1.821s] Level 5:colcon.colcon_core.verb:set package 'serial_communication' build argument 'cmake_clean_cache' from command line to 'False'
[1.821s] Level 5:colcon.colcon_core.verb:set package 'serial_communication' build argument 'cmake_clean_first' from command line to 'False'
[1.822s] Level 5:colcon.colcon_core.verb:set package 'serial_communication' build argument 'cmake_force_configure' from command line to 'False'
[1.822s] Level 5:colcon.colcon_core.verb:set package 'serial_communication' build argument 'ament_cmake_args' from command line to 'None'
[1.822s] Level 5:colcon.colcon_core.verb:set package 'serial_communication' build argument 'catkin_cmake_args' from command line to 'None'
[1.822s] Level 5:colcon.colcon_core.verb:set package 'serial_communication' build argument 'catkin_skip_building_tests' from command line to 'False'
[1.822s] DEBUG:colcon.colcon_core.verb:Building package 'serial_communication' with the following arguments: {'ament_cmake_args': None, 'build_base': '/home/hb/hb_ws/build/serial_communication', 'catkin_cmake_args': None, 'catkin_skip_building_tests': False, 'cmake_args': None, 'cmake_clean_cache': False, 'cmake_clean_first': False, 'cmake_force_configure': False, 'cmake_target': None, 'cmake_target_skip_unavailable': False, 'install_base': '/home/hb/hb_ws/install/serial_communication', 'merge_install': False, 'path': '/home/hb/hb_ws/src/serial_communication', 'symlink_install': False, 'test_result_base': None}
[1.824s] Level 5:colcon.colcon_core.verb:set package 'teleop_twist_joy' build argument 'cmake_args' from command line to 'None'
[1.824s] Level 5:colcon.colcon_core.verb:set package 'teleop_twist_joy' build argument 'cmake_target' from command line to 'None'
[1.824s] Level 5:colcon.colcon_core.verb:set package 'teleop_twist_joy' build argument 'cmake_target_skip_unavailable' from command line to 'False'
[1.824s] Level 5:colcon.colcon_core.verb:set package 'teleop_twist_joy' build argument 'cmake_clean_cache' from command line to 'False'
[1.824s] Level 5:colcon.colcon_core.verb:set package 'teleop_twist_joy' build argument 'cmake_clean_first' from command line to 'False'
[1.824s] Level 5:colcon.colcon_core.verb:set package 'teleop_twist_joy' build argument 'cmake_force_configure' from command line to 'False'
[1.824s] Level 5:colcon.colcon_core.verb:set package 'teleop_twist_joy' build argument 'ament_cmake_args' from command line to 'None'
[1.825s] Level 5:colcon.colcon_core.verb:set package 'teleop_twist_joy' build argument 'catkin_cmake_args' from command line to 'None'
[1.825s] Level 5:colcon.colcon_core.verb:set package 'teleop_twist_joy' build argument 'catkin_skip_building_tests' from command line to 'False'
[1.825s] DEBUG:colcon.colcon_core.verb:Building package 'teleop_twist_joy' with the following arguments: {'ament_cmake_args': None, 'build_base': '/home/hb/hb_ws/build/teleop_twist_joy', 'catkin_cmake_args': None, 'catkin_skip_building_tests': False, 'cmake_args': None, 'cmake_clean_cache': False, 'cmake_clean_first': False, 'cmake_force_configure': False, 'cmake_target': None, 'cmake_target_skip_unavailable': False, 'install_base': '/home/hb/hb_ws/install/teleop_twist_joy', 'merge_install': False, 'path': '/home/hb/hb_ws/src/teleop_twist_joy', 'symlink_install': False, 'test_result_base': None}
[1.826s] Level 5:colcon.colcon_core.verb:set package 'usb_cam' build argument 'cmake_args' from command line to 'None'
[1.826s] Level 5:colcon.colcon_core.verb:set package 'usb_cam' build argument 'cmake_target' from command line to 'None'
[1.827s] Level 5:colcon.colcon_core.verb:set package 'usb_cam' build argument 'cmake_target_skip_unavailable' from command line to 'False'
[1.827s] Level 5:colcon.colcon_core.verb:set package 'usb_cam' build argument 'cmake_clean_cache' from command line to 'False'
[1.827s] Level 5:colcon.colcon_core.verb:set package 'usb_cam' build argument 'cmake_clean_first' from command line to 'False'
[1.827s] Level 5:colcon.colcon_core.verb:set package 'usb_cam' build argument 'cmake_force_configure' from command line to 'False'
[1.827s] Level 5:colcon.colcon_core.verb:set package 'usb_cam' build argument 'ament_cmake_args' from command line to 'None'
[1.827s] Level 5:colcon.colcon_core.verb:set package 'usb_cam' build argument 'catkin_cmake_args' from command line to 'None'
[1.827s] Level 5:colcon.colcon_core.verb:set package 'usb_cam' build argument 'catkin_skip_building_tests' from command line to 'False'
[1.827s] DEBUG:colcon.colcon_core.verb:Building package 'usb_cam' with the following arguments: {'ament_cmake_args': None, 'build_base': '/home/hb/hb_ws/build/usb_cam', 'catkin_cmake_args': None, 'catkin_skip_building_tests': False, 'cmake_args': None, 'cmake_clean_cache': False, 'cmake_clean_first': False, 'cmake_force_configure': False, 'cmake_target': None, 'cmake_target_skip_unavailable': False, 'install_base': '/home/hb/hb_ws/install/usb_cam', 'merge_install': False, 'path': '/home/hb/hb_ws/src/usb_cam', 'symlink_install': False, 'test_result_base': None}
[1.829s] Level 5:colcon.colcon_core.verb:set package 'ydlidar_ros2_driver' build argument 'cmake_args' from command line to 'None'
[1.829s] Level 5:colcon.colcon_core.verb:set package 'ydlidar_ros2_driver' build argument 'cmake_target' from command line to 'None'
[1.829s] Level 5:colcon.colcon_core.verb:set package 'ydlidar_ros2_driver' build argument 'cmake_target_skip_unavailable' from command line to 'False'
[1.829s] Level 5:colcon.colcon_core.verb:set package 'ydlidar_ros2_driver' build argument 'cmake_clean_cache' from command line to 'False'
[1.829s] Level 5:colcon.colcon_core.verb:set package 'ydlidar_ros2_driver' build argument 'cmake_clean_first' from command line to 'False'
[1.830s] Level 5:colcon.colcon_core.verb:set package 'ydlidar_ros2_driver' build argument 'cmake_force_configure' from command line to 'False'
[1.830s] Level 5:colcon.colcon_core.verb:set package 'ydlidar_ros2_driver' build argument 'ament_cmake_args' from command line to 'None'
[1.830s] Level 5:colcon.colcon_core.verb:set package 'ydlidar_ros2_driver' build argument 'catkin_cmake_args' from command line to 'None'
[1.830s] Level 5:colcon.colcon_core.verb:set package 'ydlidar_ros2_driver' build argument 'catkin_skip_building_tests' from command line to 'False'
[1.830s] DEBUG:colcon.colcon_core.verb:Building package 'ydlidar_ros2_driver' with the following arguments: {'ament_cmake_args': None, 'build_base': '/home/hb/hb_ws/build/ydlidar_ros2_driver', 'catkin_cmake_args': None, 'catkin_skip_building_tests': False, 'cmake_args': None, 'cmake_clean_cache': False, 'cmake_clean_first': False, 'cmake_force_configure': False, 'cmake_target': None, 'cmake_target_skip_unavailable': False, 'install_base': '/home/hb/hb_ws/install/ydlidar_ros2_driver', 'merge_install': False, 'path': '/home/hb/hb_ws/src/ydlidar_ros2_driver', 'symlink_install': False, 'test_result_base': None}
[1.830s] INFO:colcon.colcon_core.executor:Executing jobs using 'parallel' executor
[1.834s] DEBUG:colcon.colcon_parallel_executor.executor.parallel:run_until_complete
[1.835s] INFO:colcon.colcon_ros.task.ament_python.build:Building ROS package in '/home/hb/hb_ws/src/serial_communication' with build type 'ament_python'
[1.836s] Level 1:colcon.colcon_core.shell:create_environment_hook('serial_communication', 'ament_prefix_path')
[1.846s] INFO:colcon.colcon_core.plugin_system:Skipping extension 'colcon_core.shell.bat': Not used on non-Windows systems
[1.847s] INFO:colcon.colcon_core.shell:Creating environment hook '/home/hb/hb_ws/install/serial_communication/share/serial_communication/hook/ament_prefix_path.ps1'
[1.851s] INFO:colcon.colcon_core.shell:Creating environment descriptor '/home/hb/hb_ws/install/serial_communication/share/serial_communication/hook/ament_prefix_path.dsv'
[1.855s] INFO:colcon.colcon_core.shell:Creating environment hook '/home/hb/hb_ws/install/serial_communication/share/serial_communication/hook/ament_prefix_path.sh'
[1.860s] INFO:colcon.colcon_core.shell:Skip shell extension 'powershell' for command environment: Not usable outside of PowerShell
[1.860s] DEBUG:colcon.colcon_core.shell:Skip shell extension 'dsv' for command environment
[1.886s] INFO:colcon.colcon_ros.task.ament_cmake.build:Building ROS package in '/home/hb/hb_ws/src/teleop_twist_joy' with build type 'ament_cmake'
[1.886s] INFO:colcon.colcon_cmake.task.cmake.build:Building CMake package in '/home/hb/hb_ws/src/teleop_twist_joy'
[1.887s] INFO:colcon.colcon_core.shell:Skip shell extension 'powershell' for command environment: Not usable outside of PowerShell
[1.888s] DEBUG:colcon.colcon_core.shell:Skip shell extension 'dsv' for command environment
[1.915s] INFO:colcon.colcon_ros.task.ament_cmake.build:Building ROS package in '/home/hb/hb_ws/src/usb_cam' with build type 'ament_cmake'
[1.917s] INFO:colcon.colcon_cmake.task.cmake.build:Building CMake package in '/home/hb/hb_ws/src/usb_cam'
[1.919s] INFO:colcon.colcon_core.shell:Skip shell extension 'powershell' for command environment: Not usable outside of PowerShell
[1.920s] DEBUG:colcon.colcon_core.shell:Skip shell extension 'dsv' for command environment
[1.948s] INFO:colcon.colcon_ros.task.ament_cmake.build:Building ROS package in '/home/hb/hb_ws/src/ydlidar_ros2_driver' with build type 'ament_cmake'
[1.948s] INFO:colcon.colcon_cmake.task.cmake.build:Building CMake package in '/home/hb/hb_ws/src/ydlidar_ros2_driver'
[1.950s] INFO:colcon.colcon_core.shell:Skip shell extension 'powershell' for command environment: Not usable outside of PowerShell
[1.951s] DEBUG:colcon.colcon_core.shell:Skip shell extension 'dsv' for command environment
[3.365s] INFO:colcon.colcon_core.task.python.build:Building Python package in '/home/hb/hb_ws/src/serial_communication'
[3.366s] INFO:colcon.colcon_core.shell:Skip shell extension 'powershell' for command environment: Not usable outside of PowerShell
[3.366s] DEBUG:colcon.colcon_core.shell:Skip shell extension 'dsv' for command environment
[3.413s] DEBUG:colcon.colcon_core.event_handler.log_command:Invoking command in '/home/hb/hb_ws/build/teleop_twist_joy': CMAKE_PREFIX_PATH=/home/hb/hb_ws/install/ydlidar_ros2_driver:/home/hb/hb_ws/install/usb_cam:/home/hb/hb_ws/install/serial_communication:/opt/ros/humble:/home/hb/hb_ws/install/teleop_twist_joy:/home/hb/hb_ws/install/micro_ros_setup:/home/hb/hb_ws/install/micro_ros_agent:/home/hb/hb_ws/install/micro_ros_msgs /usr/bin/cmake --build /home/hb/hb_ws/build/teleop_twist_joy -- -j4 -l4
[3.436s] DEBUG:colcon.colcon_core.event_handler.log_command:Invoking command in '/home/hb/hb_ws/build/usb_cam': CMAKE_PREFIX_PATH=/home/hb/hb_ws/install/ydlidar_ros2_driver:/home/hb/hb_ws/install/usb_cam:/home/hb/hb_ws/install/serial_communication:/opt/ros/humble:/home/hb/hb_ws/install/teleop_twist_joy:/home/hb/hb_ws/install/micro_ros_setup:/home/hb/hb_ws/install/micro_ros_agent:/home/hb/hb_ws/install/micro_ros_msgs /usr/bin/cmake --build /home/hb/hb_ws/build/usb_cam -- -j4 -l4
[3.462s] DEBUG:colcon.colcon_core.event_handler.log_command:Invoking command in '/home/hb/hb_ws/build/ydlidar_ros2_driver': CMAKE_PREFIX_PATH=/home/hb/hb_ws/install/ydlidar_ros2_driver:/home/hb/hb_ws/install/usb_cam:/home/hb/hb_ws/install/serial_communication:/opt/ros/humble:/home/hb/hb_ws/install/teleop_twist_joy:/home/hb/hb_ws/install/micro_ros_setup:/home/hb/hb_ws/install/micro_ros_agent:/home/hb/hb_ws/install/micro_ros_msgs /usr/bin/cmake --build /home/hb/hb_ws/build/ydlidar_ros2_driver -- -j4 -l4
[4.076s] DEBUG:colcon.colcon_core.event_handler.log_command:Invoked command in '/home/hb/hb_ws/build/ydlidar_ros2_driver' returned '0': CMAKE_PREFIX_PATH=/home/hb/hb_ws/install/ydlidar_ros2_driver:/home/hb/hb_ws/install/usb_cam:/home/hb/hb_ws/install/serial_communication:/opt/ros/humble:/home/hb/hb_ws/install/teleop_twist_joy:/home/hb/hb_ws/install/micro_ros_setup:/home/hb/hb_ws/install/micro_ros_agent:/home/hb/hb_ws/install/micro_ros_msgs /usr/bin/cmake --build /home/hb/hb_ws/build/ydlidar_ros2_driver -- -j4 -l4
[4.301s] DEBUG:colcon.colcon_core.event_handler.log_command:Invoked command in '/home/hb/hb_ws/build/teleop_twist_joy' returned '0': CMAKE_PREFIX_PATH=/home/hb/hb_ws/install/ydlidar_ros2_driver:/home/hb/hb_ws/install/usb_cam:/home/hb/hb_ws/install/serial_communication:/opt/ros/humble:/home/hb/hb_ws/install/teleop_twist_joy:/home/hb/hb_ws/install/micro_ros_setup:/home/hb/hb_ws/install/micro_ros_agent:/home/hb/hb_ws/install/micro_ros_msgs /usr/bin/cmake --build /home/hb/hb_ws/build/teleop_twist_joy -- -j4 -l4
[4.487s] DEBUG:colcon.colcon_core.event_handler.log_command:Invoking command in '/home/hb/hb_ws/build/ydlidar_ros2_driver': CMAKE_PREFIX_PATH=/home/hb/hb_ws/install/ydlidar_ros2_driver:/home/hb/hb_ws/install/usb_cam:/home/hb/hb_ws/install/serial_communication:/opt/ros/humble:/home/hb/hb_ws/install/teleop_twist_joy:/home/hb/hb_ws/install/micro_ros_setup:/home/hb/hb_ws/install/micro_ros_agent:/home/hb/hb_ws/install/micro_ros_msgs /usr/bin/cmake --install /home/hb/hb_ws/build/ydlidar_ros2_driver
[4.576s] DEBUG:colcon.colcon_core.event_handler.log_command:Invoking command in '/home/hb/hb_ws/build/teleop_twist_joy': CMAKE_PREFIX_PATH=/home/hb/hb_ws/install/ydlidar_ros2_driver:/home/hb/hb_ws/install/usb_cam:/home/hb/hb_ws/install/serial_communication:/opt/ros/humble:/home/hb/hb_ws/install/teleop_twist_joy:/home/hb/hb_ws/install/micro_ros_setup:/home/hb/hb_ws/install/micro_ros_agent:/home/hb/hb_ws/install/micro_ros_msgs /usr/bin/cmake --install /home/hb/hb_ws/build/teleop_twist_joy
[4.634s] Level 1:colcon.colcon_core.environment:create_environment_scripts_only(ydlidar_ros2_driver)
[4.643s] DEBUG:colcon.colcon_core.event_handler.log_command:Invoked command in '/home/hb/hb_ws/build/ydlidar_ros2_driver' returned '0': CMAKE_PREFIX_PATH=/home/hb/hb_ws/install/ydlidar_ros2_driver:/home/hb/hb_ws/install/usb_cam:/home/hb/hb_ws/install/serial_communication:/opt/ros/humble:/home/hb/hb_ws/install/teleop_twist_joy:/home/hb/hb_ws/install/micro_ros_setup:/home/hb/hb_ws/install/micro_ros_agent:/home/hb/hb_ws/install/micro_ros_msgs /usr/bin/cmake --install /home/hb/hb_ws/build/ydlidar_ros2_driver
[4.674s] Level 1:colcon.colcon_core.environment:checking '/home/hb/hb_ws/install/ydlidar_ros2_driver' for CMake module files
[4.689s] Level 1:colcon.colcon_core.environment:checking '/home/hb/hb_ws/install/ydlidar_ros2_driver' for CMake config files
[4.691s] Level 1:colcon.colcon_core.shell:create_environment_hook('ydlidar_ros2_driver', 'cmake_prefix_path')
[4.693s] INFO:colcon.colcon_core.shell:Creating environment hook '/home/hb/hb_ws/install/ydlidar_ros2_driver/share/ydlidar_ros2_driver/hook/cmake_prefix_path.ps1'
[4.705s] INFO:colcon.colcon_core.shell:Creating environment descriptor '/home/hb/hb_ws/install/ydlidar_ros2_driver/share/ydlidar_ros2_driver/hook/cmake_prefix_path.dsv'
[4.707s] INFO:colcon.colcon_core.shell:Creating environment hook '/home/hb/hb_ws/install/ydlidar_ros2_driver/share/ydlidar_ros2_driver/hook/cmake_prefix_path.sh'
[4.713s] Level 1:colcon.colcon_core.environment:checking '/home/hb/hb_ws/install/ydlidar_ros2_driver/lib'
[4.715s] Level 1:colcon.colcon_core.environment:checking '/home/hb/hb_ws/install/ydlidar_ros2_driver/bin'
[4.716s] Level 1:colcon.colcon_core.environment:checking '/home/hb/hb_ws/install/ydlidar_ros2_driver/lib/pkgconfig/ydlidar_ros2_driver.pc'
[4.717s] Level 1:colcon.colcon_core.environment:checking '/home/hb/hb_ws/install/ydlidar_ros2_driver/lib/python3.10/site-packages'
[4.718s] Level 1:colcon.colcon_core.environment:checking '/home/hb/hb_ws/install/ydlidar_ros2_driver/bin'
[4.720s] INFO:colcon.colcon_core.shell:Creating package script '/home/hb/hb_ws/install/ydlidar_ros2_driver/share/ydlidar_ros2_driver/package.ps1'
[4.724s] INFO:colcon.colcon_core.shell:Creating package descriptor '/home/hb/hb_ws/install/ydlidar_ros2_driver/share/ydlidar_ros2_driver/package.dsv'
[4.729s] INFO:colcon.colcon_core.shell:Creating package script '/home/hb/hb_ws/install/ydlidar_ros2_driver/share/ydlidar_ros2_driver/package.sh'
[4.733s] INFO:colcon.colcon_core.shell:Creating package script '/home/hb/hb_ws/install/ydlidar_ros2_driver/share/ydlidar_ros2_driver/package.bash'
[4.737s] INFO:colcon.colcon_core.shell:Creating package script '/home/hb/hb_ws/install/ydlidar_ros2_driver/share/ydlidar_ros2_driver/package.zsh'
[4.741s] Level 1:colcon.colcon_core.environment:create_file_with_runtime_dependencies(/home/hb/hb_ws/install/ydlidar_ros2_driver/share/colcon-core/packages/ydlidar_ros2_driver)
[4.768s] Level 1:colcon.colcon_core.environment:create_environment_scripts_only(teleop_twist_joy)
[4.770s] DEBUG:colcon.colcon_core.event_handler.log_command:Invoked command in '/home/hb/hb_ws/build/teleop_twist_joy' returned '0': CMAKE_PREFIX_PATH=/home/hb/hb_ws/install/ydlidar_ros2_driver:/home/hb/hb_ws/install/usb_cam:/home/hb/hb_ws/install/serial_communication:/opt/ros/humble:/home/hb/hb_ws/install/teleop_twist_joy:/home/hb/hb_ws/install/micro_ros_setup:/home/hb/hb_ws/install/micro_ros_agent:/home/hb/hb_ws/install/micro_ros_msgs /usr/bin/cmake --install /home/hb/hb_ws/build/teleop_twist_joy
[4.771s] Level 1:colcon.colcon_core.environment:checking '/home/hb/hb_ws/install/teleop_twist_joy' for CMake module files
[4.785s] Level 1:colcon.colcon_core.environment:checking '/home/hb/hb_ws/install/teleop_twist_joy' for CMake config files
[4.790s] Level 1:colcon.colcon_core.shell:create_environment_hook('teleop_twist_joy', 'cmake_prefix_path')
[4.792s] INFO:colcon.colcon_core.shell:Creating environment hook '/home/hb/hb_ws/install/teleop_twist_joy/share/teleop_twist_joy/hook/cmake_prefix_path.ps1'
[4.794s] INFO:colcon.colcon_core.shell:Creating environment descriptor '/home/hb/hb_ws/install/teleop_twist_joy/share/teleop_twist_joy/hook/cmake_prefix_path.dsv'
[4.797s] INFO:colcon.colcon_core.shell:Creating environment hook '/home/hb/hb_ws/install/teleop_twist_joy/share/teleop_twist_joy/hook/cmake_prefix_path.sh'
[4.801s] Level 1:colcon.colcon_core.environment:checking '/home/hb/hb_ws/install/teleop_twist_joy/lib'
[4.802s] Level 1:colcon.colcon_core.shell:create_environment_hook('teleop_twist_joy', 'ld_library_path_lib')
[4.803s] INFO:colcon.colcon_core.shell:Creating environment hook '/home/hb/hb_ws/install/teleop_twist_joy/share/teleop_twist_joy/hook/ld_library_path_lib.ps1'
[4.805s] INFO:colcon.colcon_core.shell:Creating environment descriptor '/home/hb/hb_ws/install/teleop_twist_joy/share/teleop_twist_joy/hook/ld_library_path_lib.dsv'
[4.808s] INFO:colcon.colcon_core.shell:Creating environment hook '/home/hb/hb_ws/install/teleop_twist_joy/share/teleop_twist_joy/hook/ld_library_path_lib.sh'
[4.811s] Level 1:colcon.colcon_core.environment:checking '/home/hb/hb_ws/install/teleop_twist_joy/bin'
[4.811s] Level 1:colcon.colcon_core.environment:checking '/home/hb/hb_ws/install/teleop_twist_joy/lib/pkgconfig/teleop_twist_joy.pc'
[4.813s] Level 1:colcon.colcon_core.environment:checking '/home/hb/hb_ws/install/teleop_twist_joy/lib/python3.10/site-packages'
[4.814s] Level 1:colcon.colcon_core.environment:checking '/home/hb/hb_ws/install/teleop_twist_joy/bin'
[4.815s] INFO:colcon.colcon_core.shell:Creating package script '/home/hb/hb_ws/install/teleop_twist_joy/share/teleop_twist_joy/package.ps1'
[4.818s] INFO:colcon.colcon_core.shell:Creating package descriptor '/home/hb/hb_ws/install/teleop_twist_joy/share/teleop_twist_joy/package.dsv'
[4.821s] INFO:colcon.colcon_core.shell:Creating package script '/home/hb/hb_ws/install/teleop_twist_joy/share/teleop_twist_joy/package.sh'
[4.824s] INFO:colcon.colcon_core.shell:Creating package script '/home/hb/hb_ws/install/teleop_twist_joy/share/teleop_twist_joy/package.bash'
[4.826s] INFO:colcon.colcon_core.shell:Creating package script '/home/hb/hb_ws/install/teleop_twist_joy/share/teleop_twist_joy/package.zsh'
[4.828s] Level 1:colcon.colcon_core.environment:create_file_with_runtime_dependencies(/home/hb/hb_ws/install/teleop_twist_joy/share/colcon-core/packages/teleop_twist_joy)
[4.975s] Level 1:colcon.colcon_core.environment:create_environment_scripts_only(ydlidar_ros2_driver)
[4.977s] Level 1:colcon.colcon_core.environment:checking '/home/hb/hb_ws/install/ydlidar_ros2_driver' for CMake module files
[4.980s] Level 1:colcon.colcon_core.environment:checking '/home/hb/hb_ws/install/ydlidar_ros2_driver' for CMake config files
[4.990s] Level 1:colcon.colcon_core.shell:create_environment_hook('ydlidar_ros2_driver', 'cmake_prefix_path')
[4.991s] INFO:colcon.colcon_core.shell:Creating environment hook '/home/hb/hb_ws/install/ydlidar_ros2_driver/share/ydlidar_ros2_driver/hook/cmake_prefix_path.ps1'
[4.994s] INFO:colcon.colcon_core.shell:Creating environment descriptor '/home/hb/hb_ws/install/ydlidar_ros2_driver/share/ydlidar_ros2_driver/hook/cmake_prefix_path.dsv'
[4.997s] INFO:colcon.colcon_core.shell:Creating environment hook '/home/hb/hb_ws/install/ydlidar_ros2_driver/share/ydlidar_ros2_driver/hook/cmake_prefix_path.sh'
[5.003s] Level 1:colcon.colcon_core.environment:checking '/home/hb/hb_ws/install/ydlidar_ros2_driver/lib'
[5.004s] Level 1:colcon.colcon_core.environment:checking '/home/hb/hb_ws/install/ydlidar_ros2_driver/bin'
[5.005s] Level 1:colcon.colcon_core.environment:checking '/home/hb/hb_ws/install/ydlidar_ros2_driver/lib/pkgconfig/ydlidar_ros2_driver.pc'
[5.007s] Level 1:colcon.colcon_core.environment:checking '/home/hb/hb_ws/install/ydlidar_ros2_driver/lib/python3.10/site-packages'
[5.009s] Level 1:colcon.colcon_core.environment:checking '/home/hb/hb_ws/install/ydlidar_ros2_driver/bin'
[5.010s] INFO:colcon.colcon_core.shell:Creating package script '/home/hb/hb_ws/install/ydlidar_ros2_driver/share/ydlidar_ros2_driver/package.ps1'
[5.014s] INFO:colcon.colcon_core.shell:Creating package descriptor '/home/hb/hb_ws/install/ydlidar_ros2_driver/share/ydlidar_ros2_driver/package.dsv'
[5.017s] INFO:colcon.colcon_core.shell:Creating package script '/home/hb/hb_ws/install/ydlidar_ros2_driver/share/ydlidar_ros2_driver/package.sh'
[5.020s] INFO:colcon.colcon_core.shell:Creating package script '/home/hb/hb_ws/install/ydlidar_ros2_driver/share/ydlidar_ros2_driver/package.bash'
[5.023s] INFO:colcon.colcon_core.shell:Creating package script '/home/hb/hb_ws/install/ydlidar_ros2_driver/share/ydlidar_ros2_driver/package.zsh'
[5.026s] Level 1:colcon.colcon_core.environment:create_file_with_runtime_dependencies(/home/hb/hb_ws/install/ydlidar_ros2_driver/share/colcon-core/packages/ydlidar_ros2_driver)
[5.033s] Level 1:colcon.colcon_core.environment:create_environment_scripts_only(teleop_twist_joy)
[5.035s] Level 1:colcon.colcon_core.environment:checking '/home/hb/hb_ws/install/teleop_twist_joy' for CMake module files
[5.040s] Level 1:colcon.colcon_core.environment:checking '/home/hb/hb_ws/install/teleop_twist_joy' for CMake config files
[5.042s] Level 1:colcon.colcon_core.shell:create_environment_hook('teleop_twist_joy', 'cmake_prefix_path')
[5.043s] INFO:colcon.colcon_core.shell:Creating environment hook '/home/hb/hb_ws/install/teleop_twist_joy/share/teleop_twist_joy/hook/cmake_prefix_path.ps1'
[5.045s] INFO:colcon.colcon_core.shell:Creating environment descriptor '/home/hb/hb_ws/install/teleop_twist_joy/share/teleop_twist_joy/hook/cmake_prefix_path.dsv'
[5.047s] INFO:colcon.colcon_core.shell:Creating environment hook '/home/hb/hb_ws/install/teleop_twist_joy/share/teleop_twist_joy/hook/cmake_prefix_path.sh'
[5.051s] Level 1:colcon.colcon_core.environment:checking '/home/hb/hb_ws/install/teleop_twist_joy/lib'
[5.052s] Level 1:colcon.colcon_core.shell:create_environment_hook('teleop_twist_joy', 'ld_library_path_lib')
[5.054s] INFO:colcon.colcon_core.shell:Creating environment hook '/home/hb/hb_ws/install/teleop_twist_joy/share/teleop_twist_joy/hook/ld_library_path_lib.ps1'
[5.059s] INFO:colcon.colcon_core.shell:Creating environment descriptor '/home/hb/hb_ws/install/teleop_twist_joy/share/teleop_twist_joy/hook/ld_library_path_lib.dsv'
[5.063s] INFO:colcon.colcon_core.shell:Creating environment hook '/home/hb/hb_ws/install/teleop_twist_joy/share/teleop_twist_joy/hook/ld_library_path_lib.sh'
[5.066s] Level 1:colcon.colcon_core.environment:checking '/home/hb/hb_ws/install/teleop_twist_joy/bin'
[5.067s] Level 1:colcon.colcon_core.environment:checking '/home/hb/hb_ws/install/teleop_twist_joy/lib/pkgconfig/teleop_twist_joy.pc'
[5.068s] Level 1:colcon.colcon_core.environment:checking '/home/hb/hb_ws/install/teleop_twist_joy/lib/python3.10/site-packages'
[5.069s] Level 1:colcon.colcon_core.environment:checking '/home/hb/hb_ws/install/teleop_twist_joy/bin'
[5.071s] INFO:colcon.colcon_core.shell:Creating package script '/home/hb/hb_ws/install/teleop_twist_joy/share/teleop_twist_joy/package.ps1'
[5.074s] INFO:colcon.colcon_core.shell:Creating package descriptor '/home/hb/hb_ws/install/teleop_twist_joy/share/teleop_twist_joy/package.dsv'
[5.078s] INFO:colcon.colcon_core.shell:Creating package script '/home/hb/hb_ws/install/teleop_twist_joy/share/teleop_twist_joy/package.sh'
[5.082s] INFO:colcon.colcon_core.shell:Creating package script '/home/hb/hb_ws/install/teleop_twist_joy/share/teleop_twist_joy/package.bash'
[5.086s] INFO:colcon.colcon_core.shell:Creating package script '/home/hb/hb_ws/install/teleop_twist_joy/share/teleop_twist_joy/package.zsh'
[5.090s] Level 1:colcon.colcon_core.environment:create_file_with_runtime_dependencies(/home/hb/hb_ws/install/teleop_twist_joy/share/colcon-core/packages/teleop_twist_joy)
[5.917s] DEBUG:colcon.colcon_core.event_handler.log_command:Invoking command in '/home/hb/hb_ws/src/serial_communication': PYTHONPATH=/home/hb/hb_ws/build/serial_communication/prefix_override:/home/hb/hb_ws/install/serial_communication/lib/python3.10/site-packages:${PYTHONPATH} /usr/bin/python3 -W ignore:setup.py install is deprecated setup.py egg_info --egg-base ../../build/serial_communication build --build-base /home/hb/hb_ws/build/serial_communication/build install --record /home/hb/hb_ws/build/serial_communication/install.log --single-version-externally-managed install_data
[7.705s] Level 1:colcon.colcon_core.environment:checking '/home/hb/hb_ws/install/serial_communication' for CMake module files
[7.707s] DEBUG:colcon.colcon_core.event_handler.log_command:Invoked command in '/home/hb/hb_ws/src/serial_communication' returned '0': PYTHONPATH=/home/hb/hb_ws/build/serial_communication/prefix_override:/home/hb/hb_ws/install/serial_communication/lib/python3.10/site-packages:${PYTHONPATH} /usr/bin/python3 -W ignore:setup.py install is deprecated setup.py egg_info --egg-base ../../build/serial_communication build --build-base /home/hb/hb_ws/build/serial_communication/build install --record /home/hb/hb_ws/build/serial_communication/install.log --single-version-externally-managed install_data
[7.710s] Level 1:colcon.colcon_core.environment:checking '/home/hb/hb_ws/install/serial_communication' for CMake config files
[7.714s] Level 1:colcon.colcon_core.environment:checking '/home/hb/hb_ws/install/serial_communication/lib'
[7.714s] Level 1:colcon.colcon_core.environment:checking '/home/hb/hb_ws/install/serial_communication/bin'
[7.715s] Level 1:colcon.colcon_core.environment:checking '/home/hb/hb_ws/install/serial_communication/lib/pkgconfig/serial_communication.pc'
[7.716s] Level 1:colcon.colcon_core.environment:checking '/home/hb/hb_ws/install/serial_communication/lib/python3.10/site-packages'
[7.717s] Level 1:colcon.colcon_core.shell:create_environment_hook('serial_communication', 'pythonpath')
[7.718s] INFO:colcon.colcon_core.shell:Creating environment hook '/home/hb/hb_ws/install/serial_communication/share/serial_communication/hook/pythonpath.ps1'
[7.721s] INFO:colcon.colcon_core.shell:Creating environment descriptor '/home/hb/hb_ws/install/serial_communication/share/serial_communication/hook/pythonpath.dsv'
[7.723s] INFO:colcon.colcon_core.shell:Creating environment hook '/home/hb/hb_ws/install/serial_communication/share/serial_communication/hook/pythonpath.sh'
[7.730s] Level 1:colcon.colcon_core.environment:checking '/home/hb/hb_ws/install/serial_communication/bin'
[7.731s] Level 1:colcon.colcon_core.environment:create_environment_scripts_only(serial_communication)
[7.734s] INFO:colcon.colcon_core.shell:Creating package script '/home/hb/hb_ws/install/serial_communication/share/serial_communication/package.ps1'
[7.738s] INFO:colcon.colcon_core.shell:Creating package descriptor '/home/hb/hb_ws/install/serial_communication/share/serial_communication/package.dsv'
[7.741s] INFO:colcon.colcon_core.shell:Creating package script '/home/hb/hb_ws/install/serial_communication/share/serial_communication/package.sh'
[7.744s] INFO:colcon.colcon_core.shell:Creating package script '/home/hb/hb_ws/install/serial_communication/share/serial_communication/package.bash'
[7.746s] INFO:colcon.colcon_core.shell:Creating package script '/home/hb/hb_ws/install/serial_communication/share/serial_communication/package.zsh'
[7.749s] Level 1:colcon.colcon_core.environment:create_file_with_runtime_dependencies(/home/hb/hb_ws/install/serial_communication/share/colcon-core/packages/serial_communication)
[42.267s] DEBUG:colcon.colcon_core.event_handler.log_command:Invoked command in '/home/hb/hb_ws/build/usb_cam' returned '0': CMAKE_PREFIX_PATH=/home/hb/hb_ws/install/ydlidar_ros2_driver:/home/hb/hb_ws/install/usb_cam:/home/hb/hb_ws/install/serial_communication:/opt/ros/humble:/home/hb/hb_ws/install/teleop_twist_joy:/home/hb/hb_ws/install/micro_ros_setup:/home/hb/hb_ws/install/micro_ros_agent:/home/hb/hb_ws/install/micro_ros_msgs /usr/bin/cmake --build /home/hb/hb_ws/build/usb_cam -- -j4 -l4
[42.529s] DEBUG:colcon.colcon_core.event_handler.log_command:Invoking command in '/home/hb/hb_ws/build/usb_cam': CMAKE_PREFIX_PATH=/home/hb/hb_ws/install/ydlidar_ros2_driver:/home/hb/hb_ws/install/usb_cam:/home/hb/hb_ws/install/serial_communication:/opt/ros/humble:/home/hb/hb_ws/install/teleop_twist_joy:/home/hb/hb_ws/install/micro_ros_setup:/home/hb/hb_ws/install/micro_ros_agent:/home/hb/hb_ws/install/micro_ros_msgs /usr/bin/cmake --install /home/hb/hb_ws/build/usb_cam
[42.632s] Level 1:colcon.colcon_core.environment:create_environment_scripts_only(usb_cam)
[42.634s] Level 1:colcon.colcon_core.environment:checking '/home/hb/hb_ws/install/usb_cam' for CMake module files
[42.636s] DEBUG:colcon.colcon_core.event_handler.log_command:Invoked command in '/home/hb/hb_ws/build/usb_cam' returned '0': CMAKE_PREFIX_PATH=/home/hb/hb_ws/install/ydlidar_ros2_driver:/home/hb/hb_ws/install/usb_cam:/home/hb/hb_ws/install/serial_communication:/opt/ros/humble:/home/hb/hb_ws/install/teleop_twist_joy:/home/hb/hb_ws/install/micro_ros_setup:/home/hb/hb_ws/install/micro_ros_agent:/home/hb/hb_ws/install/micro_ros_msgs /usr/bin/cmake --install /home/hb/hb_ws/build/usb_cam
[42.638s] Level 1:colcon.colcon_core.environment:checking '/home/hb/hb_ws/install/usb_cam' for CMake config files
[42.640s] Level 1:colcon.colcon_core.shell:create_environment_hook('usb_cam', 'cmake_prefix_path')
[42.641s] INFO:colcon.colcon_core.shell:Creating environment hook '/home/hb/hb_ws/install/usb_cam/share/usb_cam/hook/cmake_prefix_path.ps1'
[42.643s] INFO:colcon.colcon_core.shell:Creating environment descriptor '/home/hb/hb_ws/install/usb_cam/share/usb_cam/hook/cmake_prefix_path.dsv'
[42.645s] INFO:colcon.colcon_core.shell:Creating environment hook '/home/hb/hb_ws/install/usb_cam/share/usb_cam/hook/cmake_prefix_path.sh'
[42.649s] Level 1:colcon.colcon_core.environment:checking '/home/hb/hb_ws/install/usb_cam/lib'
[42.649s] Level 1:colcon.colcon_core.shell:create_environment_hook('usb_cam', 'ld_library_path_lib')
[42.650s] INFO:colcon.colcon_core.shell:Creating environment hook '/home/hb/hb_ws/install/usb_cam/share/usb_cam/hook/ld_library_path_lib.ps1'
[42.652s] INFO:colcon.colcon_core.shell:Creating environment descriptor '/home/hb/hb_ws/install/usb_cam/share/usb_cam/hook/ld_library_path_lib.dsv'
[42.654s] INFO:colcon.colcon_core.shell:Creating environment hook '/home/hb/hb_ws/install/usb_cam/share/usb_cam/hook/ld_library_path_lib.sh'
[42.657s] Level 1:colcon.colcon_core.environment:checking '/home/hb/hb_ws/install/usb_cam/bin'
[42.657s] Level 1:colcon.colcon_core.environment:checking '/home/hb/hb_ws/install/usb_cam/lib/pkgconfig/usb_cam.pc'
[42.658s] Level 1:colcon.colcon_core.environment:checking '/home/hb/hb_ws/install/usb_cam/lib/python3.10/site-packages'
[42.659s] Level 1:colcon.colcon_core.environment:checking '/home/hb/hb_ws/install/usb_cam/bin'
[42.661s] INFO:colcon.colcon_core.shell:Creating package script '/home/hb/hb_ws/install/usb_cam/share/usb_cam/package.ps1'
[42.664s] INFO:colcon.colcon_core.shell:Creating package descriptor '/home/hb/hb_ws/install/usb_cam/share/usb_cam/package.dsv'
[42.667s] INFO:colcon.colcon_core.shell:Creating package script '/home/hb/hb_ws/install/usb_cam/share/usb_cam/package.sh'
[42.670s] INFO:colcon.colcon_core.shell:Creating package script '/home/hb/hb_ws/install/usb_cam/share/usb_cam/package.bash'
[42.672s] INFO:colcon.colcon_core.shell:Creating package script '/home/hb/hb_ws/install/usb_cam/share/usb_cam/package.zsh'
[42.674s] Level 1:colcon.colcon_core.environment:create_file_with_runtime_dependencies(/home/hb/hb_ws/install/usb_cam/share/colcon-core/packages/usb_cam)
[42.933s] Level 1:colcon.colcon_core.environment:create_environment_scripts_only(usb_cam)
[42.934s] Level 1:colcon.colcon_core.environment:checking '/home/hb/hb_ws/install/usb_cam' for CMake module files
[42.938s] Level 1:colcon.colcon_core.environment:checking '/home/hb/hb_ws/install/usb_cam' for CMake config files
[42.940s] Level 1:colcon.colcon_core.shell:create_environment_hook('usb_cam', 'cmake_prefix_path')
[42.941s] INFO:colcon.colcon_core.shell:Creating environment hook '/home/hb/hb_ws/install/usb_cam/share/usb_cam/hook/cmake_prefix_path.ps1'
[42.943s] INFO:colcon.colcon_core.shell:Creating environment descriptor '/home/hb/hb_ws/install/usb_cam/share/usb_cam/hook/cmake_prefix_path.dsv'
[42.945s] INFO:colcon.colcon_core.shell:Creating environment hook '/home/hb/hb_ws/install/usb_cam/share/usb_cam/hook/cmake_prefix_path.sh'
[42.948s] Level 1:colcon.colcon_core.environment:checking '/home/hb/hb_ws/install/usb_cam/lib'
[42.948s] Level 1:colcon.colcon_core.shell:create_environment_hook('usb_cam', 'ld_library_path_lib')
[42.949s] INFO:colcon.colcon_core.shell:Creating environment hook '/home/hb/hb_ws/install/usb_cam/share/usb_cam/hook/ld_library_path_lib.ps1'
[42.951s] INFO:colcon.colcon_core.shell:Creating environment descriptor '/home/hb/hb_ws/install/usb_cam/share/usb_cam/hook/ld_library_path_lib.dsv'
[42.953s] INFO:colcon.colcon_core.shell:Creating environment hook '/home/hb/hb_ws/install/usb_cam/share/usb_cam/hook/ld_library_path_lib.sh'
[42.955s] Level 1:colcon.colcon_core.environment:checking '/home/hb/hb_ws/install/usb_cam/bin'
[42.956s] Level 1:colcon.colcon_core.environment:checking '/home/hb/hb_ws/install/usb_cam/lib/pkgconfig/usb_cam.pc'
[42.957s] Level 1:colcon.colcon_core.environment:checking '/home/hb/hb_ws/install/usb_cam/lib/python3.10/site-packages'
[42.958s] Level 1:colcon.colcon_core.environment:checking '/home/hb/hb_ws/install/usb_cam/bin'
[42.959s] INFO:colcon.colcon_core.shell:Creating package script '/home/hb/hb_ws/install/usb_cam/share/usb_cam/package.ps1'
[42.963s] INFO:colcon.colcon_core.shell:Creating package descriptor '/home/hb/hb_ws/install/usb_cam/share/usb_cam/package.dsv'
[42.966s] INFO:colcon.colcon_core.shell:Creating package script '/home/hb/hb_ws/install/usb_cam/share/usb_cam/package.sh'
[42.970s] INFO:colcon.colcon_core.shell:Creating package script '/home/hb/hb_ws/install/usb_cam/share/usb_cam/package.bash'
[42.972s] INFO:colcon.colcon_core.shell:Creating package script '/home/hb/hb_ws/install/usb_cam/share/usb_cam/package.zsh'
[42.974s] Level 1:colcon.colcon_core.environment:create_file_with_runtime_dependencies(/home/hb/hb_ws/install/usb_cam/share/colcon-core/packages/usb_cam)
[42.975s] DEBUG:colcon.colcon_parallel_executor.executor.parallel:closing loop
[42.977s] DEBUG:colcon.colcon_parallel_executor.executor.parallel:loop closed
[42.977s] DEBUG:colcon.colcon_parallel_executor.executor.parallel:run_until_complete finished with '0'
[42.978s] DEBUG:colcon.colcon_core.event_reactor:joining thread
[43.005s] INFO:colcon.colcon_core.plugin_system:Skipping extension 'colcon_notification.desktop_notification.terminal_notifier': Not used on non-Darwin systems
[43.006s] INFO:colcon.colcon_core.plugin_system:Skipping extension 'colcon_notification.desktop_notification.win32': Not used on non-Windows systems
[43.006s] INFO:colcon.colcon_notification.desktop_notification:Sending desktop notification using 'notify2'
[43.086s] DEBUG:colcon.colcon_core.event_reactor:joined thread
[43.088s] INFO:colcon.colcon_core.shell:Creating prefix script '/home/hb/hb_ws/install/local_setup.ps1'
[43.092s] INFO:colcon.colcon_core.shell:Creating prefix util module '/home/hb/hb_ws/install/_local_setup_util_ps1.py'
[43.101s] INFO:colcon.colcon_core.shell:Creating prefix chain script '/home/hb/hb_ws/install/setup.ps1'
[43.112s] INFO:colcon.colcon_core.shell:Creating prefix script '/home/hb/hb_ws/install/local_setup.sh'
[43.116s] INFO:colcon.colcon_core.shell:Creating prefix util module '/home/hb/hb_ws/install/_local_setup_util_sh.py'
[43.119s] INFO:colcon.colcon_core.shell:Creating prefix chain script '/home/hb/hb_ws/install/setup.sh'
[43.130s] INFO:colcon.colcon_core.shell:Creating prefix script '/home/hb/hb_ws/install/local_setup.bash'
[43.134s] INFO:colcon.colcon_core.shell:Creating prefix chain script '/home/hb/hb_ws/install/setup.bash'
[43.146s] INFO:colcon.colcon_core.shell:Creating prefix script '/home/hb/hb_ws/install/local_setup.zsh'
[43.150s] INFO:colcon.colcon_core.shell:Creating prefix chain script '/home/hb/hb_ws/install/setup.zsh'
