[0.149s] Invoking command in '/home/hb/hb_ws/build/teleop_twist_joy': CMAKE_PREFIX_PATH=${CMAKE_PREFIX_PATH}:/opt/ros/humble /usr/bin/cmake /home/hb/hb_ws/src/teleop_twist_joy -DCMAKE_INSTALL_PREFIX=/home/hb/hb_ws/install/teleop_twist_joy
[0.279s] -- Found ament_cmake: 1.3.8 (/opt/ros/humble/share/ament_cmake/cmake)
[1.225s] -- Found Python3: /usr/bin/python3 (found version "3.10.12") found components: Interpreter 
[2.116s] -- Found geometry_msgs: 4.2.3 (/opt/ros/humble/share/geometry_msgs/cmake)
[2.594s] -- Found rosidl_generator_c: 3.1.5 (/opt/ros/humble/share/rosidl_generator_c/cmake)
[2.667s] -- Found rosidl_adapter: 3.1.5 (/opt/ros/humble/share/rosidl_adapter/cmake)
[2.762s] -- Found rosidl_generator_cpp: 3.1.5 (/opt/ros/humble/share/rosidl_generator_cpp/cmake)
[2.888s] -- Using all available rosidl_typesupport_c: rosidl_typesupport_fastrtps_c;rosidl_typesupport_introspection_c
[3.063s] -- Using all available rosidl_typesupport_cpp: rosidl_typesupport_fastrtps_cpp;rosidl_typesupport_introspection_cpp
[3.660s] -- Found rclcpp: 16.0.8 (/opt/ros/humble/share/rclcpp/cmake)
[4.146s] -- Found rmw_implementation_cmake: 6.1.1 (/opt/ros/humble/share/rmw_implementation_cmake/cmake)
[4.185s] -- Found rmw_fastrtps_cpp: 6.2.6 (/opt/ros/humble/share/rmw_fastrtps_cpp/cmake)
[4.944s] -- Found OpenSSL: /usr/lib/aarch64-linux-gnu/libcrypto.so (found version "3.0.2")  
[5.236s] -- Found FastRTPS: /opt/ros/humble/include  
[5.711s] -- Using RMW implementation 'rmw_fastrtps_cpp' as default
[5.827s] -- Looking for pthread.h
[6.189s] -- Looking for pthread.h - found
[6.190s] -- Performing Test CMAKE_HAVE_LIBC_PTHREAD
[6.537s] -- Performing Test CMAKE_HAVE_LIBC_PTHREAD - Success
[6.541s] -- Found Threads: TRUE  
[7.278s] -- Found rclcpp_components: 16.0.8 (/opt/ros/humble/share/rclcpp_components/cmake)
[7.731s] -- Found sensor_msgs: 4.2.3 (/opt/ros/humble/share/sensor_msgs/cmake)
[8.082s] -- Performing Test COMPILER_HAS_HIDDEN_VISIBILITY
[8.455s] -- Performing Test COMPILER_HAS_HIDDEN_VISIBILITY - Success
[8.459s] -- Performing Test COMPILER_HAS_HIDDEN_INLINE_VISIBILITY
[8.822s] -- Performing Test COMPILER_HAS_HIDDEN_INLINE_VISIBILITY - Success
[8.824s] -- Performing Test COMPILER_HAS_DEPRECATED_ATTR
[9.219s] -- Performing Test COMPILER_HAS_DEPRECATED_ATTR - Success
[9.255s] -- Found ament_lint_auto: 0.12.10 (/opt/ros/humble/share/ament_lint_auto/cmake)
[9.976s] -- Found python_cmake_module: 0.10.0 (/opt/ros/humble/share/python_cmake_module/cmake)
[10.091s] -- Found PythonInterp: /usr/bin/python3 (found suitable version "3.10.12", minimum required is "3.6") 
[10.119s] -- Found PythonLibs: /usr/lib/aarch64-linux-gnu/libpython3.10.so (found suitable version "3.10.12", minimum required is "3.5") 
[10.120s] -- Using PYTHON_EXECUTABLE: /usr/bin/python3
[10.120s] -- Using PYTHON_INCLUDE_DIRS: /usr/include/python3.10
[10.121s] -- Using PYTHON_LIBRARIES: /usr/lib/aarch64-linux-gnu/libpython3.10.so
[10.235s] -- Found PythonExtra: .so  
[10.507s] -- Added test 'cppcheck' to perform static code analysis on C / C++ code
[10.508s] -- Configured cppcheck include dirs: $<BUILD_INTERFACE:/home/hb/hb_ws/src/teleop_twist_joy/include>
[10.508s] -- Configured cppcheck exclude dirs and/or files: 
[10.517s] -- Added test 'flake8' to check Python code syntax and style conventions
[10.531s] -- Added test 'lint_cmake' to check CMake code style
[10.540s] -- Added test 'pep257' to check Python code against some of the docstring style conventions in PEP 257
[10.549s] -- Added test 'xmllint' to check XML markup files
[10.576s] -- Configuring done
[10.655s] -- Generating done
[10.663s] -- Build files have been written to: /home/hb/hb_ws/build/teleop_twist_joy
[10.703s] Invoked command in '/home/hb/hb_ws/build/teleop_twist_joy' returned '0': CMAKE_PREFIX_PATH=${CMAKE_PREFIX_PATH}:/opt/ros/humble /usr/bin/cmake /home/hb/hb_ws/src/teleop_twist_joy -DCMAKE_INSTALL_PREFIX=/home/hb/hb_ws/install/teleop_twist_joy
[10.712s] Invoking command in '/home/hb/hb_ws/build/teleop_twist_joy': CMAKE_PREFIX_PATH=${CMAKE_PREFIX_PATH}:/opt/ros/humble /usr/bin/cmake --build /home/hb/hb_ws/build/teleop_twist_joy -- -j4 -l4
[10.935s] [ 25%] [32mBuilding CXX object CMakeFiles/teleop_twist_joy.dir/src/teleop_twist_joy.cpp.o[0m
[51.114s] [ 50%] [32m[1mLinking CXX shared library libteleop_twist_joy.so[0m
[54.010s] [ 50%] Built target teleop_twist_joy
[54.105s] [ 75%] [32mBuilding CXX object CMakeFiles/teleop_twist_joy_node.dir/src/teleop_node.cpp.o[0m
[68.267s] [100%] [32m[1mLinking CXX executable teleop_node[0m
[69.623s] [100%] Built target teleop_twist_joy_node
[69.667s] Invoked command in '/home/hb/hb_ws/build/teleop_twist_joy' returned '0': CMAKE_PREFIX_PATH=${CMAKE_PREFIX_PATH}:/opt/ros/humble /usr/bin/cmake --build /home/hb/hb_ws/build/teleop_twist_joy -- -j4 -l4
[69.829s] Invoking command in '/home/hb/hb_ws/build/teleop_twist_joy': CMAKE_PREFIX_PATH=${CMAKE_PREFIX_PATH}:/opt/ros/humble /usr/bin/cmake --install /home/hb/hb_ws/build/teleop_twist_joy
[69.861s] -- Install configuration: ""
[69.861s] -- Installing: /home/hb/hb_ws/install/teleop_twist_joy/lib/libteleop_twist_joy.so
[69.910s] -- Set runtime path of "/home/hb/hb_ws/install/teleop_twist_joy/lib/libteleop_twist_joy.so" to ""
[69.911s] -- Installing: /home/hb/hb_ws/install/teleop_twist_joy/lib/teleop_twist_joy/teleop_node
[69.914s] -- Set runtime path of "/home/hb/hb_ws/install/teleop_twist_joy/lib/teleop_twist_joy/teleop_node" to ""
[69.915s] -- Installing: /home/hb/hb_ws/install/teleop_twist_joy/include/teleop_twist_joy
[69.916s] -- Installing: /home/hb/hb_ws/install/teleop_twist_joy/include/teleop_twist_joy/teleop_twist_joy
[69.916s] -- Installing: /home/hb/hb_ws/install/teleop_twist_joy/include/teleop_twist_joy/teleop_twist_joy/teleop_twist_joy.hpp
[69.918s] -- Installing: /home/hb/hb_ws/install/teleop_twist_joy/include/teleop_twist_joy/teleop_twist_joy/teleop_twist_joy_export.h
[69.919s] -- Installing: /home/hb/hb_ws/install/teleop_twist_joy/share/teleop_twist_joy/launch
[69.919s] -- Installing: /home/hb/hb_ws/install/teleop_twist_joy/share/teleop_twist_joy/launch/teleop-launch.py
[69.920s] -- Installing: /home/hb/hb_ws/install/teleop_twist_joy/share/teleop_twist_joy/config
[69.920s] -- Installing: /home/hb/hb_ws/install/teleop_twist_joy/share/teleop_twist_joy/config/atk3.config.yaml
[69.922s] -- Installing: /home/hb/hb_ws/install/teleop_twist_joy/share/teleop_twist_joy/config/ps3.config.yaml
[69.922s] -- Installing: /home/hb/hb_ws/install/teleop_twist_joy/share/teleop_twist_joy/config/xd3.config.yaml
[69.923s] -- Installing: /home/hb/hb_ws/install/teleop_twist_joy/share/teleop_twist_joy/config/xbox.config.yaml
[69.924s] -- Installing: /home/hb/hb_ws/install/teleop_twist_joy/share/teleop_twist_joy/config/ps3-holonomic.config.yaml
[69.925s] -- Installing: /home/hb/hb_ws/install/teleop_twist_joy/share/teleop_twist_joy/environment/library_path.sh
[69.927s] -- Installing: /home/hb/hb_ws/install/teleop_twist_joy/share/teleop_twist_joy/environment/library_path.dsv
[69.928s] -- Installing: /home/hb/hb_ws/install/teleop_twist_joy/share/ament_index/resource_index/package_run_dependencies/teleop_twist_joy
[69.930s] -- Installing: /home/hb/hb_ws/install/teleop_twist_joy/share/ament_index/resource_index/parent_prefix_path/teleop_twist_joy
[69.931s] -- Installing: /home/hb/hb_ws/install/teleop_twist_joy/share/teleop_twist_joy/environment/ament_prefix_path.sh
[69.933s] -- Installing: /home/hb/hb_ws/install/teleop_twist_joy/share/teleop_twist_joy/environment/ament_prefix_path.dsv
[69.934s] -- Installing: /home/hb/hb_ws/install/teleop_twist_joy/share/teleop_twist_joy/environment/path.sh
[69.935s] -- Installing: /home/hb/hb_ws/install/teleop_twist_joy/share/teleop_twist_joy/environment/path.dsv
[69.937s] -- Installing: /home/hb/hb_ws/install/teleop_twist_joy/share/teleop_twist_joy/local_setup.bash
[69.938s] -- Installing: /home/hb/hb_ws/install/teleop_twist_joy/share/teleop_twist_joy/local_setup.sh
[69.940s] -- Installing: /home/hb/hb_ws/install/teleop_twist_joy/share/teleop_twist_joy/local_setup.zsh
[69.942s] -- Installing: /home/hb/hb_ws/install/teleop_twist_joy/share/teleop_twist_joy/local_setup.dsv
[69.943s] -- Installing: /home/hb/hb_ws/install/teleop_twist_joy/share/teleop_twist_joy/package.dsv
[69.944s] -- Installing: /home/hb/hb_ws/install/teleop_twist_joy/share/ament_index/resource_index/packages/teleop_twist_joy
[69.946s] -- Installing: /home/hb/hb_ws/install/teleop_twist_joy/share/ament_index/resource_index/rclcpp_components/teleop_twist_joy
[69.948s] -- Installing: /home/hb/hb_ws/install/teleop_twist_joy/share/teleop_twist_joy/cmake/export_teleop_twist_joyExport.cmake
[69.949s] -- Installing: /home/hb/hb_ws/install/teleop_twist_joy/share/teleop_twist_joy/cmake/export_teleop_twist_joyExport-noconfig.cmake
[69.950s] -- Installing: /home/hb/hb_ws/install/teleop_twist_joy/share/teleop_twist_joy/cmake/ament_cmake_export_include_directories-extras.cmake
[69.951s] -- Installing: /home/hb/hb_ws/install/teleop_twist_joy/share/teleop_twist_joy/cmake/ament_cmake_export_libraries-extras.cmake
[69.953s] -- Installing: /home/hb/hb_ws/install/teleop_twist_joy/share/teleop_twist_joy/cmake/ament_cmake_export_targets-extras.cmake
[69.954s] -- Installing: /home/hb/hb_ws/install/teleop_twist_joy/share/teleop_twist_joy/cmake/teleop_twist_joyConfig.cmake
[69.955s] -- Installing: /home/hb/hb_ws/install/teleop_twist_joy/share/teleop_twist_joy/cmake/teleop_twist_joyConfig-version.cmake
[69.956s] -- Installing: /home/hb/hb_ws/install/teleop_twist_joy/share/teleop_twist_joy/package.xml
[69.964s] Invoked command in '/home/hb/hb_ws/build/teleop_twist_joy' returned '0': CMAKE_PREFIX_PATH=${CMAKE_PREFIX_PATH}:/opt/ros/humble /usr/bin/cmake --install /home/hb/hb_ws/build/teleop_twist_joy
