[4.421s] Invoking command in '/home/hb/hb_ws/src/serial_communication': PYTHONPATH=/home/hb/hb_ws/build/serial_communication/prefix_override:/home/hb/hb_ws/install/serial_communication/lib/python3.10/site-packages:${PYTHONPATH} /usr/bin/python3 -W ignore:setup.py install is deprecated setup.py egg_info --egg-base ../../build/serial_communication build --build-base /home/hb/hb_ws/build/serial_communication/build install --record /home/hb/hb_ws/build/serial_communication/install.log --single-version-externally-managed install_data
[5.865s] running egg_info
[5.868s] writing ../../build/serial_communication/serial_communication.egg-info/PKG-INFO
[5.870s] writing dependency_links to ../../build/serial_communication/serial_communication.egg-info/dependency_links.txt
[5.871s] writing entry points to ../../build/serial_communication/serial_communication.egg-info/entry_points.txt
[5.872s] writing requirements to ../../build/serial_communication/serial_communication.egg-info/requires.txt
[5.873s] writing top-level names to ../../build/serial_communication/serial_communication.egg-info/top_level.txt
[5.883s] reading manifest file '../../build/serial_communication/serial_communication.egg-info/SOURCES.txt'
[5.888s] writing manifest file '../../build/serial_communication/serial_communication.egg-info/SOURCES.txt'
[5.889s] running build
[5.889s] running build_py
[5.891s] running install
[5.892s] running install_lib
[5.899s] running install_data
[5.900s] running install_egg_info
[5.907s] removing '/home/hb/hb_ws/install/serial_communication/lib/python3.10/site-packages/serial_communication-0.0.0-py3.10.egg-info' (and everything under it)
[5.909s] Copying ../../build/serial_communication/serial_communication.egg-info to /home/hb/hb_ws/install/serial_communication/lib/python3.10/site-packages/serial_communication-0.0.0-py3.10.egg-info
[5.916s] running install_scripts
[6.014s] Installing teleop_serial script to /home/hb/hb_ws/install/serial_communication/lib/serial_communication
[6.017s] writing list of installed files to '/home/hb/hb_ws/build/serial_communication/install.log'
[6.178s] Invoked command in '/home/hb/hb_ws/src/serial_communication' returned '0': PYTHONPATH=/home/hb/hb_ws/build/serial_communication/prefix_override:/home/hb/hb_ws/install/serial_communication/lib/python3.10/site-packages:${PYTHONPATH} /usr/bin/python3 -W ignore:setup.py install is deprecated setup.py egg_info --egg-base ../../build/serial_communication build --build-base /home/hb/hb_ws/build/serial_communication/build install --record /home/hb/hb_ws/build/serial_communication/install.log --single-version-externally-managed install_data
