[1.691s] Invoking command in '/home/hb/hb_ws/build/teleop_twist_joy': CMAKE_PREFIX_PATH=/home/hb/hb_ws/install/ydlidar_ros2_driver:/home/hb/hb_ws/install/serial_communication:/opt/ros/humble:/home/hb/hb_ws/install/teleop_twist_joy:/home/hb/hb_ws/install/micro_ros_setup:/home/hb/hb_ws/install/micro_ros_agent:/home/hb/hb_ws/install/micro_ros_msgs /usr/bin/cmake --build /home/hb/hb_ws/build/teleop_twist_joy -- -j4 -l4
[2.076s] [35m[1mConsolidate compiler generated dependencies of target teleop_twist_joy[0m
[2.274s] [ 50%] Built target teleop_twist_joy
[2.364s] [35m[1mConsolidate compiler generated dependencies of target teleop_twist_joy_node[0m
[2.463s] [100%] Built target teleop_twist_joy_node
[2.525s] Invoked command in '/home/hb/hb_ws/build/teleop_twist_joy' returned '0': CMAKE_PREFIX_PATH=/home/hb/hb_ws/install/ydlidar_ros2_driver:/home/hb/hb_ws/install/serial_communication:/opt/ros/humble:/home/hb/hb_ws/install/teleop_twist_joy:/home/hb/hb_ws/install/micro_ros_setup:/home/hb/hb_ws/install/micro_ros_agent:/home/hb/hb_ws/install/micro_ros_msgs /usr/bin/cmake --build /home/hb/hb_ws/build/teleop_twist_joy -- -j4 -l4
[2.788s] Invoking command in '/home/hb/hb_ws/build/teleop_twist_joy': CMAKE_PREFIX_PATH=/home/hb/hb_ws/install/ydlidar_ros2_driver:/home/hb/hb_ws/install/serial_communication:/opt/ros/humble:/home/hb/hb_ws/install/teleop_twist_joy:/home/hb/hb_ws/install/micro_ros_setup:/home/hb/hb_ws/install/micro_ros_agent:/home/hb/hb_ws/install/micro_ros_msgs /usr/bin/cmake --install /home/hb/hb_ws/build/teleop_twist_joy
[2.845s] -- Install configuration: ""
[2.849s] -- Up-to-date: /home/hb/hb_ws/install/teleop_twist_joy/lib/libteleop_twist_joy.so
[2.854s] -- Up-to-date: /home/hb/hb_ws/install/teleop_twist_joy/lib/teleop_twist_joy/teleop_node
[2.858s] -- Up-to-date: /home/hb/hb_ws/install/teleop_twist_joy/include/teleop_twist_joy
[2.859s] -- Up-to-date: /home/hb/hb_ws/install/teleop_twist_joy/include/teleop_twist_joy/teleop_twist_joy
[2.859s] -- Up-to-date: /home/hb/hb_ws/install/teleop_twist_joy/include/teleop_twist_joy/teleop_twist_joy/teleop_twist_joy.hpp
[2.860s] -- Up-to-date: /home/hb/hb_ws/install/teleop_twist_joy/include/teleop_twist_joy/teleop_twist_joy/teleop_twist_joy_export.h
[2.861s] -- Up-to-date: /home/hb/hb_ws/install/teleop_twist_joy/share/teleop_twist_joy/launch
[2.863s] -- Up-to-date: /home/hb/hb_ws/install/teleop_twist_joy/share/teleop_twist_joy/launch/teleop-launch.py
[2.872s] -- Up-to-date: /home/hb/hb_ws/install/teleop_twist_joy/share/teleop_twist_joy/config
[2.873s] -- Up-to-date: /home/hb/hb_ws/install/teleop_twist_joy/share/teleop_twist_joy/config/atk3.config.yaml
[2.874s] -- Installing: /home/hb/hb_ws/install/teleop_twist_joy/share/teleop_twist_joy/config/ps4.config.yaml
[2.874s] -- Installing: /home/hb/hb_ws/install/teleop_twist_joy/share/teleop_twist_joy/config/ps3.config.yaml
[2.875s] -- Up-to-date: /home/hb/hb_ws/install/teleop_twist_joy/share/teleop_twist_joy/config/xd3.config.yaml
[2.875s] -- Up-to-date: /home/hb/hb_ws/install/teleop_twist_joy/share/teleop_twist_joy/config/xbox.config.yaml
[2.875s] -- Up-to-date: /home/hb/hb_ws/install/teleop_twist_joy/share/teleop_twist_joy/config/ps3-holonomic.config.yaml
[2.876s] -- Up-to-date: /home/hb/hb_ws/install/teleop_twist_joy/share/teleop_twist_joy/environment/library_path.sh
[2.876s] -- Up-to-date: /home/hb/hb_ws/install/teleop_twist_joy/share/teleop_twist_joy/environment/library_path.dsv
[2.877s] -- Up-to-date: /home/hb/hb_ws/install/teleop_twist_joy/share/ament_index/resource_index/package_run_dependencies/teleop_twist_joy
[2.877s] -- Up-to-date: /home/hb/hb_ws/install/teleop_twist_joy/share/ament_index/resource_index/parent_prefix_path/teleop_twist_joy
[2.878s] -- Up-to-date: /home/hb/hb_ws/install/teleop_twist_joy/share/teleop_twist_joy/environment/ament_prefix_path.sh
[2.879s] -- Up-to-date: /home/hb/hb_ws/install/teleop_twist_joy/share/teleop_twist_joy/environment/ament_prefix_path.dsv
[2.879s] -- Up-to-date: /home/hb/hb_ws/install/teleop_twist_joy/share/teleop_twist_joy/environment/path.sh
[2.880s] -- Up-to-date: /home/hb/hb_ws/install/teleop_twist_joy/share/teleop_twist_joy/environment/path.dsv
[2.880s] -- Up-to-date: /home/hb/hb_ws/install/teleop_twist_joy/share/teleop_twist_joy/local_setup.bash
[2.881s] -- Up-to-date: /home/hb/hb_ws/install/teleop_twist_joy/share/teleop_twist_joy/local_setup.sh
[2.881s] -- Up-to-date: /home/hb/hb_ws/install/teleop_twist_joy/share/teleop_twist_joy/local_setup.zsh
[2.882s] -- Up-to-date: /home/hb/hb_ws/install/teleop_twist_joy/share/teleop_twist_joy/local_setup.dsv
[2.882s] -- Installing: /home/hb/hb_ws/install/teleop_twist_joy/share/teleop_twist_joy/package.dsv
[2.883s] -- Up-to-date: /home/hb/hb_ws/install/teleop_twist_joy/share/ament_index/resource_index/packages/teleop_twist_joy
[2.883s] -- Up-to-date: /home/hb/hb_ws/install/teleop_twist_joy/share/ament_index/resource_index/rclcpp_components/teleop_twist_joy
[2.889s] -- Up-to-date: /home/hb/hb_ws/install/teleop_twist_joy/share/teleop_twist_joy/cmake/export_teleop_twist_joyExport.cmake
[2.890s] -- Up-to-date: /home/hb/hb_ws/install/teleop_twist_joy/share/teleop_twist_joy/cmake/export_teleop_twist_joyExport-noconfig.cmake
[2.891s] -- Up-to-date: /home/hb/hb_ws/install/teleop_twist_joy/share/teleop_twist_joy/cmake/ament_cmake_export_include_directories-extras.cmake
[2.894s] -- Up-to-date: /home/hb/hb_ws/install/teleop_twist_joy/share/teleop_twist_joy/cmake/ament_cmake_export_libraries-extras.cmake
[2.896s] -- Up-to-date: /home/hb/hb_ws/install/teleop_twist_joy/share/teleop_twist_joy/cmake/ament_cmake_export_targets-extras.cmake
[2.897s] -- Up-to-date: /home/hb/hb_ws/install/teleop_twist_joy/share/teleop_twist_joy/cmake/teleop_twist_joyConfig.cmake
[2.898s] -- Up-to-date: /home/hb/hb_ws/install/teleop_twist_joy/share/teleop_twist_joy/cmake/teleop_twist_joyConfig-version.cmake
[2.899s] -- Up-to-date: /home/hb/hb_ws/install/teleop_twist_joy/share/teleop_twist_joy/package.xml
[2.900s] Invoked command in '/home/hb/hb_ws/build/teleop_twist_joy' returned '0': CMAKE_PREFIX_PATH=/home/hb/hb_ws/install/ydlidar_ros2_driver:/home/hb/hb_ws/install/serial_communication:/opt/ros/humble:/home/hb/hb_ws/install/teleop_twist_joy:/home/hb/hb_ws/install/micro_ros_setup:/home/hb/hb_ws/install/micro_ros_agent:/home/hb/hb_ws/install/micro_ros_msgs /usr/bin/cmake --install /home/hb/hb_ws/build/teleop_twist_joy
