[4.678s] Invoking command in '/home/hb/hb_ws/src/serial_communication': PYTHONPATH=/home/hb/hb_ws/build/serial_communication/prefix_override:/home/hb/hb_ws/install/serial_communication/lib/python3.10/site-packages:${PYTHONPATH} /usr/bin/python3 -W ignore:setup.py install is deprecated setup.py egg_info --egg-base ../../build/serial_communication build --build-base /home/hb/hb_ws/build/serial_communication/build install --record /home/hb/hb_ws/build/serial_communication/install.log --single-version-externally-managed install_data
[5.940s] running egg_info
[5.944s] writing ../../build/serial_communication/serial_communication.egg-info/PKG-INFO
[5.946s] writing dependency_links to ../../build/serial_communication/serial_communication.egg-info/dependency_links.txt
[5.949s] writing entry points to ../../build/serial_communication/serial_communication.egg-info/entry_points.txt
[5.950s] writing requirements to ../../build/serial_communication/serial_communication.egg-info/requires.txt
[5.951s] writing top-level names to ../../build/serial_communication/serial_communication.egg-info/top_level.txt
[5.960s] reading manifest file '../../build/serial_communication/serial_communication.egg-info/SOURCES.txt'
[5.964s] writing manifest file '../../build/serial_communication/serial_communication.egg-info/SOURCES.txt'
[5.966s] running build
[5.966s] running build_py
[5.967s] running install
[5.969s] running install_lib
[5.975s] running install_data
[5.976s] running install_egg_info
[5.986s] removing '/home/hb/hb_ws/install/serial_communication/lib/python3.10/site-packages/serial_communication-0.0.0-py3.10.egg-info' (and everything under it)
[5.988s] Copying ../../build/serial_communication/serial_communication.egg-info to /home/hb/hb_ws/install/serial_communication/lib/python3.10/site-packages/serial_communication-0.0.0-py3.10.egg-info
[5.994s] running install_scripts
[6.085s] Installing teleop_serial script to /home/hb/hb_ws/install/serial_communication/lib/serial_communication
[6.087s] writing list of installed files to '/home/hb/hb_ws/build/serial_communication/install.log'
[6.228s] Invoked command in '/home/hb/hb_ws/src/serial_communication' returned '0': PYTHONPATH=/home/hb/hb_ws/build/serial_communication/prefix_override:/home/hb/hb_ws/install/serial_communication/lib/python3.10/site-packages:${PYTHONPATH} /usr/bin/python3 -W ignore:setup.py install is deprecated setup.py egg_info --egg-base ../../build/serial_communication build --build-base /home/hb/hb_ws/build/serial_communication/build install --record /home/hb/hb_ws/build/serial_communication/install.log --single-version-externally-managed install_data
