[0.469s] DEBUG:colcon:Command line arguments: ['/usr/bin/colcon', 'build']
[0.469s] DEBUG:colcon:Parsed command line arguments: Namespace(log_base=None, log_level=None, verb_name='build', build_base='build', install_base='install', merge_install=False, symlink_install=False, test_result_base=None, continue_on_error=False, executor='parallel', parallel_workers=4, event_handlers=None, ignore_user_meta=False, metas=['./colcon.meta'], base_paths=['.'], packages_ignore=None, packages_ignore_regex=None, paths=None, packages_up_to=None, packages_up_to_regex=None, packages_above=None, packages_above_and_dependencies=None, packages_above_depth=None, packages_select_by_dep=None, packages_skip_by_dep=None, packages_skip_up_to=None, packages_select_build_failed=False, packages_skip_build_finished=False, packages_select_test_failures=False, packages_skip_test_passed=False, packages_select=None, packages_skip=None, packages_select_regex=None, packages_skip_regex=None, packages_start=None, packages_end=None, allow_overriding=[], cmake_args=None, cmake_target=None, cmake_target_skip_unavailable=False, cmake_clean_cache=False, cmake_clean_first=False, cmake_force_configure=False, ament_cmake_args=None, catkin_cmake_args=None, catkin_skip_building_tests=False, verb_parser=<colcon_defaults.argument_parser.defaults.DefaultArgumentsDecorator object at 0xffff97f79990>, verb_extension=<colcon_core.verb.build.BuildVerb object at 0xffff98102f50>, main=<bound method BuildVerb.main of <colcon_core.verb.build.BuildVerb object at 0xffff98102f50>>)
[1.452s] Level 1:colcon.colcon_core.package_discovery:discover_packages(colcon_meta) check parameters
[1.453s] Level 1:colcon.colcon_core.package_discovery:discover_packages(recursive) check parameters
[1.453s] Level 1:colcon.colcon_core.package_discovery:discover_packages(ignore) check parameters
[1.453s] Level 1:colcon.colcon_core.package_discovery:discover_packages(path) check parameters
[1.453s] Level 1:colcon.colcon_core.package_discovery:discover_packages(colcon_meta) discover
[1.453s] Level 1:colcon.colcon_core.package_discovery:discover_packages(recursive) discover
[1.454s] INFO:colcon.colcon_core.package_discovery:Crawling recursively for packages in '/home/hb/hb_ws'
[1.454s] Level 1:colcon.colcon_core.package_identification:_identify(.) by extensions ['ignore', 'ignore_ament_install']
[1.454s] Level 1:colcon.colcon_core.package_identification:_identify(.) by extension 'ignore'
[1.455s] Level 1:colcon.colcon_core.package_identification:_identify(.) by extension 'ignore_ament_install'
[1.455s] Level 1:colcon.colcon_core.package_identification:_identify(.) by extensions ['colcon_pkg']
[1.455s] Level 1:colcon.colcon_core.package_identification:_identify(.) by extension 'colcon_pkg'
[1.455s] Level 1:colcon.colcon_core.package_identification:_identify(.) by extensions ['colcon_meta']
[1.456s] Level 1:colcon.colcon_core.package_identification:_identify(.) by extension 'colcon_meta'
[1.456s] Level 1:colcon.colcon_core.package_identification:_identify(.) by extensions ['ros']
[1.456s] Level 1:colcon.colcon_core.package_identification:_identify(.) by extension 'ros'
[1.504s] Level 1:colcon.colcon_core.package_identification:_identify(.) by extensions ['cmake', 'python']
[1.504s] Level 1:colcon.colcon_core.package_identification:_identify(.) by extension 'cmake'
[1.505s] Level 1:colcon.colcon_core.package_identification:_identify(.) by extension 'python'
[1.505s] Level 1:colcon.colcon_core.package_identification:_identify(.) by extensions ['python_setup_py']
[1.506s] Level 1:colcon.colcon_core.package_identification:_identify(.) by extension 'python_setup_py'
[1.506s] Level 1:colcon.colcon_core.package_identification:_identify(build) by extensions ['ignore', 'ignore_ament_install']
[1.507s] Level 1:colcon.colcon_core.package_identification:_identify(build) by extension 'ignore'
[1.508s] Level 1:colcon.colcon_core.package_identification:_identify(build) ignored
[1.508s] Level 1:colcon.colcon_core.package_identification:_identify(firmware) by extensions ['ignore', 'ignore_ament_install']
[1.509s] Level 1:colcon.colcon_core.package_identification:_identify(firmware) by extension 'ignore'
[1.509s] Level 1:colcon.colcon_core.package_identification:_identify(firmware) ignored
[1.509s] Level 1:colcon.colcon_core.package_identification:_identify(install) by extensions ['ignore', 'ignore_ament_install']
[1.510s] Level 1:colcon.colcon_core.package_identification:_identify(install) by extension 'ignore'
[1.510s] Level 1:colcon.colcon_core.package_identification:_identify(install) ignored
[1.511s] Level 1:colcon.colcon_core.package_identification:_identify(log) by extensions ['ignore', 'ignore_ament_install']
[1.512s] Level 1:colcon.colcon_core.package_identification:_identify(log) by extension 'ignore'
[1.512s] Level 1:colcon.colcon_core.package_identification:_identify(log) ignored
[1.513s] Level 1:colcon.colcon_core.package_identification:_identify(src) by extensions ['ignore', 'ignore_ament_install']
[1.513s] Level 1:colcon.colcon_core.package_identification:_identify(src) by extension 'ignore'
[1.513s] Level 1:colcon.colcon_core.package_identification:_identify(src) by extension 'ignore_ament_install'
[1.514s] Level 1:colcon.colcon_core.package_identification:_identify(src) by extensions ['colcon_pkg']
[1.514s] Level 1:colcon.colcon_core.package_identification:_identify(src) by extension 'colcon_pkg'
[1.514s] Level 1:colcon.colcon_core.package_identification:_identify(src) by extensions ['colcon_meta']
[1.515s] Level 1:colcon.colcon_core.package_identification:_identify(src) by extension 'colcon_meta'
[1.515s] Level 1:colcon.colcon_core.package_identification:_identify(src) by extensions ['ros']
[1.515s] Level 1:colcon.colcon_core.package_identification:_identify(src) by extension 'ros'
[1.516s] Level 1:colcon.colcon_core.package_identification:_identify(src) by extensions ['cmake', 'python']
[1.516s] Level 1:colcon.colcon_core.package_identification:_identify(src) by extension 'cmake'
[1.516s] Level 1:colcon.colcon_core.package_identification:_identify(src) by extension 'python'
[1.516s] Level 1:colcon.colcon_core.package_identification:_identify(src) by extensions ['python_setup_py']
[1.516s] Level 1:colcon.colcon_core.package_identification:_identify(src) by extension 'python_setup_py'
[1.517s] Level 1:colcon.colcon_core.package_identification:_identify(src/apriltag_ros) by extensions ['ignore', 'ignore_ament_install']
[1.517s] Level 1:colcon.colcon_core.package_identification:_identify(src/apriltag_ros) by extension 'ignore'
[1.518s] Level 1:colcon.colcon_core.package_identification:_identify(src/apriltag_ros) by extension 'ignore_ament_install'
[1.518s] Level 1:colcon.colcon_core.package_identification:_identify(src/apriltag_ros) by extensions ['colcon_pkg']
[1.518s] Level 1:colcon.colcon_core.package_identification:_identify(src/apriltag_ros) by extension 'colcon_pkg'
[1.518s] Level 1:colcon.colcon_core.package_identification:_identify(src/apriltag_ros) by extensions ['colcon_meta']
[1.518s] Level 1:colcon.colcon_core.package_identification:_identify(src/apriltag_ros) by extension 'colcon_meta'
[1.518s] Level 1:colcon.colcon_core.package_identification:_identify(src/apriltag_ros) by extensions ['ros']
[1.519s] Level 1:colcon.colcon_core.package_identification:_identify(src/apriltag_ros) by extension 'ros'
[1.529s] DEBUG:colcon.colcon_core.package_identification:Package 'src/apriltag_ros' with type 'ros.ament_cmake' and name 'apriltag_ros'
[1.530s] Level 1:colcon.colcon_core.package_identification:_identify(src/serial_communication) by extensions ['ignore', 'ignore_ament_install']
[1.531s] Level 1:colcon.colcon_core.package_identification:_identify(src/serial_communication) by extension 'ignore'
[1.532s] Level 1:colcon.colcon_core.package_identification:_identify(src/serial_communication) by extension 'ignore_ament_install'
[1.532s] Level 1:colcon.colcon_core.package_identification:_identify(src/serial_communication) by extensions ['colcon_pkg']
[1.533s] Level 1:colcon.colcon_core.package_identification:_identify(src/serial_communication) by extension 'colcon_pkg'
[1.533s] Level 1:colcon.colcon_core.package_identification:_identify(src/serial_communication) by extensions ['colcon_meta']
[1.533s] Level 1:colcon.colcon_core.package_identification:_identify(src/serial_communication) by extension 'colcon_meta'
[1.534s] Level 1:colcon.colcon_core.package_identification:_identify(src/serial_communication) by extensions ['ros']
[1.534s] Level 1:colcon.colcon_core.package_identification:_identify(src/serial_communication) by extension 'ros'
[1.537s] DEBUG:colcon.colcon_core.package_identification:Package 'src/serial_communication' with type 'ros.ament_python' and name 'serial_communication'
[1.538s] Level 1:colcon.colcon_core.package_identification:_identify(src/teleop_twist_joy) by extensions ['ignore', 'ignore_ament_install']
[1.538s] Level 1:colcon.colcon_core.package_identification:_identify(src/teleop_twist_joy) by extension 'ignore'
[1.539s] Level 1:colcon.colcon_core.package_identification:_identify(src/teleop_twist_joy) by extension 'ignore_ament_install'
[1.539s] Level 1:colcon.colcon_core.package_identification:_identify(src/teleop_twist_joy) by extensions ['colcon_pkg']
[1.539s] Level 1:colcon.colcon_core.package_identification:_identify(src/teleop_twist_joy) by extension 'colcon_pkg'
[1.539s] Level 1:colcon.colcon_core.package_identification:_identify(src/teleop_twist_joy) by extensions ['colcon_meta']
[1.539s] Level 1:colcon.colcon_core.package_identification:_identify(src/teleop_twist_joy) by extension 'colcon_meta'
[1.540s] Level 1:colcon.colcon_core.package_identification:_identify(src/teleop_twist_joy) by extensions ['ros']
[1.540s] Level 1:colcon.colcon_core.package_identification:_identify(src/teleop_twist_joy) by extension 'ros'
[1.543s] DEBUG:colcon.colcon_core.package_identification:Package 'src/teleop_twist_joy' with type 'ros.ament_cmake' and name 'teleop_twist_joy'
[1.544s] Level 1:colcon.colcon_core.package_identification:_identify(src/usb_cam) by extensions ['ignore', 'ignore_ament_install']
[1.545s] Level 1:colcon.colcon_core.package_identification:_identify(src/usb_cam) by extension 'ignore'
[1.545s] Level 1:colcon.colcon_core.package_identification:_identify(src/usb_cam) by extension 'ignore_ament_install'
[1.545s] Level 1:colcon.colcon_core.package_identification:_identify(src/usb_cam) by extensions ['colcon_pkg']
[1.545s] Level 1:colcon.colcon_core.package_identification:_identify(src/usb_cam) by extension 'colcon_pkg'
[1.546s] Level 1:colcon.colcon_core.package_identification:_identify(src/usb_cam) by extensions ['colcon_meta']
[1.546s] Level 1:colcon.colcon_core.package_identification:_identify(src/usb_cam) by extension 'colcon_meta'
[1.546s] Level 1:colcon.colcon_core.package_identification:_identify(src/usb_cam) by extensions ['ros']
[1.546s] Level 1:colcon.colcon_core.package_identification:_identify(src/usb_cam) by extension 'ros'
[1.575s] DEBUG:colcon.colcon_core.package_identification:Package 'src/usb_cam' with type 'ros.ament_cmake' and name 'usb_cam'
[1.576s] Level 1:colcon.colcon_core.package_identification:_identify(src/ydlidar_ros2_driver) by extensions ['ignore', 'ignore_ament_install']
[1.577s] Level 1:colcon.colcon_core.package_identification:_identify(src/ydlidar_ros2_driver) by extension 'ignore'
[1.577s] Level 1:colcon.colcon_core.package_identification:_identify(src/ydlidar_ros2_driver) by extension 'ignore_ament_install'
[1.577s] Level 1:colcon.colcon_core.package_identification:_identify(src/ydlidar_ros2_driver) by extensions ['colcon_pkg']
[1.577s] Level 1:colcon.colcon_core.package_identification:_identify(src/ydlidar_ros2_driver) by extension 'colcon_pkg'
[1.578s] Level 1:colcon.colcon_core.package_identification:_identify(src/ydlidar_ros2_driver) by extensions ['colcon_meta']
[1.578s] Level 1:colcon.colcon_core.package_identification:_identify(src/ydlidar_ros2_driver) by extension 'colcon_meta'
[1.578s] Level 1:colcon.colcon_core.package_identification:_identify(src/ydlidar_ros2_driver) by extensions ['ros']
[1.578s] Level 1:colcon.colcon_core.package_identification:_identify(src/ydlidar_ros2_driver) by extension 'ros'
[1.581s] DEBUG:colcon.colcon_core.package_identification:Package 'src/ydlidar_ros2_driver' with type 'ros.ament_cmake' and name 'ydlidar_ros2_driver'
[1.581s] Level 1:colcon.colcon_core.package_discovery:discover_packages(recursive) using defaults
[1.581s] Level 1:colcon.colcon_core.package_discovery:discover_packages(ignore) discover
[1.581s] Level 1:colcon.colcon_core.package_discovery:discover_packages(ignore) using defaults
[1.581s] Level 1:colcon.colcon_core.package_discovery:discover_packages(path) discover
[1.582s] Level 1:colcon.colcon_core.package_discovery:discover_packages(path) using defaults
[1.704s] Level 1:colcon.colcon_core.package_discovery:discover_packages(prefix_path) check parameters
[1.704s] Level 1:colcon.colcon_core.package_discovery:discover_packages(prefix_path) discover
[1.717s] DEBUG:colcon.colcon_installed_package_information.package_discovery:Found 9 installed packages in /home/hb/hb_ws/install
[1.728s] DEBUG:colcon.colcon_installed_package_information.package_discovery:Found 349 installed packages in /opt/ros/humble
[1.736s] Level 1:colcon.colcon_core.package_discovery:discover_packages(prefix_path) using defaults
[1.947s] Level 5:colcon.colcon_core.verb:set package 'apriltag_ros' build argument 'cmake_args' from command line to 'None'
[1.948s] Level 5:colcon.colcon_core.verb:set package 'apriltag_ros' build argument 'cmake_target' from command line to 'None'
[1.948s] Level 5:colcon.colcon_core.verb:set package 'apriltag_ros' build argument 'cmake_target_skip_unavailable' from command line to 'False'
[1.948s] Level 5:colcon.colcon_core.verb:set package 'apriltag_ros' build argument 'cmake_clean_cache' from command line to 'False'
[1.948s] Level 5:colcon.colcon_core.verb:set package 'apriltag_ros' build argument 'cmake_clean_first' from command line to 'False'
[1.948s] Level 5:colcon.colcon_core.verb:set package 'apriltag_ros' build argument 'cmake_force_configure' from command line to 'False'
[1.948s] Level 5:colcon.colcon_core.verb:set package 'apriltag_ros' build argument 'ament_cmake_args' from command line to 'None'
[1.948s] Level 5:colcon.colcon_core.verb:set package 'apriltag_ros' build argument 'catkin_cmake_args' from command line to 'None'
[1.949s] Level 5:colcon.colcon_core.verb:set package 'apriltag_ros' build argument 'catkin_skip_building_tests' from command line to 'False'
[1.949s] DEBUG:colcon.colcon_core.verb:Building package 'apriltag_ros' with the following arguments: {'ament_cmake_args': None, 'build_base': '/home/hb/hb_ws/build/apriltag_ros', 'catkin_cmake_args': None, 'catkin_skip_building_tests': False, 'cmake_args': None, 'cmake_clean_cache': False, 'cmake_clean_first': False, 'cmake_force_configure': False, 'cmake_target': None, 'cmake_target_skip_unavailable': False, 'install_base': '/home/hb/hb_ws/install/apriltag_ros', 'merge_install': False, 'path': '/home/hb/hb_ws/src/apriltag_ros', 'symlink_install': False, 'test_result_base': None}
[1.950s] Level 5:colcon.colcon_core.verb:set package 'serial_communication' build argument 'cmake_args' from command line to 'None'
[1.951s] Level 5:colcon.colcon_core.verb:set package 'serial_communication' build argument 'cmake_target' from command line to 'None'
[1.951s] Level 5:colcon.colcon_core.verb:set package 'serial_communication' build argument 'cmake_target_skip_unavailable' from command line to 'False'
[1.951s] Level 5:colcon.colcon_core.verb:set package 'serial_communication' build argument 'cmake_clean_cache' from command line to 'False'
[1.951s] Level 5:colcon.colcon_core.verb:set package 'serial_communication' build argument 'cmake_clean_first' from command line to 'False'
[1.951s] Level 5:colcon.colcon_core.verb:set package 'serial_communication' build argument 'cmake_force_configure' from command line to 'False'
[1.951s] Level 5:colcon.colcon_core.verb:set package 'serial_communication' build argument 'ament_cmake_args' from command line to 'None'
[1.951s] Level 5:colcon.colcon_core.verb:set package 'serial_communication' build argument 'catkin_cmake_args' from command line to 'None'
[1.951s] Level 5:colcon.colcon_core.verb:set package 'serial_communication' build argument 'catkin_skip_building_tests' from command line to 'False'
[1.952s] DEBUG:colcon.colcon_core.verb:Building package 'serial_communication' with the following arguments: {'ament_cmake_args': None, 'build_base': '/home/hb/hb_ws/build/serial_communication', 'catkin_cmake_args': None, 'catkin_skip_building_tests': False, 'cmake_args': None, 'cmake_clean_cache': False, 'cmake_clean_first': False, 'cmake_force_configure': False, 'cmake_target': None, 'cmake_target_skip_unavailable': False, 'install_base': '/home/hb/hb_ws/install/serial_communication', 'merge_install': False, 'path': '/home/hb/hb_ws/src/serial_communication', 'symlink_install': False, 'test_result_base': None}
[1.953s] Level 5:colcon.colcon_core.verb:set package 'teleop_twist_joy' build argument 'cmake_args' from command line to 'None'
[1.953s] Level 5:colcon.colcon_core.verb:set package 'teleop_twist_joy' build argument 'cmake_target' from command line to 'None'
[1.953s] Level 5:colcon.colcon_core.verb:set package 'teleop_twist_joy' build argument 'cmake_target_skip_unavailable' from command line to 'False'
[1.954s] Level 5:colcon.colcon_core.verb:set package 'teleop_twist_joy' build argument 'cmake_clean_cache' from command line to 'False'
[1.954s] Level 5:colcon.colcon_core.verb:set package 'teleop_twist_joy' build argument 'cmake_clean_first' from command line to 'False'
[1.954s] Level 5:colcon.colcon_core.verb:set package 'teleop_twist_joy' build argument 'cmake_force_configure' from command line to 'False'
[1.954s] Level 5:colcon.colcon_core.verb:set package 'teleop_twist_joy' build argument 'ament_cmake_args' from command line to 'None'
[1.954s] Level 5:colcon.colcon_core.verb:set package 'teleop_twist_joy' build argument 'catkin_cmake_args' from command line to 'None'
[1.954s] Level 5:colcon.colcon_core.verb:set package 'teleop_twist_joy' build argument 'catkin_skip_building_tests' from command line to 'False'
[1.954s] DEBUG:colcon.colcon_core.verb:Building package 'teleop_twist_joy' with the following arguments: {'ament_cmake_args': None, 'build_base': '/home/hb/hb_ws/build/teleop_twist_joy', 'catkin_cmake_args': None, 'catkin_skip_building_tests': False, 'cmake_args': None, 'cmake_clean_cache': False, 'cmake_clean_first': False, 'cmake_force_configure': False, 'cmake_target': None, 'cmake_target_skip_unavailable': False, 'install_base': '/home/hb/hb_ws/install/teleop_twist_joy', 'merge_install': False, 'path': '/home/hb/hb_ws/src/teleop_twist_joy', 'symlink_install': False, 'test_result_base': None}
[1.956s] Level 5:colcon.colcon_core.verb:set package 'usb_cam' build argument 'cmake_args' from command line to 'None'
[1.956s] Level 5:colcon.colcon_core.verb:set package 'usb_cam' build argument 'cmake_target' from command line to 'None'
[1.956s] Level 5:colcon.colcon_core.verb:set package 'usb_cam' build argument 'cmake_target_skip_unavailable' from command line to 'False'
[1.956s] Level 5:colcon.colcon_core.verb:set package 'usb_cam' build argument 'cmake_clean_cache' from command line to 'False'
[1.956s] Level 5:colcon.colcon_core.verb:set package 'usb_cam' build argument 'cmake_clean_first' from command line to 'False'
[1.956s] Level 5:colcon.colcon_core.verb:set package 'usb_cam' build argument 'cmake_force_configure' from command line to 'False'
[1.957s] Level 5:colcon.colcon_core.verb:set package 'usb_cam' build argument 'ament_cmake_args' from command line to 'None'
[1.957s] Level 5:colcon.colcon_core.verb:set package 'usb_cam' build argument 'catkin_cmake_args' from command line to 'None'
[1.957s] Level 5:colcon.colcon_core.verb:set package 'usb_cam' build argument 'catkin_skip_building_tests' from command line to 'False'
[1.957s] DEBUG:colcon.colcon_core.verb:Building package 'usb_cam' with the following arguments: {'ament_cmake_args': None, 'build_base': '/home/hb/hb_ws/build/usb_cam', 'catkin_cmake_args': None, 'catkin_skip_building_tests': False, 'cmake_args': None, 'cmake_clean_cache': False, 'cmake_clean_first': False, 'cmake_force_configure': False, 'cmake_target': None, 'cmake_target_skip_unavailable': False, 'install_base': '/home/hb/hb_ws/install/usb_cam', 'merge_install': False, 'path': '/home/hb/hb_ws/src/usb_cam', 'symlink_install': False, 'test_result_base': None}
[1.958s] Level 5:colcon.colcon_core.verb:set package 'ydlidar_ros2_driver' build argument 'cmake_args' from command line to 'None'
[1.959s] Level 5:colcon.colcon_core.verb:set package 'ydlidar_ros2_driver' build argument 'cmake_target' from command line to 'None'
[1.959s] Level 5:colcon.colcon_core.verb:set package 'ydlidar_ros2_driver' build argument 'cmake_target_skip_unavailable' from command line to 'False'
[1.959s] Level 5:colcon.colcon_core.verb:set package 'ydlidar_ros2_driver' build argument 'cmake_clean_cache' from command line to 'False'
[1.959s] Level 5:colcon.colcon_core.verb:set package 'ydlidar_ros2_driver' build argument 'cmake_clean_first' from command line to 'False'
[1.959s] Level 5:colcon.colcon_core.verb:set package 'ydlidar_ros2_driver' build argument 'cmake_force_configure' from command line to 'False'
[1.959s] Level 5:colcon.colcon_core.verb:set package 'ydlidar_ros2_driver' build argument 'ament_cmake_args' from command line to 'None'
[1.959s] Level 5:colcon.colcon_core.verb:set package 'ydlidar_ros2_driver' build argument 'catkin_cmake_args' from command line to 'None'
[1.959s] Level 5:colcon.colcon_core.verb:set package 'ydlidar_ros2_driver' build argument 'catkin_skip_building_tests' from command line to 'False'
[1.959s] DEBUG:colcon.colcon_core.verb:Building package 'ydlidar_ros2_driver' with the following arguments: {'ament_cmake_args': None, 'build_base': '/home/hb/hb_ws/build/ydlidar_ros2_driver', 'catkin_cmake_args': None, 'catkin_skip_building_tests': False, 'cmake_args': None, 'cmake_clean_cache': False, 'cmake_clean_first': False, 'cmake_force_configure': False, 'cmake_target': None, 'cmake_target_skip_unavailable': False, 'install_base': '/home/hb/hb_ws/install/ydlidar_ros2_driver', 'merge_install': False, 'path': '/home/hb/hb_ws/src/ydlidar_ros2_driver', 'symlink_install': False, 'test_result_base': None}
[1.960s] INFO:colcon.colcon_core.executor:Executing jobs using 'parallel' executor
[1.964s] DEBUG:colcon.colcon_parallel_executor.executor.parallel:run_until_complete
[1.965s] INFO:colcon.colcon_ros.task.ament_cmake.build:Building ROS package in '/home/hb/hb_ws/src/apriltag_ros' with build type 'ament_cmake'
[1.966s] INFO:colcon.colcon_cmake.task.cmake.build:Building CMake package in '/home/hb/hb_ws/src/apriltag_ros'
[1.975s] INFO:colcon.colcon_core.plugin_system:Skipping extension 'colcon_core.shell.bat': Not used on non-Windows systems
[1.976s] INFO:colcon.colcon_core.shell:Skip shell extension 'powershell' for command environment: Not usable outside of PowerShell
[1.977s] DEBUG:colcon.colcon_core.shell:Skip shell extension 'dsv' for command environment
[2.003s] INFO:colcon.colcon_ros.task.ament_python.build:Building ROS package in '/home/hb/hb_ws/src/serial_communication' with build type 'ament_python'
[2.004s] Level 1:colcon.colcon_core.shell:create_environment_hook('serial_communication', 'ament_prefix_path')
[2.005s] INFO:colcon.colcon_core.shell:Creating environment hook '/home/hb/hb_ws/install/serial_communication/share/serial_communication/hook/ament_prefix_path.ps1'
[2.009s] INFO:colcon.colcon_core.shell:Creating environment descriptor '/home/hb/hb_ws/install/serial_communication/share/serial_communication/hook/ament_prefix_path.dsv'
[2.012s] INFO:colcon.colcon_core.shell:Creating environment hook '/home/hb/hb_ws/install/serial_communication/share/serial_communication/hook/ament_prefix_path.sh'
[2.017s] INFO:colcon.colcon_core.shell:Skip shell extension 'powershell' for command environment: Not usable outside of PowerShell
[2.017s] DEBUG:colcon.colcon_core.shell:Skip shell extension 'dsv' for command environment
[2.041s] INFO:colcon.colcon_ros.task.ament_cmake.build:Building ROS package in '/home/hb/hb_ws/src/teleop_twist_joy' with build type 'ament_cmake'
[2.042s] INFO:colcon.colcon_cmake.task.cmake.build:Building CMake package in '/home/hb/hb_ws/src/teleop_twist_joy'
[2.043s] INFO:colcon.colcon_core.shell:Skip shell extension 'powershell' for command environment: Not usable outside of PowerShell
[2.044s] DEBUG:colcon.colcon_core.shell:Skip shell extension 'dsv' for command environment
[2.071s] INFO:colcon.colcon_ros.task.ament_cmake.build:Building ROS package in '/home/hb/hb_ws/src/usb_cam' with build type 'ament_cmake'
[2.071s] INFO:colcon.colcon_cmake.task.cmake.build:Building CMake package in '/home/hb/hb_ws/src/usb_cam'
[2.073s] INFO:colcon.colcon_core.shell:Skip shell extension 'powershell' for command environment: Not usable outside of PowerShell
[2.073s] DEBUG:colcon.colcon_core.shell:Skip shell extension 'dsv' for command environment
[2.118s] DEBUG:colcon.colcon_core.event_handler.log_command:Invoking command in '/home/hb/hb_ws/build/apriltag_ros': CMAKE_PREFIX_PATH=/home/hb/hb_ws/install/ydlidar_ros2_driver:/home/hb/hb_ws/install/usb_cam:/home/hb/hb_ws/install/serial_communication:/opt/ros/humble:/home/hb/hb_ws/install/teleop_twist_joy:/home/hb/hb_ws/install/micro_ros_setup:/home/hb/hb_ws/install/micro_ros_agent:/home/hb/hb_ws/install/micro_ros_msgs /usr/bin/cmake /home/hb/hb_ws/src/apriltag_ros -DCMAKE_INSTALL_PREFIX=/home/hb/hb_ws/install/apriltag_ros
[3.741s] INFO:colcon.colcon_core.task.python.build:Building Python package in '/home/hb/hb_ws/src/serial_communication'
[3.742s] INFO:colcon.colcon_core.shell:Skip shell extension 'powershell' for command environment: Not usable outside of PowerShell
[3.742s] DEBUG:colcon.colcon_core.shell:Skip shell extension 'dsv' for command environment
[3.784s] DEBUG:colcon.colcon_core.event_handler.log_command:Invoking command in '/home/hb/hb_ws/build/teleop_twist_joy': CMAKE_PREFIX_PATH=/home/hb/hb_ws/install/ydlidar_ros2_driver:/home/hb/hb_ws/install/usb_cam:/home/hb/hb_ws/install/serial_communication:/opt/ros/humble:/home/hb/hb_ws/install/teleop_twist_joy:/home/hb/hb_ws/install/micro_ros_setup:/home/hb/hb_ws/install/micro_ros_agent:/home/hb/hb_ws/install/micro_ros_msgs /usr/bin/cmake --build /home/hb/hb_ws/build/teleop_twist_joy -- -j4 -l4
[3.824s] DEBUG:colcon.colcon_core.event_handler.log_command:Invoking command in '/home/hb/hb_ws/build/usb_cam': CMAKE_PREFIX_PATH=/home/hb/hb_ws/install/ydlidar_ros2_driver:/home/hb/hb_ws/install/usb_cam:/home/hb/hb_ws/install/serial_communication:/opt/ros/humble:/home/hb/hb_ws/install/teleop_twist_joy:/home/hb/hb_ws/install/micro_ros_setup:/home/hb/hb_ws/install/micro_ros_agent:/home/hb/hb_ws/install/micro_ros_msgs /usr/bin/cmake --build /home/hb/hb_ws/build/usb_cam -- -j4 -l4
[4.622s] DEBUG:colcon.colcon_core.event_handler.log_command:Invoked command in '/home/hb/hb_ws/build/teleop_twist_joy' returned '0': CMAKE_PREFIX_PATH=/home/hb/hb_ws/install/ydlidar_ros2_driver:/home/hb/hb_ws/install/usb_cam:/home/hb/hb_ws/install/serial_communication:/opt/ros/humble:/home/hb/hb_ws/install/teleop_twist_joy:/home/hb/hb_ws/install/micro_ros_setup:/home/hb/hb_ws/install/micro_ros_agent:/home/hb/hb_ws/install/micro_ros_msgs /usr/bin/cmake --build /home/hb/hb_ws/build/teleop_twist_joy -- -j4 -l4
[4.725s] DEBUG:colcon.colcon_core.event_handler.log_command:Invoked command in '/home/hb/hb_ws/build/usb_cam' returned '0': CMAKE_PREFIX_PATH=/home/hb/hb_ws/install/ydlidar_ros2_driver:/home/hb/hb_ws/install/usb_cam:/home/hb/hb_ws/install/serial_communication:/opt/ros/humble:/home/hb/hb_ws/install/teleop_twist_joy:/home/hb/hb_ws/install/micro_ros_setup:/home/hb/hb_ws/install/micro_ros_agent:/home/hb/hb_ws/install/micro_ros_msgs /usr/bin/cmake --build /home/hb/hb_ws/build/usb_cam -- -j4 -l4
[4.892s] DEBUG:colcon.colcon_core.event_handler.log_command:Invoking command in '/home/hb/hb_ws/build/teleop_twist_joy': CMAKE_PREFIX_PATH=/home/hb/hb_ws/install/ydlidar_ros2_driver:/home/hb/hb_ws/install/usb_cam:/home/hb/hb_ws/install/serial_communication:/opt/ros/humble:/home/hb/hb_ws/install/teleop_twist_joy:/home/hb/hb_ws/install/micro_ros_setup:/home/hb/hb_ws/install/micro_ros_agent:/home/hb/hb_ws/install/micro_ros_msgs /usr/bin/cmake --install /home/hb/hb_ws/build/teleop_twist_joy
[5.047s] Level 1:colcon.colcon_core.environment:create_environment_scripts_only(teleop_twist_joy)
[5.054s] DEBUG:colcon.colcon_core.event_handler.log_command:Invoked command in '/home/hb/hb_ws/build/teleop_twist_joy' returned '0': CMAKE_PREFIX_PATH=/home/hb/hb_ws/install/ydlidar_ros2_driver:/home/hb/hb_ws/install/usb_cam:/home/hb/hb_ws/install/serial_communication:/opt/ros/humble:/home/hb/hb_ws/install/teleop_twist_joy:/home/hb/hb_ws/install/micro_ros_setup:/home/hb/hb_ws/install/micro_ros_agent:/home/hb/hb_ws/install/micro_ros_msgs /usr/bin/cmake --install /home/hb/hb_ws/build/teleop_twist_joy
[5.067s] Level 1:colcon.colcon_core.environment:checking '/home/hb/hb_ws/install/teleop_twist_joy' for CMake module files
[5.070s] Level 1:colcon.colcon_core.environment:checking '/home/hb/hb_ws/install/teleop_twist_joy' for CMake config files
[5.073s] Level 1:colcon.colcon_core.shell:create_environment_hook('teleop_twist_joy', 'cmake_prefix_path')
[5.075s] INFO:colcon.colcon_core.shell:Creating environment hook '/home/hb/hb_ws/install/teleop_twist_joy/share/teleop_twist_joy/hook/cmake_prefix_path.ps1'
[5.079s] INFO:colcon.colcon_core.shell:Creating environment descriptor '/home/hb/hb_ws/install/teleop_twist_joy/share/teleop_twist_joy/hook/cmake_prefix_path.dsv'
[5.081s] INFO:colcon.colcon_core.shell:Creating environment hook '/home/hb/hb_ws/install/teleop_twist_joy/share/teleop_twist_joy/hook/cmake_prefix_path.sh'
[5.086s] Level 1:colcon.colcon_core.environment:checking '/home/hb/hb_ws/install/teleop_twist_joy/lib'
[5.088s] Level 1:colcon.colcon_core.shell:create_environment_hook('teleop_twist_joy', 'ld_library_path_lib')
[5.089s] INFO:colcon.colcon_core.shell:Creating environment hook '/home/hb/hb_ws/install/teleop_twist_joy/share/teleop_twist_joy/hook/ld_library_path_lib.ps1'
[5.093s] INFO:colcon.colcon_core.shell:Creating environment descriptor '/home/hb/hb_ws/install/teleop_twist_joy/share/teleop_twist_joy/hook/ld_library_path_lib.dsv'
[5.097s] INFO:colcon.colcon_core.shell:Creating environment hook '/home/hb/hb_ws/install/teleop_twist_joy/share/teleop_twist_joy/hook/ld_library_path_lib.sh'
[5.100s] Level 1:colcon.colcon_core.environment:checking '/home/hb/hb_ws/install/teleop_twist_joy/bin'
[5.101s] Level 1:colcon.colcon_core.environment:checking '/home/hb/hb_ws/install/teleop_twist_joy/lib/pkgconfig/teleop_twist_joy.pc'
[5.104s] Level 1:colcon.colcon_core.environment:checking '/home/hb/hb_ws/install/teleop_twist_joy/lib/python3.10/site-packages'
[5.105s] Level 1:colcon.colcon_core.environment:checking '/home/hb/hb_ws/install/teleop_twist_joy/bin'
[5.108s] INFO:colcon.colcon_core.shell:Creating package script '/home/hb/hb_ws/install/teleop_twist_joy/share/teleop_twist_joy/package.ps1'
[5.115s] INFO:colcon.colcon_core.shell:Creating package descriptor '/home/hb/hb_ws/install/teleop_twist_joy/share/teleop_twist_joy/package.dsv'
[5.122s] INFO:colcon.colcon_core.shell:Creating package script '/home/hb/hb_ws/install/teleop_twist_joy/share/teleop_twist_joy/package.sh'
[5.128s] INFO:colcon.colcon_core.shell:Creating package script '/home/hb/hb_ws/install/teleop_twist_joy/share/teleop_twist_joy/package.bash'
[5.135s] INFO:colcon.colcon_core.shell:Creating package script '/home/hb/hb_ws/install/teleop_twist_joy/share/teleop_twist_joy/package.zsh'
[5.140s] Level 1:colcon.colcon_core.environment:create_file_with_runtime_dependencies(/home/hb/hb_ws/install/teleop_twist_joy/share/colcon-core/packages/teleop_twist_joy)
[5.178s] DEBUG:colcon.colcon_core.event_handler.log_command:Invoking command in '/home/hb/hb_ws/build/usb_cam': CMAKE_PREFIX_PATH=/home/hb/hb_ws/install/ydlidar_ros2_driver:/home/hb/hb_ws/install/usb_cam:/home/hb/hb_ws/install/serial_communication:/opt/ros/humble:/home/hb/hb_ws/install/teleop_twist_joy:/home/hb/hb_ws/install/micro_ros_setup:/home/hb/hb_ws/install/micro_ros_agent:/home/hb/hb_ws/install/micro_ros_msgs /usr/bin/cmake --install /home/hb/hb_ws/build/usb_cam
[5.310s] Level 1:colcon.colcon_core.environment:create_environment_scripts_only(usb_cam)
[5.312s] Level 1:colcon.colcon_core.environment:checking '/home/hb/hb_ws/install/usb_cam' for CMake module files
[5.318s] Level 1:colcon.colcon_core.environment:checking '/home/hb/hb_ws/install/usb_cam' for CMake config files
[5.326s] Level 1:colcon.colcon_core.shell:create_environment_hook('usb_cam', 'cmake_prefix_path')
[5.328s] INFO:colcon.colcon_core.shell:Creating environment hook '/home/hb/hb_ws/install/usb_cam/share/usb_cam/hook/cmake_prefix_path.ps1'
[5.330s] INFO:colcon.colcon_core.shell:Creating environment descriptor '/home/hb/hb_ws/install/usb_cam/share/usb_cam/hook/cmake_prefix_path.dsv'
[5.346s] INFO:colcon.colcon_core.shell:Creating environment hook '/home/hb/hb_ws/install/usb_cam/share/usb_cam/hook/cmake_prefix_path.sh'
[5.351s] Level 1:colcon.colcon_core.environment:checking '/home/hb/hb_ws/install/usb_cam/lib'
[5.352s] Level 1:colcon.colcon_core.shell:create_environment_hook('usb_cam', 'ld_library_path_lib')
[5.353s] INFO:colcon.colcon_core.shell:Creating environment hook '/home/hb/hb_ws/install/usb_cam/share/usb_cam/hook/ld_library_path_lib.ps1'
[5.363s] DEBUG:colcon.colcon_core.event_handler.log_command:Invoked command in '/home/hb/hb_ws/build/usb_cam' returned '0': CMAKE_PREFIX_PATH=/home/hb/hb_ws/install/ydlidar_ros2_driver:/home/hb/hb_ws/install/usb_cam:/home/hb/hb_ws/install/serial_communication:/opt/ros/humble:/home/hb/hb_ws/install/teleop_twist_joy:/home/hb/hb_ws/install/micro_ros_setup:/home/hb/hb_ws/install/micro_ros_agent:/home/hb/hb_ws/install/micro_ros_msgs /usr/bin/cmake --install /home/hb/hb_ws/build/usb_cam
[5.364s] INFO:colcon.colcon_core.shell:Creating environment descriptor '/home/hb/hb_ws/install/usb_cam/share/usb_cam/hook/ld_library_path_lib.dsv'
[5.367s] INFO:colcon.colcon_core.shell:Creating environment hook '/home/hb/hb_ws/install/usb_cam/share/usb_cam/hook/ld_library_path_lib.sh'
[5.370s] Level 1:colcon.colcon_core.environment:checking '/home/hb/hb_ws/install/usb_cam/bin'
[5.371s] Level 1:colcon.colcon_core.environment:checking '/home/hb/hb_ws/install/usb_cam/lib/pkgconfig/usb_cam.pc'
[5.375s] Level 1:colcon.colcon_core.environment:checking '/home/hb/hb_ws/install/usb_cam/lib/python3.10/site-packages'
[5.377s] Level 1:colcon.colcon_core.environment:checking '/home/hb/hb_ws/install/usb_cam/bin'
[5.381s] INFO:colcon.colcon_core.shell:Creating package script '/home/hb/hb_ws/install/usb_cam/share/usb_cam/package.ps1'
[5.386s] INFO:colcon.colcon_core.shell:Creating package descriptor '/home/hb/hb_ws/install/usb_cam/share/usb_cam/package.dsv'
[5.390s] INFO:colcon.colcon_core.shell:Creating package script '/home/hb/hb_ws/install/usb_cam/share/usb_cam/package.sh'
[5.393s] INFO:colcon.colcon_core.shell:Creating package script '/home/hb/hb_ws/install/usb_cam/share/usb_cam/package.bash'
[5.396s] INFO:colcon.colcon_core.shell:Creating package script '/home/hb/hb_ws/install/usb_cam/share/usb_cam/package.zsh'
[5.398s] Level 1:colcon.colcon_core.environment:create_file_with_runtime_dependencies(/home/hb/hb_ws/install/usb_cam/share/colcon-core/packages/usb_cam)
[5.409s] Level 1:colcon.colcon_core.environment:create_environment_scripts_only(teleop_twist_joy)
[5.410s] Level 1:colcon.colcon_core.environment:checking '/home/hb/hb_ws/install/teleop_twist_joy' for CMake module files
[5.414s] Level 1:colcon.colcon_core.environment:checking '/home/hb/hb_ws/install/teleop_twist_joy' for CMake config files
[5.417s] Level 1:colcon.colcon_core.shell:create_environment_hook('teleop_twist_joy', 'cmake_prefix_path')
[5.418s] INFO:colcon.colcon_core.shell:Creating environment hook '/home/hb/hb_ws/install/teleop_twist_joy/share/teleop_twist_joy/hook/cmake_prefix_path.ps1'
[5.421s] INFO:colcon.colcon_core.shell:Creating environment descriptor '/home/hb/hb_ws/install/teleop_twist_joy/share/teleop_twist_joy/hook/cmake_prefix_path.dsv'
[5.423s] INFO:colcon.colcon_core.shell:Creating environment hook '/home/hb/hb_ws/install/teleop_twist_joy/share/teleop_twist_joy/hook/cmake_prefix_path.sh'
[5.428s] Level 1:colcon.colcon_core.environment:checking '/home/hb/hb_ws/install/teleop_twist_joy/lib'
[5.429s] Level 1:colcon.colcon_core.shell:create_environment_hook('teleop_twist_joy', 'ld_library_path_lib')
[5.431s] INFO:colcon.colcon_core.shell:Creating environment hook '/home/hb/hb_ws/install/teleop_twist_joy/share/teleop_twist_joy/hook/ld_library_path_lib.ps1'
[5.436s] INFO:colcon.colcon_core.shell:Creating environment descriptor '/home/hb/hb_ws/install/teleop_twist_joy/share/teleop_twist_joy/hook/ld_library_path_lib.dsv'
[5.439s] INFO:colcon.colcon_core.shell:Creating environment hook '/home/hb/hb_ws/install/teleop_twist_joy/share/teleop_twist_joy/hook/ld_library_path_lib.sh'
[5.442s] Level 1:colcon.colcon_core.environment:checking '/home/hb/hb_ws/install/teleop_twist_joy/bin'
[5.442s] Level 1:colcon.colcon_core.environment:checking '/home/hb/hb_ws/install/teleop_twist_joy/lib/pkgconfig/teleop_twist_joy.pc'
[5.447s] Level 1:colcon.colcon_core.environment:checking '/home/hb/hb_ws/install/teleop_twist_joy/lib/python3.10/site-packages'
[5.448s] Level 1:colcon.colcon_core.environment:checking '/home/hb/hb_ws/install/teleop_twist_joy/bin'
[5.450s] INFO:colcon.colcon_core.shell:Creating package script '/home/hb/hb_ws/install/teleop_twist_joy/share/teleop_twist_joy/package.ps1'
[5.454s] INFO:colcon.colcon_core.shell:Creating package descriptor '/home/hb/hb_ws/install/teleop_twist_joy/share/teleop_twist_joy/package.dsv'
[5.458s] INFO:colcon.colcon_core.shell:Creating package script '/home/hb/hb_ws/install/teleop_twist_joy/share/teleop_twist_joy/package.sh'
[5.461s] INFO:colcon.colcon_core.shell:Creating package script '/home/hb/hb_ws/install/teleop_twist_joy/share/teleop_twist_joy/package.bash'
[5.465s] INFO:colcon.colcon_core.shell:Creating package script '/home/hb/hb_ws/install/teleop_twist_joy/share/teleop_twist_joy/package.zsh'
[5.467s] Level 1:colcon.colcon_core.environment:create_file_with_runtime_dependencies(/home/hb/hb_ws/install/teleop_twist_joy/share/colcon-core/packages/teleop_twist_joy)
[5.472s] INFO:colcon.colcon_ros.task.ament_cmake.build:Building ROS package in '/home/hb/hb_ws/src/ydlidar_ros2_driver' with build type 'ament_cmake'
[5.474s] INFO:colcon.colcon_cmake.task.cmake.build:Building CMake package in '/home/hb/hb_ws/src/ydlidar_ros2_driver'
[5.475s] INFO:colcon.colcon_core.shell:Skip shell extension 'powershell' for command environment: Not usable outside of PowerShell
[5.475s] DEBUG:colcon.colcon_core.shell:Skip shell extension 'dsv' for command environment
[5.580s] DEBUG:colcon.colcon_core.event_handler.log_command:Invoking command in '/home/hb/hb_ws/build/ydlidar_ros2_driver': CMAKE_PREFIX_PATH=/home/hb/hb_ws/install/ydlidar_ros2_driver:/home/hb/hb_ws/install/usb_cam:/home/hb/hb_ws/install/serial_communication:/opt/ros/humble:/home/hb/hb_ws/install/teleop_twist_joy:/home/hb/hb_ws/install/micro_ros_setup:/home/hb/hb_ws/install/micro_ros_agent:/home/hb/hb_ws/install/micro_ros_msgs /usr/bin/cmake --build /home/hb/hb_ws/build/ydlidar_ros2_driver -- -j4 -l4
[5.794s] Level 1:colcon.colcon_core.environment:create_environment_scripts_only(usb_cam)
[5.796s] Level 1:colcon.colcon_core.environment:checking '/home/hb/hb_ws/install/usb_cam' for CMake module files
[5.800s] Level 1:colcon.colcon_core.environment:checking '/home/hb/hb_ws/install/usb_cam' for CMake config files
[5.803s] Level 1:colcon.colcon_core.shell:create_environment_hook('usb_cam', 'cmake_prefix_path')
[5.804s] INFO:colcon.colcon_core.shell:Creating environment hook '/home/hb/hb_ws/install/usb_cam/share/usb_cam/hook/cmake_prefix_path.ps1'
[5.807s] INFO:colcon.colcon_core.shell:Creating environment descriptor '/home/hb/hb_ws/install/usb_cam/share/usb_cam/hook/cmake_prefix_path.dsv'
[5.812s] INFO:colcon.colcon_core.shell:Creating environment hook '/home/hb/hb_ws/install/usb_cam/share/usb_cam/hook/cmake_prefix_path.sh'
[5.816s] Level 1:colcon.colcon_core.environment:checking '/home/hb/hb_ws/install/usb_cam/lib'
[5.817s] Level 1:colcon.colcon_core.shell:create_environment_hook('usb_cam', 'ld_library_path_lib')
[5.818s] INFO:colcon.colcon_core.shell:Creating environment hook '/home/hb/hb_ws/install/usb_cam/share/usb_cam/hook/ld_library_path_lib.ps1'
[5.822s] INFO:colcon.colcon_core.shell:Creating environment descriptor '/home/hb/hb_ws/install/usb_cam/share/usb_cam/hook/ld_library_path_lib.dsv'
[5.824s] INFO:colcon.colcon_core.shell:Creating environment hook '/home/hb/hb_ws/install/usb_cam/share/usb_cam/hook/ld_library_path_lib.sh'
[5.827s] Level 1:colcon.colcon_core.environment:checking '/home/hb/hb_ws/install/usb_cam/bin'
[5.828s] Level 1:colcon.colcon_core.environment:checking '/home/hb/hb_ws/install/usb_cam/lib/pkgconfig/usb_cam.pc'
[5.829s] Level 1:colcon.colcon_core.environment:checking '/home/hb/hb_ws/install/usb_cam/lib/python3.10/site-packages'
[5.831s] Level 1:colcon.colcon_core.environment:checking '/home/hb/hb_ws/install/usb_cam/bin'
[5.833s] INFO:colcon.colcon_core.shell:Creating package script '/home/hb/hb_ws/install/usb_cam/share/usb_cam/package.ps1'
[5.841s] INFO:colcon.colcon_core.shell:Creating package descriptor '/home/hb/hb_ws/install/usb_cam/share/usb_cam/package.dsv'
[5.844s] INFO:colcon.colcon_core.shell:Creating package script '/home/hb/hb_ws/install/usb_cam/share/usb_cam/package.sh'
[5.849s] INFO:colcon.colcon_core.shell:Creating package script '/home/hb/hb_ws/install/usb_cam/share/usb_cam/package.bash'
[5.853s] INFO:colcon.colcon_core.shell:Creating package script '/home/hb/hb_ws/install/usb_cam/share/usb_cam/package.zsh'
[5.856s] Level 1:colcon.colcon_core.environment:create_file_with_runtime_dependencies(/home/hb/hb_ws/install/usb_cam/share/colcon-core/packages/usb_cam)
[6.073s] DEBUG:colcon.colcon_core.event_handler.log_command:Invoked command in '/home/hb/hb_ws/build/ydlidar_ros2_driver' returned '0': CMAKE_PREFIX_PATH=/home/hb/hb_ws/install/ydlidar_ros2_driver:/home/hb/hb_ws/install/usb_cam:/home/hb/hb_ws/install/serial_communication:/opt/ros/humble:/home/hb/hb_ws/install/teleop_twist_joy:/home/hb/hb_ws/install/micro_ros_setup:/home/hb/hb_ws/install/micro_ros_agent:/home/hb/hb_ws/install/micro_ros_msgs /usr/bin/cmake --build /home/hb/hb_ws/build/ydlidar_ros2_driver -- -j4 -l4
[6.290s] DEBUG:colcon.colcon_core.event_handler.log_command:Invoking command in '/home/hb/hb_ws/build/ydlidar_ros2_driver': CMAKE_PREFIX_PATH=/home/hb/hb_ws/install/ydlidar_ros2_driver:/home/hb/hb_ws/install/usb_cam:/home/hb/hb_ws/install/serial_communication:/opt/ros/humble:/home/hb/hb_ws/install/teleop_twist_joy:/home/hb/hb_ws/install/micro_ros_setup:/home/hb/hb_ws/install/micro_ros_agent:/home/hb/hb_ws/install/micro_ros_msgs /usr/bin/cmake --install /home/hb/hb_ws/build/ydlidar_ros2_driver
[6.425s] DEBUG:colcon.colcon_core.event_handler.log_command:Invoking command in '/home/hb/hb_ws/src/serial_communication': PYTHONPATH=/home/hb/hb_ws/build/serial_communication/prefix_override:/home/hb/hb_ws/install/serial_communication/lib/python3.10/site-packages:${PYTHONPATH} /usr/bin/python3 -W ignore:setup.py install is deprecated setup.py egg_info --egg-base ../../build/serial_communication build --build-base /home/hb/hb_ws/build/serial_communication/build install --record /home/hb/hb_ws/build/serial_communication/install.log --single-version-externally-managed install_data
[6.431s] Level 1:colcon.colcon_core.environment:create_environment_scripts_only(ydlidar_ros2_driver)
[6.432s] Level 1:colcon.colcon_core.environment:checking '/home/hb/hb_ws/install/ydlidar_ros2_driver' for CMake module files
[6.435s] DEBUG:colcon.colcon_core.event_handler.log_command:Invoked command in '/home/hb/hb_ws/build/ydlidar_ros2_driver' returned '0': CMAKE_PREFIX_PATH=/home/hb/hb_ws/install/ydlidar_ros2_driver:/home/hb/hb_ws/install/usb_cam:/home/hb/hb_ws/install/serial_communication:/opt/ros/humble:/home/hb/hb_ws/install/teleop_twist_joy:/home/hb/hb_ws/install/micro_ros_setup:/home/hb/hb_ws/install/micro_ros_agent:/home/hb/hb_ws/install/micro_ros_msgs /usr/bin/cmake --install /home/hb/hb_ws/build/ydlidar_ros2_driver
[6.437s] Level 1:colcon.colcon_core.environment:checking '/home/hb/hb_ws/install/ydlidar_ros2_driver' for CMake config files
[6.448s] Level 1:colcon.colcon_core.shell:create_environment_hook('ydlidar_ros2_driver', 'cmake_prefix_path')
[6.449s] INFO:colcon.colcon_core.shell:Creating environment hook '/home/hb/hb_ws/install/ydlidar_ros2_driver/share/ydlidar_ros2_driver/hook/cmake_prefix_path.ps1'
[6.454s] INFO:colcon.colcon_core.shell:Creating environment descriptor '/home/hb/hb_ws/install/ydlidar_ros2_driver/share/ydlidar_ros2_driver/hook/cmake_prefix_path.dsv'
[6.456s] INFO:colcon.colcon_core.shell:Creating environment hook '/home/hb/hb_ws/install/ydlidar_ros2_driver/share/ydlidar_ros2_driver/hook/cmake_prefix_path.sh'
[6.461s] Level 1:colcon.colcon_core.environment:checking '/home/hb/hb_ws/install/ydlidar_ros2_driver/lib'
[6.462s] Level 1:colcon.colcon_core.environment:checking '/home/hb/hb_ws/install/ydlidar_ros2_driver/bin'
[6.462s] Level 1:colcon.colcon_core.environment:checking '/home/hb/hb_ws/install/ydlidar_ros2_driver/lib/pkgconfig/ydlidar_ros2_driver.pc'
[6.464s] Level 1:colcon.colcon_core.environment:checking '/home/hb/hb_ws/install/ydlidar_ros2_driver/lib/python3.10/site-packages'
[6.465s] Level 1:colcon.colcon_core.environment:checking '/home/hb/hb_ws/install/ydlidar_ros2_driver/bin'
[6.466s] INFO:colcon.colcon_core.shell:Creating package script '/home/hb/hb_ws/install/ydlidar_ros2_driver/share/ydlidar_ros2_driver/package.ps1'
[6.470s] INFO:colcon.colcon_core.shell:Creating package descriptor '/home/hb/hb_ws/install/ydlidar_ros2_driver/share/ydlidar_ros2_driver/package.dsv'
[6.473s] INFO:colcon.colcon_core.shell:Creating package script '/home/hb/hb_ws/install/ydlidar_ros2_driver/share/ydlidar_ros2_driver/package.sh'
[6.477s] INFO:colcon.colcon_core.shell:Creating package script '/home/hb/hb_ws/install/ydlidar_ros2_driver/share/ydlidar_ros2_driver/package.bash'
[6.480s] INFO:colcon.colcon_core.shell:Creating package script '/home/hb/hb_ws/install/ydlidar_ros2_driver/share/ydlidar_ros2_driver/package.zsh'
[6.482s] Level 1:colcon.colcon_core.environment:create_file_with_runtime_dependencies(/home/hb/hb_ws/install/ydlidar_ros2_driver/share/colcon-core/packages/ydlidar_ros2_driver)
[6.696s] Level 1:colcon.colcon_core.environment:create_environment_scripts_only(ydlidar_ros2_driver)
[6.697s] Level 1:colcon.colcon_core.environment:checking '/home/hb/hb_ws/install/ydlidar_ros2_driver' for CMake module files
[6.700s] Level 1:colcon.colcon_core.environment:checking '/home/hb/hb_ws/install/ydlidar_ros2_driver' for CMake config files
[6.703s] Level 1:colcon.colcon_core.shell:create_environment_hook('ydlidar_ros2_driver', 'cmake_prefix_path')
[6.704s] INFO:colcon.colcon_core.shell:Creating environment hook '/home/hb/hb_ws/install/ydlidar_ros2_driver/share/ydlidar_ros2_driver/hook/cmake_prefix_path.ps1'
[6.707s] INFO:colcon.colcon_core.shell:Creating environment descriptor '/home/hb/hb_ws/install/ydlidar_ros2_driver/share/ydlidar_ros2_driver/hook/cmake_prefix_path.dsv'
[6.709s] INFO:colcon.colcon_core.shell:Creating environment hook '/home/hb/hb_ws/install/ydlidar_ros2_driver/share/ydlidar_ros2_driver/hook/cmake_prefix_path.sh'
[6.713s] Level 1:colcon.colcon_core.environment:checking '/home/hb/hb_ws/install/ydlidar_ros2_driver/lib'
[6.713s] Level 1:colcon.colcon_core.environment:checking '/home/hb/hb_ws/install/ydlidar_ros2_driver/bin'
[6.714s] Level 1:colcon.colcon_core.environment:checking '/home/hb/hb_ws/install/ydlidar_ros2_driver/lib/pkgconfig/ydlidar_ros2_driver.pc'
[6.716s] Level 1:colcon.colcon_core.environment:checking '/home/hb/hb_ws/install/ydlidar_ros2_driver/lib/python3.10/site-packages'
[6.718s] Level 1:colcon.colcon_core.environment:checking '/home/hb/hb_ws/install/ydlidar_ros2_driver/bin'
[6.719s] INFO:colcon.colcon_core.shell:Creating package script '/home/hb/hb_ws/install/ydlidar_ros2_driver/share/ydlidar_ros2_driver/package.ps1'
[6.722s] INFO:colcon.colcon_core.shell:Creating package descriptor '/home/hb/hb_ws/install/ydlidar_ros2_driver/share/ydlidar_ros2_driver/package.dsv'
[6.725s] INFO:colcon.colcon_core.shell:Creating package script '/home/hb/hb_ws/install/ydlidar_ros2_driver/share/ydlidar_ros2_driver/package.sh'
[6.728s] INFO:colcon.colcon_core.shell:Creating package script '/home/hb/hb_ws/install/ydlidar_ros2_driver/share/ydlidar_ros2_driver/package.bash'
[6.731s] INFO:colcon.colcon_core.shell:Creating package script '/home/hb/hb_ws/install/ydlidar_ros2_driver/share/ydlidar_ros2_driver/package.zsh'
[6.734s] Level 1:colcon.colcon_core.environment:create_file_with_runtime_dependencies(/home/hb/hb_ws/install/ydlidar_ros2_driver/share/colcon-core/packages/ydlidar_ros2_driver)
[8.168s] Level 1:colcon.colcon_core.environment:checking '/home/hb/hb_ws/install/serial_communication' for CMake module files
[8.172s] Level 1:colcon.colcon_core.environment:checking '/home/hb/hb_ws/install/serial_communication' for CMake config files
[8.175s] Level 1:colcon.colcon_core.environment:checking '/home/hb/hb_ws/install/serial_communication/lib'
[8.176s] Level 1:colcon.colcon_core.environment:checking '/home/hb/hb_ws/install/serial_communication/bin'
[8.176s] Level 1:colcon.colcon_core.environment:checking '/home/hb/hb_ws/install/serial_communication/lib/pkgconfig/serial_communication.pc'
[8.177s] Level 1:colcon.colcon_core.environment:checking '/home/hb/hb_ws/install/serial_communication/lib/python3.10/site-packages'
[8.178s] Level 1:colcon.colcon_core.shell:create_environment_hook('serial_communication', 'pythonpath')
[8.179s] INFO:colcon.colcon_core.shell:Creating environment hook '/home/hb/hb_ws/install/serial_communication/share/serial_communication/hook/pythonpath.ps1'
[8.182s] DEBUG:colcon.colcon_core.event_handler.log_command:Invoked command in '/home/hb/hb_ws/src/serial_communication' returned '0': PYTHONPATH=/home/hb/hb_ws/build/serial_communication/prefix_override:/home/hb/hb_ws/install/serial_communication/lib/python3.10/site-packages:${PYTHONPATH} /usr/bin/python3 -W ignore:setup.py install is deprecated setup.py egg_info --egg-base ../../build/serial_communication build --build-base /home/hb/hb_ws/build/serial_communication/build install --record /home/hb/hb_ws/build/serial_communication/install.log --single-version-externally-managed install_data
[8.183s] INFO:colcon.colcon_core.shell:Creating environment descriptor '/home/hb/hb_ws/install/serial_communication/share/serial_communication/hook/pythonpath.dsv'
[8.185s] INFO:colcon.colcon_core.shell:Creating environment hook '/home/hb/hb_ws/install/serial_communication/share/serial_communication/hook/pythonpath.sh'
[8.188s] Level 1:colcon.colcon_core.environment:checking '/home/hb/hb_ws/install/serial_communication/bin'
[8.188s] Level 1:colcon.colcon_core.environment:create_environment_scripts_only(serial_communication)
[8.190s] INFO:colcon.colcon_core.shell:Creating package script '/home/hb/hb_ws/install/serial_communication/share/serial_communication/package.ps1'
[8.192s] INFO:colcon.colcon_core.shell:Creating package descriptor '/home/hb/hb_ws/install/serial_communication/share/serial_communication/package.dsv'
[8.195s] INFO:colcon.colcon_core.shell:Creating package script '/home/hb/hb_ws/install/serial_communication/share/serial_communication/package.sh'
[8.197s] INFO:colcon.colcon_core.shell:Creating package script '/home/hb/hb_ws/install/serial_communication/share/serial_communication/package.bash'
[8.199s] INFO:colcon.colcon_core.shell:Creating package script '/home/hb/hb_ws/install/serial_communication/share/serial_communication/package.zsh'
[8.202s] Level 1:colcon.colcon_core.environment:create_file_with_runtime_dependencies(/home/hb/hb_ws/install/serial_communication/share/colcon-core/packages/serial_communication)
[9.959s] DEBUG:colcon.colcon_core.event_handler.log_command:Invoked command in '/home/hb/hb_ws/build/apriltag_ros' returned '0': CMAKE_PREFIX_PATH=/home/hb/hb_ws/install/ydlidar_ros2_driver:/home/hb/hb_ws/install/usb_cam:/home/hb/hb_ws/install/serial_communication:/opt/ros/humble:/home/hb/hb_ws/install/teleop_twist_joy:/home/hb/hb_ws/install/micro_ros_setup:/home/hb/hb_ws/install/micro_ros_agent:/home/hb/hb_ws/install/micro_ros_msgs /usr/bin/cmake /home/hb/hb_ws/src/apriltag_ros -DCMAKE_INSTALL_PREFIX=/home/hb/hb_ws/install/apriltag_ros
[9.971s] DEBUG:colcon.colcon_core.event_handler.log_command:Invoking command in '/home/hb/hb_ws/build/apriltag_ros': CMAKE_PREFIX_PATH=/home/hb/hb_ws/install/ydlidar_ros2_driver:/home/hb/hb_ws/install/usb_cam:/home/hb/hb_ws/install/serial_communication:/opt/ros/humble:/home/hb/hb_ws/install/teleop_twist_joy:/home/hb/hb_ws/install/micro_ros_setup:/home/hb/hb_ws/install/micro_ros_agent:/home/hb/hb_ws/install/micro_ros_msgs /usr/bin/cmake --build /home/hb/hb_ws/build/apriltag_ros -- -j4 -l4
[53.903s] DEBUG:colcon.colcon_core.event_handler.log_command:Invoked command in '/home/hb/hb_ws/build/apriltag_ros' returned '0': CMAKE_PREFIX_PATH=/home/hb/hb_ws/install/ydlidar_ros2_driver:/home/hb/hb_ws/install/usb_cam:/home/hb/hb_ws/install/serial_communication:/opt/ros/humble:/home/hb/hb_ws/install/teleop_twist_joy:/home/hb/hb_ws/install/micro_ros_setup:/home/hb/hb_ws/install/micro_ros_agent:/home/hb/hb_ws/install/micro_ros_msgs /usr/bin/cmake --build /home/hb/hb_ws/build/apriltag_ros -- -j4 -l4
[54.141s] DEBUG:colcon.colcon_core.event_handler.log_command:Invoking command in '/home/hb/hb_ws/build/apriltag_ros': CMAKE_PREFIX_PATH=/home/hb/hb_ws/install/ydlidar_ros2_driver:/home/hb/hb_ws/install/usb_cam:/home/hb/hb_ws/install/serial_communication:/opt/ros/humble:/home/hb/hb_ws/install/teleop_twist_joy:/home/hb/hb_ws/install/micro_ros_setup:/home/hb/hb_ws/install/micro_ros_agent:/home/hb/hb_ws/install/micro_ros_msgs /usr/bin/cmake --install /home/hb/hb_ws/build/apriltag_ros
[54.235s] Level 1:colcon.colcon_core.environment:create_environment_scripts_only(apriltag_ros)
[54.236s] Level 1:colcon.colcon_core.environment:checking '/home/hb/hb_ws/install/apriltag_ros' for CMake module files
[54.238s] DEBUG:colcon.colcon_core.event_handler.log_command:Invoked command in '/home/hb/hb_ws/build/apriltag_ros' returned '0': CMAKE_PREFIX_PATH=/home/hb/hb_ws/install/ydlidar_ros2_driver:/home/hb/hb_ws/install/usb_cam:/home/hb/hb_ws/install/serial_communication:/opt/ros/humble:/home/hb/hb_ws/install/teleop_twist_joy:/home/hb/hb_ws/install/micro_ros_setup:/home/hb/hb_ws/install/micro_ros_agent:/home/hb/hb_ws/install/micro_ros_msgs /usr/bin/cmake --install /home/hb/hb_ws/build/apriltag_ros
[54.241s] Level 1:colcon.colcon_core.environment:checking '/home/hb/hb_ws/install/apriltag_ros' for CMake config files
[54.243s] Level 1:colcon.colcon_core.shell:create_environment_hook('apriltag_ros', 'cmake_prefix_path')
[54.244s] INFO:colcon.colcon_core.shell:Creating environment hook '/home/hb/hb_ws/install/apriltag_ros/share/apriltag_ros/hook/cmake_prefix_path.ps1'
[54.246s] INFO:colcon.colcon_core.shell:Creating environment descriptor '/home/hb/hb_ws/install/apriltag_ros/share/apriltag_ros/hook/cmake_prefix_path.dsv'
[54.248s] INFO:colcon.colcon_core.shell:Creating environment hook '/home/hb/hb_ws/install/apriltag_ros/share/apriltag_ros/hook/cmake_prefix_path.sh'
[54.250s] Level 1:colcon.colcon_core.environment:checking '/home/hb/hb_ws/install/apriltag_ros/lib'
[54.251s] Level 1:colcon.colcon_core.shell:create_environment_hook('apriltag_ros', 'ld_library_path_lib')
[54.251s] INFO:colcon.colcon_core.shell:Creating environment hook '/home/hb/hb_ws/install/apriltag_ros/share/apriltag_ros/hook/ld_library_path_lib.ps1'
[54.253s] INFO:colcon.colcon_core.shell:Creating environment descriptor '/home/hb/hb_ws/install/apriltag_ros/share/apriltag_ros/hook/ld_library_path_lib.dsv'
[54.254s] INFO:colcon.colcon_core.shell:Creating environment hook '/home/hb/hb_ws/install/apriltag_ros/share/apriltag_ros/hook/ld_library_path_lib.sh'
[54.256s] Level 1:colcon.colcon_core.environment:checking '/home/hb/hb_ws/install/apriltag_ros/bin'
[54.257s] Level 1:colcon.colcon_core.environment:checking '/home/hb/hb_ws/install/apriltag_ros/lib/pkgconfig/apriltag_ros.pc'
[54.258s] Level 1:colcon.colcon_core.environment:checking '/home/hb/hb_ws/install/apriltag_ros/lib/python3.10/site-packages'
[54.259s] Level 1:colcon.colcon_core.environment:checking '/home/hb/hb_ws/install/apriltag_ros/bin'
[54.260s] INFO:colcon.colcon_core.shell:Creating package script '/home/hb/hb_ws/install/apriltag_ros/share/apriltag_ros/package.ps1'
[54.263s] INFO:colcon.colcon_core.shell:Creating package descriptor '/home/hb/hb_ws/install/apriltag_ros/share/apriltag_ros/package.dsv'
[54.265s] INFO:colcon.colcon_core.shell:Creating package script '/home/hb/hb_ws/install/apriltag_ros/share/apriltag_ros/package.sh'
[54.267s] INFO:colcon.colcon_core.shell:Creating package script '/home/hb/hb_ws/install/apriltag_ros/share/apriltag_ros/package.bash'
[54.269s] INFO:colcon.colcon_core.shell:Creating package script '/home/hb/hb_ws/install/apriltag_ros/share/apriltag_ros/package.zsh'
[54.272s] Level 1:colcon.colcon_core.environment:create_file_with_runtime_dependencies(/home/hb/hb_ws/install/apriltag_ros/share/colcon-core/packages/apriltag_ros)
[54.521s] Level 1:colcon.colcon_core.environment:create_environment_scripts_only(apriltag_ros)
[54.523s] Level 1:colcon.colcon_core.environment:checking '/home/hb/hb_ws/install/apriltag_ros' for CMake module files
[54.531s] Level 1:colcon.colcon_core.environment:checking '/home/hb/hb_ws/install/apriltag_ros' for CMake config files
[54.534s] Level 1:colcon.colcon_core.shell:create_environment_hook('apriltag_ros', 'cmake_prefix_path')
[54.536s] INFO:colcon.colcon_core.shell:Creating environment hook '/home/hb/hb_ws/install/apriltag_ros/share/apriltag_ros/hook/cmake_prefix_path.ps1'
[54.541s] INFO:colcon.colcon_core.shell:Creating environment descriptor '/home/hb/hb_ws/install/apriltag_ros/share/apriltag_ros/hook/cmake_prefix_path.dsv'
[54.545s] INFO:colcon.colcon_core.shell:Creating environment hook '/home/hb/hb_ws/install/apriltag_ros/share/apriltag_ros/hook/cmake_prefix_path.sh'
[54.550s] Level 1:colcon.colcon_core.environment:checking '/home/hb/hb_ws/install/apriltag_ros/lib'
[54.551s] Level 1:colcon.colcon_core.shell:create_environment_hook('apriltag_ros', 'ld_library_path_lib')
[54.553s] INFO:colcon.colcon_core.shell:Creating environment hook '/home/hb/hb_ws/install/apriltag_ros/share/apriltag_ros/hook/ld_library_path_lib.ps1'
[54.557s] INFO:colcon.colcon_core.shell:Creating environment descriptor '/home/hb/hb_ws/install/apriltag_ros/share/apriltag_ros/hook/ld_library_path_lib.dsv'
[54.561s] INFO:colcon.colcon_core.shell:Creating environment hook '/home/hb/hb_ws/install/apriltag_ros/share/apriltag_ros/hook/ld_library_path_lib.sh'
[54.565s] Level 1:colcon.colcon_core.environment:checking '/home/hb/hb_ws/install/apriltag_ros/bin'
[54.566s] Level 1:colcon.colcon_core.environment:checking '/home/hb/hb_ws/install/apriltag_ros/lib/pkgconfig/apriltag_ros.pc'
[54.567s] Level 1:colcon.colcon_core.environment:checking '/home/hb/hb_ws/install/apriltag_ros/lib/python3.10/site-packages'
[54.569s] Level 1:colcon.colcon_core.environment:checking '/home/hb/hb_ws/install/apriltag_ros/bin'
[54.571s] INFO:colcon.colcon_core.shell:Creating package script '/home/hb/hb_ws/install/apriltag_ros/share/apriltag_ros/package.ps1'
[54.575s] INFO:colcon.colcon_core.shell:Creating package descriptor '/home/hb/hb_ws/install/apriltag_ros/share/apriltag_ros/package.dsv'
[54.580s] INFO:colcon.colcon_core.shell:Creating package script '/home/hb/hb_ws/install/apriltag_ros/share/apriltag_ros/package.sh'
[54.584s] INFO:colcon.colcon_core.shell:Creating package script '/home/hb/hb_ws/install/apriltag_ros/share/apriltag_ros/package.bash'
[54.587s] INFO:colcon.colcon_core.shell:Creating package script '/home/hb/hb_ws/install/apriltag_ros/share/apriltag_ros/package.zsh'
[54.591s] Level 1:colcon.colcon_core.environment:create_file_with_runtime_dependencies(/home/hb/hb_ws/install/apriltag_ros/share/colcon-core/packages/apriltag_ros)
[54.608s] DEBUG:colcon.colcon_parallel_executor.executor.parallel:closing loop
[54.615s] DEBUG:colcon.colcon_parallel_executor.executor.parallel:loop closed
[54.616s] DEBUG:colcon.colcon_parallel_executor.executor.parallel:run_until_complete finished with '0'
[54.617s] DEBUG:colcon.colcon_core.event_reactor:joining thread
[54.655s] INFO:colcon.colcon_core.plugin_system:Skipping extension 'colcon_notification.desktop_notification.terminal_notifier': Not used on non-Darwin systems
[54.656s] INFO:colcon.colcon_core.plugin_system:Skipping extension 'colcon_notification.desktop_notification.win32': Not used on non-Windows systems
[54.656s] INFO:colcon.colcon_notification.desktop_notification:Sending desktop notification using 'notify2'
[54.716s] DEBUG:colcon.colcon_core.event_reactor:joined thread
[54.718s] INFO:colcon.colcon_core.shell:Creating prefix script '/home/hb/hb_ws/install/local_setup.ps1'
[54.723s] INFO:colcon.colcon_core.shell:Creating prefix util module '/home/hb/hb_ws/install/_local_setup_util_ps1.py'
[54.730s] INFO:colcon.colcon_core.shell:Creating prefix chain script '/home/hb/hb_ws/install/setup.ps1'
[54.739s] INFO:colcon.colcon_core.shell:Creating prefix script '/home/hb/hb_ws/install/local_setup.sh'
[54.742s] INFO:colcon.colcon_core.shell:Creating prefix util module '/home/hb/hb_ws/install/_local_setup_util_sh.py'
[54.745s] INFO:colcon.colcon_core.shell:Creating prefix chain script '/home/hb/hb_ws/install/setup.sh'
[54.755s] INFO:colcon.colcon_core.shell:Creating prefix script '/home/hb/hb_ws/install/local_setup.bash'
[54.757s] INFO:colcon.colcon_core.shell:Creating prefix chain script '/home/hb/hb_ws/install/setup.bash'
[54.766s] INFO:colcon.colcon_core.shell:Creating prefix script '/home/hb/hb_ws/install/local_setup.zsh'
[54.770s] INFO:colcon.colcon_core.shell:Creating prefix chain script '/home/hb/hb_ws/install/setup.zsh'
