[0.119s] Invoking command in '/home/hb/hb_ws/build/micro_ros_setup': CMAKE_PREFIX_PATH=/home/hb/hb_ws/install/ydlidar_ros2_driver:/opt/ros/humble:/home/hb/hb_ws/install/teleop_twist_joy:/home/hb/hb_ws/install/micro_ros_setup /usr/bin/cmake --build /home/hb/hb_ws/build/micro_ros_setup -- -j4 -l4
[0.402s] Invoked command in '/home/hb/hb_ws/build/micro_ros_setup' returned '0': CMAKE_PREFIX_PATH=/home/hb/hb_ws/install/ydlidar_ros2_driver:/opt/ros/humble:/home/hb/hb_ws/install/teleop_twist_joy:/home/hb/hb_ws/install/micro_ros_setup /usr/bin/cmake --build /home/hb/hb_ws/build/micro_ros_setup -- -j4 -l4
[0.699s] Invoking command in '/home/hb/hb_ws/build/micro_ros_setup': CMAKE_PREFIX_PATH=/home/hb/hb_ws/install/ydlidar_ros2_driver:/opt/ros/humble:/home/hb/hb_ws/install/teleop_twist_joy:/home/hb/hb_ws/install/micro_ros_setup /usr/bin/cmake --install /home/hb/hb_ws/build/micro_ros_setup
[0.740s] -- Install configuration: ""
[0.742s] -- Up-to-date: /home/hb/hb_ws/install/micro_ros_setup/share/ament_index/resource_index/package_run_dependencies/micro_ros_setup
[0.744s] -- Up-to-date: /home/hb/hb_ws/install/micro_ros_setup/share/ament_index/resource_index/parent_prefix_path/micro_ros_setup
[0.745s] -- Up-to-date: /home/hb/hb_ws/install/micro_ros_setup/share/micro_ros_setup/environment/ament_prefix_path.sh
[0.747s] -- Up-to-date: /home/hb/hb_ws/install/micro_ros_setup/share/micro_ros_setup/environment/ament_prefix_path.dsv
[0.748s] -- Up-to-date: /home/hb/hb_ws/install/micro_ros_setup/share/micro_ros_setup/environment/path.sh
[0.749s] -- Up-to-date: /home/hb/hb_ws/install/micro_ros_setup/share/micro_ros_setup/environment/path.dsv
[0.751s] -- Up-to-date: /home/hb/hb_ws/install/micro_ros_setup/share/micro_ros_setup/local_setup.bash
[0.752s] -- Up-to-date: /home/hb/hb_ws/install/micro_ros_setup/share/micro_ros_setup/local_setup.sh
[0.753s] -- Up-to-date: /home/hb/hb_ws/install/micro_ros_setup/share/micro_ros_setup/local_setup.zsh
[0.754s] -- Up-to-date: /home/hb/hb_ws/install/micro_ros_setup/share/micro_ros_setup/local_setup.dsv
[0.756s] -- Installing: /home/hb/hb_ws/install/micro_ros_setup/share/micro_ros_setup/package.dsv
[0.758s] -- Up-to-date: /home/hb/hb_ws/install/micro_ros_setup/share/ament_index/resource_index/packages/micro_ros_setup
[0.760s] -- Up-to-date: /home/hb/hb_ws/install/micro_ros_setup/share/micro_ros_setup/cmake/micro_ros_setupConfig.cmake
[0.761s] -- Up-to-date: /home/hb/hb_ws/install/micro_ros_setup/share/micro_ros_setup/cmake/micro_ros_setupConfig-version.cmake
[0.763s] -- Up-to-date: /home/hb/hb_ws/install/micro_ros_setup/share/micro_ros_setup/package.xml
[0.764s] -- Up-to-date: /home/hb/hb_ws/install/micro_ros_setup/./config
[0.765s] -- Up-to-date: /home/hb/hb_ws/install/micro_ros_setup/./config/client_uros_packages.repos
[0.766s] -- Up-to-date: /home/hb/hb_ws/install/micro_ros_setup/./config/android
[0.767s] -- Up-to-date: /home/hb/hb_ws/install/micro_ros_setup/./config/android/generic
[0.768s] -- Up-to-date: /home/hb/hb_ws/install/micro_ros_setup/./config/android/generic/client_uros_packages.repos
[0.768s] -- Up-to-date: /home/hb/hb_ws/install/micro_ros_setup/./config/android/generic/flash.sh
[0.769s] -- Up-to-date: /home/hb/hb_ws/install/micro_ros_setup/./config/android/generic/create.sh
[0.769s] -- Up-to-date: /home/hb/hb_ws/install/micro_ros_setup/./config/android/generic/client-colcon.meta
[0.770s] -- Up-to-date: /home/hb/hb_ws/install/micro_ros_setup/./config/android/generic/build.sh
[0.770s] -- Up-to-date: /home/hb/hb_ws/install/micro_ros_setup/./config/android/generic/package.xml
[0.771s] -- Up-to-date: /home/hb/hb_ws/install/micro_ros_setup/./config/android/dev_ros2_packages.txt
[0.773s] -- Up-to-date: /home/hb/hb_ws/install/micro_ros_setup/./config/android/dev_uros_packages.repos
[0.773s] -- Up-to-date: /home/hb/hb_ws/install/micro_ros_setup/./config/utils.sh
[0.774s] -- Up-to-date: /home/hb/hb_ws/install/micro_ros_setup/./config/host
[0.775s] -- Up-to-date: /home/hb/hb_ws/install/micro_ros_setup/./config/host/generic
[0.776s] -- Up-to-date: /home/hb/hb_ws/install/micro_ros_setup/./config/host/generic/client_host_packages.repos
[0.777s] -- Up-to-date: /home/hb/hb_ws/install/micro_ros_setup/./config/host/generic/flash.sh
[0.777s] -- Up-to-date: /home/hb/hb_ws/install/micro_ros_setup/./config/host/generic/client-host-colcon.meta
[0.793s] -- Up-to-date: /home/hb/hb_ws/install/micro_ros_setup/./config/host/generic/create.sh
[0.794s] -- Up-to-date: /home/hb/hb_ws/install/micro_ros_setup/./config/host/generic/build.sh
[0.796s] -- Up-to-date: /home/hb/hb_ws/install/micro_ros_setup/./config/host/generic/package.xml
[0.797s] -- Up-to-date: /home/hb/hb_ws/install/micro_ros_setup/./config/host/client_ros2_packages.txt
[0.797s] -- Up-to-date: /home/hb/hb_ws/install/micro_ros_setup/./config/host/dev_ros2_packages.txt
[0.798s] -- Up-to-date: /home/hb/hb_ws/install/micro_ros_setup/./config/host/dev_uros_packages.repos
[0.798s] -- Up-to-date: /home/hb/hb_ws/install/micro_ros_setup/./config/client_ros2_packages.txt
[0.799s] -- Up-to-date: /home/hb/hb_ws/install/micro_ros_setup/./config/mbed
[0.799s] -- Up-to-date: /home/hb/hb_ws/install/micro_ros_setup/./config/mbed/list_apps.sh
[0.799s] -- Up-to-date: /home/hb/hb_ws/install/micro_ros_setup/./config/mbed/generic
[0.800s] -- Up-to-date: /home/hb/hb_ws/install/micro_ros_setup/./config/mbed/generic/board.repos
[0.800s] -- Up-to-date: /home/hb/hb_ws/install/micro_ros_setup/./config/mbed/generic/client_uros_packages.repos
[0.801s] -- Up-to-date: /home/hb/hb_ws/install/micro_ros_setup/./config/mbed/generic/flash.sh
[0.801s] -- Up-to-date: /home/hb/hb_ws/install/micro_ros_setup/./config/mbed/generic/create.sh
[0.801s] -- Up-to-date: /home/hb/hb_ws/install/micro_ros_setup/./config/mbed/generic/supported_platforms
[0.802s] -- Up-to-date: /home/hb/hb_ws/install/micro_ros_setup/./config/mbed/generic/build.sh
[0.802s] -- Up-to-date: /home/hb/hb_ws/install/micro_ros_setup/./config/mbed/generic/package.xml
[0.803s] -- Up-to-date: /home/hb/hb_ws/install/micro_ros_setup/./config/mbed/dev_ros2_packages.txt
[0.803s] -- Up-to-date: /home/hb/hb_ws/install/micro_ros_setup/./config/mbed/dev_uros_packages.repos
[0.803s] -- Up-to-date: /home/hb/hb_ws/install/micro_ros_setup/./config/freertos
[0.804s] -- Up-to-date: /home/hb/hb_ws/install/micro_ros_setup/./config/freertos/list_apps.sh
[0.804s] -- Up-to-date: /home/hb/hb_ws/install/micro_ros_setup/./config/freertos/olimex-stm32-e407
[0.805s] -- Up-to-date: /home/hb/hb_ws/install/micro_ros_setup/./config/freertos/olimex-stm32-e407/board.repos
[0.811s] -- Up-to-date: /home/hb/hb_ws/install/micro_ros_setup/./config/freertos/olimex-stm32-e407/client_uros_packages.repos
[0.811s] -- Up-to-date: /home/hb/hb_ws/install/micro_ros_setup/./config/freertos/olimex-stm32-e407/configure.sh
[0.812s] -- Up-to-date: /home/hb/hb_ws/install/micro_ros_setup/./config/freertos/olimex-stm32-e407/flash.sh
[0.812s] -- Up-to-date: /home/hb/hb_ws/install/micro_ros_setup/./config/freertos/olimex-stm32-e407/create.sh
[0.813s] -- Up-to-date: /home/hb/hb_ws/install/micro_ros_setup/./config/freertos/olimex-stm32-e407/client-colcon.meta
[0.814s] -- Up-to-date: /home/hb/hb_ws/install/micro_ros_setup/./config/freertos/olimex-stm32-e407/build.sh
[0.815s] -- Up-to-date: /home/hb/hb_ws/install/micro_ros_setup/./config/freertos/olimex-stm32-e407/package.xml
[0.816s] -- Up-to-date: /home/hb/hb_ws/install/micro_ros_setup/./config/freertos/esp32
[0.826s] -- Up-to-date: /home/hb/hb_ws/install/micro_ros_setup/./config/freertos/esp32/board.repos
[0.827s] -- Up-to-date: /home/hb/hb_ws/install/micro_ros_setup/./config/freertos/esp32/client_uros_packages.repos
[0.827s] -- Up-to-date: /home/hb/hb_ws/install/micro_ros_setup/./config/freertos/esp32/configure.sh
[0.828s] -- Up-to-date: /home/hb/hb_ws/install/micro_ros_setup/./config/freertos/esp32/README.md
[0.828s] -- Up-to-date: /home/hb/hb_ws/install/micro_ros_setup/./config/freertos/esp32/flash.sh
[0.829s] -- Up-to-date: /home/hb/hb_ws/install/micro_ros_setup/./config/freertos/esp32/create.sh
[0.829s] -- Up-to-date: /home/hb/hb_ws/install/micro_ros_setup/./config/freertos/esp32/client-colcon.meta
[0.829s] -- Up-to-date: /home/hb/hb_ws/install/micro_ros_setup/./config/freertos/esp32/build.sh
[0.830s] -- Up-to-date: /home/hb/hb_ws/install/micro_ros_setup/./config/freertos/esp32/package.xml
[0.830s] -- Up-to-date: /home/hb/hb_ws/install/micro_ros_setup/./config/freertos/nucleo_f446ze
[0.830s] -- Up-to-date: /home/hb/hb_ws/install/micro_ros_setup/./config/freertos/nucleo_f446ze/board.repos
[0.831s] -- Up-to-date: /home/hb/hb_ws/install/micro_ros_setup/./config/freertos/nucleo_f446ze/client_uros_packages.repos
[0.831s] -- Up-to-date: /home/hb/hb_ws/install/micro_ros_setup/./config/freertos/nucleo_f446ze/configure.sh
[0.831s] -- Up-to-date: /home/hb/hb_ws/install/micro_ros_setup/./config/freertos/nucleo_f446ze/flash.sh
[0.854s] -- Up-to-date: /home/hb/hb_ws/install/micro_ros_setup/./config/freertos/nucleo_f446ze/create.sh
[0.854s] -- Up-to-date: /home/hb/hb_ws/install/micro_ros_setup/./config/freertos/nucleo_f446ze/client-colcon.meta
[0.855s] -- Up-to-date: /home/hb/hb_ws/install/micro_ros_setup/./config/freertos/nucleo_f446ze/build.sh
[0.856s] -- Up-to-date: /home/hb/hb_ws/install/micro_ros_setup/./config/freertos/nucleo_f446ze/package.xml
[0.857s] -- Up-to-date: /home/hb/hb_ws/install/micro_ros_setup/./config/freertos/crazyflie21
[0.857s] -- Up-to-date: /home/hb/hb_ws/install/micro_ros_setup/./config/freertos/crazyflie21/board.repos
[0.857s] -- Up-to-date: /home/hb/hb_ws/install/micro_ros_setup/./config/freertos/crazyflie21/client_uros_packages.repos
[0.858s] -- Up-to-date: /home/hb/hb_ws/install/micro_ros_setup/./config/freertos/crazyflie21/configure.sh
[0.858s] -- Up-to-date: /home/hb/hb_ws/install/micro_ros_setup/./config/freertos/crazyflie21/flash.sh
[0.865s] -- Up-to-date: /home/hb/hb_ws/install/micro_ros_setup/./config/freertos/crazyflie21/create.sh
[0.865s] -- Up-to-date: /home/hb/hb_ws/install/micro_ros_setup/./config/freertos/crazyflie21/client-colcon.meta
[0.865s] -- Up-to-date: /home/hb/hb_ws/install/micro_ros_setup/./config/freertos/crazyflie21/build.sh
[0.866s] -- Up-to-date: /home/hb/hb_ws/install/micro_ros_setup/./config/freertos/crazyflie21/package.xml
[0.866s] -- Up-to-date: /home/hb/hb_ws/install/micro_ros_setup/./config/freertos/nucleo_f746zg
[0.866s] -- Up-to-date: /home/hb/hb_ws/install/micro_ros_setup/./config/freertos/nucleo_f746zg/board.repos
[0.867s] -- Up-to-date: /home/hb/hb_ws/install/micro_ros_setup/./config/freertos/nucleo_f746zg/client_uros_packages.repos
[0.867s] -- Up-to-date: /home/hb/hb_ws/install/micro_ros_setup/./config/freertos/nucleo_f746zg/configure.sh
[0.868s] -- Up-to-date: /home/hb/hb_ws/install/micro_ros_setup/./config/freertos/nucleo_f746zg/flash.sh
[0.868s] -- Up-to-date: /home/hb/hb_ws/install/micro_ros_setup/./config/freertos/nucleo_f746zg/create.sh
[0.868s] -- Up-to-date: /home/hb/hb_ws/install/micro_ros_setup/./config/freertos/nucleo_f746zg/client-colcon.meta
[0.869s] -- Up-to-date: /home/hb/hb_ws/install/micro_ros_setup/./config/freertos/nucleo_f746zg/build.sh
[0.869s] -- Up-to-date: /home/hb/hb_ws/install/micro_ros_setup/./config/freertos/nucleo_f746zg/package.xml
[0.870s] -- Up-to-date: /home/hb/hb_ws/install/micro_ros_setup/./config/freertos/nucleo_f446re
[0.870s] -- Up-to-date: /home/hb/hb_ws/install/micro_ros_setup/./config/freertos/nucleo_f446re/board.repos
[0.879s] -- Up-to-date: /home/hb/hb_ws/install/micro_ros_setup/./config/freertos/nucleo_f446re/client_uros_packages.repos
[0.879s] -- Up-to-date: /home/hb/hb_ws/install/micro_ros_setup/./config/freertos/nucleo_f446re/configure.sh
[0.879s] -- Up-to-date: /home/hb/hb_ws/install/micro_ros_setup/./config/freertos/nucleo_f446re/flash.sh
[0.880s] -- Up-to-date: /home/hb/hb_ws/install/micro_ros_setup/./config/freertos/nucleo_f446re/create.sh
[0.880s] -- Up-to-date: /home/hb/hb_ws/install/micro_ros_setup/./config/freertos/nucleo_f446re/client-colcon.meta
[0.885s] -- Up-to-date: /home/hb/hb_ws/install/micro_ros_setup/./config/freertos/nucleo_f446re/build.sh
[0.885s] -- Up-to-date: /home/hb/hb_ws/install/micro_ros_setup/./config/freertos/nucleo_f446re/package.xml
[0.886s] -- Up-to-date: /home/hb/hb_ws/install/micro_ros_setup/./config/freertos/dev_ros2_packages.txt
[0.886s] -- Up-to-date: /home/hb/hb_ws/install/micro_ros_setup/./config/freertos/nucleo_f767zi
[0.907s] -- Up-to-date: /home/hb/hb_ws/install/micro_ros_setup/./config/freertos/nucleo_f767zi/board.repos
[0.908s] -- Up-to-date: /home/hb/hb_ws/install/micro_ros_setup/./config/freertos/nucleo_f767zi/client_uros_packages.repos
[0.908s] -- Up-to-date: /home/hb/hb_ws/install/micro_ros_setup/./config/freertos/nucleo_f767zi/configure.sh
[0.909s] -- Up-to-date: /home/hb/hb_ws/install/micro_ros_setup/./config/freertos/nucleo_f767zi/flash.sh
[0.909s] -- Up-to-date: /home/hb/hb_ws/install/micro_ros_setup/./config/freertos/nucleo_f767zi/create.sh
[0.909s] -- Up-to-date: /home/hb/hb_ws/install/micro_ros_setup/./config/freertos/nucleo_f767zi/client-colcon.meta
[0.909s] -- Up-to-date: /home/hb/hb_ws/install/micro_ros_setup/./config/freertos/nucleo_f767zi/build.sh
[0.910s] -- Up-to-date: /home/hb/hb_ws/install/micro_ros_setup/./config/freertos/nucleo_f767zi/package.xml
[0.910s] -- Up-to-date: /home/hb/hb_ws/install/micro_ros_setup/./config/freertos/dev_uros_packages.repos
[0.911s] -- Up-to-date: /home/hb/hb_ws/install/micro_ros_setup/./config/raspbian
[0.911s] -- Up-to-date: /home/hb/hb_ws/install/micro_ros_setup/./config/raspbian/generic
[0.911s] -- Up-to-date: /home/hb/hb_ws/install/micro_ros_setup/./config/raspbian/generic/client_uros_packages.repos
[0.912s] -- Up-to-date: /home/hb/hb_ws/install/micro_ros_setup/./config/raspbian/generic/configure.sh
[0.912s] -- Up-to-date: /home/hb/hb_ws/install/micro_ros_setup/./config/raspbian/generic/flash.sh
[0.912s] -- Up-to-date: /home/hb/hb_ws/install/micro_ros_setup/./config/raspbian/generic/create.sh
[0.913s] -- Up-to-date: /home/hb/hb_ws/install/micro_ros_setup/./config/raspbian/generic/client-colcon.meta
[0.913s] -- Up-to-date: /home/hb/hb_ws/install/micro_ros_setup/./config/raspbian/generic/supported_platforms
[0.913s] -- Up-to-date: /home/hb/hb_ws/install/micro_ros_setup/./config/raspbian/generic/build.sh
[0.914s] -- Up-to-date: /home/hb/hb_ws/install/micro_ros_setup/./config/raspbian/dev_ros2_packages.txt
[0.914s] -- Up-to-date: /home/hb/hb_ws/install/micro_ros_setup/./config/raspbian/dev_uros_packages.repos
[0.914s] -- Up-to-date: /home/hb/hb_ws/install/micro_ros_setup/./config/generate_lib
[0.915s] -- Up-to-date: /home/hb/hb_ws/install/micro_ros_setup/./config/generate_lib/generic
[0.915s] -- Up-to-date: /home/hb/hb_ws/install/micro_ros_setup/./config/generate_lib/generic/client_uros_packages.repos
[0.915s] -- Up-to-date: /home/hb/hb_ws/install/micro_ros_setup/./config/generate_lib/generic/demo_toolchain.cmake
[0.915s] -- Up-to-date: /home/hb/hb_ws/install/micro_ros_setup/./config/generate_lib/generic/flash.sh
[0.916s] -- Up-to-date: /home/hb/hb_ws/install/micro_ros_setup/./config/generate_lib/generic/create.sh
[0.916s] -- Up-to-date: /home/hb/hb_ws/install/micro_ros_setup/./config/generate_lib/generic/client-colcon.meta
[0.916s] -- Up-to-date: /home/hb/hb_ws/install/micro_ros_setup/./config/generate_lib/generic/build.sh
[0.917s] -- Up-to-date: /home/hb/hb_ws/install/micro_ros_setup/./config/generate_lib/generic/package.xml
[0.917s] -- Up-to-date: /home/hb/hb_ws/install/micro_ros_setup/./config/generate_lib/dev_ros2_packages.txt
[0.919s] -- Up-to-date: /home/hb/hb_ws/install/micro_ros_setup/./config/generate_lib/dev_uros_packages.repos
[0.920s] -- Up-to-date: /home/hb/hb_ws/install/micro_ros_setup/./config/renesas_ra
[0.920s] -- Up-to-date: /home/hb/hb_ws/install/micro_ros_setup/./config/renesas_ra/list_apps.sh
[0.920s] -- Up-to-date: /home/hb/hb_ws/install/micro_ros_setup/./config/renesas_ra/ra6m5
[0.920s] -- Up-to-date: /home/hb/hb_ws/install/micro_ros_setup/./config/renesas_ra/ra6m5/board.repos
[0.921s] -- Up-to-date: /home/hb/hb_ws/install/micro_ros_setup/./config/renesas_ra/ra6m5/client_uros_packages.repos
[0.921s] -- Up-to-date: /home/hb/hb_ws/install/micro_ros_setup/./config/renesas_ra/ra6m5/configure.sh
[0.921s] -- Up-to-date: /home/hb/hb_ws/install/micro_ros_setup/./config/renesas_ra/ra6m5/flash.sh
[0.922s] -- Up-to-date: /home/hb/hb_ws/install/micro_ros_setup/./config/renesas_ra/ra6m5/create.sh
[0.922s] -- Up-to-date: /home/hb/hb_ws/install/micro_ros_setup/./config/renesas_ra/ra6m5/client-colcon.meta
[0.922s] -- Up-to-date: /home/hb/hb_ws/install/micro_ros_setup/./config/renesas_ra/ra6m5/build.sh
[0.923s] -- Up-to-date: /home/hb/hb_ws/install/micro_ros_setup/./config/renesas_ra/dev_ros2_packages.txt
[0.923s] -- Up-to-date: /home/hb/hb_ws/install/micro_ros_setup/./config/renesas_ra/dev_uros_packages.repos
[0.923s] -- Up-to-date: /home/hb/hb_ws/install/micro_ros_setup/./config/agent_ros2_packages.txt
[0.924s] -- Up-to-date: /home/hb/hb_ws/install/micro_ros_setup/./config/zephyr
[0.924s] -- Up-to-date: /home/hb/hb_ws/install/micro_ros_setup/./config/zephyr/list_apps.sh
[0.924s] -- Up-to-date: /home/hb/hb_ws/install/micro_ros_setup/./config/zephyr/generic
[0.924s] -- Up-to-date: /home/hb/hb_ws/install/micro_ros_setup/./config/zephyr/generic/board.repos
[0.925s] -- Up-to-date: /home/hb/hb_ws/install/micro_ros_setup/./config/zephyr/generic/client_uros_packages.repos
[0.925s] -- Up-to-date: /home/hb/hb_ws/install/micro_ros_setup/./config/zephyr/generic/configure.sh
[0.925s] -- Up-to-date: /home/hb/hb_ws/install/micro_ros_setup/./config/zephyr/generic/flash.sh
[0.925s] -- Up-to-date: /home/hb/hb_ws/install/micro_ros_setup/./config/zephyr/generic/create.sh
[0.926s] -- Up-to-date: /home/hb/hb_ws/install/micro_ros_setup/./config/zephyr/generic/client-colcon.meta
[0.926s] -- Up-to-date: /home/hb/hb_ws/install/micro_ros_setup/./config/zephyr/generic/supported_platforms
[0.935s] -- Up-to-date: /home/hb/hb_ws/install/micro_ros_setup/./config/zephyr/generic/build.sh
[0.936s] -- Up-to-date: /home/hb/hb_ws/install/micro_ros_setup/./config/zephyr/generic/package.xml
[0.936s] -- Up-to-date: /home/hb/hb_ws/install/micro_ros_setup/./config/zephyr/dev_ros2_packages.txt
[0.971s] -- Up-to-date: /home/hb/hb_ws/install/micro_ros_setup/./config/zephyr/dev_uros_packages.repos
[0.972s] -- Up-to-date: /home/hb/hb_ws/install/micro_ros_setup/./config/agent_uros_packages.repos
[0.972s] -- Up-to-date: /home/hb/hb_ws/install/micro_ros_setup/lib/micro_ros_setup/create_ws.sh
[0.973s] -- Up-to-date: /home/hb/hb_ws/install/micro_ros_setup/lib/micro_ros_setup/create_agent_ws.sh
[0.973s] -- Up-to-date: /home/hb/hb_ws/install/micro_ros_setup/lib/micro_ros_setup/create_firmware_ws.sh
[0.974s] -- Up-to-date: /home/hb/hb_ws/install/micro_ros_setup/lib/micro_ros_setup/configure_firmware.sh
[0.974s] -- Up-to-date: /home/hb/hb_ws/install/micro_ros_setup/lib/micro_ros_setup/flash_firmware.sh
[0.975s] -- Up-to-date: /home/hb/hb_ws/install/micro_ros_setup/lib/micro_ros_setup/build_firmware.sh
[0.975s] -- Up-to-date: /home/hb/hb_ws/install/micro_ros_setup/lib/micro_ros_setup/build_agent.sh
[0.975s] -- Up-to-date: /home/hb/hb_ws/install/micro_ros_setup/lib/micro_ros_setup/yaml_filter.py
[0.976s] -- Up-to-date: /home/hb/hb_ws/install/micro_ros_setup/lib/micro_ros_setup/clean_env.sh
[0.976s] -- Up-to-date: /home/hb/hb_ws/install/micro_ros_setup/lib/micro_ros_setup/component
[0.977s] Invoked command in '/home/hb/hb_ws/build/micro_ros_setup' returned '0': CMAKE_PREFIX_PATH=/home/hb/hb_ws/install/ydlidar_ros2_driver:/opt/ros/humble:/home/hb/hb_ws/install/teleop_twist_joy:/home/hb/hb_ws/install/micro_ros_setup /usr/bin/cmake --install /home/hb/hb_ws/build/micro_ros_setup
