[0.207s] Invoking command in '/home/hb/hb_ws/build/apriltag_ros': CMAKE_PREFIX_PATH=/home/hb/hb_ws/install/ydlidar_ros2_driver:/home/hb/hb_ws/install/usb_cam:/home/hb/hb_ws/install/serial_communication:/opt/ros/humble:/home/hb/hb_ws/install/teleop_twist_joy:/home/hb/hb_ws/install/micro_ros_setup:/home/hb/hb_ws/install/micro_ros_agent:/home/hb/hb_ws/install/micro_ros_msgs:/home/hb/hb_ws/install/apriltag_ros /usr/bin/cmake --build /home/hb/hb_ws/build/apriltag_ros -- -j4 -l4
[2.323s] [ 16%] Built target tags
[2.324s] [ 50%] Built target apriltag_node
[2.324s] [ 66%] Built target pose_estimation
[2.332s] [100%] Built target AprilTagNode
[2.336s] Invoked command in '/home/hb/hb_ws/build/apriltag_ros' returned '0': CMAKE_PREFIX_PATH=/home/hb/hb_ws/install/ydlidar_ros2_driver:/home/hb/hb_ws/install/usb_cam:/home/hb/hb_ws/install/serial_communication:/opt/ros/humble:/home/hb/hb_ws/install/teleop_twist_joy:/home/hb/hb_ws/install/micro_ros_setup:/home/hb/hb_ws/install/micro_ros_agent:/home/hb/hb_ws/install/micro_ros_msgs:/home/hb/hb_ws/install/apriltag_ros /usr/bin/cmake --build /home/hb/hb_ws/build/apriltag_ros -- -j4 -l4
[3.012s] Invoking command in '/home/hb/hb_ws/build/apriltag_ros': CMAKE_PREFIX_PATH=/home/hb/hb_ws/install/ydlidar_ros2_driver:/home/hb/hb_ws/install/usb_cam:/home/hb/hb_ws/install/serial_communication:/opt/ros/humble:/home/hb/hb_ws/install/teleop_twist_joy:/home/hb/hb_ws/install/micro_ros_setup:/home/hb/hb_ws/install/micro_ros_agent:/home/hb/hb_ws/install/micro_ros_msgs:/home/hb/hb_ws/install/apriltag_ros /usr/bin/cmake --install /home/hb/hb_ws/build/apriltag_ros
[3.112s] -- Install configuration: ""
[3.125s] -- Up-to-date: /home/hb/hb_ws/install/apriltag_ros/lib/apriltag_ros/apriltag_node
[3.138s] -- Up-to-date: /home/hb/hb_ws/install/apriltag_ros/share/apriltag_ros/environment/library_path.sh
[3.143s] -- Up-to-date: /home/hb/hb_ws/install/apriltag_ros/share/apriltag_ros/environment/library_path.dsv
[3.148s] -- Up-to-date: /home/hb/hb_ws/install/apriltag_ros/lib/libAprilTagNode.so
[3.151s] -- Up-to-date: /home/hb/hb_ws/install/apriltag_ros/share/apriltag_ros/cfg
[3.155s] -- Installing: /home/hb/hb_ws/install/apriltag_ros/share/apriltag_ros/cfg/tags_36h11.yaml
[3.160s] -- Up-to-date: /home/hb/hb_ws/install/apriltag_ros/share/apriltag_ros/launch
[3.179s] -- Up-to-date: /home/hb/hb_ws/install/apriltag_ros/share/apriltag_ros/launch/v4l2_36h11.launch.yml
[3.195s] -- Up-to-date: /home/hb/hb_ws/install/apriltag_ros/share/ament_index/resource_index/package_run_dependencies/apriltag_ros
[3.198s] -- Up-to-date: /home/hb/hb_ws/install/apriltag_ros/share/ament_index/resource_index/parent_prefix_path/apriltag_ros
[3.204s] -- Up-to-date: /home/hb/hb_ws/install/apriltag_ros/share/apriltag_ros/environment/ament_prefix_path.sh
[3.211s] -- Up-to-date: /home/hb/hb_ws/install/apriltag_ros/share/apriltag_ros/environment/ament_prefix_path.dsv
[3.224s] -- Up-to-date: /home/hb/hb_ws/install/apriltag_ros/share/apriltag_ros/environment/path.sh
[3.229s] -- Up-to-date: /home/hb/hb_ws/install/apriltag_ros/share/apriltag_ros/environment/path.dsv
[3.232s] -- Up-to-date: /home/hb/hb_ws/install/apriltag_ros/share/apriltag_ros/local_setup.bash
[3.237s] -- Up-to-date: /home/hb/hb_ws/install/apriltag_ros/share/apriltag_ros/local_setup.sh
[3.242s] -- Up-to-date: /home/hb/hb_ws/install/apriltag_ros/share/apriltag_ros/local_setup.zsh
[3.264s] -- Up-to-date: /home/hb/hb_ws/install/apriltag_ros/share/apriltag_ros/local_setup.dsv
[3.268s] -- Installing: /home/hb/hb_ws/install/apriltag_ros/share/apriltag_ros/package.dsv
[3.276s] -- Up-to-date: /home/hb/hb_ws/install/apriltag_ros/share/ament_index/resource_index/packages/apriltag_ros
[3.329s] -- Up-to-date: /home/hb/hb_ws/install/apriltag_ros/share/ament_index/resource_index/rclcpp_components/apriltag_ros
[3.331s] -- Up-to-date: /home/hb/hb_ws/install/apriltag_ros/share/apriltag_ros/cmake/apriltag_rosConfig.cmake
[3.332s] -- Up-to-date: /home/hb/hb_ws/install/apriltag_ros/share/apriltag_ros/cmake/apriltag_rosConfig-version.cmake
[3.332s] -- Up-to-date: /home/hb/hb_ws/install/apriltag_ros/share/apriltag_ros/package.xml
[3.334s] Invoked command in '/home/hb/hb_ws/build/apriltag_ros' returned '0': CMAKE_PREFIX_PATH=/home/hb/hb_ws/install/ydlidar_ros2_driver:/home/hb/hb_ws/install/usb_cam:/home/hb/hb_ws/install/serial_communication:/opt/ros/humble:/home/hb/hb_ws/install/teleop_twist_joy:/home/hb/hb_ws/install/micro_ros_setup:/home/hb/hb_ws/install/micro_ros_agent:/home/hb/hb_ws/install/micro_ros_msgs:/home/hb/hb_ws/install/apriltag_ros /usr/bin/cmake --install /home/hb/hb_ws/build/apriltag_ros
