[1.434s] Invoking command in '/home/hb/hb_ws/build/ydlidar_ros2_driver': CMAKE_PREFIX_PATH=/home/hb/hb_ws/install/ydlidar_ros2_driver:/home/hb/hb_ws/install/serial_communication:/opt/ros/humble:/home/hb/hb_ws/install/teleop_twist_joy:/home/hb/hb_ws/install/micro_ros_setup:/home/hb/hb_ws/install/micro_ros_agent:/home/hb/hb_ws/install/micro_ros_msgs /usr/bin/cmake --build /home/hb/hb_ws/build/ydlidar_ros2_driver -- -j4 -l4
[1.794s] [ 50%] Built target ydlidar_ros2_driver_client
[1.801s] [100%] Built target ydlidar_ros2_driver_node
[1.860s] Invoked command in '/home/hb/hb_ws/build/ydlidar_ros2_driver' returned '0': CMAKE_PREFIX_PATH=/home/hb/hb_ws/install/ydlidar_ros2_driver:/home/hb/hb_ws/install/serial_communication:/opt/ros/humble:/home/hb/hb_ws/install/teleop_twist_joy:/home/hb/hb_ws/install/micro_ros_setup:/home/hb/hb_ws/install/micro_ros_agent:/home/hb/hb_ws/install/micro_ros_msgs /usr/bin/cmake --build /home/hb/hb_ws/build/ydlidar_ros2_driver -- -j4 -l4
[2.120s] Invoking command in '/home/hb/hb_ws/build/ydlidar_ros2_driver': CMAKE_PREFIX_PATH=/home/hb/hb_ws/install/ydlidar_ros2_driver:/home/hb/hb_ws/install/serial_communication:/opt/ros/humble:/home/hb/hb_ws/install/teleop_twist_joy:/home/hb/hb_ws/install/micro_ros_setup:/home/hb/hb_ws/install/micro_ros_agent:/home/hb/hb_ws/install/micro_ros_msgs /usr/bin/cmake --install /home/hb/hb_ws/build/ydlidar_ros2_driver
[2.181s] -- Install configuration: ""
[2.193s] -- Up-to-date: /home/hb/hb_ws/install/ydlidar_ros2_driver/lib/ydlidar_ros2_driver/ydlidar_ros2_driver_node
[2.193s] -- Up-to-date: /home/hb/hb_ws/install/ydlidar_ros2_driver/lib/ydlidar_ros2_driver/ydlidar_ros2_driver_client
[2.194s] -- Up-to-date: /home/hb/hb_ws/install/ydlidar_ros2_driver/share/ydlidar_ros2_driver/launch
[2.194s] -- Up-to-date: /home/hb/hb_ws/install/ydlidar_ros2_driver/share/ydlidar_ros2_driver/launch/ydlidar_launch.py
[2.195s] -- Up-to-date: /home/hb/hb_ws/install/ydlidar_ros2_driver/share/ydlidar_ros2_driver/launch/ydlidar_launch_view.py
[2.195s] -- Up-to-date: /home/hb/hb_ws/install/ydlidar_ros2_driver/share/ydlidar_ros2_driver/launch/ydlidar_cartographer.launch.py
[2.196s] -- Up-to-date: /home/hb/hb_ws/install/ydlidar_ros2_driver/share/ydlidar_ros2_driver/launch/ydlidar.py
[2.197s] -- Up-to-date: /home/hb/hb_ws/install/ydlidar_ros2_driver/share/ydlidar_ros2_driver/params
[2.197s] -- Up-to-date: /home/hb/hb_ws/install/ydlidar_ros2_driver/share/ydlidar_ros2_driver/params/X4.yaml
[2.198s] -- Up-to-date: /home/hb/hb_ws/install/ydlidar_ros2_driver/share/ydlidar_ros2_driver/params/TEA.yaml
[2.198s] -- Up-to-date: /home/hb/hb_ws/install/ydlidar_ros2_driver/share/ydlidar_ros2_driver/params/GS2.yaml
[2.199s] -- Up-to-date: /home/hb/hb_ws/install/ydlidar_ros2_driver/share/ydlidar_ros2_driver/params/ydlidar.yaml
[2.200s] -- Up-to-date: /home/hb/hb_ws/install/ydlidar_ros2_driver/share/ydlidar_ros2_driver/params/G6.yaml
[2.201s] -- Up-to-date: /home/hb/hb_ws/install/ydlidar_ros2_driver/share/ydlidar_ros2_driver/params/X4-Pro.yaml
[2.204s] -- Up-to-date: /home/hb/hb_ws/install/ydlidar_ros2_driver/share/ydlidar_ros2_driver/params/G1.yaml
[2.204s] -- Up-to-date: /home/hb/hb_ws/install/ydlidar_ros2_driver/share/ydlidar_ros2_driver/params/TG.yaml
[2.205s] -- Up-to-date: /home/hb/hb_ws/install/ydlidar_ros2_driver/share/ydlidar_ros2_driver/params/G2.yaml
[2.206s] -- Up-to-date: /home/hb/hb_ws/install/ydlidar_ros2_driver/share/ydlidar_ros2_driver/params/TminiPro.yaml
[2.207s] -- Up-to-date: /home/hb/hb_ws/install/ydlidar_ros2_driver/share/ydlidar_ros2_driver/params/X2.yaml
[2.208s] -- Up-to-date: /home/hb/hb_ws/install/ydlidar_ros2_driver/share/ydlidar_ros2_driver/startup
[2.217s] -- Up-to-date: /home/hb/hb_ws/install/ydlidar_ros2_driver/share/ydlidar_ros2_driver/startup/initenv.sh
[2.218s] -- Up-to-date: /home/hb/hb_ws/install/ydlidar_ros2_driver/share/ydlidar_ros2_driver/config
[2.219s] -- Up-to-date: /home/hb/hb_ws/install/ydlidar_ros2_driver/share/ydlidar_ros2_driver/config/ydlidar.rviz
[2.220s] -- Up-to-date: /home/hb/hb_ws/install/ydlidar_ros2_driver/share/ydlidar_ros2_driver/config/ydlidar_cartographer.lua
[2.221s] -- Up-to-date: /home/hb/hb_ws/install/ydlidar_ros2_driver/share/ament_index/resource_index/package_run_dependencies/ydlidar_ros2_driver
[2.222s] -- Up-to-date: /home/hb/hb_ws/install/ydlidar_ros2_driver/share/ament_index/resource_index/parent_prefix_path/ydlidar_ros2_driver
[2.223s] -- Up-to-date: /home/hb/hb_ws/install/ydlidar_ros2_driver/share/ydlidar_ros2_driver/environment/ament_prefix_path.sh
[2.225s] -- Up-to-date: /home/hb/hb_ws/install/ydlidar_ros2_driver/share/ydlidar_ros2_driver/environment/ament_prefix_path.dsv
[2.227s] -- Up-to-date: /home/hb/hb_ws/install/ydlidar_ros2_driver/share/ydlidar_ros2_driver/environment/path.sh
[2.227s] -- Up-to-date: /home/hb/hb_ws/install/ydlidar_ros2_driver/share/ydlidar_ros2_driver/environment/path.dsv
[2.228s] -- Up-to-date: /home/hb/hb_ws/install/ydlidar_ros2_driver/share/ydlidar_ros2_driver/local_setup.bash
[2.229s] -- Up-to-date: /home/hb/hb_ws/install/ydlidar_ros2_driver/share/ydlidar_ros2_driver/local_setup.sh
[2.230s] -- Up-to-date: /home/hb/hb_ws/install/ydlidar_ros2_driver/share/ydlidar_ros2_driver/local_setup.zsh
[2.232s] -- Up-to-date: /home/hb/hb_ws/install/ydlidar_ros2_driver/share/ydlidar_ros2_driver/local_setup.dsv
[2.234s] -- Installing: /home/hb/hb_ws/install/ydlidar_ros2_driver/share/ydlidar_ros2_driver/package.dsv
[2.235s] -- Up-to-date: /home/hb/hb_ws/install/ydlidar_ros2_driver/share/ament_index/resource_index/packages/ydlidar_ros2_driver
[2.236s] -- Up-to-date: /home/hb/hb_ws/install/ydlidar_ros2_driver/share/ydlidar_ros2_driver/cmake/ydlidar_ros2_driverConfig.cmake
[2.237s] -- Up-to-date: /home/hb/hb_ws/install/ydlidar_ros2_driver/share/ydlidar_ros2_driver/cmake/ydlidar_ros2_driverConfig-version.cmake
[2.238s] -- Up-to-date: /home/hb/hb_ws/install/ydlidar_ros2_driver/share/ydlidar_ros2_driver/package.xml
[2.239s] Invoked command in '/home/hb/hb_ws/build/ydlidar_ros2_driver' returned '0': CMAKE_PREFIX_PATH=/home/hb/hb_ws/install/ydlidar_ros2_driver:/home/hb/hb_ws/install/serial_communication:/opt/ros/humble:/home/hb/hb_ws/install/teleop_twist_joy:/home/hb/hb_ws/install/micro_ros_setup:/home/hb/hb_ws/install/micro_ros_agent:/home/hb/hb_ws/install/micro_ros_msgs /usr/bin/cmake --install /home/hb/hb_ws/build/ydlidar_ros2_driver
