[0.088s] Invoking command in '/home/hb/hb_ws/build/ydlidar_ros2_driver': CMAKE_PREFIX_PATH=${CMAKE_PREFIX_PATH}:/opt/ros/humble /usr/bin/cmake --build /home/hb/hb_ws/build/ydlidar_ros2_driver -- -j4 -l4
[0.690s] [ 50%] Built target ydlidar_ros2_driver_client
[0.692s] [100%] Built target ydlidar_ros2_driver_node
[0.734s] Invoked command in '/home/hb/hb_ws/build/ydlidar_ros2_driver' returned '0': CMAKE_PREFIX_PATH=${CMAKE_PREFIX_PATH}:/opt/ros/humble /usr/bin/cmake --build /home/hb/hb_ws/build/ydlidar_ros2_driver -- -j4 -l4
[0.942s] Invoking command in '/home/hb/hb_ws/build/ydlidar_ros2_driver': CMAKE_PREFIX_PATH=${CMAKE_PREFIX_PATH}:/opt/ros/humble /usr/bin/cmake --install /home/hb/hb_ws/build/ydlidar_ros2_driver
[0.978s] -- Install configuration: ""
[0.996s] -- Up-to-date: /home/hb/hb_ws/install/ydlidar_ros2_driver/lib/ydlidar_ros2_driver/ydlidar_ros2_driver_node
[1.008s] -- Up-to-date: /home/hb/hb_ws/install/ydlidar_ros2_driver/lib/ydlidar_ros2_driver/ydlidar_ros2_driver_client
[1.011s] -- Up-to-date: /home/hb/hb_ws/install/ydlidar_ros2_driver/share/ydlidar_ros2_driver/launch
[1.019s] -- Up-to-date: /home/hb/hb_ws/install/ydlidar_ros2_driver/share/ydlidar_ros2_driver/launch/ydlidar_launch.py
[1.020s] -- Up-to-date: /home/hb/hb_ws/install/ydlidar_ros2_driver/share/ydlidar_ros2_driver/launch/ydlidar_launch_view.py
[1.020s] -- Up-to-date: /home/hb/hb_ws/install/ydlidar_ros2_driver/share/ydlidar_ros2_driver/launch/ydlidar_cartographer.launch.py
[1.021s] -- Up-to-date: /home/hb/hb_ws/install/ydlidar_ros2_driver/share/ydlidar_ros2_driver/launch/ydlidar.py
[1.021s] -- Up-to-date: /home/hb/hb_ws/install/ydlidar_ros2_driver/share/ydlidar_ros2_driver/params
[1.024s] -- Up-to-date: /home/hb/hb_ws/install/ydlidar_ros2_driver/share/ydlidar_ros2_driver/params/X4.yaml
[1.025s] -- Up-to-date: /home/hb/hb_ws/install/ydlidar_ros2_driver/share/ydlidar_ros2_driver/params/TEA.yaml
[1.025s] -- Up-to-date: /home/hb/hb_ws/install/ydlidar_ros2_driver/share/ydlidar_ros2_driver/params/GS2.yaml
[1.026s] -- Up-to-date: /home/hb/hb_ws/install/ydlidar_ros2_driver/share/ydlidar_ros2_driver/params/ydlidar.yaml
[1.027s] -- Up-to-date: /home/hb/hb_ws/install/ydlidar_ros2_driver/share/ydlidar_ros2_driver/params/G6.yaml
[1.028s] -- Up-to-date: /home/hb/hb_ws/install/ydlidar_ros2_driver/share/ydlidar_ros2_driver/params/X4-Pro.yaml
[1.028s] -- Up-to-date: /home/hb/hb_ws/install/ydlidar_ros2_driver/share/ydlidar_ros2_driver/params/G1.yaml
[1.028s] -- Up-to-date: /home/hb/hb_ws/install/ydlidar_ros2_driver/share/ydlidar_ros2_driver/params/TG.yaml
[1.029s] -- Up-to-date: /home/hb/hb_ws/install/ydlidar_ros2_driver/share/ydlidar_ros2_driver/params/G2.yaml
[1.029s] -- Up-to-date: /home/hb/hb_ws/install/ydlidar_ros2_driver/share/ydlidar_ros2_driver/params/TminiPro.yaml
[1.029s] -- Up-to-date: /home/hb/hb_ws/install/ydlidar_ros2_driver/share/ydlidar_ros2_driver/params/X2.yaml
[1.030s] -- Up-to-date: /home/hb/hb_ws/install/ydlidar_ros2_driver/share/ydlidar_ros2_driver/startup
[1.031s] -- Up-to-date: /home/hb/hb_ws/install/ydlidar_ros2_driver/share/ydlidar_ros2_driver/startup/initenv.sh
[1.032s] -- Up-to-date: /home/hb/hb_ws/install/ydlidar_ros2_driver/share/ydlidar_ros2_driver/config
[1.039s] -- Up-to-date: /home/hb/hb_ws/install/ydlidar_ros2_driver/share/ydlidar_ros2_driver/config/ydlidar.rviz
[1.039s] -- Up-to-date: /home/hb/hb_ws/install/ydlidar_ros2_driver/share/ydlidar_ros2_driver/config/ydlidar_cartographer.lua
[1.040s] -- Up-to-date: /home/hb/hb_ws/install/ydlidar_ros2_driver/share/ament_index/resource_index/package_run_dependencies/ydlidar_ros2_driver
[1.042s] -- Up-to-date: /home/hb/hb_ws/install/ydlidar_ros2_driver/share/ament_index/resource_index/parent_prefix_path/ydlidar_ros2_driver
[1.043s] -- Up-to-date: /home/hb/hb_ws/install/ydlidar_ros2_driver/share/ydlidar_ros2_driver/environment/ament_prefix_path.sh
[1.044s] -- Up-to-date: /home/hb/hb_ws/install/ydlidar_ros2_driver/share/ydlidar_ros2_driver/environment/ament_prefix_path.dsv
[1.045s] -- Up-to-date: /home/hb/hb_ws/install/ydlidar_ros2_driver/share/ydlidar_ros2_driver/environment/path.sh
[1.046s] -- Up-to-date: /home/hb/hb_ws/install/ydlidar_ros2_driver/share/ydlidar_ros2_driver/environment/path.dsv
[1.047s] -- Up-to-date: /home/hb/hb_ws/install/ydlidar_ros2_driver/share/ydlidar_ros2_driver/local_setup.bash
[1.047s] -- Up-to-date: /home/hb/hb_ws/install/ydlidar_ros2_driver/share/ydlidar_ros2_driver/local_setup.sh
[1.049s] -- Up-to-date: /home/hb/hb_ws/install/ydlidar_ros2_driver/share/ydlidar_ros2_driver/local_setup.zsh
[1.050s] -- Up-to-date: /home/hb/hb_ws/install/ydlidar_ros2_driver/share/ydlidar_ros2_driver/local_setup.dsv
[1.051s] -- Installing: /home/hb/hb_ws/install/ydlidar_ros2_driver/share/ydlidar_ros2_driver/package.dsv
[1.054s] -- Up-to-date: /home/hb/hb_ws/install/ydlidar_ros2_driver/share/ament_index/resource_index/packages/ydlidar_ros2_driver
[1.055s] -- Up-to-date: /home/hb/hb_ws/install/ydlidar_ros2_driver/share/ydlidar_ros2_driver/cmake/ydlidar_ros2_driverConfig.cmake
[1.056s] -- Up-to-date: /home/hb/hb_ws/install/ydlidar_ros2_driver/share/ydlidar_ros2_driver/cmake/ydlidar_ros2_driverConfig-version.cmake
[1.056s] -- Up-to-date: /home/hb/hb_ws/install/ydlidar_ros2_driver/share/ydlidar_ros2_driver/package.xml
[1.064s] Invoked command in '/home/hb/hb_ws/build/ydlidar_ros2_driver' returned '0': CMAKE_PREFIX_PATH=${CMAKE_PREFIX_PATH}:/opt/ros/humble /usr/bin/cmake --install /home/hb/hb_ws/build/ydlidar_ros2_driver
