[0.208s] Invoking command in '/home/hb/hb_ws/build/ydlidar_ros2_driver': CMAKE_PREFIX_PATH=/home/hb/hb_ws/install/ydlidar_ros2_driver:/home/hb/hb_ws/install/usb_cam:/home/hb/hb_ws/install/serial_communication:/opt/ros/humble:/home/hb/hb_ws/install/teleop_twist_joy:/home/hb/hb_ws/install/micro_ros_setup:/home/hb/hb_ws/install/micro_ros_agent:/home/hb/hb_ws/install/micro_ros_msgs:/home/hb/hb_ws/install/apriltag_ros /usr/bin/cmake --build /home/hb/hb_ws/build/ydlidar_ros2_driver -- -j4 -l4
[0.592s] [ 50%] Built target ydlidar_ros2_driver_node
[0.619s] [100%] Built target ydlidar_ros2_driver_client
[0.693s] Invoked command in '/home/hb/hb_ws/build/ydlidar_ros2_driver' returned '0': CMAKE_PREFIX_PATH=/home/hb/hb_ws/install/ydlidar_ros2_driver:/home/hb/hb_ws/install/usb_cam:/home/hb/hb_ws/install/serial_communication:/opt/ros/humble:/home/hb/hb_ws/install/teleop_twist_joy:/home/hb/hb_ws/install/micro_ros_setup:/home/hb/hb_ws/install/micro_ros_agent:/home/hb/hb_ws/install/micro_ros_msgs:/home/hb/hb_ws/install/apriltag_ros /usr/bin/cmake --build /home/hb/hb_ws/build/ydlidar_ros2_driver -- -j4 -l4
[0.906s] Invoking command in '/home/hb/hb_ws/build/ydlidar_ros2_driver': CMAKE_PREFIX_PATH=/home/hb/hb_ws/install/ydlidar_ros2_driver:/home/hb/hb_ws/install/usb_cam:/home/hb/hb_ws/install/serial_communication:/opt/ros/humble:/home/hb/hb_ws/install/teleop_twist_joy:/home/hb/hb_ws/install/micro_ros_setup:/home/hb/hb_ws/install/micro_ros_agent:/home/hb/hb_ws/install/micro_ros_msgs:/home/hb/hb_ws/install/apriltag_ros /usr/bin/cmake --install /home/hb/hb_ws/build/ydlidar_ros2_driver
[0.966s] -- Install configuration: ""
[0.968s] -- Up-to-date: /home/hb/hb_ws/install/ydlidar_ros2_driver/lib/ydlidar_ros2_driver/ydlidar_ros2_driver_node
[0.969s] -- Up-to-date: /home/hb/hb_ws/install/ydlidar_ros2_driver/lib/ydlidar_ros2_driver/ydlidar_ros2_driver_client
[0.969s] -- Up-to-date: /home/hb/hb_ws/install/ydlidar_ros2_driver/share/ydlidar_ros2_driver/launch
[0.970s] -- Up-to-date: /home/hb/hb_ws/install/ydlidar_ros2_driver/share/ydlidar_ros2_driver/launch/ydlidar_launch.py
[0.970s] -- Up-to-date: /home/hb/hb_ws/install/ydlidar_ros2_driver/share/ydlidar_ros2_driver/launch/ydlidar_launch_view.py
[0.971s] -- Up-to-date: /home/hb/hb_ws/install/ydlidar_ros2_driver/share/ydlidar_ros2_driver/launch/ydlidar_cartographer.launch.py
[0.972s] -- Up-to-date: /home/hb/hb_ws/install/ydlidar_ros2_driver/share/ydlidar_ros2_driver/launch/ydlidar.py
[0.972s] -- Up-to-date: /home/hb/hb_ws/install/ydlidar_ros2_driver/share/ydlidar_ros2_driver/params
[0.975s] -- Up-to-date: /home/hb/hb_ws/install/ydlidar_ros2_driver/share/ydlidar_ros2_driver/params/X4.yaml
[0.976s] -- Up-to-date: /home/hb/hb_ws/install/ydlidar_ros2_driver/share/ydlidar_ros2_driver/params/TEA.yaml
[0.984s] -- Up-to-date: /home/hb/hb_ws/install/ydlidar_ros2_driver/share/ydlidar_ros2_driver/params/GS2.yaml
[0.985s] -- Up-to-date: /home/hb/hb_ws/install/ydlidar_ros2_driver/share/ydlidar_ros2_driver/params/ydlidar.yaml
[0.988s] -- Up-to-date: /home/hb/hb_ws/install/ydlidar_ros2_driver/share/ydlidar_ros2_driver/params/G6.yaml
[0.989s] -- Up-to-date: /home/hb/hb_ws/install/ydlidar_ros2_driver/share/ydlidar_ros2_driver/params/X4-Pro.yaml
[0.990s] -- Up-to-date: /home/hb/hb_ws/install/ydlidar_ros2_driver/share/ydlidar_ros2_driver/params/G1.yaml
[0.991s] -- Up-to-date: /home/hb/hb_ws/install/ydlidar_ros2_driver/share/ydlidar_ros2_driver/params/TG.yaml
[0.992s] -- Up-to-date: /home/hb/hb_ws/install/ydlidar_ros2_driver/share/ydlidar_ros2_driver/params/G2.yaml
[0.993s] -- Up-to-date: /home/hb/hb_ws/install/ydlidar_ros2_driver/share/ydlidar_ros2_driver/params/TminiPro.yaml
[1.000s] -- Up-to-date: /home/hb/hb_ws/install/ydlidar_ros2_driver/share/ydlidar_ros2_driver/params/X2.yaml
[1.002s] -- Up-to-date: /home/hb/hb_ws/install/ydlidar_ros2_driver/share/ydlidar_ros2_driver/startup
[1.003s] -- Up-to-date: /home/hb/hb_ws/install/ydlidar_ros2_driver/share/ydlidar_ros2_driver/startup/initenv.sh
[1.004s] -- Up-to-date: /home/hb/hb_ws/install/ydlidar_ros2_driver/share/ydlidar_ros2_driver/config
[1.005s] -- Up-to-date: /home/hb/hb_ws/install/ydlidar_ros2_driver/share/ydlidar_ros2_driver/config/ydlidar.rviz
[1.007s] -- Up-to-date: /home/hb/hb_ws/install/ydlidar_ros2_driver/share/ydlidar_ros2_driver/config/ydlidar_cartographer.lua
[1.009s] -- Up-to-date: /home/hb/hb_ws/install/ydlidar_ros2_driver/share/ament_index/resource_index/package_run_dependencies/ydlidar_ros2_driver
[1.010s] -- Up-to-date: /home/hb/hb_ws/install/ydlidar_ros2_driver/share/ament_index/resource_index/parent_prefix_path/ydlidar_ros2_driver
[1.011s] -- Up-to-date: /home/hb/hb_ws/install/ydlidar_ros2_driver/share/ydlidar_ros2_driver/environment/ament_prefix_path.sh
[1.013s] -- Up-to-date: /home/hb/hb_ws/install/ydlidar_ros2_driver/share/ydlidar_ros2_driver/environment/ament_prefix_path.dsv
[1.014s] -- Up-to-date: /home/hb/hb_ws/install/ydlidar_ros2_driver/share/ydlidar_ros2_driver/environment/path.sh
[1.015s] -- Up-to-date: /home/hb/hb_ws/install/ydlidar_ros2_driver/share/ydlidar_ros2_driver/environment/path.dsv
[1.017s] -- Up-to-date: /home/hb/hb_ws/install/ydlidar_ros2_driver/share/ydlidar_ros2_driver/local_setup.bash
[1.021s] -- Up-to-date: /home/hb/hb_ws/install/ydlidar_ros2_driver/share/ydlidar_ros2_driver/local_setup.sh
[1.023s] -- Up-to-date: /home/hb/hb_ws/install/ydlidar_ros2_driver/share/ydlidar_ros2_driver/local_setup.zsh
[1.024s] -- Up-to-date: /home/hb/hb_ws/install/ydlidar_ros2_driver/share/ydlidar_ros2_driver/local_setup.dsv
[1.025s] -- Installing: /home/hb/hb_ws/install/ydlidar_ros2_driver/share/ydlidar_ros2_driver/package.dsv
[1.026s] -- Up-to-date: /home/hb/hb_ws/install/ydlidar_ros2_driver/share/ament_index/resource_index/packages/ydlidar_ros2_driver
[1.028s] -- Up-to-date: /home/hb/hb_ws/install/ydlidar_ros2_driver/share/ydlidar_ros2_driver/cmake/ydlidar_ros2_driverConfig.cmake
[1.029s] -- Up-to-date: /home/hb/hb_ws/install/ydlidar_ros2_driver/share/ydlidar_ros2_driver/cmake/ydlidar_ros2_driverConfig-version.cmake
[1.030s] -- Up-to-date: /home/hb/hb_ws/install/ydlidar_ros2_driver/share/ydlidar_ros2_driver/package.xml
[1.032s] Invoked command in '/home/hb/hb_ws/build/ydlidar_ros2_driver' returned '0': CMAKE_PREFIX_PATH=/home/hb/hb_ws/install/ydlidar_ros2_driver:/home/hb/hb_ws/install/usb_cam:/home/hb/hb_ws/install/serial_communication:/opt/ros/humble:/home/hb/hb_ws/install/teleop_twist_joy:/home/hb/hb_ws/install/micro_ros_setup:/home/hb/hb_ws/install/micro_ros_agent:/home/hb/hb_ws/install/micro_ros_msgs:/home/hb/hb_ws/install/apriltag_ros /usr/bin/cmake --install /home/hb/hb_ws/build/ydlidar_ros2_driver
