[6.393s] Invoking command in '/home/hb/hb_ws/src/serial_communication': PYTHONPATH=/home/hb/hb_ws/build/serial_communication/prefix_override:/home/hb/hb_ws/install/serial_communication/lib/python3.10/site-packages:${PYTHONPATH} /usr/bin/python3 -W ignore:setup.py install is deprecated setup.py egg_info --egg-base ../../build/serial_communication build --build-base /home/hb/hb_ws/build/serial_communication/build install --record /home/hb/hb_ws/build/serial_communication/install.log --single-version-externally-managed install_data
[7.611s] running egg_info
[7.614s] writing ../../build/serial_communication/serial_communication.egg-info/PKG-INFO
[7.617s] writing dependency_links to ../../build/serial_communication/serial_communication.egg-info/dependency_links.txt
[7.620s] writing entry points to ../../build/serial_communication/serial_communication.egg-info/entry_points.txt
[7.621s] writing requirements to ../../build/serial_communication/serial_communication.egg-info/requires.txt
[7.621s] writing top-level names to ../../build/serial_communication/serial_communication.egg-info/top_level.txt
[7.631s] reading manifest file '../../build/serial_communication/serial_communication.egg-info/SOURCES.txt'
[7.638s] writing manifest file '../../build/serial_communication/serial_communication.egg-info/SOURCES.txt'
[7.639s] running build
[7.639s] running build_py
[7.640s] copying serial_communication/teleop_serial.py -> /home/hb/hb_ws/build/serial_communication/build/lib/serial_communication
[7.641s] running install
[7.642s] running install_lib
[7.647s] copying /home/hb/hb_ws/build/serial_communication/build/lib/serial_communication/teleop_serial.py -> /home/hb/hb_ws/install/serial_communication/lib/python3.10/site-packages/serial_communication
[7.650s] byte-compiling /home/hb/hb_ws/install/serial_communication/lib/python3.10/site-packages/serial_communication/teleop_serial.py to teleop_serial.cpython-310.pyc
[7.653s] running install_data
[7.654s] running install_egg_info
[7.661s] removing '/home/hb/hb_ws/install/serial_communication/lib/python3.10/site-packages/serial_communication-0.0.0-py3.10.egg-info' (and everything under it)
[7.662s] Copying ../../build/serial_communication/serial_communication.egg-info to /home/hb/hb_ws/install/serial_communication/lib/python3.10/site-packages/serial_communication-0.0.0-py3.10.egg-info
[7.670s] running install_scripts
[7.761s] Installing teleop_serial script to /home/hb/hb_ws/install/serial_communication/lib/serial_communication
[7.763s] writing list of installed files to '/home/hb/hb_ws/build/serial_communication/install.log'
[7.896s] Invoked command in '/home/hb/hb_ws/src/serial_communication' returned '0': PYTHONPATH=/home/hb/hb_ws/build/serial_communication/prefix_override:/home/hb/hb_ws/install/serial_communication/lib/python3.10/site-packages:${PYTHONPATH} /usr/bin/python3 -W ignore:setup.py install is deprecated setup.py egg_info --egg-base ../../build/serial_communication build --build-base /home/hb/hb_ws/build/serial_communication/build install --record /home/hb/hb_ws/build/serial_communication/install.log --single-version-externally-managed install_data
