[4.760s] Invoking command in '/home/hb/hb_ws/src/serial_communication': PYTHONPATH=/home/hb/hb_ws/build/serial_communication/prefix_override:/home/hb/hb_ws/install/serial_communication/lib/python3.10/site-packages:${PYTHONPATH} /usr/bin/python3 -W ignore:setup.py install is deprecated setup.py egg_info --egg-base ../../build/serial_communication build --build-base /home/hb/hb_ws/build/serial_communication/build install --record /home/hb/hb_ws/build/serial_communication/install.log --single-version-externally-managed install_data
[6.573s] running egg_info
[6.576s] writing ../../build/serial_communication/serial_communication.egg-info/PKG-INFO
[6.577s] writing dependency_links to ../../build/serial_communication/serial_communication.egg-info/dependency_links.txt
[6.578s] writing entry points to ../../build/serial_communication/serial_communication.egg-info/entry_points.txt
[6.580s] writing requirements to ../../build/serial_communication/serial_communication.egg-info/requires.txt
[6.581s] writing top-level names to ../../build/serial_communication/serial_communication.egg-info/top_level.txt
[6.591s] reading manifest file '../../build/serial_communication/serial_communication.egg-info/SOURCES.txt'
[6.596s] writing manifest file '../../build/serial_communication/serial_communication.egg-info/SOURCES.txt'
[6.597s] running build
[6.598s] running build_py
[6.599s] running install
[6.600s] running install_lib
[6.608s] running install_data
[6.609s] running install_egg_info
[6.617s] removing '/home/hb/hb_ws/install/serial_communication/lib/python3.10/site-packages/serial_communication-0.0.0-py3.10.egg-info' (and everything under it)
[6.619s] Copying ../../build/serial_communication/serial_communication.egg-info to /home/hb/hb_ws/install/serial_communication/lib/python3.10/site-packages/serial_communication-0.0.0-py3.10.egg-info
[6.627s] running install_scripts
[6.734s] Installing teleop_serial script to /home/hb/hb_ws/install/serial_communication/lib/serial_communication
[6.736s] writing list of installed files to '/home/hb/hb_ws/build/serial_communication/install.log'
[6.898s] Invoked command in '/home/hb/hb_ws/src/serial_communication' returned '0': PYTHONPATH=/home/hb/hb_ws/build/serial_communication/prefix_override:/home/hb/hb_ws/install/serial_communication/lib/python3.10/site-packages:${PYTHONPATH} /usr/bin/python3 -W ignore:setup.py install is deprecated setup.py egg_info --egg-base ../../build/serial_communication build --build-base /home/hb/hb_ws/build/serial_communication/build install --record /home/hb/hb_ws/build/serial_communication/install.log --single-version-externally-managed install_data
