[2.206s] Invoking command in '/home/hb/hb_ws/build/teleop_twist_joy': CMAKE_PREFIX_PATH=/home/hb/hb_ws/install/ydlidar_ros2_driver:/home/hb/hb_ws/install/usb_cam:/home/hb/hb_ws/install/serial_communication:/opt/ros/humble:/home/hb/hb_ws/install/teleop_twist_joy:/home/hb/hb_ws/install/micro_ros_setup:/home/hb/hb_ws/install/micro_ros_agent:/home/hb/hb_ws/install/micro_ros_msgs:/home/hb/hb_ws/install/apriltag_ros /usr/bin/cmake --build /home/hb/hb_ws/build/teleop_twist_joy -- -j4 -l4
[2.706s] [ 50%] Built target teleop_twist_joy
[3.223s] [100%] Built target teleop_twist_joy_node
[3.316s] Invoked command in '/home/hb/hb_ws/build/teleop_twist_joy' returned '0': CMAKE_PREFIX_PATH=/home/hb/hb_ws/install/ydlidar_ros2_driver:/home/hb/hb_ws/install/usb_cam:/home/hb/hb_ws/install/serial_communication:/opt/ros/humble:/home/hb/hb_ws/install/teleop_twist_joy:/home/hb/hb_ws/install/micro_ros_setup:/home/hb/hb_ws/install/micro_ros_agent:/home/hb/hb_ws/install/micro_ros_msgs:/home/hb/hb_ws/install/apriltag_ros /usr/bin/cmake --build /home/hb/hb_ws/build/teleop_twist_joy -- -j4 -l4
[3.773s] Invoking command in '/home/hb/hb_ws/build/teleop_twist_joy': CMAKE_PREFIX_PATH=/home/hb/hb_ws/install/ydlidar_ros2_driver:/home/hb/hb_ws/install/usb_cam:/home/hb/hb_ws/install/serial_communication:/opt/ros/humble:/home/hb/hb_ws/install/teleop_twist_joy:/home/hb/hb_ws/install/micro_ros_setup:/home/hb/hb_ws/install/micro_ros_agent:/home/hb/hb_ws/install/micro_ros_msgs:/home/hb/hb_ws/install/apriltag_ros /usr/bin/cmake --install /home/hb/hb_ws/build/teleop_twist_joy
[3.826s] -- Install configuration: ""
[3.837s] -- Up-to-date: /home/hb/hb_ws/install/teleop_twist_joy/lib/libteleop_twist_joy.so
[3.838s] -- Up-to-date: /home/hb/hb_ws/install/teleop_twist_joy/lib/teleop_twist_joy/teleop_node
[3.838s] -- Up-to-date: /home/hb/hb_ws/install/teleop_twist_joy/include/teleop_twist_joy
[3.839s] -- Up-to-date: /home/hb/hb_ws/install/teleop_twist_joy/include/teleop_twist_joy/teleop_twist_joy
[3.839s] -- Up-to-date: /home/hb/hb_ws/install/teleop_twist_joy/include/teleop_twist_joy/teleop_twist_joy/teleop_twist_joy.hpp
[3.840s] -- Up-to-date: /home/hb/hb_ws/install/teleop_twist_joy/include/teleop_twist_joy/teleop_twist_joy/teleop_twist_joy_export.h
[3.840s] -- Up-to-date: /home/hb/hb_ws/install/teleop_twist_joy/share/teleop_twist_joy/launch
[3.843s] -- Up-to-date: /home/hb/hb_ws/install/teleop_twist_joy/share/teleop_twist_joy/launch/teleop-launch.py
[3.844s] -- Up-to-date: /home/hb/hb_ws/install/teleop_twist_joy/share/teleop_twist_joy/config
[3.845s] -- Up-to-date: /home/hb/hb_ws/install/teleop_twist_joy/share/teleop_twist_joy/config/atk3.config.yaml
[3.845s] -- Up-to-date: /home/hb/hb_ws/install/teleop_twist_joy/share/teleop_twist_joy/config/ps4.config.yaml
[3.846s] -- Up-to-date: /home/hb/hb_ws/install/teleop_twist_joy/share/teleop_twist_joy/config/ps3.config.yaml
[3.846s] -- Up-to-date: /home/hb/hb_ws/install/teleop_twist_joy/share/teleop_twist_joy/config/xd3.config.yaml
[3.847s] -- Up-to-date: /home/hb/hb_ws/install/teleop_twist_joy/share/teleop_twist_joy/config/xbox.config.yaml
[3.848s] -- Up-to-date: /home/hb/hb_ws/install/teleop_twist_joy/share/teleop_twist_joy/config/ps3-holonomic.config.yaml
[3.849s] -- Up-to-date: /home/hb/hb_ws/install/teleop_twist_joy/share/teleop_twist_joy/environment/library_path.sh
[3.865s] -- Up-to-date: /home/hb/hb_ws/install/teleop_twist_joy/share/teleop_twist_joy/environment/library_path.dsv
[3.876s] -- Up-to-date: /home/hb/hb_ws/install/teleop_twist_joy/share/ament_index/resource_index/package_run_dependencies/teleop_twist_joy
[3.876s] -- Up-to-date: /home/hb/hb_ws/install/teleop_twist_joy/share/ament_index/resource_index/parent_prefix_path/teleop_twist_joy
[3.877s] -- Up-to-date: /home/hb/hb_ws/install/teleop_twist_joy/share/teleop_twist_joy/environment/ament_prefix_path.sh
[3.878s] -- Up-to-date: /home/hb/hb_ws/install/teleop_twist_joy/share/teleop_twist_joy/environment/ament_prefix_path.dsv
[3.878s] -- Up-to-date: /home/hb/hb_ws/install/teleop_twist_joy/share/teleop_twist_joy/environment/path.sh
[3.879s] -- Up-to-date: /home/hb/hb_ws/install/teleop_twist_joy/share/teleop_twist_joy/environment/path.dsv
[3.880s] -- Up-to-date: /home/hb/hb_ws/install/teleop_twist_joy/share/teleop_twist_joy/local_setup.bash
[3.883s] -- Up-to-date: /home/hb/hb_ws/install/teleop_twist_joy/share/teleop_twist_joy/local_setup.sh
[3.883s] -- Up-to-date: /home/hb/hb_ws/install/teleop_twist_joy/share/teleop_twist_joy/local_setup.zsh
[3.883s] -- Up-to-date: /home/hb/hb_ws/install/teleop_twist_joy/share/teleop_twist_joy/local_setup.dsv
[3.884s] -- Installing: /home/hb/hb_ws/install/teleop_twist_joy/share/teleop_twist_joy/package.dsv
[3.884s] -- Up-to-date: /home/hb/hb_ws/install/teleop_twist_joy/share/ament_index/resource_index/packages/teleop_twist_joy
[3.897s] -- Up-to-date: /home/hb/hb_ws/install/teleop_twist_joy/share/ament_index/resource_index/rclcpp_components/teleop_twist_joy
[3.898s] -- Up-to-date: /home/hb/hb_ws/install/teleop_twist_joy/share/teleop_twist_joy/cmake/export_teleop_twist_joyExport.cmake
[3.898s] -- Up-to-date: /home/hb/hb_ws/install/teleop_twist_joy/share/teleop_twist_joy/cmake/export_teleop_twist_joyExport-noconfig.cmake
[3.899s] -- Up-to-date: /home/hb/hb_ws/install/teleop_twist_joy/share/teleop_twist_joy/cmake/ament_cmake_export_include_directories-extras.cmake
[3.899s] -- Up-to-date: /home/hb/hb_ws/install/teleop_twist_joy/share/teleop_twist_joy/cmake/ament_cmake_export_libraries-extras.cmake
[3.900s] -- Up-to-date: /home/hb/hb_ws/install/teleop_twist_joy/share/teleop_twist_joy/cmake/ament_cmake_export_targets-extras.cmake
[3.900s] -- Up-to-date: /home/hb/hb_ws/install/teleop_twist_joy/share/teleop_twist_joy/cmake/teleop_twist_joyConfig.cmake
[3.901s] -- Up-to-date: /home/hb/hb_ws/install/teleop_twist_joy/share/teleop_twist_joy/cmake/teleop_twist_joyConfig-version.cmake
[3.901s] -- Up-to-date: /home/hb/hb_ws/install/teleop_twist_joy/share/teleop_twist_joy/package.xml
[4.107s] Invoked command in '/home/hb/hb_ws/build/teleop_twist_joy' returned '0': CMAKE_PREFIX_PATH=/home/hb/hb_ws/install/ydlidar_ros2_driver:/home/hb/hb_ws/install/usb_cam:/home/hb/hb_ws/install/serial_communication:/opt/ros/humble:/home/hb/hb_ws/install/teleop_twist_joy:/home/hb/hb_ws/install/micro_ros_setup:/home/hb/hb_ws/install/micro_ros_agent:/home/hb/hb_ws/install/micro_ros_msgs:/home/hb/hb_ws/install/apriltag_ros /usr/bin/cmake --install /home/hb/hb_ws/build/teleop_twist_joy
