[0.200s] Invoking command in '/home/hb/hb_ws/build/apriltag_ros': CMAKE_PREFIX_PATH=/home/hb/hb_ws/install/ydlidar_ros2_driver:/home/hb/hb_ws/install/usb_cam:/home/hb/hb_ws/install/serial_communication:/opt/ros/humble:/home/hb/hb_ws/install/teleop_twist_joy:/home/hb/hb_ws/install/micro_ros_setup:/home/hb/hb_ws/install/micro_ros_agent:/home/hb/hb_ws/install/micro_ros_msgs:/home/hb/hb_ws/install/apriltag_ros /usr/bin/cmake --build /home/hb/hb_ws/build/apriltag_ros -- -j4 -l4
[2.029s] [35m[1mConsolidate compiler generated dependencies of target tags[0m
[2.030s] [35m[1mConsolidate compiler generated dependencies of target apriltag_node[0m
[2.030s] [35m[1mConsolidate compiler generated dependencies of target pose_estimation[0m
[2.030s] [ 16%] Built target tags
[2.031s] [ 50%] Built target apriltag_node
[2.031s] [ 66%] Built target pose_estimation
[2.032s] [35m[1mConsolidate compiler generated dependencies of target AprilTagNode[0m
[2.032s] [ 83%] [32mBuilding CXX object CMakeFiles/AprilTagNode.dir/src/AprilTagNode.cpp.o[0m
[38.056s] [100%] [32m[1mLinking CXX shared library libAprilTagNode.so[0m
[40.809s] [100%] Built target AprilTagNode
[40.873s] Invoked command in '/home/hb/hb_ws/build/apriltag_ros' returned '0': CMAKE_PREFIX_PATH=/home/hb/hb_ws/install/ydlidar_ros2_driver:/home/hb/hb_ws/install/usb_cam:/home/hb/hb_ws/install/serial_communication:/opt/ros/humble:/home/hb/hb_ws/install/teleop_twist_joy:/home/hb/hb_ws/install/micro_ros_setup:/home/hb/hb_ws/install/micro_ros_agent:/home/hb/hb_ws/install/micro_ros_msgs:/home/hb/hb_ws/install/apriltag_ros /usr/bin/cmake --build /home/hb/hb_ws/build/apriltag_ros -- -j4 -l4
[41.146s] Invoking command in '/home/hb/hb_ws/build/apriltag_ros': CMAKE_PREFIX_PATH=/home/hb/hb_ws/install/ydlidar_ros2_driver:/home/hb/hb_ws/install/usb_cam:/home/hb/hb_ws/install/serial_communication:/opt/ros/humble:/home/hb/hb_ws/install/teleop_twist_joy:/home/hb/hb_ws/install/micro_ros_setup:/home/hb/hb_ws/install/micro_ros_agent:/home/hb/hb_ws/install/micro_ros_msgs:/home/hb/hb_ws/install/apriltag_ros /usr/bin/cmake --install /home/hb/hb_ws/build/apriltag_ros
[41.185s] -- Install configuration: ""
[41.209s] -- Up-to-date: /home/hb/hb_ws/install/apriltag_ros/lib/apriltag_ros/apriltag_node
[41.210s] -- Up-to-date: /home/hb/hb_ws/install/apriltag_ros/share/apriltag_ros/environment/library_path.sh
[41.210s] -- Up-to-date: /home/hb/hb_ws/install/apriltag_ros/share/apriltag_ros/environment/library_path.dsv
[41.220s] -- Installing: /home/hb/hb_ws/install/apriltag_ros/lib/libAprilTagNode.so
[41.229s] -- Set runtime path of "/home/hb/hb_ws/install/apriltag_ros/lib/libAprilTagNode.so" to ""
[41.230s] -- Up-to-date: /home/hb/hb_ws/install/apriltag_ros/share/apriltag_ros/cfg
[41.232s] -- Up-to-date: /home/hb/hb_ws/install/apriltag_ros/share/apriltag_ros/cfg/tags_36h11.yaml
[41.233s] -- Up-to-date: /home/hb/hb_ws/install/apriltag_ros/share/apriltag_ros/launch
[41.233s] -- Up-to-date: /home/hb/hb_ws/install/apriltag_ros/share/apriltag_ros/launch/v4l2_36h11.launch.yml
[41.234s] -- Up-to-date: /home/hb/hb_ws/install/apriltag_ros/share/ament_index/resource_index/package_run_dependencies/apriltag_ros
[41.235s] -- Up-to-date: /home/hb/hb_ws/install/apriltag_ros/share/ament_index/resource_index/parent_prefix_path/apriltag_ros
[41.236s] -- Up-to-date: /home/hb/hb_ws/install/apriltag_ros/share/apriltag_ros/environment/ament_prefix_path.sh
[41.237s] -- Up-to-date: /home/hb/hb_ws/install/apriltag_ros/share/apriltag_ros/environment/ament_prefix_path.dsv
[41.238s] -- Up-to-date: /home/hb/hb_ws/install/apriltag_ros/share/apriltag_ros/environment/path.sh
[41.239s] -- Up-to-date: /home/hb/hb_ws/install/apriltag_ros/share/apriltag_ros/environment/path.dsv
[41.240s] -- Up-to-date: /home/hb/hb_ws/install/apriltag_ros/share/apriltag_ros/local_setup.bash
[41.253s] -- Up-to-date: /home/hb/hb_ws/install/apriltag_ros/share/apriltag_ros/local_setup.sh
[41.255s] -- Up-to-date: /home/hb/hb_ws/install/apriltag_ros/share/apriltag_ros/local_setup.zsh
[41.255s] -- Up-to-date: /home/hb/hb_ws/install/apriltag_ros/share/apriltag_ros/local_setup.dsv
[41.257s] -- Installing: /home/hb/hb_ws/install/apriltag_ros/share/apriltag_ros/package.dsv
[41.258s] -- Up-to-date: /home/hb/hb_ws/install/apriltag_ros/share/ament_index/resource_index/packages/apriltag_ros
[41.258s] -- Up-to-date: /home/hb/hb_ws/install/apriltag_ros/share/ament_index/resource_index/rclcpp_components/apriltag_ros
[41.259s] -- Up-to-date: /home/hb/hb_ws/install/apriltag_ros/share/apriltag_ros/cmake/apriltag_rosConfig.cmake
[41.259s] -- Up-to-date: /home/hb/hb_ws/install/apriltag_ros/share/apriltag_ros/cmake/apriltag_rosConfig-version.cmake
[41.261s] -- Up-to-date: /home/hb/hb_ws/install/apriltag_ros/share/apriltag_ros/package.xml
[41.263s] Invoked command in '/home/hb/hb_ws/build/apriltag_ros' returned '0': CMAKE_PREFIX_PATH=/home/hb/hb_ws/install/ydlidar_ros2_driver:/home/hb/hb_ws/install/usb_cam:/home/hb/hb_ws/install/serial_communication:/opt/ros/humble:/home/hb/hb_ws/install/teleop_twist_joy:/home/hb/hb_ws/install/micro_ros_setup:/home/hb/hb_ws/install/micro_ros_agent:/home/hb/hb_ws/install/micro_ros_msgs:/home/hb/hb_ws/install/apriltag_ros /usr/bin/cmake --install /home/hb/hb_ws/build/apriltag_ros
