[4.142s] Invoking command in '/home/hb/hb_ws/src/serial_communication': PYTHONPATH=/home/hb/hb_ws/build/serial_communication/prefix_override:/home/hb/hb_ws/install/serial_communication/lib/python3.10/site-packages:${PYTHONPATH} /usr/bin/python3 -W ignore:setup.py install is deprecated setup.py egg_info --egg-base ../../build/serial_communication build --build-base /home/hb/hb_ws/build/serial_communication/build install --record /home/hb/hb_ws/build/serial_communication/install.log --single-version-externally-managed install_data
[5.570s] running egg_info
[5.578s] writing ../../build/serial_communication/serial_communication.egg-info/PKG-INFO
[5.580s] writing dependency_links to ../../build/serial_communication/serial_communication.egg-info/dependency_links.txt
[5.581s] writing entry points to ../../build/serial_communication/serial_communication.egg-info/entry_points.txt
[5.582s] writing requirements to ../../build/serial_communication/serial_communication.egg-info/requires.txt
[5.583s] writing top-level names to ../../build/serial_communication/serial_communication.egg-info/top_level.txt
[5.593s] reading manifest file '../../build/serial_communication/serial_communication.egg-info/SOURCES.txt'
[5.599s] writing manifest file '../../build/serial_communication/serial_communication.egg-info/SOURCES.txt'
[5.599s] running build
[5.600s] running build_py
[5.602s] running install
[5.603s] running install_lib
[5.613s] running install_data
[5.614s] running install_egg_info
[5.621s] removing '/home/hb/hb_ws/install/serial_communication/lib/python3.10/site-packages/serial_communication-0.0.0-py3.10.egg-info' (and everything under it)
[5.627s] Copying ../../build/serial_communication/serial_communication.egg-info to /home/hb/hb_ws/install/serial_communication/lib/python3.10/site-packages/serial_communication-0.0.0-py3.10.egg-info
[5.642s] running install_scripts
[5.742s] Installing teleop_serial script to /home/hb/hb_ws/install/serial_communication/lib/serial_communication
[5.747s] writing list of installed files to '/home/hb/hb_ws/build/serial_communication/install.log'
[5.911s] Invoked command in '/home/hb/hb_ws/src/serial_communication' returned '0': PYTHONPATH=/home/hb/hb_ws/build/serial_communication/prefix_override:/home/hb/hb_ws/install/serial_communication/lib/python3.10/site-packages:${PYTHONPATH} /usr/bin/python3 -W ignore:setup.py install is deprecated setup.py egg_info --egg-base ../../build/serial_communication build --build-base /home/hb/hb_ws/build/serial_communication/build install --record /home/hb/hb_ws/build/serial_communication/install.log --single-version-externally-managed install_data
