[4.711s] Invoking command in '/home/hb/hb_ws/src/serial_communication': PYTHONPATH=/home/hb/hb_ws/build/serial_communication/prefix_override:/home/hb/hb_ws/install/serial_communication/lib/python3.10/site-packages:${PYTHONPATH} /usr/bin/python3 -W ignore:setup.py install is deprecated setup.py egg_info --egg-base ../../build/serial_communication build --build-base /home/hb/hb_ws/build/serial_communication/build install --record /home/hb/hb_ws/build/serial_communication/install.log --single-version-externally-managed install_data
[6.624s] running egg_info
[6.628s] writing ../../build/serial_communication/serial_communication.egg-info/PKG-INFO
[6.630s] writing dependency_links to ../../build/serial_communication/serial_communication.egg-info/dependency_links.txt
[6.632s] writing entry points to ../../build/serial_communication/serial_communication.egg-info/entry_points.txt
[6.634s] writing requirements to ../../build/serial_communication/serial_communication.egg-info/requires.txt
[6.634s] writing top-level names to ../../build/serial_communication/serial_communication.egg-info/top_level.txt
[6.644s] reading manifest file '../../build/serial_communication/serial_communication.egg-info/SOURCES.txt'
[6.649s] writing manifest file '../../build/serial_communication/serial_communication.egg-info/SOURCES.txt'
[6.650s] running build
[6.651s] running build_py
[6.652s] running install
[6.653s] running install_lib
[6.661s] running install_data
[6.662s] running install_egg_info
[6.680s] removing '/home/hb/hb_ws/install/serial_communication/lib/python3.10/site-packages/serial_communication-0.0.0-py3.10.egg-info' (and everything under it)
[6.682s] Copying ../../build/serial_communication/serial_communication.egg-info to /home/hb/hb_ws/install/serial_communication/lib/python3.10/site-packages/serial_communication-0.0.0-py3.10.egg-info
[6.690s] running install_scripts
[6.801s] Installing teleop_serial script to /home/hb/hb_ws/install/serial_communication/lib/serial_communication
[6.804s] writing list of installed files to '/home/hb/hb_ws/build/serial_communication/install.log'
[6.961s] Invoked command in '/home/hb/hb_ws/src/serial_communication' returned '0': PYTHONPATH=/home/hb/hb_ws/build/serial_communication/prefix_override:/home/hb/hb_ws/install/serial_communication/lib/python3.10/site-packages:${PYTHONPATH} /usr/bin/python3 -W ignore:setup.py install is deprecated setup.py egg_info --egg-base ../../build/serial_communication build --build-base /home/hb/hb_ws/build/serial_communication/build install --record /home/hb/hb_ws/build/serial_communication/install.log --single-version-externally-managed install_data
