[3.587s] Invoking command in '/home/hb/hb_ws/src/serial_communication': PYTHONPATH=/home/hb/hb_ws/build/serial_communication/prefix_override:/home/hb/hb_ws/install/serial_communication/lib/python3.10/site-packages:${PYTHONPATH} /usr/bin/python3 -W ignore:setup.py install is deprecated setup.py egg_info --egg-base ../../build/serial_communication build --build-base /home/hb/hb_ws/build/serial_communication/build install --record /home/hb/hb_ws/build/serial_communication/install.log --single-version-externally-managed install_data
[4.903s] running egg_info
[4.906s] writing ../../build/serial_communication/serial_communication.egg-info/PKG-INFO
[4.907s] writing dependency_links to ../../build/serial_communication/serial_communication.egg-info/dependency_links.txt
[4.908s] writing entry points to ../../build/serial_communication/serial_communication.egg-info/entry_points.txt
[4.909s] writing requirements to ../../build/serial_communication/serial_communication.egg-info/requires.txt
[4.910s] writing top-level names to ../../build/serial_communication/serial_communication.egg-info/top_level.txt
[4.918s] reading manifest file '../../build/serial_communication/serial_communication.egg-info/SOURCES.txt'
[4.922s] writing manifest file '../../build/serial_communication/serial_communication.egg-info/SOURCES.txt'
[4.923s] running build
[4.923s] running build_py
[4.925s] running install
[4.926s] running install_lib
[4.932s] running install_data
[4.933s] running install_egg_info
[4.940s] removing '/home/hb/hb_ws/install/serial_communication/lib/python3.10/site-packages/serial_communication-0.0.0-py3.10.egg-info' (and everything under it)
[4.942s] Copying ../../build/serial_communication/serial_communication.egg-info to /home/hb/hb_ws/install/serial_communication/lib/python3.10/site-packages/serial_communication-0.0.0-py3.10.egg-info
[4.948s] running install_scripts
[5.041s] Installing teleop_serial script to /home/hb/hb_ws/install/serial_communication/lib/serial_communication
[5.043s] writing list of installed files to '/home/hb/hb_ws/build/serial_communication/install.log'
[5.182s] Invoked command in '/home/hb/hb_ws/src/serial_communication' returned '0': PYTHONPATH=/home/hb/hb_ws/build/serial_communication/prefix_override:/home/hb/hb_ws/install/serial_communication/lib/python3.10/site-packages:${PYTHONPATH} /usr/bin/python3 -W ignore:setup.py install is deprecated setup.py egg_info --egg-base ../../build/serial_communication build --build-base /home/hb/hb_ws/build/serial_communication/build install --record /home/hb/hb_ws/build/serial_communication/install.log --single-version-externally-managed install_data
