[0.929s] DEBUG:colcon:Command line arguments: ['/usr/bin/colcon', 'build']
[0.929s] DEBUG:colcon:Parsed command line arguments: Namespace(log_base=None, log_level=None, verb_name='build', build_base='build', install_base='install', merge_install=False, symlink_install=False, test_result_base=None, continue_on_error=False, executor='parallel', parallel_workers=4, event_handlers=None, ignore_user_meta=False, metas=['./colcon.meta'], base_paths=['.'], packages_ignore=None, packages_ignore_regex=None, paths=None, packages_up_to=None, packages_up_to_regex=None, packages_above=None, packages_above_and_dependencies=None, packages_above_depth=None, packages_select_by_dep=None, packages_skip_by_dep=None, packages_skip_up_to=None, packages_select_build_failed=False, packages_skip_build_finished=False, packages_select_test_failures=False, packages_skip_test_passed=False, packages_select=None, packages_skip=None, packages_select_regex=None, packages_skip_regex=None, packages_start=None, packages_end=None, allow_overriding=[], cmake_args=None, cmake_target=None, cmake_target_skip_unavailable=False, cmake_clean_cache=False, cmake_clean_first=False, cmake_force_configure=False, ament_cmake_args=None, catkin_cmake_args=None, catkin_skip_building_tests=False, verb_parser=<colcon_defaults.argument_parser.defaults.DefaultArgumentsDecorator object at 0xffff8eb51840>, verb_extension=<colcon_core.verb.build.BuildVerb object at 0xffff8ecdee00>, main=<bound method BuildVerb.main of <colcon_core.verb.build.BuildVerb object at 0xffff8ecdee00>>)
[1.894s] Level 1:colcon.colcon_core.package_discovery:discover_packages(colcon_meta) check parameters
[1.895s] Level 1:colcon.colcon_core.package_discovery:discover_packages(recursive) check parameters
[1.895s] Level 1:colcon.colcon_core.package_discovery:discover_packages(ignore) check parameters
[1.895s] Level 1:colcon.colcon_core.package_discovery:discover_packages(path) check parameters
[1.895s] Level 1:colcon.colcon_core.package_discovery:discover_packages(colcon_meta) discover
[1.895s] Level 1:colcon.colcon_core.package_discovery:discover_packages(recursive) discover
[1.895s] INFO:colcon.colcon_core.package_discovery:Crawling recursively for packages in '/home/hb/hb_ws'
[1.896s] Level 1:colcon.colcon_core.package_identification:_identify(.) by extensions ['ignore', 'ignore_ament_install']
[1.896s] Level 1:colcon.colcon_core.package_identification:_identify(.) by extension 'ignore'
[1.897s] Level 1:colcon.colcon_core.package_identification:_identify(.) by extension 'ignore_ament_install'
[1.897s] Level 1:colcon.colcon_core.package_identification:_identify(.) by extensions ['colcon_pkg']
[1.897s] Level 1:colcon.colcon_core.package_identification:_identify(.) by extension 'colcon_pkg'
[1.897s] Level 1:colcon.colcon_core.package_identification:_identify(.) by extensions ['colcon_meta']
[1.898s] Level 1:colcon.colcon_core.package_identification:_identify(.) by extension 'colcon_meta'
[1.898s] Level 1:colcon.colcon_core.package_identification:_identify(.) by extensions ['ros']
[1.898s] Level 1:colcon.colcon_core.package_identification:_identify(.) by extension 'ros'
[1.947s] Level 1:colcon.colcon_core.package_identification:_identify(.) by extensions ['cmake', 'python']
[1.948s] Level 1:colcon.colcon_core.package_identification:_identify(.) by extension 'cmake'
[1.948s] Level 1:colcon.colcon_core.package_identification:_identify(.) by extension 'python'
[1.948s] Level 1:colcon.colcon_core.package_identification:_identify(.) by extensions ['python_setup_py']
[1.948s] Level 1:colcon.colcon_core.package_identification:_identify(.) by extension 'python_setup_py'
[1.949s] Level 1:colcon.colcon_core.package_identification:_identify(build) by extensions ['ignore', 'ignore_ament_install']
[1.950s] Level 1:colcon.colcon_core.package_identification:_identify(build) by extension 'ignore'
[1.950s] Level 1:colcon.colcon_core.package_identification:_identify(build) ignored
[1.951s] Level 1:colcon.colcon_core.package_identification:_identify(firmware) by extensions ['ignore', 'ignore_ament_install']
[1.951s] Level 1:colcon.colcon_core.package_identification:_identify(firmware) by extension 'ignore'
[1.951s] Level 1:colcon.colcon_core.package_identification:_identify(firmware) ignored
[1.952s] Level 1:colcon.colcon_core.package_identification:_identify(install) by extensions ['ignore', 'ignore_ament_install']
[1.952s] Level 1:colcon.colcon_core.package_identification:_identify(install) by extension 'ignore'
[1.952s] Level 1:colcon.colcon_core.package_identification:_identify(install) ignored
[1.953s] Level 1:colcon.colcon_core.package_identification:_identify(log) by extensions ['ignore', 'ignore_ament_install']
[1.953s] Level 1:colcon.colcon_core.package_identification:_identify(log) by extension 'ignore'
[1.954s] Level 1:colcon.colcon_core.package_identification:_identify(log) ignored
[1.954s] Level 1:colcon.colcon_core.package_identification:_identify(src) by extensions ['ignore', 'ignore_ament_install']
[1.954s] Level 1:colcon.colcon_core.package_identification:_identify(src) by extension 'ignore'
[1.955s] Level 1:colcon.colcon_core.package_identification:_identify(src) by extension 'ignore_ament_install'
[1.955s] Level 1:colcon.colcon_core.package_identification:_identify(src) by extensions ['colcon_pkg']
[1.955s] Level 1:colcon.colcon_core.package_identification:_identify(src) by extension 'colcon_pkg'
[1.955s] Level 1:colcon.colcon_core.package_identification:_identify(src) by extensions ['colcon_meta']
[1.955s] Level 1:colcon.colcon_core.package_identification:_identify(src) by extension 'colcon_meta'
[1.955s] Level 1:colcon.colcon_core.package_identification:_identify(src) by extensions ['ros']
[1.955s] Level 1:colcon.colcon_core.package_identification:_identify(src) by extension 'ros'
[1.956s] Level 1:colcon.colcon_core.package_identification:_identify(src) by extensions ['cmake', 'python']
[1.956s] Level 1:colcon.colcon_core.package_identification:_identify(src) by extension 'cmake'
[1.956s] Level 1:colcon.colcon_core.package_identification:_identify(src) by extension 'python'
[1.956s] Level 1:colcon.colcon_core.package_identification:_identify(src) by extensions ['python_setup_py']
[1.956s] Level 1:colcon.colcon_core.package_identification:_identify(src) by extension 'python_setup_py'
[1.957s] Level 1:colcon.colcon_core.package_identification:_identify(src/serial_communication) by extensions ['ignore', 'ignore_ament_install']
[1.957s] Level 1:colcon.colcon_core.package_identification:_identify(src/serial_communication) by extension 'ignore'
[1.957s] Level 1:colcon.colcon_core.package_identification:_identify(src/serial_communication) by extension 'ignore_ament_install'
[1.958s] Level 1:colcon.colcon_core.package_identification:_identify(src/serial_communication) by extensions ['colcon_pkg']
[1.958s] Level 1:colcon.colcon_core.package_identification:_identify(src/serial_communication) by extension 'colcon_pkg'
[1.958s] Level 1:colcon.colcon_core.package_identification:_identify(src/serial_communication) by extensions ['colcon_meta']
[1.958s] Level 1:colcon.colcon_core.package_identification:_identify(src/serial_communication) by extension 'colcon_meta'
[1.958s] Level 1:colcon.colcon_core.package_identification:_identify(src/serial_communication) by extensions ['ros']
[1.959s] Level 1:colcon.colcon_core.package_identification:_identify(src/serial_communication) by extension 'ros'
[1.968s] DEBUG:colcon.colcon_core.package_identification:Package 'src/serial_communication' with type 'ros.ament_python' and name 'serial_communication'
[1.968s] Level 1:colcon.colcon_core.package_identification:_identify(src/teleop_twist_joy) by extensions ['ignore', 'ignore_ament_install']
[1.969s] Level 1:colcon.colcon_core.package_identification:_identify(src/teleop_twist_joy) by extension 'ignore'
[1.969s] Level 1:colcon.colcon_core.package_identification:_identify(src/teleop_twist_joy) by extension 'ignore_ament_install'
[1.969s] Level 1:colcon.colcon_core.package_identification:_identify(src/teleop_twist_joy) by extensions ['colcon_pkg']
[1.969s] Level 1:colcon.colcon_core.package_identification:_identify(src/teleop_twist_joy) by extension 'colcon_pkg'
[1.970s] Level 1:colcon.colcon_core.package_identification:_identify(src/teleop_twist_joy) by extensions ['colcon_meta']
[1.970s] Level 1:colcon.colcon_core.package_identification:_identify(src/teleop_twist_joy) by extension 'colcon_meta'
[1.970s] Level 1:colcon.colcon_core.package_identification:_identify(src/teleop_twist_joy) by extensions ['ros']
[1.970s] Level 1:colcon.colcon_core.package_identification:_identify(src/teleop_twist_joy) by extension 'ros'
[1.974s] DEBUG:colcon.colcon_core.package_identification:Package 'src/teleop_twist_joy' with type 'ros.ament_cmake' and name 'teleop_twist_joy'
[1.975s] Level 1:colcon.colcon_core.package_identification:_identify(src/usb_cam) by extensions ['ignore', 'ignore_ament_install']
[1.975s] Level 1:colcon.colcon_core.package_identification:_identify(src/usb_cam) by extension 'ignore'
[1.975s] Level 1:colcon.colcon_core.package_identification:_identify(src/usb_cam) by extension 'ignore_ament_install'
[1.975s] Level 1:colcon.colcon_core.package_identification:_identify(src/usb_cam) by extensions ['colcon_pkg']
[1.976s] Level 1:colcon.colcon_core.package_identification:_identify(src/usb_cam) by extension 'colcon_pkg'
[1.976s] Level 1:colcon.colcon_core.package_identification:_identify(src/usb_cam) by extensions ['colcon_meta']
[1.976s] Level 1:colcon.colcon_core.package_identification:_identify(src/usb_cam) by extension 'colcon_meta'
[1.976s] Level 1:colcon.colcon_core.package_identification:_identify(src/usb_cam) by extensions ['ros']
[1.976s] Level 1:colcon.colcon_core.package_identification:_identify(src/usb_cam) by extension 'ros'
[2.002s] DEBUG:colcon.colcon_core.package_identification:Package 'src/usb_cam' with type 'ros.ament_cmake' and name 'usb_cam'
[2.003s] Level 1:colcon.colcon_core.package_identification:_identify(src/ydlidar_ros2_driver) by extensions ['ignore', 'ignore_ament_install']
[2.003s] Level 1:colcon.colcon_core.package_identification:_identify(src/ydlidar_ros2_driver) by extension 'ignore'
[2.003s] Level 1:colcon.colcon_core.package_identification:_identify(src/ydlidar_ros2_driver) by extension 'ignore_ament_install'
[2.004s] Level 1:colcon.colcon_core.package_identification:_identify(src/ydlidar_ros2_driver) by extensions ['colcon_pkg']
[2.004s] Level 1:colcon.colcon_core.package_identification:_identify(src/ydlidar_ros2_driver) by extension 'colcon_pkg'
[2.004s] Level 1:colcon.colcon_core.package_identification:_identify(src/ydlidar_ros2_driver) by extensions ['colcon_meta']
[2.004s] Level 1:colcon.colcon_core.package_identification:_identify(src/ydlidar_ros2_driver) by extension 'colcon_meta'
[2.004s] Level 1:colcon.colcon_core.package_identification:_identify(src/ydlidar_ros2_driver) by extensions ['ros']
[2.004s] Level 1:colcon.colcon_core.package_identification:_identify(src/ydlidar_ros2_driver) by extension 'ros'
[2.012s] DEBUG:colcon.colcon_core.package_identification:Package 'src/ydlidar_ros2_driver' with type 'ros.ament_cmake' and name 'ydlidar_ros2_driver'
[2.012s] Level 1:colcon.colcon_core.package_discovery:discover_packages(recursive) using defaults
[2.012s] Level 1:colcon.colcon_core.package_discovery:discover_packages(ignore) discover
[2.012s] Level 1:colcon.colcon_core.package_discovery:discover_packages(ignore) using defaults
[2.012s] Level 1:colcon.colcon_core.package_discovery:discover_packages(path) discover
[2.012s] Level 1:colcon.colcon_core.package_discovery:discover_packages(path) using defaults
[2.210s] Level 1:colcon.colcon_core.package_discovery:discover_packages(prefix_path) check parameters
[2.210s] Level 1:colcon.colcon_core.package_discovery:discover_packages(prefix_path) discover
[2.228s] DEBUG:colcon.colcon_installed_package_information.package_discovery:Found 7 installed packages in /home/hb/hb_ws/install
[2.240s] DEBUG:colcon.colcon_installed_package_information.package_discovery:Found 340 installed packages in /opt/ros/humble
[2.248s] Level 1:colcon.colcon_core.package_discovery:discover_packages(prefix_path) using defaults
[2.486s] Level 5:colcon.colcon_core.verb:set package 'serial_communication' build argument 'cmake_args' from command line to 'None'
[2.487s] Level 5:colcon.colcon_core.verb:set package 'serial_communication' build argument 'cmake_target' from command line to 'None'
[2.487s] Level 5:colcon.colcon_core.verb:set package 'serial_communication' build argument 'cmake_target_skip_unavailable' from command line to 'False'
[2.487s] Level 5:colcon.colcon_core.verb:set package 'serial_communication' build argument 'cmake_clean_cache' from command line to 'False'
[2.487s] Level 5:colcon.colcon_core.verb:set package 'serial_communication' build argument 'cmake_clean_first' from command line to 'False'
[2.487s] Level 5:colcon.colcon_core.verb:set package 'serial_communication' build argument 'cmake_force_configure' from command line to 'False'
[2.488s] Level 5:colcon.colcon_core.verb:set package 'serial_communication' build argument 'ament_cmake_args' from command line to 'None'
[2.488s] Level 5:colcon.colcon_core.verb:set package 'serial_communication' build argument 'catkin_cmake_args' from command line to 'None'
[2.488s] Level 5:colcon.colcon_core.verb:set package 'serial_communication' build argument 'catkin_skip_building_tests' from command line to 'False'
[2.488s] DEBUG:colcon.colcon_core.verb:Building package 'serial_communication' with the following arguments: {'ament_cmake_args': None, 'build_base': '/home/hb/hb_ws/build/serial_communication', 'catkin_cmake_args': None, 'catkin_skip_building_tests': False, 'cmake_args': None, 'cmake_clean_cache': False, 'cmake_clean_first': False, 'cmake_force_configure': False, 'cmake_target': None, 'cmake_target_skip_unavailable': False, 'install_base': '/home/hb/hb_ws/install/serial_communication', 'merge_install': False, 'path': '/home/hb/hb_ws/src/serial_communication', 'symlink_install': False, 'test_result_base': None}
[2.490s] Level 5:colcon.colcon_core.verb:set package 'teleop_twist_joy' build argument 'cmake_args' from command line to 'None'
[2.490s] Level 5:colcon.colcon_core.verb:set package 'teleop_twist_joy' build argument 'cmake_target' from command line to 'None'
[2.490s] Level 5:colcon.colcon_core.verb:set package 'teleop_twist_joy' build argument 'cmake_target_skip_unavailable' from command line to 'False'
[2.490s] Level 5:colcon.colcon_core.verb:set package 'teleop_twist_joy' build argument 'cmake_clean_cache' from command line to 'False'
[2.490s] Level 5:colcon.colcon_core.verb:set package 'teleop_twist_joy' build argument 'cmake_clean_first' from command line to 'False'
[2.490s] Level 5:colcon.colcon_core.verb:set package 'teleop_twist_joy' build argument 'cmake_force_configure' from command line to 'False'
[2.490s] Level 5:colcon.colcon_core.verb:set package 'teleop_twist_joy' build argument 'ament_cmake_args' from command line to 'None'
[2.490s] Level 5:colcon.colcon_core.verb:set package 'teleop_twist_joy' build argument 'catkin_cmake_args' from command line to 'None'
[2.491s] Level 5:colcon.colcon_core.verb:set package 'teleop_twist_joy' build argument 'catkin_skip_building_tests' from command line to 'False'
[2.491s] DEBUG:colcon.colcon_core.verb:Building package 'teleop_twist_joy' with the following arguments: {'ament_cmake_args': None, 'build_base': '/home/hb/hb_ws/build/teleop_twist_joy', 'catkin_cmake_args': None, 'catkin_skip_building_tests': False, 'cmake_args': None, 'cmake_clean_cache': False, 'cmake_clean_first': False, 'cmake_force_configure': False, 'cmake_target': None, 'cmake_target_skip_unavailable': False, 'install_base': '/home/hb/hb_ws/install/teleop_twist_joy', 'merge_install': False, 'path': '/home/hb/hb_ws/src/teleop_twist_joy', 'symlink_install': False, 'test_result_base': None}
[2.492s] Level 5:colcon.colcon_core.verb:set package 'usb_cam' build argument 'cmake_args' from command line to 'None'
[2.492s] Level 5:colcon.colcon_core.verb:set package 'usb_cam' build argument 'cmake_target' from command line to 'None'
[2.492s] Level 5:colcon.colcon_core.verb:set package 'usb_cam' build argument 'cmake_target_skip_unavailable' from command line to 'False'
[2.493s] Level 5:colcon.colcon_core.verb:set package 'usb_cam' build argument 'cmake_clean_cache' from command line to 'False'
[2.493s] Level 5:colcon.colcon_core.verb:set package 'usb_cam' build argument 'cmake_clean_first' from command line to 'False'
[2.493s] Level 5:colcon.colcon_core.verb:set package 'usb_cam' build argument 'cmake_force_configure' from command line to 'False'
[2.493s] Level 5:colcon.colcon_core.verb:set package 'usb_cam' build argument 'ament_cmake_args' from command line to 'None'
[2.493s] Level 5:colcon.colcon_core.verb:set package 'usb_cam' build argument 'catkin_cmake_args' from command line to 'None'
[2.493s] Level 5:colcon.colcon_core.verb:set package 'usb_cam' build argument 'catkin_skip_building_tests' from command line to 'False'
[2.493s] DEBUG:colcon.colcon_core.verb:Building package 'usb_cam' with the following arguments: {'ament_cmake_args': None, 'build_base': '/home/hb/hb_ws/build/usb_cam', 'catkin_cmake_args': None, 'catkin_skip_building_tests': False, 'cmake_args': None, 'cmake_clean_cache': False, 'cmake_clean_first': False, 'cmake_force_configure': False, 'cmake_target': None, 'cmake_target_skip_unavailable': False, 'install_base': '/home/hb/hb_ws/install/usb_cam', 'merge_install': False, 'path': '/home/hb/hb_ws/src/usb_cam', 'symlink_install': False, 'test_result_base': None}
[2.495s] Level 5:colcon.colcon_core.verb:set package 'ydlidar_ros2_driver' build argument 'cmake_args' from command line to 'None'
[2.495s] Level 5:colcon.colcon_core.verb:set package 'ydlidar_ros2_driver' build argument 'cmake_target' from command line to 'None'
[2.495s] Level 5:colcon.colcon_core.verb:set package 'ydlidar_ros2_driver' build argument 'cmake_target_skip_unavailable' from command line to 'False'
[2.495s] Level 5:colcon.colcon_core.verb:set package 'ydlidar_ros2_driver' build argument 'cmake_clean_cache' from command line to 'False'
[2.495s] Level 5:colcon.colcon_core.verb:set package 'ydlidar_ros2_driver' build argument 'cmake_clean_first' from command line to 'False'
[2.495s] Level 5:colcon.colcon_core.verb:set package 'ydlidar_ros2_driver' build argument 'cmake_force_configure' from command line to 'False'
[2.495s] Level 5:colcon.colcon_core.verb:set package 'ydlidar_ros2_driver' build argument 'ament_cmake_args' from command line to 'None'
[2.495s] Level 5:colcon.colcon_core.verb:set package 'ydlidar_ros2_driver' build argument 'catkin_cmake_args' from command line to 'None'
[2.496s] Level 5:colcon.colcon_core.verb:set package 'ydlidar_ros2_driver' build argument 'catkin_skip_building_tests' from command line to 'False'
[2.496s] DEBUG:colcon.colcon_core.verb:Building package 'ydlidar_ros2_driver' with the following arguments: {'ament_cmake_args': None, 'build_base': '/home/hb/hb_ws/build/ydlidar_ros2_driver', 'catkin_cmake_args': None, 'catkin_skip_building_tests': False, 'cmake_args': None, 'cmake_clean_cache': False, 'cmake_clean_first': False, 'cmake_force_configure': False, 'cmake_target': None, 'cmake_target_skip_unavailable': False, 'install_base': '/home/hb/hb_ws/install/ydlidar_ros2_driver', 'merge_install': False, 'path': '/home/hb/hb_ws/src/ydlidar_ros2_driver', 'symlink_install': False, 'test_result_base': None}
[2.496s] INFO:colcon.colcon_core.executor:Executing jobs using 'parallel' executor
[2.499s] DEBUG:colcon.colcon_parallel_executor.executor.parallel:run_until_complete
[2.500s] INFO:colcon.colcon_ros.task.ament_python.build:Building ROS package in '/home/hb/hb_ws/src/serial_communication' with build type 'ament_python'
[2.501s] Level 1:colcon.colcon_core.shell:create_environment_hook('serial_communication', 'ament_prefix_path')
[2.546s] INFO:colcon.colcon_core.plugin_system:Skipping extension 'colcon_core.shell.bat': Not used on non-Windows systems
[2.548s] INFO:colcon.colcon_core.shell:Creating environment hook '/home/hb/hb_ws/install/serial_communication/share/serial_communication/hook/ament_prefix_path.ps1'
[2.554s] INFO:colcon.colcon_core.shell:Creating environment descriptor '/home/hb/hb_ws/install/serial_communication/share/serial_communication/hook/ament_prefix_path.dsv'
[2.557s] INFO:colcon.colcon_core.shell:Creating environment hook '/home/hb/hb_ws/install/serial_communication/share/serial_communication/hook/ament_prefix_path.sh'
[2.562s] INFO:colcon.colcon_core.shell:Skip shell extension 'powershell' for command environment: Not usable outside of PowerShell
[2.562s] DEBUG:colcon.colcon_core.shell:Skip shell extension 'dsv' for command environment
[2.591s] INFO:colcon.colcon_ros.task.ament_cmake.build:Building ROS package in '/home/hb/hb_ws/src/teleop_twist_joy' with build type 'ament_cmake'
[2.592s] INFO:colcon.colcon_cmake.task.cmake.build:Building CMake package in '/home/hb/hb_ws/src/teleop_twist_joy'
[2.593s] INFO:colcon.colcon_core.shell:Skip shell extension 'powershell' for command environment: Not usable outside of PowerShell
[2.593s] DEBUG:colcon.colcon_core.shell:Skip shell extension 'dsv' for command environment
[2.626s] INFO:colcon.colcon_ros.task.ament_cmake.build:Building ROS package in '/home/hb/hb_ws/src/usb_cam' with build type 'ament_cmake'
[2.627s] INFO:colcon.colcon_cmake.task.cmake.build:Building CMake package in '/home/hb/hb_ws/src/usb_cam'
[2.628s] INFO:colcon.colcon_core.shell:Skip shell extension 'powershell' for command environment: Not usable outside of PowerShell
[2.629s] DEBUG:colcon.colcon_core.shell:Skip shell extension 'dsv' for command environment
[2.656s] INFO:colcon.colcon_ros.task.ament_cmake.build:Building ROS package in '/home/hb/hb_ws/src/ydlidar_ros2_driver' with build type 'ament_cmake'
[2.657s] INFO:colcon.colcon_cmake.task.cmake.build:Building CMake package in '/home/hb/hb_ws/src/ydlidar_ros2_driver'
[2.659s] INFO:colcon.colcon_core.shell:Skip shell extension 'powershell' for command environment: Not usable outside of PowerShell
[2.660s] DEBUG:colcon.colcon_core.shell:Skip shell extension 'dsv' for command environment
[3.986s] INFO:colcon.colcon_core.task.python.build:Building Python package in '/home/hb/hb_ws/src/serial_communication'
[3.987s] INFO:colcon.colcon_core.shell:Skip shell extension 'powershell' for command environment: Not usable outside of PowerShell
[3.987s] DEBUG:colcon.colcon_core.shell:Skip shell extension 'dsv' for command environment
[4.035s] DEBUG:colcon.colcon_core.event_handler.log_command:Invoking command in '/home/hb/hb_ws/build/teleop_twist_joy': CMAKE_PREFIX_PATH=/home/hb/hb_ws/install/ydlidar_ros2_driver:/home/hb/hb_ws/install/serial_communication:/opt/ros/humble:/home/hb/hb_ws/install/teleop_twist_joy:/home/hb/hb_ws/install/micro_ros_setup:/home/hb/hb_ws/install/micro_ros_agent:/home/hb/hb_ws/install/micro_ros_msgs /usr/bin/cmake --build /home/hb/hb_ws/build/teleop_twist_joy -- -j4 -l4
[4.071s] DEBUG:colcon.colcon_core.event_handler.log_command:Invoking command in '/home/hb/hb_ws/build/usb_cam': CMAKE_PREFIX_PATH=/home/hb/hb_ws/install/ydlidar_ros2_driver:/home/hb/hb_ws/install/serial_communication:/opt/ros/humble:/home/hb/hb_ws/install/teleop_twist_joy:/home/hb/hb_ws/install/micro_ros_setup:/home/hb/hb_ws/install/micro_ros_agent:/home/hb/hb_ws/install/micro_ros_msgs /usr/bin/cmake /home/hb/hb_ws/src/usb_cam -DCMAKE_INSTALL_PREFIX=/home/hb/hb_ws/install/usb_cam
[4.106s] DEBUG:colcon.colcon_core.event_handler.log_command:Invoking command in '/home/hb/hb_ws/build/ydlidar_ros2_driver': CMAKE_PREFIX_PATH=/home/hb/hb_ws/install/ydlidar_ros2_driver:/home/hb/hb_ws/install/serial_communication:/opt/ros/humble:/home/hb/hb_ws/install/teleop_twist_joy:/home/hb/hb_ws/install/micro_ros_setup:/home/hb/hb_ws/install/micro_ros_agent:/home/hb/hb_ws/install/micro_ros_msgs /usr/bin/cmake --build /home/hb/hb_ws/build/ydlidar_ros2_driver -- -j4 -l4
[5.087s] DEBUG:colcon.colcon_core.event_handler.log_command:Invoked command in '/home/hb/hb_ws/build/ydlidar_ros2_driver' returned '0': CMAKE_PREFIX_PATH=/home/hb/hb_ws/install/ydlidar_ros2_driver:/home/hb/hb_ws/install/serial_communication:/opt/ros/humble:/home/hb/hb_ws/install/teleop_twist_joy:/home/hb/hb_ws/install/micro_ros_setup:/home/hb/hb_ws/install/micro_ros_agent:/home/hb/hb_ws/install/micro_ros_msgs /usr/bin/cmake --build /home/hb/hb_ws/build/ydlidar_ros2_driver -- -j4 -l4
[5.294s] DEBUG:colcon.colcon_core.event_handler.log_command:Invoked command in '/home/hb/hb_ws/build/teleop_twist_joy' returned '0': CMAKE_PREFIX_PATH=/home/hb/hb_ws/install/ydlidar_ros2_driver:/home/hb/hb_ws/install/serial_communication:/opt/ros/humble:/home/hb/hb_ws/install/teleop_twist_joy:/home/hb/hb_ws/install/micro_ros_setup:/home/hb/hb_ws/install/micro_ros_agent:/home/hb/hb_ws/install/micro_ros_msgs /usr/bin/cmake --build /home/hb/hb_ws/build/teleop_twist_joy -- -j4 -l4
[5.361s] DEBUG:colcon.colcon_core.event_handler.log_command:Invoking command in '/home/hb/hb_ws/build/ydlidar_ros2_driver': CMAKE_PREFIX_PATH=/home/hb/hb_ws/install/ydlidar_ros2_driver:/home/hb/hb_ws/install/serial_communication:/opt/ros/humble:/home/hb/hb_ws/install/teleop_twist_joy:/home/hb/hb_ws/install/micro_ros_setup:/home/hb/hb_ws/install/micro_ros_agent:/home/hb/hb_ws/install/micro_ros_msgs /usr/bin/cmake --install /home/hb/hb_ws/build/ydlidar_ros2_driver
[5.498s] Level 1:colcon.colcon_core.environment:create_environment_scripts_only(ydlidar_ros2_driver)
[5.503s] DEBUG:colcon.colcon_core.event_handler.log_command:Invoked command in '/home/hb/hb_ws/build/ydlidar_ros2_driver' returned '0': CMAKE_PREFIX_PATH=/home/hb/hb_ws/install/ydlidar_ros2_driver:/home/hb/hb_ws/install/serial_communication:/opt/ros/humble:/home/hb/hb_ws/install/teleop_twist_joy:/home/hb/hb_ws/install/micro_ros_setup:/home/hb/hb_ws/install/micro_ros_agent:/home/hb/hb_ws/install/micro_ros_msgs /usr/bin/cmake --install /home/hb/hb_ws/build/ydlidar_ros2_driver
[5.565s] Level 1:colcon.colcon_core.environment:checking '/home/hb/hb_ws/install/ydlidar_ros2_driver' for CMake module files
[5.569s] Level 1:colcon.colcon_core.environment:checking '/home/hb/hb_ws/install/ydlidar_ros2_driver' for CMake config files
[5.572s] Level 1:colcon.colcon_core.shell:create_environment_hook('ydlidar_ros2_driver', 'cmake_prefix_path')
[5.573s] INFO:colcon.colcon_core.shell:Creating environment hook '/home/hb/hb_ws/install/ydlidar_ros2_driver/share/ydlidar_ros2_driver/hook/cmake_prefix_path.ps1'
[5.575s] INFO:colcon.colcon_core.shell:Creating environment descriptor '/home/hb/hb_ws/install/ydlidar_ros2_driver/share/ydlidar_ros2_driver/hook/cmake_prefix_path.dsv'
[5.577s] INFO:colcon.colcon_core.shell:Creating environment hook '/home/hb/hb_ws/install/ydlidar_ros2_driver/share/ydlidar_ros2_driver/hook/cmake_prefix_path.sh'
[5.581s] Level 1:colcon.colcon_core.environment:checking '/home/hb/hb_ws/install/ydlidar_ros2_driver/lib'
[5.582s] Level 1:colcon.colcon_core.environment:checking '/home/hb/hb_ws/install/ydlidar_ros2_driver/bin'
[5.583s] Level 1:colcon.colcon_core.environment:checking '/home/hb/hb_ws/install/ydlidar_ros2_driver/lib/pkgconfig/ydlidar_ros2_driver.pc'
[5.584s] Level 1:colcon.colcon_core.environment:checking '/home/hb/hb_ws/install/ydlidar_ros2_driver/lib/python3.10/site-packages'
[5.585s] Level 1:colcon.colcon_core.environment:checking '/home/hb/hb_ws/install/ydlidar_ros2_driver/bin'
[5.587s] INFO:colcon.colcon_core.shell:Creating package script '/home/hb/hb_ws/install/ydlidar_ros2_driver/share/ydlidar_ros2_driver/package.ps1'
[5.592s] INFO:colcon.colcon_core.shell:Creating package descriptor '/home/hb/hb_ws/install/ydlidar_ros2_driver/share/ydlidar_ros2_driver/package.dsv'
[5.597s] INFO:colcon.colcon_core.shell:Creating package script '/home/hb/hb_ws/install/ydlidar_ros2_driver/share/ydlidar_ros2_driver/package.sh'
[5.605s] INFO:colcon.colcon_core.shell:Creating package script '/home/hb/hb_ws/install/ydlidar_ros2_driver/share/ydlidar_ros2_driver/package.bash'
[5.616s] INFO:colcon.colcon_core.shell:Creating package script '/home/hb/hb_ws/install/ydlidar_ros2_driver/share/ydlidar_ros2_driver/package.zsh'
[5.621s] Level 1:colcon.colcon_core.environment:create_file_with_runtime_dependencies(/home/hb/hb_ws/install/ydlidar_ros2_driver/share/colcon-core/packages/ydlidar_ros2_driver)
[5.643s] DEBUG:colcon.colcon_core.event_handler.log_command:Invoking command in '/home/hb/hb_ws/build/teleop_twist_joy': CMAKE_PREFIX_PATH=/home/hb/hb_ws/install/ydlidar_ros2_driver:/home/hb/hb_ws/install/serial_communication:/opt/ros/humble:/home/hb/hb_ws/install/teleop_twist_joy:/home/hb/hb_ws/install/micro_ros_setup:/home/hb/hb_ws/install/micro_ros_agent:/home/hb/hb_ws/install/micro_ros_msgs /usr/bin/cmake --install /home/hb/hb_ws/build/teleop_twist_joy
[5.802s] Level 1:colcon.colcon_core.environment:create_environment_scripts_only(teleop_twist_joy)
[5.804s] Level 1:colcon.colcon_core.environment:checking '/home/hb/hb_ws/install/teleop_twist_joy' for CMake module files
[5.807s] Level 1:colcon.colcon_core.environment:checking '/home/hb/hb_ws/install/teleop_twist_joy' for CMake config files
[5.812s] DEBUG:colcon.colcon_core.event_handler.log_command:Invoked command in '/home/hb/hb_ws/build/teleop_twist_joy' returned '0': CMAKE_PREFIX_PATH=/home/hb/hb_ws/install/ydlidar_ros2_driver:/home/hb/hb_ws/install/serial_communication:/opt/ros/humble:/home/hb/hb_ws/install/teleop_twist_joy:/home/hb/hb_ws/install/micro_ros_setup:/home/hb/hb_ws/install/micro_ros_agent:/home/hb/hb_ws/install/micro_ros_msgs /usr/bin/cmake --install /home/hb/hb_ws/build/teleop_twist_joy
[5.813s] Level 1:colcon.colcon_core.shell:create_environment_hook('teleop_twist_joy', 'cmake_prefix_path')
[5.814s] INFO:colcon.colcon_core.shell:Creating environment hook '/home/hb/hb_ws/install/teleop_twist_joy/share/teleop_twist_joy/hook/cmake_prefix_path.ps1'
[5.817s] INFO:colcon.colcon_core.shell:Creating environment descriptor '/home/hb/hb_ws/install/teleop_twist_joy/share/teleop_twist_joy/hook/cmake_prefix_path.dsv'
[5.819s] INFO:colcon.colcon_core.shell:Creating environment hook '/home/hb/hb_ws/install/teleop_twist_joy/share/teleop_twist_joy/hook/cmake_prefix_path.sh'
[5.822s] Level 1:colcon.colcon_core.environment:checking '/home/hb/hb_ws/install/teleop_twist_joy/lib'
[5.823s] Level 1:colcon.colcon_core.shell:create_environment_hook('teleop_twist_joy', 'ld_library_path_lib')
[5.824s] INFO:colcon.colcon_core.shell:Creating environment hook '/home/hb/hb_ws/install/teleop_twist_joy/share/teleop_twist_joy/hook/ld_library_path_lib.ps1'
[5.827s] INFO:colcon.colcon_core.shell:Creating environment descriptor '/home/hb/hb_ws/install/teleop_twist_joy/share/teleop_twist_joy/hook/ld_library_path_lib.dsv'
[5.831s] INFO:colcon.colcon_core.shell:Creating environment hook '/home/hb/hb_ws/install/teleop_twist_joy/share/teleop_twist_joy/hook/ld_library_path_lib.sh'
[5.834s] Level 1:colcon.colcon_core.environment:checking '/home/hb/hb_ws/install/teleop_twist_joy/bin'
[5.834s] Level 1:colcon.colcon_core.environment:checking '/home/hb/hb_ws/install/teleop_twist_joy/lib/pkgconfig/teleop_twist_joy.pc'
[5.836s] Level 1:colcon.colcon_core.environment:checking '/home/hb/hb_ws/install/teleop_twist_joy/lib/python3.10/site-packages'
[5.837s] Level 1:colcon.colcon_core.environment:checking '/home/hb/hb_ws/install/teleop_twist_joy/bin'
[5.839s] INFO:colcon.colcon_core.shell:Creating package script '/home/hb/hb_ws/install/teleop_twist_joy/share/teleop_twist_joy/package.ps1'
[5.842s] INFO:colcon.colcon_core.shell:Creating package descriptor '/home/hb/hb_ws/install/teleop_twist_joy/share/teleop_twist_joy/package.dsv'
[5.845s] INFO:colcon.colcon_core.shell:Creating package script '/home/hb/hb_ws/install/teleop_twist_joy/share/teleop_twist_joy/package.sh'
[5.848s] INFO:colcon.colcon_core.shell:Creating package script '/home/hb/hb_ws/install/teleop_twist_joy/share/teleop_twist_joy/package.bash'
[5.851s] INFO:colcon.colcon_core.shell:Creating package script '/home/hb/hb_ws/install/teleop_twist_joy/share/teleop_twist_joy/package.zsh'
[5.853s] Level 1:colcon.colcon_core.environment:create_file_with_runtime_dependencies(/home/hb/hb_ws/install/teleop_twist_joy/share/colcon-core/packages/teleop_twist_joy)
[5.868s] Level 1:colcon.colcon_core.environment:create_environment_scripts_only(ydlidar_ros2_driver)
[5.870s] Level 1:colcon.colcon_core.environment:checking '/home/hb/hb_ws/install/ydlidar_ros2_driver' for CMake module files
[5.873s] Level 1:colcon.colcon_core.environment:checking '/home/hb/hb_ws/install/ydlidar_ros2_driver' for CMake config files
[5.876s] Level 1:colcon.colcon_core.shell:create_environment_hook('ydlidar_ros2_driver', 'cmake_prefix_path')
[5.877s] INFO:colcon.colcon_core.shell:Creating environment hook '/home/hb/hb_ws/install/ydlidar_ros2_driver/share/ydlidar_ros2_driver/hook/cmake_prefix_path.ps1'
[5.880s] INFO:colcon.colcon_core.shell:Creating environment descriptor '/home/hb/hb_ws/install/ydlidar_ros2_driver/share/ydlidar_ros2_driver/hook/cmake_prefix_path.dsv'
[5.883s] INFO:colcon.colcon_core.shell:Creating environment hook '/home/hb/hb_ws/install/ydlidar_ros2_driver/share/ydlidar_ros2_driver/hook/cmake_prefix_path.sh'
[5.888s] Level 1:colcon.colcon_core.environment:checking '/home/hb/hb_ws/install/ydlidar_ros2_driver/lib'
[5.889s] Level 1:colcon.colcon_core.environment:checking '/home/hb/hb_ws/install/ydlidar_ros2_driver/bin'
[5.889s] Level 1:colcon.colcon_core.environment:checking '/home/hb/hb_ws/install/ydlidar_ros2_driver/lib/pkgconfig/ydlidar_ros2_driver.pc'
[5.891s] Level 1:colcon.colcon_core.environment:checking '/home/hb/hb_ws/install/ydlidar_ros2_driver/lib/python3.10/site-packages'
[5.893s] Level 1:colcon.colcon_core.environment:checking '/home/hb/hb_ws/install/ydlidar_ros2_driver/bin'
[5.894s] INFO:colcon.colcon_core.shell:Creating package script '/home/hb/hb_ws/install/ydlidar_ros2_driver/share/ydlidar_ros2_driver/package.ps1'
[5.898s] INFO:colcon.colcon_core.shell:Creating package descriptor '/home/hb/hb_ws/install/ydlidar_ros2_driver/share/ydlidar_ros2_driver/package.dsv'
[5.901s] INFO:colcon.colcon_core.shell:Creating package script '/home/hb/hb_ws/install/ydlidar_ros2_driver/share/ydlidar_ros2_driver/package.sh'
[5.904s] INFO:colcon.colcon_core.shell:Creating package script '/home/hb/hb_ws/install/ydlidar_ros2_driver/share/ydlidar_ros2_driver/package.bash'
[5.907s] INFO:colcon.colcon_core.shell:Creating package script '/home/hb/hb_ws/install/ydlidar_ros2_driver/share/ydlidar_ros2_driver/package.zsh'
[5.909s] Level 1:colcon.colcon_core.environment:create_file_with_runtime_dependencies(/home/hb/hb_ws/install/ydlidar_ros2_driver/share/colcon-core/packages/ydlidar_ros2_driver)
[6.078s] Level 1:colcon.colcon_core.environment:create_environment_scripts_only(teleop_twist_joy)
[6.080s] Level 1:colcon.colcon_core.environment:checking '/home/hb/hb_ws/install/teleop_twist_joy' for CMake module files
[6.084s] Level 1:colcon.colcon_core.environment:checking '/home/hb/hb_ws/install/teleop_twist_joy' for CMake config files
[6.088s] Level 1:colcon.colcon_core.shell:create_environment_hook('teleop_twist_joy', 'cmake_prefix_path')
[6.089s] INFO:colcon.colcon_core.shell:Creating environment hook '/home/hb/hb_ws/install/teleop_twist_joy/share/teleop_twist_joy/hook/cmake_prefix_path.ps1'
[6.092s] INFO:colcon.colcon_core.shell:Creating environment descriptor '/home/hb/hb_ws/install/teleop_twist_joy/share/teleop_twist_joy/hook/cmake_prefix_path.dsv'
[6.095s] INFO:colcon.colcon_core.shell:Creating environment hook '/home/hb/hb_ws/install/teleop_twist_joy/share/teleop_twist_joy/hook/cmake_prefix_path.sh'
[6.100s] Level 1:colcon.colcon_core.environment:checking '/home/hb/hb_ws/install/teleop_twist_joy/lib'
[6.101s] Level 1:colcon.colcon_core.shell:create_environment_hook('teleop_twist_joy', 'ld_library_path_lib')
[6.103s] INFO:colcon.colcon_core.shell:Creating environment hook '/home/hb/hb_ws/install/teleop_twist_joy/share/teleop_twist_joy/hook/ld_library_path_lib.ps1'
[6.107s] INFO:colcon.colcon_core.shell:Creating environment descriptor '/home/hb/hb_ws/install/teleop_twist_joy/share/teleop_twist_joy/hook/ld_library_path_lib.dsv'
[6.110s] INFO:colcon.colcon_core.shell:Creating environment hook '/home/hb/hb_ws/install/teleop_twist_joy/share/teleop_twist_joy/hook/ld_library_path_lib.sh'
[6.113s] Level 1:colcon.colcon_core.environment:checking '/home/hb/hb_ws/install/teleop_twist_joy/bin'
[6.114s] Level 1:colcon.colcon_core.environment:checking '/home/hb/hb_ws/install/teleop_twist_joy/lib/pkgconfig/teleop_twist_joy.pc'
[6.115s] Level 1:colcon.colcon_core.environment:checking '/home/hb/hb_ws/install/teleop_twist_joy/lib/python3.10/site-packages'
[6.117s] Level 1:colcon.colcon_core.environment:checking '/home/hb/hb_ws/install/teleop_twist_joy/bin'
[6.119s] INFO:colcon.colcon_core.shell:Creating package script '/home/hb/hb_ws/install/teleop_twist_joy/share/teleop_twist_joy/package.ps1'
[6.122s] INFO:colcon.colcon_core.shell:Creating package descriptor '/home/hb/hb_ws/install/teleop_twist_joy/share/teleop_twist_joy/package.dsv'
[6.126s] INFO:colcon.colcon_core.shell:Creating package script '/home/hb/hb_ws/install/teleop_twist_joy/share/teleop_twist_joy/package.sh'
[6.129s] INFO:colcon.colcon_core.shell:Creating package script '/home/hb/hb_ws/install/teleop_twist_joy/share/teleop_twist_joy/package.bash'
[6.134s] INFO:colcon.colcon_core.shell:Creating package script '/home/hb/hb_ws/install/teleop_twist_joy/share/teleop_twist_joy/package.zsh'
[6.137s] Level 1:colcon.colcon_core.environment:create_file_with_runtime_dependencies(/home/hb/hb_ws/install/teleop_twist_joy/share/colcon-core/packages/teleop_twist_joy)
[6.651s] DEBUG:colcon.colcon_core.event_handler.log_command:Invoking command in '/home/hb/hb_ws/src/serial_communication': PYTHONPATH=/home/hb/hb_ws/build/serial_communication/prefix_override:/home/hb/hb_ws/install/serial_communication/lib/python3.10/site-packages:${PYTHONPATH} /usr/bin/python3 -W ignore:setup.py install is deprecated setup.py egg_info --egg-base ../../build/serial_communication build --build-base /home/hb/hb_ws/build/serial_communication/build install --record /home/hb/hb_ws/build/serial_communication/install.log --single-version-externally-managed install_data
[8.418s] Level 1:colcon.colcon_core.environment:checking '/home/hb/hb_ws/install/serial_communication' for CMake module files
[8.420s] DEBUG:colcon.colcon_core.event_handler.log_command:Invoked command in '/home/hb/hb_ws/src/serial_communication' returned '0': PYTHONPATH=/home/hb/hb_ws/build/serial_communication/prefix_override:/home/hb/hb_ws/install/serial_communication/lib/python3.10/site-packages:${PYTHONPATH} /usr/bin/python3 -W ignore:setup.py install is deprecated setup.py egg_info --egg-base ../../build/serial_communication build --build-base /home/hb/hb_ws/build/serial_communication/build install --record /home/hb/hb_ws/build/serial_communication/install.log --single-version-externally-managed install_data
[8.422s] Level 1:colcon.colcon_core.environment:checking '/home/hb/hb_ws/install/serial_communication' for CMake config files
[8.426s] Level 1:colcon.colcon_core.environment:checking '/home/hb/hb_ws/install/serial_communication/lib'
[8.426s] Level 1:colcon.colcon_core.environment:checking '/home/hb/hb_ws/install/serial_communication/bin'
[8.427s] Level 1:colcon.colcon_core.environment:checking '/home/hb/hb_ws/install/serial_communication/lib/pkgconfig/serial_communication.pc'
[8.428s] Level 1:colcon.colcon_core.environment:checking '/home/hb/hb_ws/install/serial_communication/lib/python3.10/site-packages'
[8.428s] Level 1:colcon.colcon_core.shell:create_environment_hook('serial_communication', 'pythonpath')
[8.429s] INFO:colcon.colcon_core.shell:Creating environment hook '/home/hb/hb_ws/install/serial_communication/share/serial_communication/hook/pythonpath.ps1'
[8.432s] INFO:colcon.colcon_core.shell:Creating environment descriptor '/home/hb/hb_ws/install/serial_communication/share/serial_communication/hook/pythonpath.dsv'
[8.433s] INFO:colcon.colcon_core.shell:Creating environment hook '/home/hb/hb_ws/install/serial_communication/share/serial_communication/hook/pythonpath.sh'
[8.437s] Level 1:colcon.colcon_core.environment:checking '/home/hb/hb_ws/install/serial_communication/bin'
[8.437s] Level 1:colcon.colcon_core.environment:create_environment_scripts_only(serial_communication)
[8.439s] INFO:colcon.colcon_core.shell:Creating package script '/home/hb/hb_ws/install/serial_communication/share/serial_communication/package.ps1'
[8.442s] INFO:colcon.colcon_core.shell:Creating package descriptor '/home/hb/hb_ws/install/serial_communication/share/serial_communication/package.dsv'
[8.444s] INFO:colcon.colcon_core.shell:Creating package script '/home/hb/hb_ws/install/serial_communication/share/serial_communication/package.sh'
[8.447s] INFO:colcon.colcon_core.shell:Creating package script '/home/hb/hb_ws/install/serial_communication/share/serial_communication/package.bash'
[8.448s] INFO:colcon.colcon_core.shell:Creating package script '/home/hb/hb_ws/install/serial_communication/share/serial_communication/package.zsh'
[8.453s] Level 1:colcon.colcon_core.environment:create_file_with_runtime_dependencies(/home/hb/hb_ws/install/serial_communication/share/colcon-core/packages/serial_communication)
[19.337s] DEBUG:colcon.colcon_core.event_handler.log_command:Invoked command in '/home/hb/hb_ws/build/usb_cam' returned '0': CMAKE_PREFIX_PATH=/home/hb/hb_ws/install/ydlidar_ros2_driver:/home/hb/hb_ws/install/serial_communication:/opt/ros/humble:/home/hb/hb_ws/install/teleop_twist_joy:/home/hb/hb_ws/install/micro_ros_setup:/home/hb/hb_ws/install/micro_ros_agent:/home/hb/hb_ws/install/micro_ros_msgs /usr/bin/cmake /home/hb/hb_ws/src/usb_cam -DCMAKE_INSTALL_PREFIX=/home/hb/hb_ws/install/usb_cam
[19.355s] DEBUG:colcon.colcon_core.event_handler.log_command:Invoking command in '/home/hb/hb_ws/build/usb_cam': CMAKE_PREFIX_PATH=/home/hb/hb_ws/install/ydlidar_ros2_driver:/home/hb/hb_ws/install/serial_communication:/opt/ros/humble:/home/hb/hb_ws/install/teleop_twist_joy:/home/hb/hb_ws/install/micro_ros_setup:/home/hb/hb_ws/install/micro_ros_agent:/home/hb/hb_ws/install/micro_ros_msgs /usr/bin/cmake --build /home/hb/hb_ws/build/usb_cam -- -j4 -l4
[28.530s] DEBUG:colcon.colcon_parallel_executor.executor.parallel:run_until_complete was interrupted
[28.530s] DEBUG:colcon.colcon_parallel_executor.executor.parallel:run_until_complete again
[28.601s] DEBUG:colcon.colcon_core.event_handler.log_command:Invoked command in '/home/hb/hb_ws/build/usb_cam' returned '-2': CMAKE_PREFIX_PATH=/home/hb/hb_ws/install/ydlidar_ros2_driver:/home/hb/hb_ws/install/serial_communication:/opt/ros/humble:/home/hb/hb_ws/install/teleop_twist_joy:/home/hb/hb_ws/install/micro_ros_setup:/home/hb/hb_ws/install/micro_ros_agent:/home/hb/hb_ws/install/micro_ros_msgs /usr/bin/cmake --build /home/hb/hb_ws/build/usb_cam -- -j4 -l4
[28.986s] Level 1:colcon.colcon_core.environment:create_environment_scripts_only(usb_cam)
[28.989s] Level 1:colcon.colcon_core.environment:checking '/home/hb/hb_ws/install/usb_cam' for CMake module files
[28.992s] Level 1:colcon.colcon_core.environment:checking '/home/hb/hb_ws/install/usb_cam' for CMake config files
[28.994s] Level 1:colcon.colcon_core.environment:checking '/home/hb/hb_ws/install/usb_cam/bin'
[28.994s] Level 1:colcon.colcon_core.environment:checking '/home/hb/hb_ws/install/usb_cam/lib/pkgconfig/usb_cam.pc'
[28.997s] Level 1:colcon.colcon_core.environment:checking '/home/hb/hb_ws/install/usb_cam/lib/python3.10/site-packages'
[29.000s] Level 1:colcon.colcon_core.environment:checking '/home/hb/hb_ws/install/usb_cam/bin'
[29.002s] INFO:colcon.colcon_core.shell:Creating package script '/home/hb/hb_ws/install/usb_cam/share/usb_cam/package.ps1'
[29.006s] INFO:colcon.colcon_core.shell:Creating package descriptor '/home/hb/hb_ws/install/usb_cam/share/usb_cam/package.dsv'
[29.009s] INFO:colcon.colcon_core.shell:Creating package script '/home/hb/hb_ws/install/usb_cam/share/usb_cam/package.sh'
[29.011s] INFO:colcon.colcon_core.shell:Creating package script '/home/hb/hb_ws/install/usb_cam/share/usb_cam/package.bash'
[29.013s] INFO:colcon.colcon_core.shell:Creating package script '/home/hb/hb_ws/install/usb_cam/share/usb_cam/package.zsh'
[29.016s] Level 1:colcon.colcon_core.environment:create_file_with_runtime_dependencies(/home/hb/hb_ws/install/usb_cam/share/colcon-core/packages/usb_cam)
[29.028s] DEBUG:colcon.colcon_parallel_executor.executor.parallel:run_until_complete finished
[29.028s] DEBUG:colcon.colcon_parallel_executor.executor.parallel:closing loop
[29.029s] DEBUG:colcon.colcon_parallel_executor.executor.parallel:loop closed
[29.030s] DEBUG:colcon.colcon_core.event_reactor:joining thread
[29.073s] INFO:colcon.colcon_core.plugin_system:Skipping extension 'colcon_notification.desktop_notification.terminal_notifier': Not used on non-Darwin systems
[29.073s] INFO:colcon.colcon_core.plugin_system:Skipping extension 'colcon_notification.desktop_notification.win32': Not used on non-Windows systems
[29.073s] INFO:colcon.colcon_notification.desktop_notification:Sending desktop notification using 'notify2'
[29.176s] DEBUG:colcon.colcon_core.event_reactor:joined thread
[29.177s] INFO:colcon.colcon_core.shell:Creating prefix script '/home/hb/hb_ws/install/local_setup.ps1'
[29.187s] INFO:colcon.colcon_core.shell:Creating prefix util module '/home/hb/hb_ws/install/_local_setup_util_ps1.py'
[29.197s] INFO:colcon.colcon_core.shell:Creating prefix chain script '/home/hb/hb_ws/install/setup.ps1'
[29.207s] INFO:colcon.colcon_core.shell:Creating prefix script '/home/hb/hb_ws/install/local_setup.sh'
[29.211s] INFO:colcon.colcon_core.shell:Creating prefix util module '/home/hb/hb_ws/install/_local_setup_util_sh.py'
[29.214s] INFO:colcon.colcon_core.shell:Creating prefix chain script '/home/hb/hb_ws/install/setup.sh'
[29.223s] INFO:colcon.colcon_core.shell:Creating prefix script '/home/hb/hb_ws/install/local_setup.bash'
[29.228s] INFO:colcon.colcon_core.shell:Creating prefix chain script '/home/hb/hb_ws/install/setup.bash'
[29.240s] INFO:colcon.colcon_core.shell:Creating prefix script '/home/hb/hb_ws/install/local_setup.zsh'
[29.245s] INFO:colcon.colcon_core.shell:Creating prefix chain script '/home/hb/hb_ws/install/setup.zsh'
