[1.680s] Invoking command in '/home/hb/hb_ws/build/usb_cam': CMAKE_PREFIX_PATH=/home/hb/hb_ws/install/ydlidar_ros2_driver:/home/hb/hb_ws/install/usb_cam:/home/hb/hb_ws/install/serial_communication:/opt/ros/humble:/home/hb/hb_ws/install/teleop_twist_joy:/home/hb/hb_ws/install/micro_ros_setup:/home/hb/hb_ws/install/micro_ros_agent:/home/hb/hb_ws/install/micro_ros_msgs:/home/hb/hb_ws/install/apriltag_ros /usr/bin/cmake --build /home/hb/hb_ws/build/usb_cam -- -j4 -l4
[2.166s] [ 14%] Built target usb_cam
[2.284s] [ 28%] Built target gtest
[2.284s] [ 42%] Built target usb_cam_node_exe
[2.288s] [ 57%] Built target gtest_main
[2.414s] [ 71%] Built target usb_cam_node
[2.497s] [ 85%] Built target test_usb_cam_utils
[2.517s] [100%] Built target test_pixel_formats
[2.592s] Invoked command in '/home/hb/hb_ws/build/usb_cam' returned '0': CMAKE_PREFIX_PATH=/home/hb/hb_ws/install/ydlidar_ros2_driver:/home/hb/hb_ws/install/usb_cam:/home/hb/hb_ws/install/serial_communication:/opt/ros/humble:/home/hb/hb_ws/install/teleop_twist_joy:/home/hb/hb_ws/install/micro_ros_setup:/home/hb/hb_ws/install/micro_ros_agent:/home/hb/hb_ws/install/micro_ros_msgs:/home/hb/hb_ws/install/apriltag_ros /usr/bin/cmake --build /home/hb/hb_ws/build/usb_cam -- -j4 -l4
[2.976s] Invoking command in '/home/hb/hb_ws/build/usb_cam': CMAKE_PREFIX_PATH=/home/hb/hb_ws/install/ydlidar_ros2_driver:/home/hb/hb_ws/install/usb_cam:/home/hb/hb_ws/install/serial_communication:/opt/ros/humble:/home/hb/hb_ws/install/teleop_twist_joy:/home/hb/hb_ws/install/micro_ros_setup:/home/hb/hb_ws/install/micro_ros_agent:/home/hb/hb_ws/install/micro_ros_msgs:/home/hb/hb_ws/install/apriltag_ros /usr/bin/cmake --install /home/hb/hb_ws/build/usb_cam
[3.030s] -- Install configuration: ""
[3.031s] -- Up-to-date: /home/hb/hb_ws/install/usb_cam/share/usb_cam/environment/library_path.sh
[3.033s] -- Up-to-date: /home/hb/hb_ws/install/usb_cam/share/usb_cam/environment/library_path.dsv
[3.034s] -- Up-to-date: /home/hb/hb_ws/install/usb_cam/lib/usb_cam/usb_cam_node_exe
[3.036s] -- Up-to-date: /home/hb/hb_ws/install/usb_cam/lib/usb_cam/show_image.py
[3.037s] -- Up-to-date: /home/hb/hb_ws/install/usb_cam/lib/libusb_cam.so
[3.038s] -- Up-to-date: /home/hb/hb_ws/install/usb_cam/lib/libusb_cam_node.so
[3.039s] -- Up-to-date: /home/hb/hb_ws/install/usb_cam/include
[3.041s] -- Up-to-date: /home/hb/hb_ws/install/usb_cam/include/usb_cam
[3.053s] -- Up-to-date: /home/hb/hb_ws/install/usb_cam/include/usb_cam/conversions.hpp
[3.054s] -- Up-to-date: /home/hb/hb_ws/install/usb_cam/include/usb_cam/constants.hpp
[3.055s] -- Up-to-date: /home/hb/hb_ws/install/usb_cam/include/usb_cam/usb_cam.hpp
[3.056s] -- Up-to-date: /home/hb/hb_ws/install/usb_cam/include/usb_cam/usb_cam_node.hpp
[3.071s] -- Up-to-date: /home/hb/hb_ws/install/usb_cam/include/usb_cam/formats
[3.074s] -- Up-to-date: /home/hb/hb_ws/install/usb_cam/include/usb_cam/formats/mjpeg.hpp
[3.075s] -- Up-to-date: /home/hb/hb_ws/install/usb_cam/include/usb_cam/formats/pixel_format_base.hpp
[3.076s] -- Up-to-date: /home/hb/hb_ws/install/usb_cam/include/usb_cam/formats/uyvy.hpp
[3.079s] -- Up-to-date: /home/hb/hb_ws/install/usb_cam/include/usb_cam/formats/mono.hpp
[3.082s] -- Up-to-date: /home/hb/hb_ws/install/usb_cam/include/usb_cam/formats/av_pixel_format_helper.hpp
[3.085s] -- Up-to-date: /home/hb/hb_ws/install/usb_cam/include/usb_cam/formats/yuyv.hpp
[3.087s] -- Up-to-date: /home/hb/hb_ws/install/usb_cam/include/usb_cam/formats/rgb.hpp
[3.088s] -- Up-to-date: /home/hb/hb_ws/install/usb_cam/include/usb_cam/formats/utils.hpp
[3.091s] -- Up-to-date: /home/hb/hb_ws/install/usb_cam/include/usb_cam/formats/m420.hpp
[3.094s] -- Up-to-date: /home/hb/hb_ws/install/usb_cam/include/usb_cam/utils.hpp
[3.095s] -- Up-to-date: /home/hb/hb_ws/install/usb_cam/lib/libusb_cam_node.so
[3.096s] -- Up-to-date: /home/hb/hb_ws/install/usb_cam/share/usb_cam/launch
[3.097s] -- Up-to-date: /home/hb/hb_ws/install/usb_cam/share/usb_cam/launch/camera.launch.py
[3.098s] -- Up-to-date: /home/hb/hb_ws/install/usb_cam/share/usb_cam/launch/camera_config.py
[3.099s] -- Up-to-date: /home/hb/hb_ws/install/usb_cam/share/usb_cam/launch/__init__.py
[3.101s] -- Up-to-date: /home/hb/hb_ws/install/usb_cam/share/usb_cam/config
[3.102s] -- Up-to-date: /home/hb/hb_ws/install/usb_cam/share/usb_cam/config/params_1.yaml
[3.103s] -- Up-to-date: /home/hb/hb_ws/install/usb_cam/share/usb_cam/config/camera_info.yaml
[3.104s] -- Up-to-date: /home/hb/hb_ws/install/usb_cam/share/usb_cam/config/params_2.yaml
[3.105s] -- Up-to-date: /home/hb/hb_ws/install/usb_cam/share/ament_index/resource_index/package_run_dependencies/usb_cam
[3.106s] -- Up-to-date: /home/hb/hb_ws/install/usb_cam/share/ament_index/resource_index/parent_prefix_path/usb_cam
[3.107s] -- Up-to-date: /home/hb/hb_ws/install/usb_cam/share/usb_cam/environment/ament_prefix_path.sh
[3.108s] -- Up-to-date: /home/hb/hb_ws/install/usb_cam/share/usb_cam/environment/ament_prefix_path.dsv
[3.109s] -- Up-to-date: /home/hb/hb_ws/install/usb_cam/share/usb_cam/environment/path.sh
[3.110s] -- Up-to-date: /home/hb/hb_ws/install/usb_cam/share/usb_cam/environment/path.dsv
[3.110s] -- Up-to-date: /home/hb/hb_ws/install/usb_cam/share/usb_cam/local_setup.bash
[3.111s] -- Up-to-date: /home/hb/hb_ws/install/usb_cam/share/usb_cam/local_setup.sh
[3.112s] -- Up-to-date: /home/hb/hb_ws/install/usb_cam/share/usb_cam/local_setup.zsh
[3.113s] -- Up-to-date: /home/hb/hb_ws/install/usb_cam/share/usb_cam/local_setup.dsv
[3.114s] -- Installing: /home/hb/hb_ws/install/usb_cam/share/usb_cam/package.dsv
[3.116s] -- Up-to-date: /home/hb/hb_ws/install/usb_cam/share/ament_index/resource_index/packages/usb_cam
[3.119s] -- Up-to-date: /home/hb/hb_ws/install/usb_cam/share/ament_index/resource_index/rclcpp_components/usb_cam
[3.121s] -- Up-to-date: /home/hb/hb_ws/install/usb_cam/share/usb_cam/cmake/ament_cmake_export_libraries-extras.cmake
[3.122s] -- Up-to-date: /home/hb/hb_ws/install/usb_cam/share/usb_cam/cmake/ament_cmake_export_dependencies-extras.cmake
[3.124s] -- Up-to-date: /home/hb/hb_ws/install/usb_cam/share/usb_cam/cmake/ament_cmake_export_include_directories-extras.cmake
[3.127s] -- Up-to-date: /home/hb/hb_ws/install/usb_cam/share/usb_cam/cmake/usb_camConfig.cmake
[3.129s] -- Up-to-date: /home/hb/hb_ws/install/usb_cam/share/usb_cam/cmake/usb_camConfig-version.cmake
[3.130s] -- Up-to-date: /home/hb/hb_ws/install/usb_cam/share/usb_cam/package.xml
[3.132s] Invoked command in '/home/hb/hb_ws/build/usb_cam' returned '0': CMAKE_PREFIX_PATH=/home/hb/hb_ws/install/ydlidar_ros2_driver:/home/hb/hb_ws/install/usb_cam:/home/hb/hb_ws/install/serial_communication:/opt/ros/humble:/home/hb/hb_ws/install/teleop_twist_joy:/home/hb/hb_ws/install/micro_ros_setup:/home/hb/hb_ws/install/micro_ros_agent:/home/hb/hb_ws/install/micro_ros_msgs:/home/hb/hb_ws/install/apriltag_ros /usr/bin/cmake --install /home/hb/hb_ws/build/usb_cam
