-- Found ament_cmake_auto: 1.3.8 (/opt/ros/humble/share/ament_cmake_auto/cmake)
-- Found rosidl_generator_c: 3.1.5 (/opt/ros/humble/share/rosidl_generator_c/cmake)
-- Found rosidl_adapter: 3.1.5 (/opt/ros/humble/share/rosidl_adapter/cmake)
-- Found rosidl_generator_cpp: 3.1.5 (/opt/ros/humble/share/rosidl_generator_cpp/cmake)
-- Using all available rosidl_typesupport_c: rosidl_typesupport_fastrtps_c;rosidl_typesupport_introspection_c
-- Using all available rosidl_typesupport_cpp: rosidl_typesupport_fastrtps_cpp;rosidl_typesupport_introspection_cpp
-- Found rmw_implementation_cmake: 6.1.1 (/opt/ros/humble/share/rmw_implementation_cmake/cmake)
-- Found rmw_fastrtps_cpp: 6.2.6 (/opt/ros/humble/share/rmw_fastrtps_cpp/cmake)
-- Using RMW implementation 'rmw_fastrtps_cpp' as default
-- Found ament_lint_auto: 0.12.10 (/opt/ros/humble/share/ament_lint_auto/cmake)
-- Found gtest sources under '/opt/ros/humble/src/gtest_vendor': C++ tests using 'Google Test' will be built
-- Added test 'copyright' to check source files copyright and LICENSE
-- Added test 'cppcheck' to perform static code analysis on C / C++ code
-- Configured cppcheck include dirs: /home/hb/hb_ws/src/usb_cam/include
-- Configured cppcheck exclude dirs and/or files: 
-- Added test 'cpplint' to check C / C++ code against the Google style
-- Configured cpplint exclude dirs and/or files: 
-- Added test 'flake8' to check Python code syntax and style conventions
-- Added test 'lint_cmake' to check CMake code style
-- Added test 'pep257' to check Python code against some of the docstring style conventions in PEP 257
-- Added test 'uncrustify' to check C / C++ code style
-- Configured uncrustify additional arguments: 
-- Added test 'xmllint' to check XML markup files
-- Configuring done
-- Generating done
-- Build files have been written to: /home/hb/hb_ws/build/usb_cam
[35m[1mConsolidate compiler generated dependencies of target usb_cam_node_exe[0m
[35m[1mConsolidate compiler generated dependencies of target usb_cam[0m
[35m[1mConsolidate compiler generated dependencies of target gtest_main[0m
[35m[1mConsolidate compiler generated dependencies of target gtest[0m
[ 35%] Built target gtest_main
[ 35%] Built target gtest
[ 35%] [32mBuilding CXX object CMakeFiles/usb_cam.dir/src/usb_cam.cpp.o[0m
[ 50%] Built target usb_cam_node_exe
[ 57%] [32m[1mLinking CXX shared library libusb_cam.so[0m
[ 57%] Built target usb_cam
[ 64%] [32mBuilding CXX object CMakeFiles/usb_cam_node.dir/src/ros2/usb_cam_node.cpp.o[0m
[ 78%] [32mBuilding CXX object CMakeFiles/test_usb_cam_utils.dir/test/test_usb_cam_utils.cpp.o[0m
[ 78%] [32mBuilding CXX object CMakeFiles/test_pixel_formats.dir/test/test_pixel_formats.cpp.o[0m
[ 85%] [32m[1mLinking CXX executable test_usb_cam_utils[0m
[ 85%] Built target test_usb_cam_utils
[ 92%] [32m[1mLinking CXX executable test_pixel_formats[0m
[ 92%] Built target test_pixel_formats
[100%] [32m[1mLinking CXX shared library libusb_cam_node.so[0m
[100%] Built target usb_cam_node
-- Install configuration: ""
-- Installing: /home/hb/hb_ws/install/usb_cam/share/usb_cam/environment/library_path.sh
-- Installing: /home/hb/hb_ws/install/usb_cam/share/usb_cam/environment/library_path.dsv
-- Installing: /home/hb/hb_ws/install/usb_cam/lib/usb_cam/usb_cam_node_exe
-- Set runtime path of "/home/hb/hb_ws/install/usb_cam/lib/usb_cam/usb_cam_node_exe" to ""
-- Installing: /home/hb/hb_ws/install/usb_cam/lib/usb_cam/show_image.py
-- Installing: /home/hb/hb_ws/install/usb_cam/lib/libusb_cam.so
-- Installing: /home/hb/hb_ws/install/usb_cam/lib/libusb_cam_node.so
-- Set runtime path of "/home/hb/hb_ws/install/usb_cam/lib/libusb_cam_node.so" to ""
-- Installing: /home/hb/hb_ws/install/usb_cam/include
-- Installing: /home/hb/hb_ws/install/usb_cam/include/usb_cam
-- Installing: /home/hb/hb_ws/install/usb_cam/include/usb_cam/conversions.hpp
-- Installing: /home/hb/hb_ws/install/usb_cam/include/usb_cam/constants.hpp
-- Installing: /home/hb/hb_ws/install/usb_cam/include/usb_cam/usb_cam.hpp
-- Installing: /home/hb/hb_ws/install/usb_cam/include/usb_cam/usb_cam_node.hpp
-- Installing: /home/hb/hb_ws/install/usb_cam/include/usb_cam/formats
-- Installing: /home/hb/hb_ws/install/usb_cam/include/usb_cam/formats/mjpeg.hpp
-- Installing: /home/hb/hb_ws/install/usb_cam/include/usb_cam/formats/pixel_format_base.hpp
-- Installing: /home/hb/hb_ws/install/usb_cam/include/usb_cam/formats/uyvy.hpp
-- Installing: /home/hb/hb_ws/install/usb_cam/include/usb_cam/formats/mono.hpp
-- Installing: /home/hb/hb_ws/install/usb_cam/include/usb_cam/formats/av_pixel_format_helper.hpp
-- Installing: /home/hb/hb_ws/install/usb_cam/include/usb_cam/formats/yuyv.hpp
-- Installing: /home/hb/hb_ws/install/usb_cam/include/usb_cam/formats/rgb.hpp
-- Installing: /home/hb/hb_ws/install/usb_cam/include/usb_cam/formats/utils.hpp
-- Installing: /home/hb/hb_ws/install/usb_cam/include/usb_cam/formats/m420.hpp
-- Installing: /home/hb/hb_ws/install/usb_cam/include/usb_cam/utils.hpp
-- Up-to-date: /home/hb/hb_ws/install/usb_cam/lib/libusb_cam_node.so
-- Installing: /home/hb/hb_ws/install/usb_cam/share/usb_cam/launch
-- Installing: /home/hb/hb_ws/install/usb_cam/share/usb_cam/launch/camera.launch.py
-- Installing: /home/hb/hb_ws/install/usb_cam/share/usb_cam/launch/camera_config.py
-- Installing: /home/hb/hb_ws/install/usb_cam/share/usb_cam/launch/__init__.py
-- Installing: /home/hb/hb_ws/install/usb_cam/share/usb_cam/config
-- Installing: /home/hb/hb_ws/install/usb_cam/share/usb_cam/config/params_1.yaml
-- Installing: /home/hb/hb_ws/install/usb_cam/share/usb_cam/config/camera_info.yaml
-- Installing: /home/hb/hb_ws/install/usb_cam/share/usb_cam/config/params_2.yaml
-- Installing: /home/hb/hb_ws/install/usb_cam/share/ament_index/resource_index/package_run_dependencies/usb_cam
-- Installing: /home/hb/hb_ws/install/usb_cam/share/ament_index/resource_index/parent_prefix_path/usb_cam
-- Installing: /home/hb/hb_ws/install/usb_cam/share/usb_cam/environment/ament_prefix_path.sh
-- Installing: /home/hb/hb_ws/install/usb_cam/share/usb_cam/environment/ament_prefix_path.dsv
-- Installing: /home/hb/hb_ws/install/usb_cam/share/usb_cam/environment/path.sh
-- Installing: /home/hb/hb_ws/install/usb_cam/share/usb_cam/environment/path.dsv
-- Installing: /home/hb/hb_ws/install/usb_cam/share/usb_cam/local_setup.bash
-- Installing: /home/hb/hb_ws/install/usb_cam/share/usb_cam/local_setup.sh
-- Installing: /home/hb/hb_ws/install/usb_cam/share/usb_cam/local_setup.zsh
-- Installing: /home/hb/hb_ws/install/usb_cam/share/usb_cam/local_setup.dsv
-- Installing: /home/hb/hb_ws/install/usb_cam/share/usb_cam/package.dsv
-- Installing: /home/hb/hb_ws/install/usb_cam/share/ament_index/resource_index/packages/usb_cam
-- Installing: /home/hb/hb_ws/install/usb_cam/share/ament_index/resource_index/rclcpp_components/usb_cam
-- Installing: /home/hb/hb_ws/install/usb_cam/share/usb_cam/cmake/ament_cmake_export_libraries-extras.cmake
-- Installing: /home/hb/hb_ws/install/usb_cam/share/usb_cam/cmake/ament_cmake_export_dependencies-extras.cmake
-- Installing: /home/hb/hb_ws/install/usb_cam/share/usb_cam/cmake/ament_cmake_export_include_directories-extras.cmake
-- Installing: /home/hb/hb_ws/install/usb_cam/share/usb_cam/cmake/usb_camConfig.cmake
-- Installing: /home/hb/hb_ws/install/usb_cam/share/usb_cam/cmake/usb_camConfig-version.cmake
-- Installing: /home/hb/hb_ws/install/usb_cam/share/usb_cam/package.xml
