[1.552s] Invoking command in '/home/hb/hb_ws/build/usb_cam': CMAKE_PREFIX_PATH=/home/hb/hb_ws/install/ydlidar_ros2_driver:/home/hb/hb_ws/install/serial_communication:/opt/ros/humble:/home/hb/hb_ws/install/teleop_twist_joy:/home/hb/hb_ws/install/micro_ros_setup:/home/hb/hb_ws/install/micro_ros_agent:/home/hb/hb_ws/install/micro_ros_msgs /usr/bin/cmake --build /home/hb/hb_ws/build/usb_cam -- -j4 -l4
[1.695s] -- Found ament_cmake_auto: 1.3.8 (/opt/ros/humble/share/ament_cmake_auto/cmake)
[4.025s] -- Found rosidl_generator_c: 3.1.5 (/opt/ros/humble/share/rosidl_generator_c/cmake)
[4.039s] -- Found rosidl_adapter: 3.1.5 (/opt/ros/humble/share/rosidl_adapter/cmake)
[4.073s] -- Found rosidl_generator_cpp: 3.1.5 (/opt/ros/humble/share/rosidl_generator_cpp/cmake)
[4.132s] -- Using all available rosidl_typesupport_c: rosidl_typesupport_fastrtps_c;rosidl_typesupport_introspection_c
[4.211s] -- Using all available rosidl_typesupport_cpp: rosidl_typesupport_fastrtps_cpp;rosidl_typesupport_introspection_cpp
[4.522s] -- Found rmw_implementation_cmake: 6.1.1 (/opt/ros/humble/share/rmw_implementation_cmake/cmake)
[4.540s] -- Found rmw_fastrtps_cpp: 6.2.6 (/opt/ros/humble/share/rmw_fastrtps_cpp/cmake)
[5.768s] -- Using RMW implementation 'rmw_fastrtps_cpp' as default
[8.340s] -- Found ament_lint_auto: 0.12.10 (/opt/ros/humble/share/ament_lint_auto/cmake)
[8.369s] -- Found gtest sources under '/opt/ros/humble/src/gtest_vendor': C++ tests using 'Google Test' will be built
[8.405s] -- Added test 'copyright' to check source files copyright and LICENSE
[8.466s] -- Added test 'cppcheck' to perform static code analysis on C / C++ code
[8.467s] -- Configured cppcheck include dirs: /home/hb/hb_ws/src/usb_cam/include
[8.467s] -- Configured cppcheck exclude dirs and/or files: 
[8.527s] -- Added test 'cpplint' to check C / C++ code against the Google style
[8.527s] -- Configured cpplint exclude dirs and/or files: 
[8.535s] -- Added test 'flake8' to check Python code syntax and style conventions
[8.552s] -- Added test 'lint_cmake' to check CMake code style
[8.561s] -- Added test 'pep257' to check Python code against some of the docstring style conventions in PEP 257
[8.621s] -- Added test 'uncrustify' to check C / C++ code style
[8.621s] -- Configured uncrustify additional arguments: 
[8.629s] -- Added test 'xmllint' to check XML markup files
[8.640s] -- Configuring done
[8.805s] -- Generating done
[8.819s] -- Build files have been written to: /home/hb/hb_ws/build/usb_cam
[8.969s] [35m[1mConsolidate compiler generated dependencies of target usb_cam_node_exe[0m
[8.970s] [35m[1mConsolidate compiler generated dependencies of target usb_cam[0m
[8.981s] [35m[1mConsolidate compiler generated dependencies of target gtest_main[0m
[8.981s] [35m[1mConsolidate compiler generated dependencies of target gtest[0m
[9.077s] [ 35%] Built target gtest_main
[9.078s] [ 35%] Built target gtest
[9.080s] [ 35%] [32mBuilding CXX object CMakeFiles/usb_cam.dir/src/usb_cam.cpp.o[0m
[9.087s] [ 50%] Built target usb_cam_node_exe
[18.717s] [ 57%] [32m[1mLinking CXX shared library libusb_cam.so[0m
[19.712s] [ 57%] Built target usb_cam
[19.821s] [ 64%] [32mBuilding CXX object CMakeFiles/usb_cam_node.dir/src/ros2/usb_cam_node.cpp.o[0m
[19.829s] [ 78%] [32mBuilding CXX object CMakeFiles/test_usb_cam_utils.dir/test/test_usb_cam_utils.cpp.o[0m
[19.829s] [ 78%] [32mBuilding CXX object CMakeFiles/test_pixel_formats.dir/test/test_pixel_formats.cpp.o[0m
[30.425s] [ 85%] [32m[1mLinking CXX executable test_usb_cam_utils[0m
[31.517s] [ 85%] Built target test_usb_cam_utils
[33.644s] [ 92%] [32m[1mLinking CXX executable test_pixel_formats[0m
[34.600s] [ 92%] Built target test_pixel_formats
[59.556s] [100%] [32m[1mLinking CXX shared library libusb_cam_node.so[0m
[62.353s] [100%] Built target usb_cam_node
[62.401s] Invoked command in '/home/hb/hb_ws/build/usb_cam' returned '0': CMAKE_PREFIX_PATH=/home/hb/hb_ws/install/ydlidar_ros2_driver:/home/hb/hb_ws/install/serial_communication:/opt/ros/humble:/home/hb/hb_ws/install/teleop_twist_joy:/home/hb/hb_ws/install/micro_ros_setup:/home/hb/hb_ws/install/micro_ros_agent:/home/hb/hb_ws/install/micro_ros_msgs /usr/bin/cmake --build /home/hb/hb_ws/build/usb_cam -- -j4 -l4
[62.651s] Invoking command in '/home/hb/hb_ws/build/usb_cam': CMAKE_PREFIX_PATH=/home/hb/hb_ws/install/ydlidar_ros2_driver:/home/hb/hb_ws/install/serial_communication:/opt/ros/humble:/home/hb/hb_ws/install/teleop_twist_joy:/home/hb/hb_ws/install/micro_ros_setup:/home/hb/hb_ws/install/micro_ros_agent:/home/hb/hb_ws/install/micro_ros_msgs /usr/bin/cmake --install /home/hb/hb_ws/build/usb_cam
[62.689s] -- Install configuration: ""
[62.690s] -- Installing: /home/hb/hb_ws/install/usb_cam/share/usb_cam/environment/library_path.sh
[62.691s] -- Installing: /home/hb/hb_ws/install/usb_cam/share/usb_cam/environment/library_path.dsv
[62.693s] -- Installing: /home/hb/hb_ws/install/usb_cam/lib/usb_cam/usb_cam_node_exe
[62.697s] -- Set runtime path of "/home/hb/hb_ws/install/usb_cam/lib/usb_cam/usb_cam_node_exe" to ""
[62.697s] -- Installing: /home/hb/hb_ws/install/usb_cam/lib/usb_cam/show_image.py
[62.698s] -- Installing: /home/hb/hb_ws/install/usb_cam/lib/libusb_cam.so
[62.705s] -- Installing: /home/hb/hb_ws/install/usb_cam/lib/libusb_cam_node.so
[62.734s] -- Set runtime path of "/home/hb/hb_ws/install/usb_cam/lib/libusb_cam_node.so" to ""
[62.735s] -- Installing: /home/hb/hb_ws/install/usb_cam/include
[62.736s] -- Installing: /home/hb/hb_ws/install/usb_cam/include/usb_cam
[62.736s] -- Installing: /home/hb/hb_ws/install/usb_cam/include/usb_cam/conversions.hpp
[62.737s] -- Installing: /home/hb/hb_ws/install/usb_cam/include/usb_cam/constants.hpp
[62.737s] -- Installing: /home/hb/hb_ws/install/usb_cam/include/usb_cam/usb_cam.hpp
[62.738s] -- Installing: /home/hb/hb_ws/install/usb_cam/include/usb_cam/usb_cam_node.hpp
[62.739s] -- Installing: /home/hb/hb_ws/install/usb_cam/include/usb_cam/formats
[62.739s] -- Installing: /home/hb/hb_ws/install/usb_cam/include/usb_cam/formats/mjpeg.hpp
[62.740s] -- Installing: /home/hb/hb_ws/install/usb_cam/include/usb_cam/formats/pixel_format_base.hpp
[62.741s] -- Installing: /home/hb/hb_ws/install/usb_cam/include/usb_cam/formats/uyvy.hpp
[62.742s] -- Installing: /home/hb/hb_ws/install/usb_cam/include/usb_cam/formats/mono.hpp
[62.743s] -- Installing: /home/hb/hb_ws/install/usb_cam/include/usb_cam/formats/av_pixel_format_helper.hpp
[62.744s] -- Installing: /home/hb/hb_ws/install/usb_cam/include/usb_cam/formats/yuyv.hpp
[62.745s] -- Installing: /home/hb/hb_ws/install/usb_cam/include/usb_cam/formats/rgb.hpp
[62.746s] -- Installing: /home/hb/hb_ws/install/usb_cam/include/usb_cam/formats/utils.hpp
[62.747s] -- Installing: /home/hb/hb_ws/install/usb_cam/include/usb_cam/formats/m420.hpp
[62.748s] -- Installing: /home/hb/hb_ws/install/usb_cam/include/usb_cam/utils.hpp
[62.749s] -- Up-to-date: /home/hb/hb_ws/install/usb_cam/lib/libusb_cam_node.so
[62.751s] -- Installing: /home/hb/hb_ws/install/usb_cam/share/usb_cam/launch
[62.751s] -- Installing: /home/hb/hb_ws/install/usb_cam/share/usb_cam/launch/camera.launch.py
[62.752s] -- Installing: /home/hb/hb_ws/install/usb_cam/share/usb_cam/launch/camera_config.py
[62.753s] -- Installing: /home/hb/hb_ws/install/usb_cam/share/usb_cam/launch/__init__.py
[62.754s] -- Installing: /home/hb/hb_ws/install/usb_cam/share/usb_cam/config
[62.754s] -- Installing: /home/hb/hb_ws/install/usb_cam/share/usb_cam/config/params_1.yaml
[62.755s] -- Installing: /home/hb/hb_ws/install/usb_cam/share/usb_cam/config/camera_info.yaml
[62.756s] -- Installing: /home/hb/hb_ws/install/usb_cam/share/usb_cam/config/params_2.yaml
[62.758s] -- Installing: /home/hb/hb_ws/install/usb_cam/share/ament_index/resource_index/package_run_dependencies/usb_cam
[62.759s] -- Installing: /home/hb/hb_ws/install/usb_cam/share/ament_index/resource_index/parent_prefix_path/usb_cam
[62.760s] -- Installing: /home/hb/hb_ws/install/usb_cam/share/usb_cam/environment/ament_prefix_path.sh
[62.762s] -- Installing: /home/hb/hb_ws/install/usb_cam/share/usb_cam/environment/ament_prefix_path.dsv
[62.763s] -- Installing: /home/hb/hb_ws/install/usb_cam/share/usb_cam/environment/path.sh
[62.764s] -- Installing: /home/hb/hb_ws/install/usb_cam/share/usb_cam/environment/path.dsv
[62.766s] -- Installing: /home/hb/hb_ws/install/usb_cam/share/usb_cam/local_setup.bash
[62.767s] -- Installing: /home/hb/hb_ws/install/usb_cam/share/usb_cam/local_setup.sh
[62.769s] -- Installing: /home/hb/hb_ws/install/usb_cam/share/usb_cam/local_setup.zsh
[62.770s] -- Installing: /home/hb/hb_ws/install/usb_cam/share/usb_cam/local_setup.dsv
[62.772s] -- Installing: /home/hb/hb_ws/install/usb_cam/share/usb_cam/package.dsv
[62.773s] -- Installing: /home/hb/hb_ws/install/usb_cam/share/ament_index/resource_index/packages/usb_cam
[62.775s] -- Installing: /home/hb/hb_ws/install/usb_cam/share/ament_index/resource_index/rclcpp_components/usb_cam
[62.776s] -- Installing: /home/hb/hb_ws/install/usb_cam/share/usb_cam/cmake/ament_cmake_export_libraries-extras.cmake
[62.778s] -- Installing: /home/hb/hb_ws/install/usb_cam/share/usb_cam/cmake/ament_cmake_export_dependencies-extras.cmake
[62.779s] -- Installing: /home/hb/hb_ws/install/usb_cam/share/usb_cam/cmake/ament_cmake_export_include_directories-extras.cmake
[62.780s] -- Installing: /home/hb/hb_ws/install/usb_cam/share/usb_cam/cmake/usb_camConfig.cmake
[62.781s] -- Installing: /home/hb/hb_ws/install/usb_cam/share/usb_cam/cmake/usb_camConfig-version.cmake
[62.782s] -- Installing: /home/hb/hb_ws/install/usb_cam/share/usb_cam/package.xml
[62.790s] Invoked command in '/home/hb/hb_ws/build/usb_cam' returned '0': CMAKE_PREFIX_PATH=/home/hb/hb_ws/install/ydlidar_ros2_driver:/home/hb/hb_ws/install/serial_communication:/opt/ros/humble:/home/hb/hb_ws/install/teleop_twist_joy:/home/hb/hb_ws/install/micro_ros_setup:/home/hb/hb_ws/install/micro_ros_agent:/home/hb/hb_ws/install/micro_ros_msgs /usr/bin/cmake --install /home/hb/hb_ws/build/usb_cam
