[0.444s] DEBUG:colcon:Command line arguments: ['/usr/bin/colcon', 'build']
[0.445s] DEBUG:colcon:Parsed command line arguments: Namespace(log_base=None, log_level=None, verb_name='build', build_base='build', install_base='install', merge_install=False, symlink_install=False, test_result_base=None, continue_on_error=False, executor='parallel', parallel_workers=4, event_handlers=None, ignore_user_meta=False, metas=['./colcon.meta'], base_paths=['.'], packages_ignore=None, packages_ignore_regex=None, paths=None, packages_up_to=None, packages_up_to_regex=None, packages_above=None, packages_above_and_dependencies=None, packages_above_depth=None, packages_select_by_dep=None, packages_skip_by_dep=None, packages_skip_up_to=None, packages_select_build_failed=False, packages_skip_build_finished=False, packages_select_test_failures=False, packages_skip_test_passed=False, packages_select=None, packages_skip=None, packages_select_regex=None, packages_skip_regex=None, packages_start=None, packages_end=None, allow_overriding=[], cmake_args=None, cmake_target=None, cmake_target_skip_unavailable=False, cmake_clean_cache=False, cmake_clean_first=False, cmake_force_configure=False, ament_cmake_args=None, catkin_cmake_args=None, catkin_skip_building_tests=False, verb_parser=<colcon_defaults.argument_parser.defaults.DefaultArgumentsDecorator object at 0xffffb731c970>, verb_extension=<colcon_core.verb.build.BuildVerb object at 0xffffb7451570>, main=<bound method BuildVerb.main of <colcon_core.verb.build.BuildVerb object at 0xffffb7451570>>)
[1.419s] Level 1:colcon.colcon_core.package_discovery:discover_packages(colcon_meta) check parameters
[1.420s] Level 1:colcon.colcon_core.package_discovery:discover_packages(recursive) check parameters
[1.420s] Level 1:colcon.colcon_core.package_discovery:discover_packages(ignore) check parameters
[1.420s] Level 1:colcon.colcon_core.package_discovery:discover_packages(path) check parameters
[1.421s] Level 1:colcon.colcon_core.package_discovery:discover_packages(colcon_meta) discover
[1.421s] Level 1:colcon.colcon_core.package_discovery:discover_packages(recursive) discover
[1.421s] INFO:colcon.colcon_core.package_discovery:Crawling recursively for packages in '/home/hb/hb_ws'
[1.422s] Level 1:colcon.colcon_core.package_identification:_identify(.) by extensions ['ignore', 'ignore_ament_install']
[1.423s] Level 1:colcon.colcon_core.package_identification:_identify(.) by extension 'ignore'
[1.423s] Level 1:colcon.colcon_core.package_identification:_identify(.) by extension 'ignore_ament_install'
[1.425s] Level 1:colcon.colcon_core.package_identification:_identify(.) by extensions ['colcon_pkg']
[1.425s] Level 1:colcon.colcon_core.package_identification:_identify(.) by extension 'colcon_pkg'
[1.426s] Level 1:colcon.colcon_core.package_identification:_identify(.) by extensions ['colcon_meta']
[1.427s] Level 1:colcon.colcon_core.package_identification:_identify(.) by extension 'colcon_meta'
[1.427s] Level 1:colcon.colcon_core.package_identification:_identify(.) by extensions ['ros']
[1.427s] Level 1:colcon.colcon_core.package_identification:_identify(.) by extension 'ros'
[1.511s] Level 1:colcon.colcon_core.package_identification:_identify(.) by extensions ['cmake', 'python']
[1.512s] Level 1:colcon.colcon_core.package_identification:_identify(.) by extension 'cmake'
[1.512s] Level 1:colcon.colcon_core.package_identification:_identify(.) by extension 'python'
[1.512s] Level 1:colcon.colcon_core.package_identification:_identify(.) by extensions ['python_setup_py']
[1.512s] Level 1:colcon.colcon_core.package_identification:_identify(.) by extension 'python_setup_py'
[1.514s] Level 1:colcon.colcon_core.package_identification:_identify(build) by extensions ['ignore', 'ignore_ament_install']
[1.515s] Level 1:colcon.colcon_core.package_identification:_identify(build) by extension 'ignore'
[1.515s] Level 1:colcon.colcon_core.package_identification:_identify(build) ignored
[1.516s] Level 1:colcon.colcon_core.package_identification:_identify(install) by extensions ['ignore', 'ignore_ament_install']
[1.516s] Level 1:colcon.colcon_core.package_identification:_identify(install) by extension 'ignore'
[1.516s] Level 1:colcon.colcon_core.package_identification:_identify(install) ignored
[1.517s] Level 1:colcon.colcon_core.package_identification:_identify(log) by extensions ['ignore', 'ignore_ament_install']
[1.518s] Level 1:colcon.colcon_core.package_identification:_identify(log) by extension 'ignore'
[1.518s] Level 1:colcon.colcon_core.package_identification:_identify(log) ignored
[1.518s] Level 1:colcon.colcon_core.package_identification:_identify(src) by extensions ['ignore', 'ignore_ament_install']
[1.519s] Level 1:colcon.colcon_core.package_identification:_identify(src) by extension 'ignore'
[1.519s] Level 1:colcon.colcon_core.package_identification:_identify(src) by extension 'ignore_ament_install'
[1.519s] Level 1:colcon.colcon_core.package_identification:_identify(src) by extensions ['colcon_pkg']
[1.520s] Level 1:colcon.colcon_core.package_identification:_identify(src) by extension 'colcon_pkg'
[1.520s] Level 1:colcon.colcon_core.package_identification:_identify(src) by extensions ['colcon_meta']
[1.520s] Level 1:colcon.colcon_core.package_identification:_identify(src) by extension 'colcon_meta'
[1.520s] Level 1:colcon.colcon_core.package_identification:_identify(src) by extensions ['ros']
[1.520s] Level 1:colcon.colcon_core.package_identification:_identify(src) by extension 'ros'
[1.521s] Level 1:colcon.colcon_core.package_identification:_identify(src) by extensions ['cmake', 'python']
[1.521s] Level 1:colcon.colcon_core.package_identification:_identify(src) by extension 'cmake'
[1.521s] Level 1:colcon.colcon_core.package_identification:_identify(src) by extension 'python'
[1.521s] Level 1:colcon.colcon_core.package_identification:_identify(src) by extensions ['python_setup_py']
[1.521s] Level 1:colcon.colcon_core.package_identification:_identify(src) by extension 'python_setup_py'
[1.522s] Level 1:colcon.colcon_core.package_identification:_identify(src/ydlidar_ros2_driver) by extensions ['ignore', 'ignore_ament_install']
[1.522s] Level 1:colcon.colcon_core.package_identification:_identify(src/ydlidar_ros2_driver) by extension 'ignore'
[1.522s] Level 1:colcon.colcon_core.package_identification:_identify(src/ydlidar_ros2_driver) by extension 'ignore_ament_install'
[1.523s] Level 1:colcon.colcon_core.package_identification:_identify(src/ydlidar_ros2_driver) by extensions ['colcon_pkg']
[1.523s] Level 1:colcon.colcon_core.package_identification:_identify(src/ydlidar_ros2_driver) by extension 'colcon_pkg'
[1.523s] Level 1:colcon.colcon_core.package_identification:_identify(src/ydlidar_ros2_driver) by extensions ['colcon_meta']
[1.523s] Level 1:colcon.colcon_core.package_identification:_identify(src/ydlidar_ros2_driver) by extension 'colcon_meta'
[1.523s] Level 1:colcon.colcon_core.package_identification:_identify(src/ydlidar_ros2_driver) by extensions ['ros']
[1.524s] Level 1:colcon.colcon_core.package_identification:_identify(src/ydlidar_ros2_driver) by extension 'ros'
[1.535s] DEBUG:colcon.colcon_core.package_identification:Package 'src/ydlidar_ros2_driver' with type 'ros.ament_cmake' and name 'ydlidar_ros2_driver'
[1.535s] Level 1:colcon.colcon_core.package_discovery:discover_packages(recursive) using defaults
[1.536s] Level 1:colcon.colcon_core.package_discovery:discover_packages(ignore) discover
[1.536s] Level 1:colcon.colcon_core.package_discovery:discover_packages(ignore) using defaults
[1.536s] Level 1:colcon.colcon_core.package_discovery:discover_packages(path) discover
[1.536s] Level 1:colcon.colcon_core.package_discovery:discover_packages(path) using defaults
[1.614s] Level 1:colcon.colcon_core.package_discovery:discover_packages(prefix_path) check parameters
[1.614s] Level 1:colcon.colcon_core.package_discovery:discover_packages(prefix_path) discover
[1.623s] DEBUG:colcon.colcon_installed_package_information.package_discovery:Found 1 installed packages in /home/hb/hb_ws/install
[1.632s] DEBUG:colcon.colcon_installed_package_information.package_discovery:Found 270 installed packages in /opt/ros/humble
[1.683s] Level 1:colcon.colcon_core.package_discovery:discover_packages(prefix_path) using defaults
[1.849s] Level 5:colcon.colcon_core.verb:set package 'ydlidar_ros2_driver' build argument 'cmake_args' from command line to 'None'
[1.849s] Level 5:colcon.colcon_core.verb:set package 'ydlidar_ros2_driver' build argument 'cmake_target' from command line to 'None'
[1.849s] Level 5:colcon.colcon_core.verb:set package 'ydlidar_ros2_driver' build argument 'cmake_target_skip_unavailable' from command line to 'False'
[1.850s] Level 5:colcon.colcon_core.verb:set package 'ydlidar_ros2_driver' build argument 'cmake_clean_cache' from command line to 'False'
[1.850s] Level 5:colcon.colcon_core.verb:set package 'ydlidar_ros2_driver' build argument 'cmake_clean_first' from command line to 'False'
[1.850s] Level 5:colcon.colcon_core.verb:set package 'ydlidar_ros2_driver' build argument 'cmake_force_configure' from command line to 'False'
[1.850s] Level 5:colcon.colcon_core.verb:set package 'ydlidar_ros2_driver' build argument 'ament_cmake_args' from command line to 'None'
[1.850s] Level 5:colcon.colcon_core.verb:set package 'ydlidar_ros2_driver' build argument 'catkin_cmake_args' from command line to 'None'
[1.850s] Level 5:colcon.colcon_core.verb:set package 'ydlidar_ros2_driver' build argument 'catkin_skip_building_tests' from command line to 'False'
[1.850s] DEBUG:colcon.colcon_core.verb:Building package 'ydlidar_ros2_driver' with the following arguments: {'ament_cmake_args': None, 'build_base': '/home/hb/hb_ws/build/ydlidar_ros2_driver', 'catkin_cmake_args': None, 'catkin_skip_building_tests': False, 'cmake_args': None, 'cmake_clean_cache': False, 'cmake_clean_first': False, 'cmake_force_configure': False, 'cmake_target': None, 'cmake_target_skip_unavailable': False, 'install_base': '/home/hb/hb_ws/install/ydlidar_ros2_driver', 'merge_install': False, 'path': '/home/hb/hb_ws/src/ydlidar_ros2_driver', 'symlink_install': False, 'test_result_base': None}
[1.851s] INFO:colcon.colcon_core.executor:Executing jobs using 'parallel' executor
[1.854s] DEBUG:colcon.colcon_parallel_executor.executor.parallel:run_until_complete
[1.856s] INFO:colcon.colcon_ros.task.ament_cmake.build:Building ROS package in '/home/hb/hb_ws/src/ydlidar_ros2_driver' with build type 'ament_cmake'
[1.857s] INFO:colcon.colcon_cmake.task.cmake.build:Building CMake package in '/home/hb/hb_ws/src/ydlidar_ros2_driver'
[1.865s] INFO:colcon.colcon_core.plugin_system:Skipping extension 'colcon_core.shell.bat': Not used on non-Windows systems
[1.866s] INFO:colcon.colcon_core.shell:Skip shell extension 'powershell' for command environment: Not usable outside of PowerShell
[1.867s] DEBUG:colcon.colcon_core.shell:Skip shell extension 'dsv' for command environment
[1.925s] DEBUG:colcon.colcon_core.event_handler.log_command:Invoking command in '/home/hb/hb_ws/build/ydlidar_ros2_driver': CMAKE_PREFIX_PATH=${CMAKE_PREFIX_PATH}:/opt/ros/humble /usr/bin/cmake --build /home/hb/hb_ws/build/ydlidar_ros2_driver -- -j4 -l4
[29.198s] DEBUG:colcon.colcon_core.event_handler.log_command:Invoked command in '/home/hb/hb_ws/build/ydlidar_ros2_driver' returned '0': CMAKE_PREFIX_PATH=${CMAKE_PREFIX_PATH}:/opt/ros/humble /usr/bin/cmake --build /home/hb/hb_ws/build/ydlidar_ros2_driver -- -j4 -l4
[29.407s] DEBUG:colcon.colcon_core.event_handler.log_command:Invoking command in '/home/hb/hb_ws/build/ydlidar_ros2_driver': CMAKE_PREFIX_PATH=${CMAKE_PREFIX_PATH}:/opt/ros/humble /usr/bin/cmake --install /home/hb/hb_ws/build/ydlidar_ros2_driver
[29.489s] Level 1:colcon.colcon_core.environment:create_environment_scripts_only(ydlidar_ros2_driver)
[29.491s] DEBUG:colcon.colcon_core.event_handler.log_command:Invoked command in '/home/hb/hb_ws/build/ydlidar_ros2_driver' returned '0': CMAKE_PREFIX_PATH=${CMAKE_PREFIX_PATH}:/opt/ros/humble /usr/bin/cmake --install /home/hb/hb_ws/build/ydlidar_ros2_driver
[29.501s] Level 1:colcon.colcon_core.environment:checking '/home/hb/hb_ws/install/ydlidar_ros2_driver' for CMake module files
[29.504s] Level 1:colcon.colcon_core.environment:checking '/home/hb/hb_ws/install/ydlidar_ros2_driver' for CMake config files
[29.506s] Level 1:colcon.colcon_core.shell:create_environment_hook('ydlidar_ros2_driver', 'cmake_prefix_path')
[29.507s] INFO:colcon.colcon_core.shell:Creating environment hook '/home/hb/hb_ws/install/ydlidar_ros2_driver/share/ydlidar_ros2_driver/hook/cmake_prefix_path.ps1'
[29.510s] INFO:colcon.colcon_core.shell:Creating environment descriptor '/home/hb/hb_ws/install/ydlidar_ros2_driver/share/ydlidar_ros2_driver/hook/cmake_prefix_path.dsv'
[29.513s] INFO:colcon.colcon_core.shell:Creating environment hook '/home/hb/hb_ws/install/ydlidar_ros2_driver/share/ydlidar_ros2_driver/hook/cmake_prefix_path.sh'
[29.517s] Level 1:colcon.colcon_core.environment:checking '/home/hb/hb_ws/install/ydlidar_ros2_driver/lib'
[29.518s] Level 1:colcon.colcon_core.environment:checking '/home/hb/hb_ws/install/ydlidar_ros2_driver/bin'
[29.519s] Level 1:colcon.colcon_core.environment:checking '/home/hb/hb_ws/install/ydlidar_ros2_driver/lib/pkgconfig/ydlidar_ros2_driver.pc'
[29.520s] Level 1:colcon.colcon_core.environment:checking '/home/hb/hb_ws/install/ydlidar_ros2_driver/lib/python3.10/site-packages'
[29.521s] Level 1:colcon.colcon_core.environment:checking '/home/hb/hb_ws/install/ydlidar_ros2_driver/bin'
[29.522s] INFO:colcon.colcon_core.shell:Creating package script '/home/hb/hb_ws/install/ydlidar_ros2_driver/share/ydlidar_ros2_driver/package.ps1'
[29.526s] INFO:colcon.colcon_core.shell:Creating package descriptor '/home/hb/hb_ws/install/ydlidar_ros2_driver/share/ydlidar_ros2_driver/package.dsv'
[29.528s] INFO:colcon.colcon_core.shell:Creating package script '/home/hb/hb_ws/install/ydlidar_ros2_driver/share/ydlidar_ros2_driver/package.sh'
[29.532s] INFO:colcon.colcon_core.shell:Creating package script '/home/hb/hb_ws/install/ydlidar_ros2_driver/share/ydlidar_ros2_driver/package.bash'
[29.535s] INFO:colcon.colcon_core.shell:Creating package script '/home/hb/hb_ws/install/ydlidar_ros2_driver/share/ydlidar_ros2_driver/package.zsh'
[29.539s] Level 1:colcon.colcon_core.environment:create_file_with_runtime_dependencies(/home/hb/hb_ws/install/ydlidar_ros2_driver/share/colcon-core/packages/ydlidar_ros2_driver)
[29.702s] Level 1:colcon.colcon_core.environment:create_environment_scripts_only(ydlidar_ros2_driver)
[29.704s] Level 1:colcon.colcon_core.environment:checking '/home/hb/hb_ws/install/ydlidar_ros2_driver' for CMake module files
[29.708s] Level 1:colcon.colcon_core.environment:checking '/home/hb/hb_ws/install/ydlidar_ros2_driver' for CMake config files
[29.711s] Level 1:colcon.colcon_core.shell:create_environment_hook('ydlidar_ros2_driver', 'cmake_prefix_path')
[29.712s] INFO:colcon.colcon_core.shell:Creating environment hook '/home/hb/hb_ws/install/ydlidar_ros2_driver/share/ydlidar_ros2_driver/hook/cmake_prefix_path.ps1'
[29.716s] INFO:colcon.colcon_core.shell:Creating environment descriptor '/home/hb/hb_ws/install/ydlidar_ros2_driver/share/ydlidar_ros2_driver/hook/cmake_prefix_path.dsv'
[29.719s] INFO:colcon.colcon_core.shell:Creating environment hook '/home/hb/hb_ws/install/ydlidar_ros2_driver/share/ydlidar_ros2_driver/hook/cmake_prefix_path.sh'
[29.723s] Level 1:colcon.colcon_core.environment:checking '/home/hb/hb_ws/install/ydlidar_ros2_driver/lib'
[29.723s] Level 1:colcon.colcon_core.environment:checking '/home/hb/hb_ws/install/ydlidar_ros2_driver/bin'
[29.724s] Level 1:colcon.colcon_core.environment:checking '/home/hb/hb_ws/install/ydlidar_ros2_driver/lib/pkgconfig/ydlidar_ros2_driver.pc'
[29.725s] Level 1:colcon.colcon_core.environment:checking '/home/hb/hb_ws/install/ydlidar_ros2_driver/lib/python3.10/site-packages'
[29.727s] Level 1:colcon.colcon_core.environment:checking '/home/hb/hb_ws/install/ydlidar_ros2_driver/bin'
[29.728s] INFO:colcon.colcon_core.shell:Creating package script '/home/hb/hb_ws/install/ydlidar_ros2_driver/share/ydlidar_ros2_driver/package.ps1'
[29.731s] INFO:colcon.colcon_core.shell:Creating package descriptor '/home/hb/hb_ws/install/ydlidar_ros2_driver/share/ydlidar_ros2_driver/package.dsv'
[29.734s] INFO:colcon.colcon_core.shell:Creating package script '/home/hb/hb_ws/install/ydlidar_ros2_driver/share/ydlidar_ros2_driver/package.sh'
[29.736s] INFO:colcon.colcon_core.shell:Creating package script '/home/hb/hb_ws/install/ydlidar_ros2_driver/share/ydlidar_ros2_driver/package.bash'
[29.739s] INFO:colcon.colcon_core.shell:Creating package script '/home/hb/hb_ws/install/ydlidar_ros2_driver/share/ydlidar_ros2_driver/package.zsh'
[29.741s] Level 1:colcon.colcon_core.environment:create_file_with_runtime_dependencies(/home/hb/hb_ws/install/ydlidar_ros2_driver/share/colcon-core/packages/ydlidar_ros2_driver)
[29.743s] DEBUG:colcon.colcon_parallel_executor.executor.parallel:closing loop
[29.744s] DEBUG:colcon.colcon_parallel_executor.executor.parallel:loop closed
[29.744s] DEBUG:colcon.colcon_parallel_executor.executor.parallel:run_until_complete finished with '0'
[29.749s] DEBUG:colcon.colcon_core.event_reactor:joining thread
[29.771s] INFO:colcon.colcon_core.plugin_system:Skipping extension 'colcon_notification.desktop_notification.terminal_notifier': Not used on non-Darwin systems
[29.772s] INFO:colcon.colcon_core.plugin_system:Skipping extension 'colcon_notification.desktop_notification.win32': Not used on non-Windows systems
[29.772s] INFO:colcon.colcon_notification.desktop_notification:Sending desktop notification using 'notify2'
[29.862s] DEBUG:colcon.colcon_core.event_reactor:joined thread
[29.863s] INFO:colcon.colcon_core.shell:Creating prefix script '/home/hb/hb_ws/install/local_setup.ps1'
[29.869s] INFO:colcon.colcon_core.shell:Creating prefix util module '/home/hb/hb_ws/install/_local_setup_util_ps1.py'
[29.876s] INFO:colcon.colcon_core.shell:Creating prefix chain script '/home/hb/hb_ws/install/setup.ps1'
[29.882s] INFO:colcon.colcon_core.shell:Creating prefix script '/home/hb/hb_ws/install/local_setup.sh'
[29.887s] INFO:colcon.colcon_core.shell:Creating prefix util module '/home/hb/hb_ws/install/_local_setup_util_sh.py'
[29.891s] INFO:colcon.colcon_core.shell:Creating prefix chain script '/home/hb/hb_ws/install/setup.sh'
[29.899s] INFO:colcon.colcon_core.shell:Creating prefix script '/home/hb/hb_ws/install/local_setup.bash'
[29.903s] INFO:colcon.colcon_core.shell:Creating prefix chain script '/home/hb/hb_ws/install/setup.bash'
[29.911s] INFO:colcon.colcon_core.shell:Creating prefix script '/home/hb/hb_ws/install/local_setup.zsh'
[29.915s] INFO:colcon.colcon_core.shell:Creating prefix chain script '/home/hb/hb_ws/install/setup.zsh'
