[2.793s] Invoking command in '/home/hb/hb_ws/build/usb_cam': CMAKE_PREFIX_PATH=/home/hb/hb_ws/install/ydlidar_ros2_driver:/home/hb/hb_ws/install/usb_cam:/home/hb/hb_ws/install/serial_communication:/opt/ros/humble:/home/hb/hb_ws/install/teleop_twist_joy:/home/hb/hb_ws/install/micro_ros_setup:/home/hb/hb_ws/install/micro_ros_agent:/home/hb/hb_ws/install/micro_ros_msgs:/home/hb/hb_ws/install/apriltag_ros /usr/bin/cmake --build /home/hb/hb_ws/build/usb_cam -- -j4 -l4
[3.577s] [ 14%] Built target usb_cam
[3.603s] [ 28%] Built target gtest
[3.617s] [ 42%] Built target usb_cam_node_exe
[3.620s] [ 57%] Built target gtest_main
[3.929s] [ 71%] Built target test_usb_cam_utils
[3.974s] [ 85%] Built target test_pixel_formats
[4.036s] [100%] Built target usb_cam_node
[4.149s] Invoked command in '/home/hb/hb_ws/build/usb_cam' returned '0': CMAKE_PREFIX_PATH=/home/hb/hb_ws/install/ydlidar_ros2_driver:/home/hb/hb_ws/install/usb_cam:/home/hb/hb_ws/install/serial_communication:/opt/ros/humble:/home/hb/hb_ws/install/teleop_twist_joy:/home/hb/hb_ws/install/micro_ros_setup:/home/hb/hb_ws/install/micro_ros_agent:/home/hb/hb_ws/install/micro_ros_msgs:/home/hb/hb_ws/install/apriltag_ros /usr/bin/cmake --build /home/hb/hb_ws/build/usb_cam -- -j4 -l4
[4.674s] Invoking command in '/home/hb/hb_ws/build/usb_cam': CMAKE_PREFIX_PATH=/home/hb/hb_ws/install/ydlidar_ros2_driver:/home/hb/hb_ws/install/usb_cam:/home/hb/hb_ws/install/serial_communication:/opt/ros/humble:/home/hb/hb_ws/install/teleop_twist_joy:/home/hb/hb_ws/install/micro_ros_setup:/home/hb/hb_ws/install/micro_ros_agent:/home/hb/hb_ws/install/micro_ros_msgs:/home/hb/hb_ws/install/apriltag_ros /usr/bin/cmake --install /home/hb/hb_ws/build/usb_cam
[4.808s] -- Install configuration: ""
[4.809s] -- Up-to-date: /home/hb/hb_ws/install/usb_cam/share/usb_cam/environment/library_path.sh
[4.810s] -- Up-to-date: /home/hb/hb_ws/install/usb_cam/share/usb_cam/environment/library_path.dsv
[4.836s] -- Up-to-date: /home/hb/hb_ws/install/usb_cam/lib/usb_cam/usb_cam_node_exe
[4.837s] -- Up-to-date: /home/hb/hb_ws/install/usb_cam/lib/usb_cam/show_image.py
[4.853s] -- Up-to-date: /home/hb/hb_ws/install/usb_cam/lib/libusb_cam.so
[4.862s] -- Up-to-date: /home/hb/hb_ws/install/usb_cam/lib/libusb_cam_node.so
[4.872s] -- Up-to-date: /home/hb/hb_ws/install/usb_cam/include
[4.873s] -- Up-to-date: /home/hb/hb_ws/install/usb_cam/include/usb_cam
[4.886s] -- Up-to-date: /home/hb/hb_ws/install/usb_cam/include/usb_cam/conversions.hpp
[4.887s] -- Up-to-date: /home/hb/hb_ws/install/usb_cam/include/usb_cam/constants.hpp
[4.888s] -- Up-to-date: /home/hb/hb_ws/install/usb_cam/include/usb_cam/usb_cam.hpp
[4.888s] -- Up-to-date: /home/hb/hb_ws/install/usb_cam/include/usb_cam/usb_cam_node.hpp
[4.889s] -- Up-to-date: /home/hb/hb_ws/install/usb_cam/include/usb_cam/formats
[4.890s] -- Up-to-date: /home/hb/hb_ws/install/usb_cam/include/usb_cam/formats/mjpeg.hpp
[4.895s] -- Up-to-date: /home/hb/hb_ws/install/usb_cam/include/usb_cam/formats/pixel_format_base.hpp
[4.896s] -- Up-to-date: /home/hb/hb_ws/install/usb_cam/include/usb_cam/formats/uyvy.hpp
[4.896s] -- Up-to-date: /home/hb/hb_ws/install/usb_cam/include/usb_cam/formats/mono.hpp
[4.897s] -- Up-to-date: /home/hb/hb_ws/install/usb_cam/include/usb_cam/formats/av_pixel_format_helper.hpp
[4.935s] -- Up-to-date: /home/hb/hb_ws/install/usb_cam/include/usb_cam/formats/yuyv.hpp
[4.937s] -- Up-to-date: /home/hb/hb_ws/install/usb_cam/include/usb_cam/formats/rgb.hpp
[4.938s] -- Up-to-date: /home/hb/hb_ws/install/usb_cam/include/usb_cam/formats/utils.hpp
[4.938s] -- Up-to-date: /home/hb/hb_ws/install/usb_cam/include/usb_cam/formats/m420.hpp
[4.939s] -- Up-to-date: /home/hb/hb_ws/install/usb_cam/include/usb_cam/utils.hpp
[4.940s] -- Up-to-date: /home/hb/hb_ws/install/usb_cam/lib/libusb_cam_node.so
[4.941s] -- Up-to-date: /home/hb/hb_ws/install/usb_cam/share/usb_cam/launch
[4.942s] -- Up-to-date: /home/hb/hb_ws/install/usb_cam/share/usb_cam/launch/camera.launch.py
[4.943s] -- Up-to-date: /home/hb/hb_ws/install/usb_cam/share/usb_cam/launch/camera_config.py
[4.943s] -- Up-to-date: /home/hb/hb_ws/install/usb_cam/share/usb_cam/launch/__init__.py
[4.944s] -- Up-to-date: /home/hb/hb_ws/install/usb_cam/share/usb_cam/config
[4.944s] -- Up-to-date: /home/hb/hb_ws/install/usb_cam/share/usb_cam/config/params_1.yaml
[4.944s] -- Up-to-date: /home/hb/hb_ws/install/usb_cam/share/usb_cam/config/camera_info.yaml
[4.945s] -- Up-to-date: /home/hb/hb_ws/install/usb_cam/share/usb_cam/config/params_2.yaml
[4.945s] -- Up-to-date: /home/hb/hb_ws/install/usb_cam/share/ament_index/resource_index/package_run_dependencies/usb_cam
[4.946s] -- Up-to-date: /home/hb/hb_ws/install/usb_cam/share/ament_index/resource_index/parent_prefix_path/usb_cam
[4.955s] -- Up-to-date: /home/hb/hb_ws/install/usb_cam/share/usb_cam/environment/ament_prefix_path.sh
[4.956s] -- Up-to-date: /home/hb/hb_ws/install/usb_cam/share/usb_cam/environment/ament_prefix_path.dsv
[4.956s] -- Up-to-date: /home/hb/hb_ws/install/usb_cam/share/usb_cam/environment/path.sh
[4.957s] -- Up-to-date: /home/hb/hb_ws/install/usb_cam/share/usb_cam/environment/path.dsv
[4.957s] -- Up-to-date: /home/hb/hb_ws/install/usb_cam/share/usb_cam/local_setup.bash
[4.958s] -- Up-to-date: /home/hb/hb_ws/install/usb_cam/share/usb_cam/local_setup.sh
[4.959s] -- Up-to-date: /home/hb/hb_ws/install/usb_cam/share/usb_cam/local_setup.zsh
[4.959s] -- Up-to-date: /home/hb/hb_ws/install/usb_cam/share/usb_cam/local_setup.dsv
[4.960s] -- Installing: /home/hb/hb_ws/install/usb_cam/share/usb_cam/package.dsv
[4.961s] -- Up-to-date: /home/hb/hb_ws/install/usb_cam/share/ament_index/resource_index/packages/usb_cam
[4.961s] -- Up-to-date: /home/hb/hb_ws/install/usb_cam/share/ament_index/resource_index/rclcpp_components/usb_cam
[4.962s] -- Up-to-date: /home/hb/hb_ws/install/usb_cam/share/usb_cam/cmake/ament_cmake_export_libraries-extras.cmake
[4.990s] -- Up-to-date: /home/hb/hb_ws/install/usb_cam/share/usb_cam/cmake/ament_cmake_export_dependencies-extras.cmake
[4.991s] -- Up-to-date: /home/hb/hb_ws/install/usb_cam/share/usb_cam/cmake/ament_cmake_export_include_directories-extras.cmake
[4.991s] -- Up-to-date: /home/hb/hb_ws/install/usb_cam/share/usb_cam/cmake/usb_camConfig.cmake
[4.992s] -- Up-to-date: /home/hb/hb_ws/install/usb_cam/share/usb_cam/cmake/usb_camConfig-version.cmake
[4.992s] -- Up-to-date: /home/hb/hb_ws/install/usb_cam/share/usb_cam/package.xml
[5.022s] Invoked command in '/home/hb/hb_ws/build/usb_cam' returned '0': CMAKE_PREFIX_PATH=/home/hb/hb_ws/install/ydlidar_ros2_driver:/home/hb/hb_ws/install/usb_cam:/home/hb/hb_ws/install/serial_communication:/opt/ros/humble:/home/hb/hb_ws/install/teleop_twist_joy:/home/hb/hb_ws/install/micro_ros_setup:/home/hb/hb_ws/install/micro_ros_agent:/home/hb/hb_ws/install/micro_ros_msgs:/home/hb/hb_ws/install/apriltag_ros /usr/bin/cmake --install /home/hb/hb_ws/build/usb_cam
