[4.892s] Invoking command in '/home/hb/hb_ws/src/serial_communication': PYTHONPATH=/home/hb/hb_ws/build/serial_communication/prefix_override:/home/hb/hb_ws/install/serial_communication/lib/python3.10/site-packages:${PYTHONPATH} /usr/bin/python3 -W ignore:setup.py install is deprecated setup.py egg_info --egg-base ../../build/serial_communication build --build-base /home/hb/hb_ws/build/serial_communication/build install --record /home/hb/hb_ws/build/serial_communication/install.log --single-version-externally-managed install_data
[6.217s] running egg_info
[6.220s] writing ../../build/serial_communication/serial_communication.egg-info/PKG-INFO
[6.221s] writing dependency_links to ../../build/serial_communication/serial_communication.egg-info/dependency_links.txt
[6.222s] writing entry points to ../../build/serial_communication/serial_communication.egg-info/entry_points.txt
[6.223s] writing requirements to ../../build/serial_communication/serial_communication.egg-info/requires.txt
[6.224s] writing top-level names to ../../build/serial_communication/serial_communication.egg-info/top_level.txt
[6.233s] reading manifest file '../../build/serial_communication/serial_communication.egg-info/SOURCES.txt'
[6.237s] writing manifest file '../../build/serial_communication/serial_communication.egg-info/SOURCES.txt'
[6.238s] running build
[6.238s] running build_py
[6.243s] running install
[6.244s] running install_lib
[6.249s] running install_data
[6.250s] running install_egg_info
[6.256s] removing '/home/hb/hb_ws/install/serial_communication/lib/python3.10/site-packages/serial_communication-0.0.0-py3.10.egg-info' (and everything under it)
[6.258s] Copying ../../build/serial_communication/serial_communication.egg-info to /home/hb/hb_ws/install/serial_communication/lib/python3.10/site-packages/serial_communication-0.0.0-py3.10.egg-info
[6.265s] running install_scripts
[6.362s] Installing teleop_serial script to /home/hb/hb_ws/install/serial_communication/lib/serial_communication
[6.363s] writing list of installed files to '/home/hb/hb_ws/build/serial_communication/install.log'
[6.517s] Invoked command in '/home/hb/hb_ws/src/serial_communication' returned '0': PYTHONPATH=/home/hb/hb_ws/build/serial_communication/prefix_override:/home/hb/hb_ws/install/serial_communication/lib/python3.10/site-packages:${PYTHONPATH} /usr/bin/python3 -W ignore:setup.py install is deprecated setup.py egg_info --egg-base ../../build/serial_communication build --build-base /home/hb/hb_ws/build/serial_communication/build install --record /home/hb/hb_ws/build/serial_communication/install.log --single-version-externally-managed install_data
