[0.149s] Invoking command in '/home/hb/hb_ws/build/apriltag_ros': CMAKE_PREFIX_PATH=/home/hb/hb_ws/install/ydlidar_ros2_driver:/home/hb/hb_ws/install/usb_cam:/home/hb/hb_ws/install/serial_communication:/opt/ros/humble:/home/hb/hb_ws/install/teleop_twist_joy:/home/hb/hb_ws/install/micro_ros_setup:/home/hb/hb_ws/install/micro_ros_agent:/home/hb/hb_ws/install/micro_ros_msgs:/home/hb/hb_ws/install/apriltag_ros /usr/bin/cmake /home/hb/hb_ws/src/apriltag_ros -DCMAKE_INSTALL_PREFIX=/home/hb/hb_ws/install/apriltag_ros
[1.843s] -- The C compiler identification is GNU 11.4.0
[1.843s] -- The CXX compiler identification is GNU 11.4.0
[1.844s] -- Detecting C compiler ABI info
[1.845s] -- Detecting C compiler ABI info - done
[1.845s] -- Check for working C compiler: /usr/bin/cc - skipped
[1.846s] -- Detecting C compile features
[1.847s] -- Detecting C compile features - done
[1.848s] -- Detecting CXX compiler ABI info
[1.849s] -- Detecting CXX compiler ABI info - done
[1.850s] -- Check for working CXX compiler: /usr/bin/c++ - skipped
[1.850s] -- Detecting CXX compile features
[1.851s] -- Detecting CXX compile features - done
[1.852s] -- Found rclcpp: 16.0.8 (/opt/ros/humble/share/rclcpp/cmake)
[2.939s] -- Found Python3: /usr/bin/python3 (found version "3.10.12") found components: Interpreter 
[4.701s] -- Found rosidl_generator_c: 3.1.5 (/opt/ros/humble/share/rosidl_generator_c/cmake)
[4.777s] -- Found rosidl_adapter: 3.1.5 (/opt/ros/humble/share/rosidl_adapter/cmake)
[4.880s] -- Found rosidl_generator_cpp: 3.1.5 (/opt/ros/humble/share/rosidl_generator_cpp/cmake)
[5.025s] -- Using all available rosidl_typesupport_c: rosidl_typesupport_fastrtps_c;rosidl_typesupport_introspection_c
[5.230s] -- Using all available rosidl_typesupport_cpp: rosidl_typesupport_fastrtps_cpp;rosidl_typesupport_introspection_cpp
[5.827s] -- Found rmw_implementation_cmake: 6.1.1 (/opt/ros/humble/share/rmw_implementation_cmake/cmake)
[5.862s] -- Found rmw_fastrtps_cpp: 6.2.6 (/opt/ros/humble/share/rmw_fastrtps_cpp/cmake)
[6.677s] -- Found OpenSSL: /usr/lib/aarch64-linux-gnu/libcrypto.so (found version "3.0.2")  
[7.005s] -- Found FastRTPS: /opt/ros/humble/include  
[7.535s] -- Using RMW implementation 'rmw_fastrtps_cpp' as default
[7.660s] -- Looking for pthread.h
[8.165s] -- Looking for pthread.h - found
[8.169s] -- Performing Test CMAKE_HAVE_LIBC_PTHREAD
[8.660s] -- Performing Test CMAKE_HAVE_LIBC_PTHREAD - Success
[8.666s] -- Found Threads: TRUE  
[9.542s] -- Found rclcpp_components: 16.0.8 (/opt/ros/humble/share/rclcpp_components/cmake)
[10.005s] -- Found sensor_msgs: 4.2.3 (/opt/ros/humble/share/sensor_msgs/cmake)
[10.643s] -- Found apriltag_msgs: 2.0.1 (/opt/ros/humble/share/apriltag_msgs/cmake)
[10.877s] -- Found tf2_ros: 0.25.6 (/opt/ros/humble/share/tf2_ros/cmake)
[12.154s] -- Found image_transport: 3.1.8 (/opt/ros/humble/share/image_transport/cmake)
[12.488s] -- Found cv_bridge: 3.2.1 (/opt/ros/humble/share/cv_bridge/cmake)
[12.729s] -- Found OpenCV: /usr (found version "4.5.4") 
[12.818s] -- Found ament_lint_auto: 0.12.10 (/opt/ros/humble/share/ament_lint_auto/cmake)
[13.322s] -- Added test 'clang_format' to check C / C++ code style
[13.333s] -- Added test 'cppcheck' to perform static code analysis on C / C++ code
[13.334s] -- Configured cppcheck include dirs: 
[13.335s] -- Configured cppcheck exclude dirs and/or files: 
[13.342s] -- Configuring done
[13.507s] -- Generating done
[13.520s] -- Build files have been written to: /home/hb/hb_ws/build/apriltag_ros
[13.590s] Invoked command in '/home/hb/hb_ws/build/apriltag_ros' returned '0': CMAKE_PREFIX_PATH=/home/hb/hb_ws/install/ydlidar_ros2_driver:/home/hb/hb_ws/install/usb_cam:/home/hb/hb_ws/install/serial_communication:/opt/ros/humble:/home/hb/hb_ws/install/teleop_twist_joy:/home/hb/hb_ws/install/micro_ros_setup:/home/hb/hb_ws/install/micro_ros_agent:/home/hb/hb_ws/install/micro_ros_msgs:/home/hb/hb_ws/install/apriltag_ros /usr/bin/cmake /home/hb/hb_ws/src/apriltag_ros -DCMAKE_INSTALL_PREFIX=/home/hb/hb_ws/install/apriltag_ros
[13.594s] Invoking command in '/home/hb/hb_ws/build/apriltag_ros': CMAKE_PREFIX_PATH=/home/hb/hb_ws/install/ydlidar_ros2_driver:/home/hb/hb_ws/install/usb_cam:/home/hb/hb_ws/install/serial_communication:/opt/ros/humble:/home/hb/hb_ws/install/teleop_twist_joy:/home/hb/hb_ws/install/micro_ros_setup:/home/hb/hb_ws/install/micro_ros_agent:/home/hb/hb_ws/install/micro_ros_msgs:/home/hb/hb_ws/install/apriltag_ros /usr/bin/cmake --build /home/hb/hb_ws/build/apriltag_ros -- -j4 -l4
[13.868s] [35m[1mConsolidate compiler generated dependencies of target tags[0m
[13.925s] [35m[1mConsolidate compiler generated dependencies of target apriltag_node[0m
[13.937s] [35m[1mConsolidate compiler generated dependencies of target pose_estimation[0m
[13.968s] [ 16%] Built target tags
[14.075s] [ 33%] Built target pose_estimation
[14.134s] [ 50%] [32mBuilding CXX object CMakeFiles/apriltag_node.dir/rclcpp_components/node_main_apriltag_node.cpp.o[0m
[14.184s] [35m[1mConsolidate compiler generated dependencies of target AprilTagNode[0m
[14.323s] [ 66%] [32m[1mLinking CXX shared library libAprilTagNode.so[0m
[17.752s] [ 83%] Built target AprilTagNode
[39.351s] [100%] [32m[1mLinking CXX executable apriltag_node[0m
[40.111s] [100%] Built target apriltag_node
[40.214s] Invoked command in '/home/hb/hb_ws/build/apriltag_ros' returned '0': CMAKE_PREFIX_PATH=/home/hb/hb_ws/install/ydlidar_ros2_driver:/home/hb/hb_ws/install/usb_cam:/home/hb/hb_ws/install/serial_communication:/opt/ros/humble:/home/hb/hb_ws/install/teleop_twist_joy:/home/hb/hb_ws/install/micro_ros_setup:/home/hb/hb_ws/install/micro_ros_agent:/home/hb/hb_ws/install/micro_ros_msgs:/home/hb/hb_ws/install/apriltag_ros /usr/bin/cmake --build /home/hb/hb_ws/build/apriltag_ros -- -j4 -l4
[40.525s] Invoking command in '/home/hb/hb_ws/build/apriltag_ros': CMAKE_PREFIX_PATH=/home/hb/hb_ws/install/ydlidar_ros2_driver:/home/hb/hb_ws/install/usb_cam:/home/hb/hb_ws/install/serial_communication:/opt/ros/humble:/home/hb/hb_ws/install/teleop_twist_joy:/home/hb/hb_ws/install/micro_ros_setup:/home/hb/hb_ws/install/micro_ros_agent:/home/hb/hb_ws/install/micro_ros_msgs:/home/hb/hb_ws/install/apriltag_ros /usr/bin/cmake --install /home/hb/hb_ws/build/apriltag_ros
[40.576s] -- Install configuration: ""
[40.579s] -- Installing: /home/hb/hb_ws/install/apriltag_ros/lib/apriltag_ros/apriltag_node
[40.585s] -- Set runtime path of "/home/hb/hb_ws/install/apriltag_ros/lib/apriltag_ros/apriltag_node" to ""
[40.586s] -- Installing: /home/hb/hb_ws/install/apriltag_ros/share/apriltag_ros/environment/library_path.sh
[40.587s] -- Installing: /home/hb/hb_ws/install/apriltag_ros/share/apriltag_ros/environment/library_path.dsv
[40.590s] -- Installing: /home/hb/hb_ws/install/apriltag_ros/lib/libAprilTagNode.so
[40.617s] -- Set runtime path of "/home/hb/hb_ws/install/apriltag_ros/lib/libAprilTagNode.so" to ""
[40.618s] -- Up-to-date: /home/hb/hb_ws/install/apriltag_ros/share/apriltag_ros/cfg
[40.619s] -- Installing: /home/hb/hb_ws/install/apriltag_ros/share/apriltag_ros/cfg/tags_36h11.yaml
[40.620s] -- Up-to-date: /home/hb/hb_ws/install/apriltag_ros/share/apriltag_ros/launch
[40.621s] -- Installing: /home/hb/hb_ws/install/apriltag_ros/share/apriltag_ros/launch/v4l2_36h11.launch.yml
[40.622s] -- Installing: /home/hb/hb_ws/install/apriltag_ros/share/ament_index/resource_index/package_run_dependencies/apriltag_ros
[40.623s] -- Installing: /home/hb/hb_ws/install/apriltag_ros/share/ament_index/resource_index/parent_prefix_path/apriltag_ros
[40.625s] -- Installing: /home/hb/hb_ws/install/apriltag_ros/share/apriltag_ros/environment/ament_prefix_path.sh
[40.627s] -- Installing: /home/hb/hb_ws/install/apriltag_ros/share/apriltag_ros/environment/ament_prefix_path.dsv
[40.629s] -- Installing: /home/hb/hb_ws/install/apriltag_ros/share/apriltag_ros/environment/path.sh
[40.630s] -- Installing: /home/hb/hb_ws/install/apriltag_ros/share/apriltag_ros/environment/path.dsv
[40.634s] -- Installing: /home/hb/hb_ws/install/apriltag_ros/share/apriltag_ros/local_setup.bash
[40.635s] -- Installing: /home/hb/hb_ws/install/apriltag_ros/share/apriltag_ros/local_setup.sh
[40.636s] -- Installing: /home/hb/hb_ws/install/apriltag_ros/share/apriltag_ros/local_setup.zsh
[40.646s] -- Installing: /home/hb/hb_ws/install/apriltag_ros/share/apriltag_ros/local_setup.dsv
[40.647s] -- Installing: /home/hb/hb_ws/install/apriltag_ros/share/apriltag_ros/package.dsv
[40.648s] -- Installing: /home/hb/hb_ws/install/apriltag_ros/share/ament_index/resource_index/packages/apriltag_ros
[40.654s] -- Installing: /home/hb/hb_ws/install/apriltag_ros/share/ament_index/resource_index/rclcpp_components/apriltag_ros
[40.655s] -- Installing: /home/hb/hb_ws/install/apriltag_ros/share/apriltag_ros/cmake/apriltag_rosConfig.cmake
[40.657s] -- Installing: /home/hb/hb_ws/install/apriltag_ros/share/apriltag_ros/cmake/apriltag_rosConfig-version.cmake
[40.659s] -- Installing: /home/hb/hb_ws/install/apriltag_ros/share/apriltag_ros/package.xml
[40.663s] Invoked command in '/home/hb/hb_ws/build/apriltag_ros' returned '0': CMAKE_PREFIX_PATH=/home/hb/hb_ws/install/ydlidar_ros2_driver:/home/hb/hb_ws/install/usb_cam:/home/hb/hb_ws/install/serial_communication:/opt/ros/humble:/home/hb/hb_ws/install/teleop_twist_joy:/home/hb/hb_ws/install/micro_ros_setup:/home/hb/hb_ws/install/micro_ros_agent:/home/hb/hb_ws/install/micro_ros_msgs:/home/hb/hb_ws/install/apriltag_ros /usr/bin/cmake --install /home/hb/hb_ws/build/apriltag_ros
