[4.549s] Invoking command in '/home/hb/hb_ws/src/serial_communication': PYTHONPATH=/home/hb/hb_ws/build/serial_communication/prefix_override:/home/hb/hb_ws/install/serial_communication/lib/python3.10/site-packages:${PYTHONPATH} /usr/bin/python3 -W ignore:setup.py install is deprecated setup.py egg_info --egg-base ../../build/serial_communication build --build-base /home/hb/hb_ws/build/serial_communication/build install --record /home/hb/hb_ws/build/serial_communication/install.log --single-version-externally-managed install_data
[6.239s] running egg_info
[6.242s] writing ../../build/serial_communication/serial_communication.egg-info/PKG-INFO
[6.243s] writing dependency_links to ../../build/serial_communication/serial_communication.egg-info/dependency_links.txt
[6.244s] writing entry points to ../../build/serial_communication/serial_communication.egg-info/entry_points.txt
[6.245s] writing requirements to ../../build/serial_communication/serial_communication.egg-info/requires.txt
[6.245s] writing top-level names to ../../build/serial_communication/serial_communication.egg-info/top_level.txt
[6.254s] reading manifest file '../../build/serial_communication/serial_communication.egg-info/SOURCES.txt'
[6.258s] writing manifest file '../../build/serial_communication/serial_communication.egg-info/SOURCES.txt'
[6.259s] running build
[6.259s] running build_py
[6.260s] copying serial_communication/teleop_serial.py -> /home/hb/hb_ws/build/serial_communication/build/lib/serial_communication
[6.261s] running install
[6.263s] running install_lib
[6.266s] copying /home/hb/hb_ws/build/serial_communication/build/lib/serial_communication/teleop_serial.py -> /home/hb/hb_ws/install/serial_communication/lib/python3.10/site-packages/serial_communication
[6.269s] byte-compiling /home/hb/hb_ws/install/serial_communication/lib/python3.10/site-packages/serial_communication/teleop_serial.py to teleop_serial.cpython-310.pyc
[6.272s] running install_data
[6.273s] running install_egg_info
[6.280s] removing '/home/hb/hb_ws/install/serial_communication/lib/python3.10/site-packages/serial_communication-0.0.0-py3.10.egg-info' (and everything under it)
[6.282s] Copying ../../build/serial_communication/serial_communication.egg-info to /home/hb/hb_ws/install/serial_communication/lib/python3.10/site-packages/serial_communication-0.0.0-py3.10.egg-info
[6.288s] running install_scripts
[6.377s] Installing teleop_serial script to /home/hb/hb_ws/install/serial_communication/lib/serial_communication
[6.379s] writing list of installed files to '/home/hb/hb_ws/build/serial_communication/install.log'
[6.528s] Invoked command in '/home/hb/hb_ws/src/serial_communication' returned '0': PYTHONPATH=/home/hb/hb_ws/build/serial_communication/prefix_override:/home/hb/hb_ws/install/serial_communication/lib/python3.10/site-packages:${PYTHONPATH} /usr/bin/python3 -W ignore:setup.py install is deprecated setup.py egg_info --egg-base ../../build/serial_communication build --build-base /home/hb/hb_ws/build/serial_communication/build install --record /home/hb/hb_ws/build/serial_communication/install.log --single-version-externally-managed install_data
