[3.932s] Invoking command in '/home/hb/hb_ws/src/serial_communication': PYTHONPATH=/home/hb/hb_ws/build/serial_communication/prefix_override:/home/hb/hb_ws/install/serial_communication/lib/python3.10/site-packages:${PYTHONPATH} /usr/bin/python3 -W ignore:setup.py install is deprecated setup.py egg_info --egg-base ../../build/serial_communication build --build-base /home/hb/hb_ws/build/serial_communication/build install --record /home/hb/hb_ws/build/serial_communication/install.log --single-version-externally-managed install_data
[5.173s] running egg_info
[5.175s] creating ../../build/serial_communication/serial_communication.egg-info
[5.176s] writing ../../build/serial_communication/serial_communication.egg-info/PKG-INFO
[5.177s] writing dependency_links to ../../build/serial_communication/serial_communication.egg-info/dependency_links.txt
[5.178s] writing entry points to ../../build/serial_communication/serial_communication.egg-info/entry_points.txt
[5.179s] writing requirements to ../../build/serial_communication/serial_communication.egg-info/requires.txt
[5.179s] writing top-level names to ../../build/serial_communication/serial_communication.egg-info/top_level.txt
[5.180s] writing manifest file '../../build/serial_communication/serial_communication.egg-info/SOURCES.txt'
[5.187s] reading manifest file '../../build/serial_communication/serial_communication.egg-info/SOURCES.txt'
[5.191s] writing manifest file '../../build/serial_communication/serial_communication.egg-info/SOURCES.txt'
[5.191s] running build
[5.192s] running build_py
[5.193s] creating /home/hb/hb_ws/build/serial_communication/build
[5.193s] creating /home/hb/hb_ws/build/serial_communication/build/lib
[5.194s] creating /home/hb/hb_ws/build/serial_communication/build/lib/serial_communication
[5.194s] copying serial_communication/teleop_serial.py -> /home/hb/hb_ws/build/serial_communication/build/lib/serial_communication
[5.195s] copying serial_communication/__init__.py -> /home/hb/hb_ws/build/serial_communication/build/lib/serial_communication
[5.195s] running install
[5.196s] running install_lib
[5.203s] creating /home/hb/hb_ws/install/serial_communication/lib/python3.10/site-packages/serial_communication
[5.203s] copying /home/hb/hb_ws/build/serial_communication/build/lib/serial_communication/teleop_serial.py -> /home/hb/hb_ws/install/serial_communication/lib/python3.10/site-packages/serial_communication
[5.203s] copying /home/hb/hb_ws/build/serial_communication/build/lib/serial_communication/__init__.py -> /home/hb/hb_ws/install/serial_communication/lib/python3.10/site-packages/serial_communication
[5.205s] byte-compiling /home/hb/hb_ws/install/serial_communication/lib/python3.10/site-packages/serial_communication/teleop_serial.py to teleop_serial.cpython-310.pyc
[5.209s] byte-compiling /home/hb/hb_ws/install/serial_communication/lib/python3.10/site-packages/serial_communication/__init__.py to __init__.cpython-310.pyc
[5.210s] running install_data
[5.211s] creating /home/hb/hb_ws/install/serial_communication/share/ament_index
[5.212s] creating /home/hb/hb_ws/install/serial_communication/share/ament_index/resource_index
[5.212s] creating /home/hb/hb_ws/install/serial_communication/share/ament_index/resource_index/packages
[5.212s] copying resource/serial_communication -> /home/hb/hb_ws/install/serial_communication/share/ament_index/resource_index/packages
[5.213s] copying package.xml -> /home/hb/hb_ws/install/serial_communication/share/serial_communication
[5.213s] running install_egg_info
[5.220s] Copying ../../build/serial_communication/serial_communication.egg-info to /home/hb/hb_ws/install/serial_communication/lib/python3.10/site-packages/serial_communication-0.0.0-py3.10.egg-info
[5.224s] running install_scripts
[5.311s] Installing teleop_serial script to /home/hb/hb_ws/install/serial_communication/lib/serial_communication
[5.312s] writing list of installed files to '/home/hb/hb_ws/build/serial_communication/install.log'
[5.459s] Invoked command in '/home/hb/hb_ws/src/serial_communication' returned '0': PYTHONPATH=/home/hb/hb_ws/build/serial_communication/prefix_override:/home/hb/hb_ws/install/serial_communication/lib/python3.10/site-packages:${PYTHONPATH} /usr/bin/python3 -W ignore:setup.py install is deprecated setup.py egg_info --egg-base ../../build/serial_communication build --build-base /home/hb/hb_ws/build/serial_communication/build install --record /home/hb/hb_ws/build/serial_communication/install.log --single-version-externally-managed install_data
