[0.143s] Invoking command in '/home/hb/hb_ws/build/ydlidar_ros2_driver': CMAKE_PREFIX_PATH=/home/hb/hb_ws/install/ydlidar_ros2_driver:/home/hb/hb_ws/install/usb_cam:/home/hb/hb_ws/install/serial_communication:/opt/ros/humble:/home/hb/hb_ws/install/teleop_twist_joy:/home/hb/hb_ws/install/micro_ros_setup:/home/hb/hb_ws/install/micro_ros_agent:/home/hb/hb_ws/install/micro_ros_msgs:/home/hb/hb_ws/install/apriltag_ros /usr/bin/cmake --build /home/hb/hb_ws/build/ydlidar_ros2_driver -- -j4 -l4
[0.631s] [ 50%] Built target ydlidar_ros2_driver_node
[0.679s] [100%] Built target ydlidar_ros2_driver_client
[0.750s] Invoked command in '/home/hb/hb_ws/build/ydlidar_ros2_driver' returned '0': CMAKE_PREFIX_PATH=/home/hb/hb_ws/install/ydlidar_ros2_driver:/home/hb/hb_ws/install/usb_cam:/home/hb/hb_ws/install/serial_communication:/opt/ros/humble:/home/hb/hb_ws/install/teleop_twist_joy:/home/hb/hb_ws/install/micro_ros_setup:/home/hb/hb_ws/install/micro_ros_agent:/home/hb/hb_ws/install/micro_ros_msgs:/home/hb/hb_ws/install/apriltag_ros /usr/bin/cmake --build /home/hb/hb_ws/build/ydlidar_ros2_driver -- -j4 -l4
[0.979s] Invoking command in '/home/hb/hb_ws/build/ydlidar_ros2_driver': CMAKE_PREFIX_PATH=/home/hb/hb_ws/install/ydlidar_ros2_driver:/home/hb/hb_ws/install/usb_cam:/home/hb/hb_ws/install/serial_communication:/opt/ros/humble:/home/hb/hb_ws/install/teleop_twist_joy:/home/hb/hb_ws/install/micro_ros_setup:/home/hb/hb_ws/install/micro_ros_agent:/home/hb/hb_ws/install/micro_ros_msgs:/home/hb/hb_ws/install/apriltag_ros /usr/bin/cmake --install /home/hb/hb_ws/build/ydlidar_ros2_driver
[1.026s] -- Install configuration: ""
[1.037s] -- Up-to-date: /home/hb/hb_ws/install/ydlidar_ros2_driver/lib/ydlidar_ros2_driver/ydlidar_ros2_driver_node
[1.039s] -- Up-to-date: /home/hb/hb_ws/install/ydlidar_ros2_driver/lib/ydlidar_ros2_driver/ydlidar_ros2_driver_client
[1.041s] -- Up-to-date: /home/hb/hb_ws/install/ydlidar_ros2_driver/share/ydlidar_ros2_driver/launch
[1.042s] -- Up-to-date: /home/hb/hb_ws/install/ydlidar_ros2_driver/share/ydlidar_ros2_driver/launch/ydlidar_launch.py
[1.044s] -- Up-to-date: /home/hb/hb_ws/install/ydlidar_ros2_driver/share/ydlidar_ros2_driver/launch/ydlidar_launch_view.py
[1.045s] -- Up-to-date: /home/hb/hb_ws/install/ydlidar_ros2_driver/share/ydlidar_ros2_driver/launch/ydlidar_cartographer.launch.py
[1.047s] -- Up-to-date: /home/hb/hb_ws/install/ydlidar_ros2_driver/share/ydlidar_ros2_driver/launch/ydlidar.py
[1.048s] -- Up-to-date: /home/hb/hb_ws/install/ydlidar_ros2_driver/share/ydlidar_ros2_driver/params
[1.049s] -- Up-to-date: /home/hb/hb_ws/install/ydlidar_ros2_driver/share/ydlidar_ros2_driver/params/X4.yaml
[1.051s] -- Up-to-date: /home/hb/hb_ws/install/ydlidar_ros2_driver/share/ydlidar_ros2_driver/params/TEA.yaml
[1.057s] -- Up-to-date: /home/hb/hb_ws/install/ydlidar_ros2_driver/share/ydlidar_ros2_driver/params/GS2.yaml
[1.058s] -- Up-to-date: /home/hb/hb_ws/install/ydlidar_ros2_driver/share/ydlidar_ros2_driver/params/ydlidar.yaml
[1.059s] -- Up-to-date: /home/hb/hb_ws/install/ydlidar_ros2_driver/share/ydlidar_ros2_driver/params/G6.yaml
[1.060s] -- Up-to-date: /home/hb/hb_ws/install/ydlidar_ros2_driver/share/ydlidar_ros2_driver/params/X4-Pro.yaml
[1.061s] -- Up-to-date: /home/hb/hb_ws/install/ydlidar_ros2_driver/share/ydlidar_ros2_driver/params/G1.yaml
[1.061s] -- Up-to-date: /home/hb/hb_ws/install/ydlidar_ros2_driver/share/ydlidar_ros2_driver/params/TG.yaml
[1.070s] -- Up-to-date: /home/hb/hb_ws/install/ydlidar_ros2_driver/share/ydlidar_ros2_driver/params/G2.yaml
[1.070s] -- Up-to-date: /home/hb/hb_ws/install/ydlidar_ros2_driver/share/ydlidar_ros2_driver/params/TminiPro.yaml
[1.071s] -- Up-to-date: /home/hb/hb_ws/install/ydlidar_ros2_driver/share/ydlidar_ros2_driver/params/X2.yaml
[1.072s] -- Up-to-date: /home/hb/hb_ws/install/ydlidar_ros2_driver/share/ydlidar_ros2_driver/startup
[1.072s] -- Up-to-date: /home/hb/hb_ws/install/ydlidar_ros2_driver/share/ydlidar_ros2_driver/startup/initenv.sh
[1.073s] -- Up-to-date: /home/hb/hb_ws/install/ydlidar_ros2_driver/share/ydlidar_ros2_driver/config
[1.074s] -- Up-to-date: /home/hb/hb_ws/install/ydlidar_ros2_driver/share/ydlidar_ros2_driver/config/ydlidar.rviz
[1.075s] -- Up-to-date: /home/hb/hb_ws/install/ydlidar_ros2_driver/share/ydlidar_ros2_driver/config/ydlidar_cartographer.lua
[1.075s] -- Up-to-date: /home/hb/hb_ws/install/ydlidar_ros2_driver/share/ament_index/resource_index/package_run_dependencies/ydlidar_ros2_driver
[1.076s] -- Up-to-date: /home/hb/hb_ws/install/ydlidar_ros2_driver/share/ament_index/resource_index/parent_prefix_path/ydlidar_ros2_driver
[1.076s] -- Up-to-date: /home/hb/hb_ws/install/ydlidar_ros2_driver/share/ydlidar_ros2_driver/environment/ament_prefix_path.sh
[1.078s] -- Up-to-date: /home/hb/hb_ws/install/ydlidar_ros2_driver/share/ydlidar_ros2_driver/environment/ament_prefix_path.dsv
[1.078s] -- Up-to-date: /home/hb/hb_ws/install/ydlidar_ros2_driver/share/ydlidar_ros2_driver/environment/path.sh
[1.081s] -- Up-to-date: /home/hb/hb_ws/install/ydlidar_ros2_driver/share/ydlidar_ros2_driver/environment/path.dsv
[1.082s] -- Up-to-date: /home/hb/hb_ws/install/ydlidar_ros2_driver/share/ydlidar_ros2_driver/local_setup.bash
[1.083s] -- Up-to-date: /home/hb/hb_ws/install/ydlidar_ros2_driver/share/ydlidar_ros2_driver/local_setup.sh
[1.089s] -- Up-to-date: /home/hb/hb_ws/install/ydlidar_ros2_driver/share/ydlidar_ros2_driver/local_setup.zsh
[1.092s] -- Up-to-date: /home/hb/hb_ws/install/ydlidar_ros2_driver/share/ydlidar_ros2_driver/local_setup.dsv
[1.092s] -- Installing: /home/hb/hb_ws/install/ydlidar_ros2_driver/share/ydlidar_ros2_driver/package.dsv
[1.093s] -- Up-to-date: /home/hb/hb_ws/install/ydlidar_ros2_driver/share/ament_index/resource_index/packages/ydlidar_ros2_driver
[1.093s] -- Up-to-date: /home/hb/hb_ws/install/ydlidar_ros2_driver/share/ydlidar_ros2_driver/cmake/ydlidar_ros2_driverConfig.cmake
[1.094s] -- Up-to-date: /home/hb/hb_ws/install/ydlidar_ros2_driver/share/ydlidar_ros2_driver/cmake/ydlidar_ros2_driverConfig-version.cmake
[1.094s] -- Up-to-date: /home/hb/hb_ws/install/ydlidar_ros2_driver/share/ydlidar_ros2_driver/package.xml
[1.095s] Invoked command in '/home/hb/hb_ws/build/ydlidar_ros2_driver' returned '0': CMAKE_PREFIX_PATH=/home/hb/hb_ws/install/ydlidar_ros2_driver:/home/hb/hb_ws/install/usb_cam:/home/hb/hb_ws/install/serial_communication:/opt/ros/humble:/home/hb/hb_ws/install/teleop_twist_joy:/home/hb/hb_ws/install/micro_ros_setup:/home/hb/hb_ws/install/micro_ros_agent:/home/hb/hb_ws/install/micro_ros_msgs:/home/hb/hb_ws/install/apriltag_ros /usr/bin/cmake --install /home/hb/hb_ws/build/ydlidar_ros2_driver
