[0.094s] Invoking command in '/home/hb/hb_ws/build/ydlidar_ros2_driver': CMAKE_PREFIX_PATH=/home/hb/hb_ws/install/ydlidar_ros2_driver:/home/hb/hb_ws/install/usb_cam:/home/hb/hb_ws/install/serial_communication:/opt/ros/humble:/home/hb/hb_ws/install/teleop_twist_joy:/home/hb/hb_ws/install/micro_ros_setup:/home/hb/hb_ws/install/micro_ros_agent:/home/hb/hb_ws/install/micro_ros_msgs:/home/hb/hb_ws/install/apriltag_ros /usr/bin/cmake --build /home/hb/hb_ws/build/ydlidar_ros2_driver -- -j4 -l4
[0.510s] [ 50%] Built target ydlidar_ros2_driver_node
[0.518s] [100%] Built target ydlidar_ros2_driver_client
[0.589s] Invoked command in '/home/hb/hb_ws/build/ydlidar_ros2_driver' returned '0': CMAKE_PREFIX_PATH=/home/hb/hb_ws/install/ydlidar_ros2_driver:/home/hb/hb_ws/install/usb_cam:/home/hb/hb_ws/install/serial_communication:/opt/ros/humble:/home/hb/hb_ws/install/teleop_twist_joy:/home/hb/hb_ws/install/micro_ros_setup:/home/hb/hb_ws/install/micro_ros_agent:/home/hb/hb_ws/install/micro_ros_msgs:/home/hb/hb_ws/install/apriltag_ros /usr/bin/cmake --build /home/hb/hb_ws/build/ydlidar_ros2_driver -- -j4 -l4
[0.872s] Invoking command in '/home/hb/hb_ws/build/ydlidar_ros2_driver': CMAKE_PREFIX_PATH=/home/hb/hb_ws/install/ydlidar_ros2_driver:/home/hb/hb_ws/install/usb_cam:/home/hb/hb_ws/install/serial_communication:/opt/ros/humble:/home/hb/hb_ws/install/teleop_twist_joy:/home/hb/hb_ws/install/micro_ros_setup:/home/hb/hb_ws/install/micro_ros_agent:/home/hb/hb_ws/install/micro_ros_msgs:/home/hb/hb_ws/install/apriltag_ros /usr/bin/cmake --install /home/hb/hb_ws/build/ydlidar_ros2_driver
[0.980s] -- Install configuration: ""
[0.982s] -- Up-to-date: /home/hb/hb_ws/install/ydlidar_ros2_driver/lib/ydlidar_ros2_driver/ydlidar_ros2_driver_node
[0.988s] -- Up-to-date: /home/hb/hb_ws/install/ydlidar_ros2_driver/lib/ydlidar_ros2_driver/ydlidar_ros2_driver_client
[0.989s] -- Up-to-date: /home/hb/hb_ws/install/ydlidar_ros2_driver/share/ydlidar_ros2_driver/launch
[0.991s] -- Up-to-date: /home/hb/hb_ws/install/ydlidar_ros2_driver/share/ydlidar_ros2_driver/launch/ydlidar_launch.py
[0.993s] -- Up-to-date: /home/hb/hb_ws/install/ydlidar_ros2_driver/share/ydlidar_ros2_driver/launch/ydlidar_launch_view.py
[0.994s] -- Up-to-date: /home/hb/hb_ws/install/ydlidar_ros2_driver/share/ydlidar_ros2_driver/launch/ydlidar_cartographer.launch.py
[1.000s] -- Up-to-date: /home/hb/hb_ws/install/ydlidar_ros2_driver/share/ydlidar_ros2_driver/launch/ydlidar.py
[1.004s] -- Up-to-date: /home/hb/hb_ws/install/ydlidar_ros2_driver/share/ydlidar_ros2_driver/params
[1.005s] -- Up-to-date: /home/hb/hb_ws/install/ydlidar_ros2_driver/share/ydlidar_ros2_driver/params/X4.yaml
[1.005s] -- Up-to-date: /home/hb/hb_ws/install/ydlidar_ros2_driver/share/ydlidar_ros2_driver/params/TEA.yaml
[1.008s] -- Up-to-date: /home/hb/hb_ws/install/ydlidar_ros2_driver/share/ydlidar_ros2_driver/params/GS2.yaml
[1.010s] -- Up-to-date: /home/hb/hb_ws/install/ydlidar_ros2_driver/share/ydlidar_ros2_driver/params/ydlidar.yaml
[1.011s] -- Up-to-date: /home/hb/hb_ws/install/ydlidar_ros2_driver/share/ydlidar_ros2_driver/params/G6.yaml
[1.012s] -- Up-to-date: /home/hb/hb_ws/install/ydlidar_ros2_driver/share/ydlidar_ros2_driver/params/X4-Pro.yaml
[1.012s] -- Up-to-date: /home/hb/hb_ws/install/ydlidar_ros2_driver/share/ydlidar_ros2_driver/params/G1.yaml
[1.013s] -- Up-to-date: /home/hb/hb_ws/install/ydlidar_ros2_driver/share/ydlidar_ros2_driver/params/TG.yaml
[1.013s] -- Up-to-date: /home/hb/hb_ws/install/ydlidar_ros2_driver/share/ydlidar_ros2_driver/params/G2.yaml
[1.014s] -- Up-to-date: /home/hb/hb_ws/install/ydlidar_ros2_driver/share/ydlidar_ros2_driver/params/TminiPro.yaml
[1.014s] -- Up-to-date: /home/hb/hb_ws/install/ydlidar_ros2_driver/share/ydlidar_ros2_driver/params/X2.yaml
[1.015s] -- Up-to-date: /home/hb/hb_ws/install/ydlidar_ros2_driver/share/ydlidar_ros2_driver/startup
[1.016s] -- Up-to-date: /home/hb/hb_ws/install/ydlidar_ros2_driver/share/ydlidar_ros2_driver/startup/initenv.sh
[1.017s] -- Up-to-date: /home/hb/hb_ws/install/ydlidar_ros2_driver/share/ydlidar_ros2_driver/config
[1.017s] -- Up-to-date: /home/hb/hb_ws/install/ydlidar_ros2_driver/share/ydlidar_ros2_driver/config/ydlidar.rviz
[1.018s] -- Up-to-date: /home/hb/hb_ws/install/ydlidar_ros2_driver/share/ydlidar_ros2_driver/config/ydlidar_cartographer.lua
[1.032s] -- Up-to-date: /home/hb/hb_ws/install/ydlidar_ros2_driver/share/ament_index/resource_index/package_run_dependencies/ydlidar_ros2_driver
[1.032s] -- Up-to-date: /home/hb/hb_ws/install/ydlidar_ros2_driver/share/ament_index/resource_index/parent_prefix_path/ydlidar_ros2_driver
[1.033s] -- Up-to-date: /home/hb/hb_ws/install/ydlidar_ros2_driver/share/ydlidar_ros2_driver/environment/ament_prefix_path.sh
[1.033s] -- Up-to-date: /home/hb/hb_ws/install/ydlidar_ros2_driver/share/ydlidar_ros2_driver/environment/ament_prefix_path.dsv
[1.034s] -- Up-to-date: /home/hb/hb_ws/install/ydlidar_ros2_driver/share/ydlidar_ros2_driver/environment/path.sh
[1.034s] -- Up-to-date: /home/hb/hb_ws/install/ydlidar_ros2_driver/share/ydlidar_ros2_driver/environment/path.dsv
[1.046s] -- Up-to-date: /home/hb/hb_ws/install/ydlidar_ros2_driver/share/ydlidar_ros2_driver/local_setup.bash
[1.047s] -- Up-to-date: /home/hb/hb_ws/install/ydlidar_ros2_driver/share/ydlidar_ros2_driver/local_setup.sh
[1.053s] -- Up-to-date: /home/hb/hb_ws/install/ydlidar_ros2_driver/share/ydlidar_ros2_driver/local_setup.zsh
[1.054s] -- Up-to-date: /home/hb/hb_ws/install/ydlidar_ros2_driver/share/ydlidar_ros2_driver/local_setup.dsv
[1.059s] -- Installing: /home/hb/hb_ws/install/ydlidar_ros2_driver/share/ydlidar_ros2_driver/package.dsv
[1.060s] -- Up-to-date: /home/hb/hb_ws/install/ydlidar_ros2_driver/share/ament_index/resource_index/packages/ydlidar_ros2_driver
[1.061s] -- Up-to-date: /home/hb/hb_ws/install/ydlidar_ros2_driver/share/ydlidar_ros2_driver/cmake/ydlidar_ros2_driverConfig.cmake
[1.062s] -- Up-to-date: /home/hb/hb_ws/install/ydlidar_ros2_driver/share/ydlidar_ros2_driver/cmake/ydlidar_ros2_driverConfig-version.cmake
[1.063s] -- Up-to-date: /home/hb/hb_ws/install/ydlidar_ros2_driver/share/ydlidar_ros2_driver/package.xml
[1.064s] Invoked command in '/home/hb/hb_ws/build/ydlidar_ros2_driver' returned '0': CMAKE_PREFIX_PATH=/home/hb/hb_ws/install/ydlidar_ros2_driver:/home/hb/hb_ws/install/usb_cam:/home/hb/hb_ws/install/serial_communication:/opt/ros/humble:/home/hb/hb_ws/install/teleop_twist_joy:/home/hb/hb_ws/install/micro_ros_setup:/home/hb/hb_ws/install/micro_ros_agent:/home/hb/hb_ws/install/micro_ros_msgs:/home/hb/hb_ws/install/apriltag_ros /usr/bin/cmake --install /home/hb/hb_ws/build/ydlidar_ros2_driver
