[0.175s] Invoking command in '/home/hb/hb_ws/build/apriltag_ros': CMAKE_PREFIX_PATH=/home/hb/hb_ws/install/ydlidar_ros2_driver:/home/hb/hb_ws/install/usb_cam:/home/hb/hb_ws/install/serial_communication:/opt/ros/humble:/home/hb/hb_ws/install/teleop_twist_joy:/home/hb/hb_ws/install/micro_ros_setup:/home/hb/hb_ws/install/micro_ros_agent:/home/hb/hb_ws/install/micro_ros_msgs:/home/hb/hb_ws/install/apriltag_ros /usr/bin/cmake --build /home/hb/hb_ws/build/apriltag_ros -- -j4 -l4
[1.820s] [ 16%] Built target tags
[1.820s] [ 33%] Built target pose_estimation
[1.824s] [ 66%] Built target apriltag_node
[1.829s] [35m[1mConsolidate compiler generated dependencies of target AprilTagNode[0m
[1.831s] [ 83%] [32mBuilding CXX object CMakeFiles/AprilTagNode.dir/src/AprilTagNode.cpp.o[0m
[3.854s] [01m[K/home/hb/hb_ws/src/apriltag_ros/src/AprilTagNode.cpp:116:82:[m[K [01;31m[Kerror: [m[Kmulti-character character constant [[01;31m[K]8;;https://gcc.gnu.org/onlinedocs/gcc/Warning-Options.html#index-Wmultichar-Werror=multichar]8;;[m[K]
[3.854s]   116 |  = declare_parameter("tag.frames", std::vector<std::string>{[01;31m[K'base'[m[K, 'object'}, descr("tag frame names per id", true));
[3.855s]       |                                                             [01;31m[K^~~~~~[m[K
[3.855s] 
[3.856s] [01m[K/home/hb/hb_ws/src/apriltag_ros/src/AprilTagNode.cpp:116:90:[m[K [01;31m[Kerror: [m[Kcharacter constant too long for its type [[01;31m[K-Werror[m[K]
[3.857s]   116 | re_parameter("tag.frames", std::vector<std::string>{'base', [01;31m[K'object'[m[K}, descr("tag frame names per id", true));
[3.858s]       |                                                             [01;31m[K^~~~~~~~[m[K
[3.858s] 
[16.541s] [01m[K/home/hb/hb_ws/src/apriltag_ros/src/AprilTagNode.cpp:[m[K In constructor ‘[01m[KAprilTagNode::AprilTagNode(const rclcpp::NodeOptions&)[m[K’:
[16.543s] [01m[K/home/hb/hb_ws/src/apriltag_ros/src/AprilTagNode.cpp:116:98:[m[K [01;31m[Kerror: [m[Kno matching function for call to ‘[01m[Kstd::vector<std::__cxx11::basic_string<char> >::vector(<brace-enclosed initializer list>)[m[K’
[16.544s]   116 | eter("tag.frames", std::vector<std::string>{'base', 'object'[01;31m[K}[m[K, descr("tag frame names per id", true));
[16.544s]       |                                                             [01;31m[K^[m[K
[16.544s] 
[16.545s] In file included from [01m[K/usr/include/c++/11/vector:67[m[K,
[16.545s]                  from [01m[K/usr/include/c++/11/functional:62[m[K,
[16.546s]                  from [01m[K/usr/include/c++/11/pstl/glue_algorithm_defs.h:13[m[K,
[16.546s]                  from [01m[K/usr/include/c++/11/algorithm:74[m[K,
[16.547s]                  from [01m[K/opt/ros/humble/include/geometry_msgs/geometry_msgs/msg/detail/transform_stamped__struct.hpp:8[m[K,
[16.547s]                  from [01m[K/opt/ros/humble/include/geometry_msgs/geometry_msgs/msg/transform_stamped.hpp:7[m[K,
[16.547s]                  from [01m[K/home/hb/hb_ws/src/apriltag_ros/src/pose_estimation.hpp:4[m[K,
[16.549s]                  from [01m[K/home/hb/hb_ws/src/apriltag_ros/src/AprilTagNode.cpp:2[m[K:
[16.549s] [01m[K/usr/include/c++/11/bits/stl_vector.h:653:9:[m[K [01;36m[Knote: [m[Kcandidate: ‘[01m[Ktemplate<class _InputIterator, class> std::vector<_Tp, _Alloc>::vector(_InputIterator, _InputIterator, const allocator_type&) [with _InputIterator = _InputIterator; <template-parameter-2-2> = <template-parameter-1-2>; _Tp = std::__cxx11::basic_string<char>; _Alloc = std::allocator<std::__cxx11::basic_string<char> >][m[K’
[16.550s]   653 |         [01;36m[Kvector[m[K(_InputIterator __first, _InputIterator __last,
[16.550s]       |         [01;36m[K^~~~~~[m[K
[16.550s] [01m[K/usr/include/c++/11/bits/stl_vector.h:653:9:[m[K [01;36m[Knote: [m[K  template argument deduction/substitution failed:
[16.551s] In file included from [01m[K/usr/include/c++/11/bits/stl_algobase.h:65[m[K,
[16.551s]                  from [01m[K/usr/include/c++/11/algorithm:61[m[K,
[16.552s]                  from [01m[K/opt/ros/humble/include/geometry_msgs/geometry_msgs/msg/detail/transform_stamped__struct.hpp:8[m[K,
[16.552s]                  from [01m[K/opt/ros/humble/include/geometry_msgs/geometry_msgs/msg/transform_stamped.hpp:7[m[K,
[16.553s]                  from [01m[K/home/hb/hb_ws/src/apriltag_ros/src/pose_estimation.hpp:4[m[K,
[16.553s]                  from [01m[K/home/hb/hb_ws/src/apriltag_ros/src/AprilTagNode.cpp:2[m[K:
[16.553s] /usr/include/c++/11/bits/stl_iterator_base_types.h: In substitution of ‘[01m[Ktemplate<class _InIter> using _RequireInputIter = std::__enable_if_t<std::is_convertible<typename std::iterator_traits< <template-parameter-1-1> >::iterator_category, std::input_iterator_tag>::value> [with _InIter = int][m[K’:
[16.554s] [01m[K/usr/include/c++/11/bits/stl_vector.h:652:9:[m[K   required from here
[16.554s] [01m[K/usr/include/c++/11/bits/stl_iterator_base_types.h:249:11:[m[K [01;31m[Kerror: [m[Kno type named ‘[01m[Kiterator_category[m[K’ in ‘[01m[Kstruct std::iterator_traits<int>[m[K’
[16.555s]   249 |     using [01;31m[K_RequireInputIter[m[K =
[16.555s]       |           [01;31m[K^~~~~~~~~~~~~~~~~[m[K
[16.555s] In file included from [01m[K/usr/include/c++/11/vector:67[m[K,
[16.556s]                  from [01m[K/usr/include/c++/11/functional:62[m[K,
[16.556s]                  from [01m[K/usr/include/c++/11/pstl/glue_algorithm_defs.h:13[m[K,
[16.556s]                  from [01m[K/usr/include/c++/11/algorithm:74[m[K,
[16.557s]                  from [01m[K/opt/ros/humble/include/geometry_msgs/geometry_msgs/msg/detail/transform_stamped__struct.hpp:8[m[K,
[16.557s]                  from [01m[K/opt/ros/humble/include/geometry_msgs/geometry_msgs/msg/transform_stamped.hpp:7[m[K,
[16.557s]                  from [01m[K/home/hb/hb_ws/src/apriltag_ros/src/pose_estimation.hpp:4[m[K,
[16.558s]                  from [01m[K/home/hb/hb_ws/src/apriltag_ros/src/AprilTagNode.cpp:2[m[K:
[16.558s] [01m[K/usr/include/c++/11/bits/stl_vector.h:625:7:[m[K [01;36m[Knote: [m[Kcandidate: ‘[01m[Kstd::vector<_Tp, _Alloc>::vector(std::initializer_list<_Tp>, const allocator_type&) [with _Tp = std::__cxx11::basic_string<char>; _Alloc = std::allocator<std::__cxx11::basic_string<char> >; std::vector<_Tp, _Alloc>::allocator_type = std::allocator<std::__cxx11::basic_string<char> >][m[K’
[16.559s]   625 |       [01;36m[Kvector[m[K(initializer_list<value_type> __l,
[16.559s]       |       [01;36m[K^~~~~~[m[K
[16.560s] [01m[K/usr/include/c++/11/bits/stl_vector.h:625:43:[m[K [01;36m[Knote: [m[K  no known conversion for argument 1 from ‘[01m[Kint[m[K’ to ‘[01m[Kstd::initializer_list<std::__cxx11::basic_string<char> >[m[K’
[16.560s]   625 |       vector([01;36m[Kinitializer_list<value_type> __l[m[K,
[16.560s]       |              [01;36m[K~~~~~~~~~~~~~~~~~~~~~~~~~~~~~^~~[m[K
[16.561s] [01m[K/usr/include/c++/11/bits/stl_vector.h:607:7:[m[K [01;36m[Knote: [m[Kcandidate: ‘[01m[Kstd::vector<_Tp, _Alloc>::vector(std::vector<_Tp, _Alloc>&&, const allocator_type&) [with _Tp = std::__cxx11::basic_string<char>; _Alloc = std::allocator<std::__cxx11::basic_string<char> >; std::vector<_Tp, _Alloc>::allocator_type = std::allocator<std::__cxx11::basic_string<char> >][m[K’
[16.561s]   607 |       [01;36m[Kvector[m[K(vector&& __rv, const allocator_type& __m)
[16.562s]       |       [01;36m[K^~~~~~[m[K
[16.562s] [01m[K/usr/include/c++/11/bits/stl_vector.h:607:23:[m[K [01;36m[Knote: [m[K  no known conversion for argument 1 from ‘[01m[Kint[m[K’ to ‘[01m[Kstd::vector<std::__cxx11::basic_string<char> >&&[m[K’
[16.563s]   607 |       vector([01;36m[Kvector&& __rv[m[K, const allocator_type& __m)
[16.563s]       |              [01;36m[K~~~~~~~~~^~~~[m[K
[16.563s] [01m[K/usr/include/c++/11/bits/stl_vector.h:589:7:[m[K [01;36m[Knote: [m[Kcandidate: ‘[01m[Kstd::vector<_Tp, _Alloc>::vector(std::vector<_Tp, _Alloc>&&, const allocator_type&, std::false_type) [with _Tp = std::__cxx11::basic_string<char>; _Alloc = std::allocator<std::__cxx11::basic_string<char> >; std::vector<_Tp, _Alloc>::allocator_type = std::allocator<std::__cxx11::basic_string<char> >; std::false_type = std::integral_constant<bool, false>][m[K’
[16.564s]   589 |       [01;36m[Kvector[m[K(vector&& __rv, const allocator_type& __m, false_type)
[16.564s]       |       [01;36m[K^~~~~~[m[K
[16.564s] [01m[K/usr/include/c++/11/bits/stl_vector.h:589:7:[m[K [01;36m[Knote: [m[K  candidate expects 3 arguments, 2 provided
[16.565s] [01m[K/usr/include/c++/11/bits/stl_vector.h:585:7:[m[K [01;36m[Knote: [m[Kcandidate: ‘[01m[Kstd::vector<_Tp, _Alloc>::vector(std::vector<_Tp, _Alloc>&&, const allocator_type&, std::true_type) [with _Tp = std::__cxx11::basic_string<char>; _Alloc = std::allocator<std::__cxx11::basic_string<char> >; std::vector<_Tp, _Alloc>::allocator_type = std::allocator<std::__cxx11::basic_string<char> >; std::true_type = std::integral_constant<bool, true>][m[K’
[16.565s]   585 |       [01;36m[Kvector[m[K(vector&& __rv, const allocator_type& __m, true_type) noexcept
[16.566s]       |       [01;36m[K^~~~~~[m[K
[16.566s] [01m[K/usr/include/c++/11/bits/stl_vector.h:585:7:[m[K [01;36m[Knote: [m[K  candidate expects 3 arguments, 2 provided
[16.566s] [01m[K/usr/include/c++/11/bits/stl_vector.h:575:7:[m[K [01;36m[Knote: [m[Kcandidate: ‘[01m[Kstd::vector<_Tp, _Alloc>::vector(const std::vector<_Tp, _Alloc>&, const allocator_type&) [with _Tp = std::__cxx11::basic_string<char>; _Alloc = std::allocator<std::__cxx11::basic_string<char> >; std::vector<_Tp, _Alloc>::allocator_type = std::allocator<std::__cxx11::basic_string<char> >][m[K’
[16.567s]   575 |       [01;36m[Kvector[m[K(const vector& __x, const allocator_type& __a)
[16.567s]       |       [01;36m[K^~~~~~[m[K
[16.568s] [01m[K/usr/include/c++/11/bits/stl_vector.h:575:28:[m[K [01;36m[Knote: [m[K  no known conversion for argument 1 from ‘[01m[Kint[m[K’ to ‘[01m[Kconst std::vector<std::__cxx11::basic_string<char> >&[m[K’
[16.568s]   575 |       vector([01;36m[Kconst vector& __x[m[K, const allocator_type& __a)
[16.568s]       |              [01;36m[K~~~~~~~~~~~~~~^~~[m[K
[16.569s] [01m[K/usr/include/c++/11/bits/stl_vector.h:572:7:[m[K [01;36m[Knote: [m[Kcandidate: ‘[01m[Kstd::vector<_Tp, _Alloc>::vector(std::vector<_Tp, _Alloc>&&) [with _Tp = std::__cxx11::basic_string<char>; _Alloc = std::allocator<std::__cxx11::basic_string<char> >][m[K’
[16.569s]   572 |       [01;36m[Kvector[m[K(vector&&) noexcept = default;
[16.569s]       |       [01;36m[K^~~~~~[m[K
[16.570s] [01m[K/usr/include/c++/11/bits/stl_vector.h:572:7:[m[K [01;36m[Knote: [m[K  candidate expects 1 argument, 2 provided
[16.570s] [01m[K/usr/include/c++/11/bits/stl_vector.h:553:7:[m[K [01;36m[Knote: [m[Kcandidate: ‘[01m[Kstd::vector<_Tp, _Alloc>::vector(const std::vector<_Tp, _Alloc>&) [with _Tp = std::__cxx11::basic_string<char>; _Alloc = std::allocator<std::__cxx11::basic_string<char> >][m[K’
[16.571s]   553 |       [01;36m[Kvector[m[K(const vector& __x)
[16.571s]       |       [01;36m[K^~~~~~[m[K
[16.571s] [01m[K/usr/include/c++/11/bits/stl_vector.h:553:7:[m[K [01;36m[Knote: [m[K  candidate expects 1 argument, 2 provided
[16.572s] [01m[K/usr/include/c++/11/bits/stl_vector.h:522:7:[m[K [01;36m[Knote: [m[Kcandidate: ‘[01m[Kstd::vector<_Tp, _Alloc>::vector(std::vector<_Tp, _Alloc>::size_type, const value_type&, const allocator_type&) [with _Tp = std::__cxx11::basic_string<char>; _Alloc = std::allocator<std::__cxx11::basic_string<char> >; std::vector<_Tp, _Alloc>::size_type = long unsigned int; std::vector<_Tp, _Alloc>::value_type = std::__cxx11::basic_string<char>; std::vector<_Tp, _Alloc>::allocator_type = std::allocator<std::__cxx11::basic_string<char> >][m[K’
[16.572s]   522 |       [01;36m[Kvector[m[K(size_type __n, const value_type& __value,
[16.572s]       |       [01;36m[K^~~~~~[m[K
[16.573s] [01m[K/usr/include/c++/11/bits/stl_vector.h:522:47:[m[K [01;36m[Knote: [m[K  no known conversion for argument 2 from ‘[01m[Kint[m[K’ to ‘[01m[Kconst value_type&[m[K’ {aka ‘[01m[Kconst std::__cxx11::basic_string<char>&[m[K’}
[16.573s]   522 |       vector(size_type __n, [01;36m[Kconst value_type& __value[m[K,
[16.573s]       |                             [01;36m[K~~~~~~~~~~~~~~~~~~^~~~~~~[m[K
[16.574s] [01m[K/usr/include/c++/11/bits/stl_vector.h:510:7:[m[K [01;36m[Knote: [m[Kcandidate: ‘[01m[Kstd::vector<_Tp, _Alloc>::vector(std::vector<_Tp, _Alloc>::size_type, const allocator_type&) [with _Tp = std::__cxx11::basic_string<char>; _Alloc = std::allocator<std::__cxx11::basic_string<char> >; std::vector<_Tp, _Alloc>::size_type = long unsigned int; std::vector<_Tp, _Alloc>::allocator_type = std::allocator<std::__cxx11::basic_string<char> >][m[K’
[16.574s]   510 |       [01;36m[Kvector[m[K(size_type __n, const allocator_type& __a = allocator_type())
[16.575s]       |       [01;36m[K^~~~~~[m[K
[16.575s] [01m[K/usr/include/c++/11/bits/stl_vector.h:510:51:[m[K [01;36m[Knote: [m[K  no known conversion for argument 2 from ‘[01m[Kint[m[K’ to ‘[01m[Kconst allocator_type&[m[K’ {aka ‘[01m[Kconst std::allocator<std::__cxx11::basic_string<char> >&[m[K’}
[16.576s]   510 |       vector(size_type __n, [01;36m[Kconst allocator_type& __a = allocator_type()[m[K)
[16.577s]       |                             [01;36m[K~~~~~~~~~~~~~~~~~~~~~~^~~~~~~~~~~~~~~~~~~~~~[m[K
[16.577s] [01m[K/usr/include/c++/11/bits/stl_vector.h:497:7:[m[K [01;36m[Knote: [m[Kcandidate: ‘[01m[Kstd::vector<_Tp, _Alloc>::vector(const allocator_type&) [with _Tp = std::__cxx11::basic_string<char>; _Alloc = std::allocator<std::__cxx11::basic_string<char> >; std::vector<_Tp, _Alloc>::allocator_type = std::allocator<std::__cxx11::basic_string<char> >][m[K’
[16.578s]   497 |       [01;36m[Kvector[m[K(const allocator_type& __a) _GLIBCXX_NOEXCEPT
[16.578s]       |       [01;36m[K^~~~~~[m[K
[16.579s] [01m[K/usr/include/c++/11/bits/stl_vector.h:497:7:[m[K [01;36m[Knote: [m[K  candidate expects 1 argument, 2 provided
[16.579s] [01m[K/usr/include/c++/11/bits/stl_vector.h:487:7:[m[K [01;36m[Knote: [m[Kcandidate: ‘[01m[Kstd::vector<_Tp, _Alloc>::vector() [with _Tp = std::__cxx11::basic_string<char>; _Alloc = std::allocator<std::__cxx11::basic_string<char> >][m[K’
[16.580s]   487 |       [01;36m[Kvector[m[K() = default;
[16.581s]       |       [01;36m[K^~~~~~[m[K
[16.582s] [01m[K/usr/include/c++/11/bits/stl_vector.h:487:7:[m[K [01;36m[Knote: [m[K  candidate expects 0 arguments, 2 provided
[21.995s] cc1plus: all warnings being treated as errors
[22.078s] gmake[2]: *** [CMakeFiles/AprilTagNode.dir/build.make:76: CMakeFiles/AprilTagNode.dir/src/AprilTagNode.cpp.o] Error 1
[22.079s] gmake[1]: *** [CMakeFiles/Makefile2:196: CMakeFiles/AprilTagNode.dir/all] Error 2
[22.080s] gmake: *** [Makefile:146: all] Error 2
[22.087s] Invoked command in '/home/hb/hb_ws/build/apriltag_ros' returned '2': CMAKE_PREFIX_PATH=/home/hb/hb_ws/install/ydlidar_ros2_driver:/home/hb/hb_ws/install/usb_cam:/home/hb/hb_ws/install/serial_communication:/opt/ros/humble:/home/hb/hb_ws/install/teleop_twist_joy:/home/hb/hb_ws/install/micro_ros_setup:/home/hb/hb_ws/install/micro_ros_agent:/home/hb/hb_ws/install/micro_ros_msgs:/home/hb/hb_ws/install/apriltag_ros /usr/bin/cmake --build /home/hb/hb_ws/build/apriltag_ros -- -j4 -l4
