[0.448s] DEBUG:colcon:Command line arguments: ['/usr/bin/colcon', 'build']
[0.449s] DEBUG:colcon:Parsed command line arguments: Namespace(log_base=None, log_level=None, verb_name='build', build_base='build', install_base='install', merge_install=False, symlink_install=False, test_result_base=None, continue_on_error=False, executor='parallel', parallel_workers=4, event_handlers=None, ignore_user_meta=False, metas=['./colcon.meta'], base_paths=['.'], packages_ignore=None, packages_ignore_regex=None, paths=None, packages_up_to=None, packages_up_to_regex=None, packages_above=None, packages_above_and_dependencies=None, packages_above_depth=None, packages_select_by_dep=None, packages_skip_by_dep=None, packages_skip_up_to=None, packages_select_build_failed=False, packages_skip_build_finished=False, packages_select_test_failures=False, packages_skip_test_passed=False, packages_select=None, packages_skip=None, packages_select_regex=None, packages_skip_regex=None, packages_start=None, packages_end=None, allow_overriding=[], cmake_args=None, cmake_target=None, cmake_target_skip_unavailable=False, cmake_clean_cache=False, cmake_clean_first=False, cmake_force_configure=False, ament_cmake_args=None, catkin_cmake_args=None, catkin_skip_building_tests=False, verb_parser=<colcon_defaults.argument_parser.defaults.DefaultArgumentsDecorator object at 0xffff981cc940>, verb_extension=<colcon_core.verb.build.BuildVerb object at 0xffff98301540>, main=<bound method BuildVerb.main of <colcon_core.verb.build.BuildVerb object at 0xffff98301540>>)
[1.449s] Level 1:colcon.colcon_core.package_discovery:discover_packages(colcon_meta) check parameters
[1.450s] Level 1:colcon.colcon_core.package_discovery:discover_packages(recursive) check parameters
[1.450s] Level 1:colcon.colcon_core.package_discovery:discover_packages(ignore) check parameters
[1.450s] Level 1:colcon.colcon_core.package_discovery:discover_packages(path) check parameters
[1.451s] Level 1:colcon.colcon_core.package_discovery:discover_packages(colcon_meta) discover
[1.451s] Level 1:colcon.colcon_core.package_discovery:discover_packages(recursive) discover
[1.451s] INFO:colcon.colcon_core.package_discovery:Crawling recursively for packages in '/home/hb/hb_ws'
[1.452s] Level 1:colcon.colcon_core.package_identification:_identify(.) by extensions ['ignore', 'ignore_ament_install']
[1.453s] Level 1:colcon.colcon_core.package_identification:_identify(.) by extension 'ignore'
[1.453s] Level 1:colcon.colcon_core.package_identification:_identify(.) by extension 'ignore_ament_install'
[1.454s] Level 1:colcon.colcon_core.package_identification:_identify(.) by extensions ['colcon_pkg']
[1.454s] Level 1:colcon.colcon_core.package_identification:_identify(.) by extension 'colcon_pkg'
[1.455s] Level 1:colcon.colcon_core.package_identification:_identify(.) by extensions ['colcon_meta']
[1.456s] Level 1:colcon.colcon_core.package_identification:_identify(.) by extension 'colcon_meta'
[1.456s] Level 1:colcon.colcon_core.package_identification:_identify(.) by extensions ['ros']
[1.457s] Level 1:colcon.colcon_core.package_identification:_identify(.) by extension 'ros'
[1.527s] Level 1:colcon.colcon_core.package_identification:_identify(.) by extensions ['cmake', 'python']
[1.529s] Level 1:colcon.colcon_core.package_identification:_identify(.) by extension 'cmake'
[1.529s] Level 1:colcon.colcon_core.package_identification:_identify(.) by extension 'python'
[1.530s] Level 1:colcon.colcon_core.package_identification:_identify(.) by extensions ['python_setup_py']
[1.531s] Level 1:colcon.colcon_core.package_identification:_identify(.) by extension 'python_setup_py'
[1.532s] Level 1:colcon.colcon_core.package_identification:_identify(build) by extensions ['ignore', 'ignore_ament_install']
[1.534s] Level 1:colcon.colcon_core.package_identification:_identify(build) by extension 'ignore'
[1.534s] Level 1:colcon.colcon_core.package_identification:_identify(build) ignored
[1.536s] Level 1:colcon.colcon_core.package_identification:_identify(install) by extensions ['ignore', 'ignore_ament_install']
[1.536s] Level 1:colcon.colcon_core.package_identification:_identify(install) by extension 'ignore'
[1.536s] Level 1:colcon.colcon_core.package_identification:_identify(install) ignored
[1.537s] Level 1:colcon.colcon_core.package_identification:_identify(log) by extensions ['ignore', 'ignore_ament_install']
[1.537s] Level 1:colcon.colcon_core.package_identification:_identify(log) by extension 'ignore'
[1.537s] Level 1:colcon.colcon_core.package_identification:_identify(log) ignored
[1.538s] Level 1:colcon.colcon_core.package_identification:_identify(src) by extensions ['ignore', 'ignore_ament_install']
[1.538s] Level 1:colcon.colcon_core.package_identification:_identify(src) by extension 'ignore'
[1.539s] Level 1:colcon.colcon_core.package_identification:_identify(src) by extension 'ignore_ament_install'
[1.539s] Level 1:colcon.colcon_core.package_identification:_identify(src) by extensions ['colcon_pkg']
[1.539s] Level 1:colcon.colcon_core.package_identification:_identify(src) by extension 'colcon_pkg'
[1.539s] Level 1:colcon.colcon_core.package_identification:_identify(src) by extensions ['colcon_meta']
[1.539s] Level 1:colcon.colcon_core.package_identification:_identify(src) by extension 'colcon_meta'
[1.539s] Level 1:colcon.colcon_core.package_identification:_identify(src) by extensions ['ros']
[1.540s] Level 1:colcon.colcon_core.package_identification:_identify(src) by extension 'ros'
[1.540s] Level 1:colcon.colcon_core.package_identification:_identify(src) by extensions ['cmake', 'python']
[1.540s] Level 1:colcon.colcon_core.package_identification:_identify(src) by extension 'cmake'
[1.540s] Level 1:colcon.colcon_core.package_identification:_identify(src) by extension 'python'
[1.540s] Level 1:colcon.colcon_core.package_identification:_identify(src) by extensions ['python_setup_py']
[1.541s] Level 1:colcon.colcon_core.package_identification:_identify(src) by extension 'python_setup_py'
[1.541s] Level 1:colcon.colcon_core.package_identification:_identify(src/ydlidar_ros2_driver) by extensions ['ignore', 'ignore_ament_install']
[1.542s] Level 1:colcon.colcon_core.package_identification:_identify(src/ydlidar_ros2_driver) by extension 'ignore'
[1.542s] Level 1:colcon.colcon_core.package_identification:_identify(src/ydlidar_ros2_driver) by extension 'ignore_ament_install'
[1.542s] Level 1:colcon.colcon_core.package_identification:_identify(src/ydlidar_ros2_driver) by extensions ['colcon_pkg']
[1.542s] Level 1:colcon.colcon_core.package_identification:_identify(src/ydlidar_ros2_driver) by extension 'colcon_pkg'
[1.542s] Level 1:colcon.colcon_core.package_identification:_identify(src/ydlidar_ros2_driver) by extensions ['colcon_meta']
[1.543s] Level 1:colcon.colcon_core.package_identification:_identify(src/ydlidar_ros2_driver) by extension 'colcon_meta'
[1.543s] Level 1:colcon.colcon_core.package_identification:_identify(src/ydlidar_ros2_driver) by extensions ['ros']
[1.543s] Level 1:colcon.colcon_core.package_identification:_identify(src/ydlidar_ros2_driver) by extension 'ros'
[1.552s] DEBUG:colcon.colcon_core.package_identification:Package 'src/ydlidar_ros2_driver' with type 'ros.ament_cmake' and name 'ydlidar_ros2_driver'
[1.552s] Level 1:colcon.colcon_core.package_discovery:discover_packages(recursive) using defaults
[1.553s] Level 1:colcon.colcon_core.package_discovery:discover_packages(ignore) discover
[1.553s] Level 1:colcon.colcon_core.package_discovery:discover_packages(ignore) using defaults
[1.553s] Level 1:colcon.colcon_core.package_discovery:discover_packages(path) discover
[1.553s] Level 1:colcon.colcon_core.package_discovery:discover_packages(path) using defaults
[1.630s] Level 1:colcon.colcon_core.package_discovery:discover_packages(prefix_path) check parameters
[1.630s] Level 1:colcon.colcon_core.package_discovery:discover_packages(prefix_path) discover
[1.639s] DEBUG:colcon.colcon_installed_package_information.package_discovery:Found 1 installed packages in /home/hb/hb_ws/install
[1.648s] DEBUG:colcon.colcon_installed_package_information.package_discovery:Found 270 installed packages in /opt/ros/humble
[1.700s] Level 1:colcon.colcon_core.package_discovery:discover_packages(prefix_path) using defaults
[1.865s] Level 5:colcon.colcon_core.verb:set package 'ydlidar_ros2_driver' build argument 'cmake_args' from command line to 'None'
[1.866s] Level 5:colcon.colcon_core.verb:set package 'ydlidar_ros2_driver' build argument 'cmake_target' from command line to 'None'
[1.866s] Level 5:colcon.colcon_core.verb:set package 'ydlidar_ros2_driver' build argument 'cmake_target_skip_unavailable' from command line to 'False'
[1.866s] Level 5:colcon.colcon_core.verb:set package 'ydlidar_ros2_driver' build argument 'cmake_clean_cache' from command line to 'False'
[1.866s] Level 5:colcon.colcon_core.verb:set package 'ydlidar_ros2_driver' build argument 'cmake_clean_first' from command line to 'False'
[1.866s] Level 5:colcon.colcon_core.verb:set package 'ydlidar_ros2_driver' build argument 'cmake_force_configure' from command line to 'False'
[1.867s] Level 5:colcon.colcon_core.verb:set package 'ydlidar_ros2_driver' build argument 'ament_cmake_args' from command line to 'None'
[1.867s] Level 5:colcon.colcon_core.verb:set package 'ydlidar_ros2_driver' build argument 'catkin_cmake_args' from command line to 'None'
[1.867s] Level 5:colcon.colcon_core.verb:set package 'ydlidar_ros2_driver' build argument 'catkin_skip_building_tests' from command line to 'False'
[1.867s] DEBUG:colcon.colcon_core.verb:Building package 'ydlidar_ros2_driver' with the following arguments: {'ament_cmake_args': None, 'build_base': '/home/hb/hb_ws/build/ydlidar_ros2_driver', 'catkin_cmake_args': None, 'catkin_skip_building_tests': False, 'cmake_args': None, 'cmake_clean_cache': False, 'cmake_clean_first': False, 'cmake_force_configure': False, 'cmake_target': None, 'cmake_target_skip_unavailable': False, 'install_base': '/home/hb/hb_ws/install/ydlidar_ros2_driver', 'merge_install': False, 'path': '/home/hb/hb_ws/src/ydlidar_ros2_driver', 'symlink_install': False, 'test_result_base': None}
[1.868s] INFO:colcon.colcon_core.executor:Executing jobs using 'parallel' executor
[1.871s] DEBUG:colcon.colcon_parallel_executor.executor.parallel:run_until_complete
[1.872s] INFO:colcon.colcon_ros.task.ament_cmake.build:Building ROS package in '/home/hb/hb_ws/src/ydlidar_ros2_driver' with build type 'ament_cmake'
[1.873s] INFO:colcon.colcon_cmake.task.cmake.build:Building CMake package in '/home/hb/hb_ws/src/ydlidar_ros2_driver'
[1.882s] INFO:colcon.colcon_core.plugin_system:Skipping extension 'colcon_core.shell.bat': Not used on non-Windows systems
[1.883s] INFO:colcon.colcon_core.shell:Skip shell extension 'powershell' for command environment: Not usable outside of PowerShell
[1.883s] DEBUG:colcon.colcon_core.shell:Skip shell extension 'dsv' for command environment
[1.928s] DEBUG:colcon.colcon_core.event_handler.log_command:Invoking command in '/home/hb/hb_ws/build/ydlidar_ros2_driver': CMAKE_PREFIX_PATH=${CMAKE_PREFIX_PATH}:/opt/ros/humble /usr/bin/cmake --build /home/hb/hb_ws/build/ydlidar_ros2_driver -- -j4 -l4
[29.881s] DEBUG:colcon.colcon_core.event_handler.log_command:Invoked command in '/home/hb/hb_ws/build/ydlidar_ros2_driver' returned '0': CMAKE_PREFIX_PATH=${CMAKE_PREFIX_PATH}:/opt/ros/humble /usr/bin/cmake --build /home/hb/hb_ws/build/ydlidar_ros2_driver -- -j4 -l4
[30.096s] DEBUG:colcon.colcon_core.event_handler.log_command:Invoking command in '/home/hb/hb_ws/build/ydlidar_ros2_driver': CMAKE_PREFIX_PATH=${CMAKE_PREFIX_PATH}:/opt/ros/humble /usr/bin/cmake --install /home/hb/hb_ws/build/ydlidar_ros2_driver
[30.169s] Level 1:colcon.colcon_core.environment:create_environment_scripts_only(ydlidar_ros2_driver)
[30.178s] DEBUG:colcon.colcon_core.event_handler.log_command:Invoked command in '/home/hb/hb_ws/build/ydlidar_ros2_driver' returned '0': CMAKE_PREFIX_PATH=${CMAKE_PREFIX_PATH}:/opt/ros/humble /usr/bin/cmake --install /home/hb/hb_ws/build/ydlidar_ros2_driver
[30.187s] Level 1:colcon.colcon_core.environment:checking '/home/hb/hb_ws/install/ydlidar_ros2_driver' for CMake module files
[30.191s] Level 1:colcon.colcon_core.environment:checking '/home/hb/hb_ws/install/ydlidar_ros2_driver' for CMake config files
[30.194s] Level 1:colcon.colcon_core.shell:create_environment_hook('ydlidar_ros2_driver', 'cmake_prefix_path')
[30.195s] INFO:colcon.colcon_core.shell:Creating environment hook '/home/hb/hb_ws/install/ydlidar_ros2_driver/share/ydlidar_ros2_driver/hook/cmake_prefix_path.ps1'
[30.197s] INFO:colcon.colcon_core.shell:Creating environment descriptor '/home/hb/hb_ws/install/ydlidar_ros2_driver/share/ydlidar_ros2_driver/hook/cmake_prefix_path.dsv'
[30.200s] INFO:colcon.colcon_core.shell:Creating environment hook '/home/hb/hb_ws/install/ydlidar_ros2_driver/share/ydlidar_ros2_driver/hook/cmake_prefix_path.sh'
[30.204s] Level 1:colcon.colcon_core.environment:checking '/home/hb/hb_ws/install/ydlidar_ros2_driver/lib'
[30.205s] Level 1:colcon.colcon_core.environment:checking '/home/hb/hb_ws/install/ydlidar_ros2_driver/bin'
[30.205s] Level 1:colcon.colcon_core.environment:checking '/home/hb/hb_ws/install/ydlidar_ros2_driver/lib/pkgconfig/ydlidar_ros2_driver.pc'
[30.206s] Level 1:colcon.colcon_core.environment:checking '/home/hb/hb_ws/install/ydlidar_ros2_driver/lib/python3.10/site-packages'
[30.207s] Level 1:colcon.colcon_core.environment:checking '/home/hb/hb_ws/install/ydlidar_ros2_driver/bin'
[30.208s] INFO:colcon.colcon_core.shell:Creating package script '/home/hb/hb_ws/install/ydlidar_ros2_driver/share/ydlidar_ros2_driver/package.ps1'
[30.212s] INFO:colcon.colcon_core.shell:Creating package descriptor '/home/hb/hb_ws/install/ydlidar_ros2_driver/share/ydlidar_ros2_driver/package.dsv'
[30.215s] INFO:colcon.colcon_core.shell:Creating package script '/home/hb/hb_ws/install/ydlidar_ros2_driver/share/ydlidar_ros2_driver/package.sh'
[30.218s] INFO:colcon.colcon_core.shell:Creating package script '/home/hb/hb_ws/install/ydlidar_ros2_driver/share/ydlidar_ros2_driver/package.bash'
[30.222s] INFO:colcon.colcon_core.shell:Creating package script '/home/hb/hb_ws/install/ydlidar_ros2_driver/share/ydlidar_ros2_driver/package.zsh'
[30.225s] Level 1:colcon.colcon_core.environment:create_file_with_runtime_dependencies(/home/hb/hb_ws/install/ydlidar_ros2_driver/share/colcon-core/packages/ydlidar_ros2_driver)
[30.389s] Level 1:colcon.colcon_core.environment:create_environment_scripts_only(ydlidar_ros2_driver)
[30.391s] Level 1:colcon.colcon_core.environment:checking '/home/hb/hb_ws/install/ydlidar_ros2_driver' for CMake module files
[30.395s] Level 1:colcon.colcon_core.environment:checking '/home/hb/hb_ws/install/ydlidar_ros2_driver' for CMake config files
[30.397s] Level 1:colcon.colcon_core.shell:create_environment_hook('ydlidar_ros2_driver', 'cmake_prefix_path')
[30.399s] INFO:colcon.colcon_core.shell:Creating environment hook '/home/hb/hb_ws/install/ydlidar_ros2_driver/share/ydlidar_ros2_driver/hook/cmake_prefix_path.ps1'
[30.401s] INFO:colcon.colcon_core.shell:Creating environment descriptor '/home/hb/hb_ws/install/ydlidar_ros2_driver/share/ydlidar_ros2_driver/hook/cmake_prefix_path.dsv'
[30.403s] INFO:colcon.colcon_core.shell:Creating environment hook '/home/hb/hb_ws/install/ydlidar_ros2_driver/share/ydlidar_ros2_driver/hook/cmake_prefix_path.sh'
[30.406s] Level 1:colcon.colcon_core.environment:checking '/home/hb/hb_ws/install/ydlidar_ros2_driver/lib'
[30.406s] Level 1:colcon.colcon_core.environment:checking '/home/hb/hb_ws/install/ydlidar_ros2_driver/bin'
[30.407s] Level 1:colcon.colcon_core.environment:checking '/home/hb/hb_ws/install/ydlidar_ros2_driver/lib/pkgconfig/ydlidar_ros2_driver.pc'
[30.408s] Level 1:colcon.colcon_core.environment:checking '/home/hb/hb_ws/install/ydlidar_ros2_driver/lib/python3.10/site-packages'
[30.409s] Level 1:colcon.colcon_core.environment:checking '/home/hb/hb_ws/install/ydlidar_ros2_driver/bin'
[30.410s] INFO:colcon.colcon_core.shell:Creating package script '/home/hb/hb_ws/install/ydlidar_ros2_driver/share/ydlidar_ros2_driver/package.ps1'
[30.413s] INFO:colcon.colcon_core.shell:Creating package descriptor '/home/hb/hb_ws/install/ydlidar_ros2_driver/share/ydlidar_ros2_driver/package.dsv'
[30.415s] INFO:colcon.colcon_core.shell:Creating package script '/home/hb/hb_ws/install/ydlidar_ros2_driver/share/ydlidar_ros2_driver/package.sh'
[30.418s] INFO:colcon.colcon_core.shell:Creating package script '/home/hb/hb_ws/install/ydlidar_ros2_driver/share/ydlidar_ros2_driver/package.bash'
[30.420s] INFO:colcon.colcon_core.shell:Creating package script '/home/hb/hb_ws/install/ydlidar_ros2_driver/share/ydlidar_ros2_driver/package.zsh'
[30.422s] Level 1:colcon.colcon_core.environment:create_file_with_runtime_dependencies(/home/hb/hb_ws/install/ydlidar_ros2_driver/share/colcon-core/packages/ydlidar_ros2_driver)
[30.424s] DEBUG:colcon.colcon_parallel_executor.executor.parallel:closing loop
[30.425s] DEBUG:colcon.colcon_parallel_executor.executor.parallel:loop closed
[30.426s] DEBUG:colcon.colcon_parallel_executor.executor.parallel:run_until_complete finished with '0'
[30.426s] DEBUG:colcon.colcon_core.event_reactor:joining thread
[30.450s] INFO:colcon.colcon_core.plugin_system:Skipping extension 'colcon_notification.desktop_notification.terminal_notifier': Not used on non-Darwin systems
[30.451s] INFO:colcon.colcon_core.plugin_system:Skipping extension 'colcon_notification.desktop_notification.win32': Not used on non-Windows systems
[30.451s] INFO:colcon.colcon_notification.desktop_notification:Sending desktop notification using 'notify2'
[30.516s] DEBUG:colcon.colcon_core.event_reactor:joined thread
[30.517s] INFO:colcon.colcon_core.shell:Creating prefix script '/home/hb/hb_ws/install/local_setup.ps1'
[30.522s] INFO:colcon.colcon_core.shell:Creating prefix util module '/home/hb/hb_ws/install/_local_setup_util_ps1.py'
[30.529s] INFO:colcon.colcon_core.shell:Creating prefix chain script '/home/hb/hb_ws/install/setup.ps1'
[30.540s] INFO:colcon.colcon_core.shell:Creating prefix script '/home/hb/hb_ws/install/local_setup.sh'
[30.545s] INFO:colcon.colcon_core.shell:Creating prefix util module '/home/hb/hb_ws/install/_local_setup_util_sh.py'
[30.551s] INFO:colcon.colcon_core.shell:Creating prefix chain script '/home/hb/hb_ws/install/setup.sh'
[30.559s] INFO:colcon.colcon_core.shell:Creating prefix script '/home/hb/hb_ws/install/local_setup.bash'
[30.563s] INFO:colcon.colcon_core.shell:Creating prefix chain script '/home/hb/hb_ws/install/setup.bash'
[30.569s] INFO:colcon.colcon_core.shell:Creating prefix script '/home/hb/hb_ws/install/local_setup.zsh'
[30.573s] INFO:colcon.colcon_core.shell:Creating prefix chain script '/home/hb/hb_ws/install/setup.zsh'
