[3.412s] Invoking command in '/home/hb/hb_ws/src/serial_communication': PYTHONPATH=/home/hb/hb_ws/build/serial_communication/prefix_override:/home/hb/hb_ws/install/serial_communication/lib/python3.10/site-packages:${PYTHONPATH} /usr/bin/python3 -W ignore:setup.py install is deprecated setup.py egg_info --egg-base ../../build/serial_communication build --build-base /home/hb/hb_ws/build/serial_communication/build install --record /home/hb/hb_ws/build/serial_communication/install.log --single-version-externally-managed install_data
[4.612s] running egg_info
[4.615s] writing ../../build/serial_communication/serial_communication.egg-info/PKG-INFO
[4.616s] writing dependency_links to ../../build/serial_communication/serial_communication.egg-info/dependency_links.txt
[4.617s] writing entry points to ../../build/serial_communication/serial_communication.egg-info/entry_points.txt
[4.618s] writing requirements to ../../build/serial_communication/serial_communication.egg-info/requires.txt
[4.619s] writing top-level names to ../../build/serial_communication/serial_communication.egg-info/top_level.txt
[4.627s] reading manifest file '../../build/serial_communication/serial_communication.egg-info/SOURCES.txt'
[4.631s] writing manifest file '../../build/serial_communication/serial_communication.egg-info/SOURCES.txt'
[4.632s] running build
[4.632s] running build_py
[4.634s] running install
[4.635s] running install_lib
[4.641s] running install_data
[4.642s] running install_egg_info
[4.648s] removing '/home/hb/hb_ws/install/serial_communication/lib/python3.10/site-packages/serial_communication-0.0.0-py3.10.egg-info' (and everything under it)
[4.650s] Copying ../../build/serial_communication/serial_communication.egg-info to /home/hb/hb_ws/install/serial_communication/lib/python3.10/site-packages/serial_communication-0.0.0-py3.10.egg-info
[4.656s] running install_scripts
[4.743s] Installing teleop_serial script to /home/hb/hb_ws/install/serial_communication/lib/serial_communication
[4.745s] writing list of installed files to '/home/hb/hb_ws/build/serial_communication/install.log'
[4.882s] Invoked command in '/home/hb/hb_ws/src/serial_communication' returned '0': PYTHONPATH=/home/hb/hb_ws/build/serial_communication/prefix_override:/home/hb/hb_ws/install/serial_communication/lib/python3.10/site-packages:${PYTHONPATH} /usr/bin/python3 -W ignore:setup.py install is deprecated setup.py egg_info --egg-base ../../build/serial_communication build --build-base /home/hb/hb_ws/build/serial_communication/build install --record /home/hb/hb_ws/build/serial_communication/install.log --single-version-externally-managed install_data
