[6.120s] Invoking command in '/home/hb/hb_ws/src/serial_communication': PYTHONPATH=/home/hb/hb_ws/build/serial_communication/prefix_override:/home/hb/hb_ws/install/serial_communication/lib/python3.10/site-packages:${PYTHONPATH} /usr/bin/python3 -W ignore:setup.py install is deprecated setup.py egg_info --egg-base ../../build/serial_communication build --build-base /home/hb/hb_ws/build/serial_communication/build install --record /home/hb/hb_ws/build/serial_communication/install.log --single-version-externally-managed install_data
[7.469s] running egg_info
[7.472s] writing ../../build/serial_communication/serial_communication.egg-info/PKG-INFO
[7.473s] writing dependency_links to ../../build/serial_communication/serial_communication.egg-info/dependency_links.txt
[7.474s] writing entry points to ../../build/serial_communication/serial_communication.egg-info/entry_points.txt
[7.475s] writing requirements to ../../build/serial_communication/serial_communication.egg-info/requires.txt
[7.476s] writing top-level names to ../../build/serial_communication/serial_communication.egg-info/top_level.txt
[7.485s] reading manifest file '../../build/serial_communication/serial_communication.egg-info/SOURCES.txt'
[7.489s] writing manifest file '../../build/serial_communication/serial_communication.egg-info/SOURCES.txt'
[7.490s] running build
[7.490s] running build_py
[7.492s] running install
[7.493s] running install_lib
[7.500s] running install_data
[7.501s] running install_egg_info
[7.507s] removing '/home/hb/hb_ws/install/serial_communication/lib/python3.10/site-packages/serial_communication-0.0.0-py3.10.egg-info' (and everything under it)
[7.509s] Copying ../../build/serial_communication/serial_communication.egg-info to /home/hb/hb_ws/install/serial_communication/lib/python3.10/site-packages/serial_communication-0.0.0-py3.10.egg-info
[7.517s] running install_scripts
[7.613s] Installing teleop_serial script to /home/hb/hb_ws/install/serial_communication/lib/serial_communication
[7.615s] writing list of installed files to '/home/hb/hb_ws/build/serial_communication/install.log'
[7.776s] Invoked command in '/home/hb/hb_ws/src/serial_communication' returned '0': PYTHONPATH=/home/hb/hb_ws/build/serial_communication/prefix_override:/home/hb/hb_ws/install/serial_communication/lib/python3.10/site-packages:${PYTHONPATH} /usr/bin/python3 -W ignore:setup.py install is deprecated setup.py egg_info --egg-base ../../build/serial_communication build --build-base /home/hb/hb_ws/build/serial_communication/build install --record /home/hb/hb_ws/build/serial_communication/install.log --single-version-externally-managed install_data
