[4.575s] Invoking command in '/home/hb/hb_ws/src/serial_communication': PYTHONPATH=/home/hb/hb_ws/build/serial_communication/prefix_override:/home/hb/hb_ws/install/serial_communication/lib/python3.10/site-packages:${PYTHONPATH} /usr/bin/python3 -W ignore:setup.py install is deprecated setup.py egg_info --egg-base ../../build/serial_communication build --build-base /home/hb/hb_ws/build/serial_communication/build install --record /home/hb/hb_ws/build/serial_communication/install.log --single-version-externally-managed install_data
[5.859s] running egg_info
[5.863s] writing ../../build/serial_communication/serial_communication.egg-info/PKG-INFO
[5.864s] writing dependency_links to ../../build/serial_communication/serial_communication.egg-info/dependency_links.txt
[5.865s] writing entry points to ../../build/serial_communication/serial_communication.egg-info/entry_points.txt
[5.866s] writing requirements to ../../build/serial_communication/serial_communication.egg-info/requires.txt
[5.866s] writing top-level names to ../../build/serial_communication/serial_communication.egg-info/top_level.txt
[5.875s] reading manifest file '../../build/serial_communication/serial_communication.egg-info/SOURCES.txt'
[5.879s] writing manifest file '../../build/serial_communication/serial_communication.egg-info/SOURCES.txt'
[5.879s] running build
[5.880s] running build_py
[5.880s] copying serial_communication/teleop_serial.py -> /home/hb/hb_ws/build/serial_communication/build/lib/serial_communication
[5.882s] running install
[5.883s] running install_lib
[5.887s] copying /home/hb/hb_ws/build/serial_communication/build/lib/serial_communication/teleop_serial.py -> /home/hb/hb_ws/install/serial_communication/lib/python3.10/site-packages/serial_communication
[5.890s] byte-compiling /home/hb/hb_ws/install/serial_communication/lib/python3.10/site-packages/serial_communication/teleop_serial.py to teleop_serial.cpython-310.pyc
[5.893s] running install_data
[5.893s] running install_egg_info
[5.900s] removing '/home/hb/hb_ws/install/serial_communication/lib/python3.10/site-packages/serial_communication-0.0.0-py3.10.egg-info' (and everything under it)
[5.902s] Copying ../../build/serial_communication/serial_communication.egg-info to /home/hb/hb_ws/install/serial_communication/lib/python3.10/site-packages/serial_communication-0.0.0-py3.10.egg-info
[5.907s] running install_scripts
[5.998s] Installing teleop_serial script to /home/hb/hb_ws/install/serial_communication/lib/serial_communication
[6.000s] writing list of installed files to '/home/hb/hb_ws/build/serial_communication/install.log'
[6.138s] Invoked command in '/home/hb/hb_ws/src/serial_communication' returned '0': PYTHONPATH=/home/hb/hb_ws/build/serial_communication/prefix_override:/home/hb/hb_ws/install/serial_communication/lib/python3.10/site-packages:${PYTHONPATH} /usr/bin/python3 -W ignore:setup.py install is deprecated setup.py egg_info --egg-base ../../build/serial_communication build --build-base /home/hb/hb_ws/build/serial_communication/build install --record /home/hb/hb_ws/build/serial_communication/install.log --single-version-externally-managed install_data
