-- Found rclcpp: 16.0.8 (/opt/ros/humble/share/rclcpp/cmake)
-- Found rosidl_generator_c: 3.1.5 (/opt/ros/humble/share/rosidl_generator_c/cmake)
-- Found rosidl_adapter: 3.1.5 (/opt/ros/humble/share/rosidl_adapter/cmake)
-- Found rosidl_generator_cpp: 3.1.5 (/opt/ros/humble/share/rosidl_generator_cpp/cmake)
-- Using all available rosidl_typesupport_c: rosidl_typesupport_fastrtps_c;rosidl_typesupport_introspection_c
-- Using all available rosidl_typesupport_cpp: rosidl_typesupport_fastrtps_cpp;rosidl_typesupport_introspection_cpp
-- Found rmw_implementation_cmake: 6.1.1 (/opt/ros/humble/share/rmw_implementation_cmake/cmake)
-- Found rmw_fastrtps_cpp: 6.2.6 (/opt/ros/humble/share/rmw_fastrtps_cpp/cmake)
-- Using RMW implementation 'rmw_fastrtps_cpp' as default
-- Found rclcpp_components: 16.0.8 (/opt/ros/humble/share/rclcpp_components/cmake)
-- Found sensor_msgs: 4.2.3 (/opt/ros/humble/share/sensor_msgs/cmake)
-- Found apriltag_msgs: 2.0.1 (/opt/ros/humble/share/apriltag_msgs/cmake)
-- Found tf2_ros: 0.25.6 (/opt/ros/humble/share/tf2_ros/cmake)
-- Found image_transport: 3.1.8 (/opt/ros/humble/share/image_transport/cmake)
-- Found cv_bridge: 3.2.1 (/opt/ros/humble/share/cv_bridge/cmake)
-- Found OpenCV: /usr (found version "4.5.4") 
-- Found ament_lint_auto: 0.12.10 (/opt/ros/humble/share/ament_lint_auto/cmake)
-- Added test 'clang_format' to check C / C++ code style
-- Added test 'cppcheck' to perform static code analysis on C / C++ code
-- Configured cppcheck include dirs: 
-- Configured cppcheck exclude dirs and/or files: 
-- Configuring done
-- Generating done
-- Build files have been written to: /home/hb/hb_ws/build/apriltag_ros
[ 33%] [32mBuilding CXX object CMakeFiles/tags.dir/src/tag_functions.cpp.o[0m
[ 33%] [32mBuilding CXX object CMakeFiles/pose_estimation.dir/src/pose_estimation.cpp.o[0m
[ 50%] [32mBuilding CXX object CMakeFiles/apriltag_node.dir/rclcpp_components/node_main_apriltag_node.cpp.o[0m
[ 50%] Built target tags
[ 50%] Built target pose_estimation
[ 66%] [32mBuilding CXX object CMakeFiles/AprilTagNode.dir/src/AprilTagNode.cpp.o[0m
[ 83%] [32m[1mLinking CXX executable apriltag_node[0m
[ 83%] Built target apriltag_node
[100%] [32m[1mLinking CXX shared library libAprilTagNode.so[0m
[100%] Built target AprilTagNode
-- Install configuration: ""
-- Installing: /home/hb/hb_ws/install/apriltag_ros/lib/apriltag_ros/apriltag_node
-- Set runtime path of "/home/hb/hb_ws/install/apriltag_ros/lib/apriltag_ros/apriltag_node" to ""
-- Installing: /home/hb/hb_ws/install/apriltag_ros/share/apriltag_ros/environment/library_path.sh
-- Installing: /home/hb/hb_ws/install/apriltag_ros/share/apriltag_ros/environment/library_path.dsv
-- Installing: /home/hb/hb_ws/install/apriltag_ros/lib/libAprilTagNode.so
-- Set runtime path of "/home/hb/hb_ws/install/apriltag_ros/lib/libAprilTagNode.so" to ""
-- Installing: /home/hb/hb_ws/install/apriltag_ros/share/apriltag_ros/cfg
-- Installing: /home/hb/hb_ws/install/apriltag_ros/share/apriltag_ros/cfg/tags_36h11.yaml
-- Installing: /home/hb/hb_ws/install/apriltag_ros/share/apriltag_ros/launch
-- Installing: /home/hb/hb_ws/install/apriltag_ros/share/apriltag_ros/launch/v4l2_36h11.launch.yml
-- Installing: /home/hb/hb_ws/install/apriltag_ros/share/ament_index/resource_index/package_run_dependencies/apriltag_ros
-- Installing: /home/hb/hb_ws/install/apriltag_ros/share/ament_index/resource_index/parent_prefix_path/apriltag_ros
-- Installing: /home/hb/hb_ws/install/apriltag_ros/share/apriltag_ros/environment/ament_prefix_path.sh
-- Installing: /home/hb/hb_ws/install/apriltag_ros/share/apriltag_ros/environment/ament_prefix_path.dsv
-- Installing: /home/hb/hb_ws/install/apriltag_ros/share/apriltag_ros/environment/path.sh
-- Installing: /home/hb/hb_ws/install/apriltag_ros/share/apriltag_ros/environment/path.dsv
-- Installing: /home/hb/hb_ws/install/apriltag_ros/share/apriltag_ros/local_setup.bash
-- Installing: /home/hb/hb_ws/install/apriltag_ros/share/apriltag_ros/local_setup.sh
-- Installing: /home/hb/hb_ws/install/apriltag_ros/share/apriltag_ros/local_setup.zsh
-- Installing: /home/hb/hb_ws/install/apriltag_ros/share/apriltag_ros/local_setup.dsv
-- Installing: /home/hb/hb_ws/install/apriltag_ros/share/apriltag_ros/package.dsv
-- Installing: /home/hb/hb_ws/install/apriltag_ros/share/ament_index/resource_index/packages/apriltag_ros
-- Installing: /home/hb/hb_ws/install/apriltag_ros/share/ament_index/resource_index/rclcpp_components/apriltag_ros
-- Installing: /home/hb/hb_ws/install/apriltag_ros/share/apriltag_ros/cmake/apriltag_rosConfig.cmake
-- Installing: /home/hb/hb_ws/install/apriltag_ros/share/apriltag_ros/cmake/apriltag_rosConfig-version.cmake
-- Installing: /home/hb/hb_ws/install/apriltag_ros/share/apriltag_ros/package.xml
