[0.150s] Invoking command in '/home/hb/hb_ws/build/apriltag_ros': CMAKE_PREFIX_PATH=/home/hb/hb_ws/install/ydlidar_ros2_driver:/home/hb/hb_ws/install/usb_cam:/home/hb/hb_ws/install/serial_communication:/opt/ros/humble:/home/hb/hb_ws/install/teleop_twist_joy:/home/hb/hb_ws/install/micro_ros_setup:/home/hb/hb_ws/install/micro_ros_agent:/home/hb/hb_ws/install/micro_ros_msgs /usr/bin/cmake /home/hb/hb_ws/src/apriltag_ros -DCMAKE_INSTALL_PREFIX=/home/hb/hb_ws/install/apriltag_ros
[1.824s] -- Found rclcpp: 16.0.8 (/opt/ros/humble/share/rclcpp/cmake)
[1.825s] -- Found rosidl_generator_c: 3.1.5 (/opt/ros/humble/share/rosidl_generator_c/cmake)
[1.825s] -- Found rosidl_adapter: 3.1.5 (/opt/ros/humble/share/rosidl_adapter/cmake)
[1.825s] -- Found rosidl_generator_cpp: 3.1.5 (/opt/ros/humble/share/rosidl_generator_cpp/cmake)
[1.826s] -- Using all available rosidl_typesupport_c: rosidl_typesupport_fastrtps_c;rosidl_typesupport_introspection_c
[1.826s] -- Using all available rosidl_typesupport_cpp: rosidl_typesupport_fastrtps_cpp;rosidl_typesupport_introspection_cpp
[1.826s] -- Found rmw_implementation_cmake: 6.1.1 (/opt/ros/humble/share/rmw_implementation_cmake/cmake)
[1.827s] -- Found rmw_fastrtps_cpp: 6.2.6 (/opt/ros/humble/share/rmw_fastrtps_cpp/cmake)
[3.085s] -- Using RMW implementation 'rmw_fastrtps_cpp' as default
[4.114s] -- Found rclcpp_components: 16.0.8 (/opt/ros/humble/share/rclcpp_components/cmake)
[4.459s] -- Found sensor_msgs: 4.2.3 (/opt/ros/humble/share/sensor_msgs/cmake)
[5.037s] -- Found apriltag_msgs: 2.0.1 (/opt/ros/humble/share/apriltag_msgs/cmake)
[5.265s] -- Found tf2_ros: 0.25.6 (/opt/ros/humble/share/tf2_ros/cmake)
[6.694s] -- Found image_transport: 3.1.8 (/opt/ros/humble/share/image_transport/cmake)
[7.014s] -- Found cv_bridge: 3.2.1 (/opt/ros/humble/share/cv_bridge/cmake)
[7.257s] -- Found OpenCV: /usr (found version "4.5.4") 
[7.338s] -- Found ament_lint_auto: 0.12.10 (/opt/ros/humble/share/ament_lint_auto/cmake)
[7.751s] -- Added test 'clang_format' to check C / C++ code style
[7.786s] -- Added test 'cppcheck' to perform static code analysis on C / C++ code
[7.787s] -- Configured cppcheck include dirs: 
[7.787s] -- Configured cppcheck exclude dirs and/or files: 
[7.795s] -- Configuring done
[7.938s] -- Generating done
[7.947s] -- Build files have been written to: /home/hb/hb_ws/build/apriltag_ros
[7.991s] Invoked command in '/home/hb/hb_ws/build/apriltag_ros' returned '0': CMAKE_PREFIX_PATH=/home/hb/hb_ws/install/ydlidar_ros2_driver:/home/hb/hb_ws/install/usb_cam:/home/hb/hb_ws/install/serial_communication:/opt/ros/humble:/home/hb/hb_ws/install/teleop_twist_joy:/home/hb/hb_ws/install/micro_ros_setup:/home/hb/hb_ws/install/micro_ros_agent:/home/hb/hb_ws/install/micro_ros_msgs /usr/bin/cmake /home/hb/hb_ws/src/apriltag_ros -DCMAKE_INSTALL_PREFIX=/home/hb/hb_ws/install/apriltag_ros
[8.002s] Invoking command in '/home/hb/hb_ws/build/apriltag_ros': CMAKE_PREFIX_PATH=/home/hb/hb_ws/install/ydlidar_ros2_driver:/home/hb/hb_ws/install/usb_cam:/home/hb/hb_ws/install/serial_communication:/opt/ros/humble:/home/hb/hb_ws/install/teleop_twist_joy:/home/hb/hb_ws/install/micro_ros_setup:/home/hb/hb_ws/install/micro_ros_agent:/home/hb/hb_ws/install/micro_ros_msgs /usr/bin/cmake --build /home/hb/hb_ws/build/apriltag_ros -- -j4 -l4
[8.269s] [ 33%] [32mBuilding CXX object CMakeFiles/tags.dir/src/tag_functions.cpp.o[0m
[8.274s] [ 33%] [32mBuilding CXX object CMakeFiles/pose_estimation.dir/src/pose_estimation.cpp.o[0m
[8.278s] [ 50%] [32mBuilding CXX object CMakeFiles/apriltag_node.dir/rclcpp_components/node_main_apriltag_node.cpp.o[0m
[9.943s] [ 50%] Built target tags
[22.542s] [ 50%] Built target pose_estimation
[22.650s] [ 66%] [32mBuilding CXX object CMakeFiles/AprilTagNode.dir/src/AprilTagNode.cpp.o[0m
[24.153s] [ 83%] [32m[1mLinking CXX executable apriltag_node[0m
[24.828s] [ 83%] Built target apriltag_node
[49.438s] [100%] [32m[1mLinking CXX shared library libAprilTagNode.so[0m
[51.889s] [100%] Built target AprilTagNode
[51.935s] Invoked command in '/home/hb/hb_ws/build/apriltag_ros' returned '0': CMAKE_PREFIX_PATH=/home/hb/hb_ws/install/ydlidar_ros2_driver:/home/hb/hb_ws/install/usb_cam:/home/hb/hb_ws/install/serial_communication:/opt/ros/humble:/home/hb/hb_ws/install/teleop_twist_joy:/home/hb/hb_ws/install/micro_ros_setup:/home/hb/hb_ws/install/micro_ros_agent:/home/hb/hb_ws/install/micro_ros_msgs /usr/bin/cmake --build /home/hb/hb_ws/build/apriltag_ros -- -j4 -l4
[52.173s] Invoking command in '/home/hb/hb_ws/build/apriltag_ros': CMAKE_PREFIX_PATH=/home/hb/hb_ws/install/ydlidar_ros2_driver:/home/hb/hb_ws/install/usb_cam:/home/hb/hb_ws/install/serial_communication:/opt/ros/humble:/home/hb/hb_ws/install/teleop_twist_joy:/home/hb/hb_ws/install/micro_ros_setup:/home/hb/hb_ws/install/micro_ros_agent:/home/hb/hb_ws/install/micro_ros_msgs /usr/bin/cmake --install /home/hb/hb_ws/build/apriltag_ros
[52.204s] -- Install configuration: ""
[52.206s] -- Installing: /home/hb/hb_ws/install/apriltag_ros/lib/apriltag_ros/apriltag_node
[52.210s] -- Set runtime path of "/home/hb/hb_ws/install/apriltag_ros/lib/apriltag_ros/apriltag_node" to ""
[52.211s] -- Installing: /home/hb/hb_ws/install/apriltag_ros/share/apriltag_ros/environment/library_path.sh
[52.212s] -- Installing: /home/hb/hb_ws/install/apriltag_ros/share/apriltag_ros/environment/library_path.dsv
[52.213s] -- Installing: /home/hb/hb_ws/install/apriltag_ros/lib/libAprilTagNode.so
[52.237s] -- Set runtime path of "/home/hb/hb_ws/install/apriltag_ros/lib/libAprilTagNode.so" to ""
[52.238s] -- Installing: /home/hb/hb_ws/install/apriltag_ros/share/apriltag_ros/cfg
[52.238s] -- Installing: /home/hb/hb_ws/install/apriltag_ros/share/apriltag_ros/cfg/tags_36h11.yaml
[52.239s] -- Installing: /home/hb/hb_ws/install/apriltag_ros/share/apriltag_ros/launch
[52.240s] -- Installing: /home/hb/hb_ws/install/apriltag_ros/share/apriltag_ros/launch/v4l2_36h11.launch.yml
[52.241s] -- Installing: /home/hb/hb_ws/install/apriltag_ros/share/ament_index/resource_index/package_run_dependencies/apriltag_ros
[52.243s] -- Installing: /home/hb/hb_ws/install/apriltag_ros/share/ament_index/resource_index/parent_prefix_path/apriltag_ros
[52.244s] -- Installing: /home/hb/hb_ws/install/apriltag_ros/share/apriltag_ros/environment/ament_prefix_path.sh
[52.245s] -- Installing: /home/hb/hb_ws/install/apriltag_ros/share/apriltag_ros/environment/ament_prefix_path.dsv
[52.247s] -- Installing: /home/hb/hb_ws/install/apriltag_ros/share/apriltag_ros/environment/path.sh
[52.248s] -- Installing: /home/hb/hb_ws/install/apriltag_ros/share/apriltag_ros/environment/path.dsv
[52.249s] -- Installing: /home/hb/hb_ws/install/apriltag_ros/share/apriltag_ros/local_setup.bash
[52.250s] -- Installing: /home/hb/hb_ws/install/apriltag_ros/share/apriltag_ros/local_setup.sh
[52.251s] -- Installing: /home/hb/hb_ws/install/apriltag_ros/share/apriltag_ros/local_setup.zsh
[52.253s] -- Installing: /home/hb/hb_ws/install/apriltag_ros/share/apriltag_ros/local_setup.dsv
[52.254s] -- Installing: /home/hb/hb_ws/install/apriltag_ros/share/apriltag_ros/package.dsv
[52.255s] -- Installing: /home/hb/hb_ws/install/apriltag_ros/share/ament_index/resource_index/packages/apriltag_ros
[52.257s] -- Installing: /home/hb/hb_ws/install/apriltag_ros/share/ament_index/resource_index/rclcpp_components/apriltag_ros
[52.259s] -- Installing: /home/hb/hb_ws/install/apriltag_ros/share/apriltag_ros/cmake/apriltag_rosConfig.cmake
[52.260s] -- Installing: /home/hb/hb_ws/install/apriltag_ros/share/apriltag_ros/cmake/apriltag_rosConfig-version.cmake
[52.262s] -- Installing: /home/hb/hb_ws/install/apriltag_ros/share/apriltag_ros/package.xml
[52.270s] Invoked command in '/home/hb/hb_ws/build/apriltag_ros' returned '0': CMAKE_PREFIX_PATH=/home/hb/hb_ws/install/ydlidar_ros2_driver:/home/hb/hb_ws/install/usb_cam:/home/hb/hb_ws/install/serial_communication:/opt/ros/humble:/home/hb/hb_ws/install/teleop_twist_joy:/home/hb/hb_ws/install/micro_ros_setup:/home/hb/hb_ws/install/micro_ros_agent:/home/hb/hb_ws/install/micro_ros_msgs /usr/bin/cmake --install /home/hb/hb_ws/build/apriltag_ros
