[4.635s] Invoking command in '/home/hb/hb_ws/src/serial_communication': PYTHONPATH=/home/hb/hb_ws/build/serial_communication/prefix_override:/home/hb/hb_ws/install/serial_communication/lib/python3.10/site-packages:${PYTHONPATH} /usr/bin/python3 -W ignore:setup.py install is deprecated setup.py egg_info --egg-base ../../build/serial_communication build --build-base /home/hb/hb_ws/build/serial_communication/build install --record /home/hb/hb_ws/build/serial_communication/install.log --single-version-externally-managed install_data
[6.561s] running egg_info
[6.568s] writing ../../build/serial_communication/serial_communication.egg-info/PKG-INFO
[6.569s] writing dependency_links to ../../build/serial_communication/serial_communication.egg-info/dependency_links.txt
[6.571s] writing entry points to ../../build/serial_communication/serial_communication.egg-info/entry_points.txt
[6.572s] writing requirements to ../../build/serial_communication/serial_communication.egg-info/requires.txt
[6.574s] writing top-level names to ../../build/serial_communication/serial_communication.egg-info/top_level.txt
[6.585s] reading manifest file '../../build/serial_communication/serial_communication.egg-info/SOURCES.txt'
[6.590s] writing manifest file '../../build/serial_communication/serial_communication.egg-info/SOURCES.txt'
[6.590s] running build
[6.591s] running build_py
[6.592s] copying serial_communication/teleop_serial.py -> /home/hb/hb_ws/build/serial_communication/build/lib/serial_communication
[6.593s] copying serial_communication/__init__.py -> /home/hb/hb_ws/build/serial_communication/build/lib/serial_communication
[6.594s] running install
[6.596s] running install_lib
[6.600s] copying /home/hb/hb_ws/build/serial_communication/build/lib/serial_communication/teleop_serial.py -> /home/hb/hb_ws/install/serial_communication/lib/python3.10/site-packages/serial_communication
[6.602s] copying /home/hb/hb_ws/build/serial_communication/build/lib/serial_communication/__init__.py -> /home/hb/hb_ws/install/serial_communication/lib/python3.10/site-packages/serial_communication
[6.605s] byte-compiling /home/hb/hb_ws/install/serial_communication/lib/python3.10/site-packages/serial_communication/teleop_serial.py to teleop_serial.cpython-310.pyc
[6.608s] byte-compiling /home/hb/hb_ws/install/serial_communication/lib/python3.10/site-packages/serial_communication/__init__.py to __init__.cpython-310.pyc
[6.610s] running install_data
[6.611s] copying resource/serial_communication -> /home/hb/hb_ws/install/serial_communication/share/ament_index/resource_index/packages
[6.611s] copying package.xml -> /home/hb/hb_ws/install/serial_communication/share/serial_communication
[6.612s] running install_egg_info
[6.620s] removing '/home/hb/hb_ws/install/serial_communication/lib/python3.10/site-packages/serial_communication-0.0.0-py3.10.egg-info' (and everything under it)
[6.623s] Copying ../../build/serial_communication/serial_communication.egg-info to /home/hb/hb_ws/install/serial_communication/lib/python3.10/site-packages/serial_communication-0.0.0-py3.10.egg-info
[6.630s] running install_scripts
[6.734s] Installing teleop_serial script to /home/hb/hb_ws/install/serial_communication/lib/serial_communication
[6.736s] writing list of installed files to '/home/hb/hb_ws/build/serial_communication/install.log'
[6.908s] Invoked command in '/home/hb/hb_ws/src/serial_communication' returned '0': PYTHONPATH=/home/hb/hb_ws/build/serial_communication/prefix_override:/home/hb/hb_ws/install/serial_communication/lib/python3.10/site-packages:${PYTHONPATH} /usr/bin/python3 -W ignore:setup.py install is deprecated setup.py egg_info --egg-base ../../build/serial_communication build --build-base /home/hb/hb_ws/build/serial_communication/build install --record /home/hb/hb_ws/build/serial_communication/install.log --single-version-externally-managed install_data
