[1.428s] Invoking command in '/home/hb/hb_ws/build/teleop_twist_joy': CMAKE_PREFIX_PATH=/home/hb/hb_ws/install/ydlidar_ros2_driver:/home/hb/hb_ws/install/serial_communication:/opt/ros/humble:/home/hb/hb_ws/install/teleop_twist_joy:/home/hb/hb_ws/install/micro_ros_setup:/home/hb/hb_ws/install/micro_ros_agent:/home/hb/hb_ws/install/micro_ros_msgs /usr/bin/cmake --build /home/hb/hb_ws/build/teleop_twist_joy -- -j4 -l4
[1.797s] [ 50%] Built target teleop_twist_joy
[1.968s] [100%] Built target teleop_twist_joy_node
[2.030s] Invoked command in '/home/hb/hb_ws/build/teleop_twist_joy' returned '0': CMAKE_PREFIX_PATH=/home/hb/hb_ws/install/ydlidar_ros2_driver:/home/hb/hb_ws/install/serial_communication:/opt/ros/humble:/home/hb/hb_ws/install/teleop_twist_joy:/home/hb/hb_ws/install/micro_ros_setup:/home/hb/hb_ws/install/micro_ros_agent:/home/hb/hb_ws/install/micro_ros_msgs /usr/bin/cmake --build /home/hb/hb_ws/build/teleop_twist_joy -- -j4 -l4
[2.340s] Invoking command in '/home/hb/hb_ws/build/teleop_twist_joy': CMAKE_PREFIX_PATH=/home/hb/hb_ws/install/ydlidar_ros2_driver:/home/hb/hb_ws/install/serial_communication:/opt/ros/humble:/home/hb/hb_ws/install/teleop_twist_joy:/home/hb/hb_ws/install/micro_ros_setup:/home/hb/hb_ws/install/micro_ros_agent:/home/hb/hb_ws/install/micro_ros_msgs /usr/bin/cmake --install /home/hb/hb_ws/build/teleop_twist_joy
[2.390s] -- Install configuration: ""
[2.392s] -- Up-to-date: /home/hb/hb_ws/install/teleop_twist_joy/lib/libteleop_twist_joy.so
[2.397s] -- Up-to-date: /home/hb/hb_ws/install/teleop_twist_joy/lib/teleop_twist_joy/teleop_node
[2.400s] -- Up-to-date: /home/hb/hb_ws/install/teleop_twist_joy/include/teleop_twist_joy
[2.402s] -- Up-to-date: /home/hb/hb_ws/install/teleop_twist_joy/include/teleop_twist_joy/teleop_twist_joy
[2.406s] -- Up-to-date: /home/hb/hb_ws/install/teleop_twist_joy/include/teleop_twist_joy/teleop_twist_joy/teleop_twist_joy.hpp
[2.407s] -- Up-to-date: /home/hb/hb_ws/install/teleop_twist_joy/include/teleop_twist_joy/teleop_twist_joy/teleop_twist_joy_export.h
[2.408s] -- Up-to-date: /home/hb/hb_ws/install/teleop_twist_joy/share/teleop_twist_joy/launch
[2.410s] -- Up-to-date: /home/hb/hb_ws/install/teleop_twist_joy/share/teleop_twist_joy/launch/teleop-launch.py
[2.411s] -- Up-to-date: /home/hb/hb_ws/install/teleop_twist_joy/share/teleop_twist_joy/config
[2.413s] -- Up-to-date: /home/hb/hb_ws/install/teleop_twist_joy/share/teleop_twist_joy/config/atk3.config.yaml
[2.414s] -- Up-to-date: /home/hb/hb_ws/install/teleop_twist_joy/share/teleop_twist_joy/config/ps3.config.yaml
[2.417s] -- Up-to-date: /home/hb/hb_ws/install/teleop_twist_joy/share/teleop_twist_joy/config/xd3.config.yaml
[2.424s] -- Up-to-date: /home/hb/hb_ws/install/teleop_twist_joy/share/teleop_twist_joy/config/ds4.config.yaml
[2.429s] -- Up-to-date: /home/hb/hb_ws/install/teleop_twist_joy/share/teleop_twist_joy/config/xbox.config.yaml
[2.430s] -- Up-to-date: /home/hb/hb_ws/install/teleop_twist_joy/share/teleop_twist_joy/config/ps3-holonomic.config.yaml
[2.436s] -- Up-to-date: /home/hb/hb_ws/install/teleop_twist_joy/share/teleop_twist_joy/environment/library_path.sh
[2.436s] -- Up-to-date: /home/hb/hb_ws/install/teleop_twist_joy/share/teleop_twist_joy/environment/library_path.dsv
[2.437s] -- Up-to-date: /home/hb/hb_ws/install/teleop_twist_joy/share/ament_index/resource_index/package_run_dependencies/teleop_twist_joy
[2.441s] -- Up-to-date: /home/hb/hb_ws/install/teleop_twist_joy/share/ament_index/resource_index/parent_prefix_path/teleop_twist_joy
[2.442s] -- Up-to-date: /home/hb/hb_ws/install/teleop_twist_joy/share/teleop_twist_joy/environment/ament_prefix_path.sh
[2.443s] -- Up-to-date: /home/hb/hb_ws/install/teleop_twist_joy/share/teleop_twist_joy/environment/ament_prefix_path.dsv
[2.452s] -- Up-to-date: /home/hb/hb_ws/install/teleop_twist_joy/share/teleop_twist_joy/environment/path.sh
[2.453s] -- Up-to-date: /home/hb/hb_ws/install/teleop_twist_joy/share/teleop_twist_joy/environment/path.dsv
[2.453s] -- Up-to-date: /home/hb/hb_ws/install/teleop_twist_joy/share/teleop_twist_joy/local_setup.bash
[2.454s] -- Up-to-date: /home/hb/hb_ws/install/teleop_twist_joy/share/teleop_twist_joy/local_setup.sh
[2.454s] -- Up-to-date: /home/hb/hb_ws/install/teleop_twist_joy/share/teleop_twist_joy/local_setup.zsh
[2.455s] -- Up-to-date: /home/hb/hb_ws/install/teleop_twist_joy/share/teleop_twist_joy/local_setup.dsv
[2.456s] -- Installing: /home/hb/hb_ws/install/teleop_twist_joy/share/teleop_twist_joy/package.dsv
[2.457s] -- Up-to-date: /home/hb/hb_ws/install/teleop_twist_joy/share/ament_index/resource_index/packages/teleop_twist_joy
[2.461s] -- Up-to-date: /home/hb/hb_ws/install/teleop_twist_joy/share/ament_index/resource_index/rclcpp_components/teleop_twist_joy
[2.472s] -- Up-to-date: /home/hb/hb_ws/install/teleop_twist_joy/share/teleop_twist_joy/cmake/export_teleop_twist_joyExport.cmake
[2.473s] -- Up-to-date: /home/hb/hb_ws/install/teleop_twist_joy/share/teleop_twist_joy/cmake/export_teleop_twist_joyExport-noconfig.cmake
[2.473s] -- Up-to-date: /home/hb/hb_ws/install/teleop_twist_joy/share/teleop_twist_joy/cmake/ament_cmake_export_include_directories-extras.cmake
[2.474s] -- Up-to-date: /home/hb/hb_ws/install/teleop_twist_joy/share/teleop_twist_joy/cmake/ament_cmake_export_libraries-extras.cmake
[2.475s] -- Up-to-date: /home/hb/hb_ws/install/teleop_twist_joy/share/teleop_twist_joy/cmake/ament_cmake_export_targets-extras.cmake
[2.481s] -- Up-to-date: /home/hb/hb_ws/install/teleop_twist_joy/share/teleop_twist_joy/cmake/teleop_twist_joyConfig.cmake
[2.481s] -- Up-to-date: /home/hb/hb_ws/install/teleop_twist_joy/share/teleop_twist_joy/cmake/teleop_twist_joyConfig-version.cmake
[2.482s] -- Up-to-date: /home/hb/hb_ws/install/teleop_twist_joy/share/teleop_twist_joy/package.xml
[2.483s] Invoked command in '/home/hb/hb_ws/build/teleop_twist_joy' returned '0': CMAKE_PREFIX_PATH=/home/hb/hb_ws/install/ydlidar_ros2_driver:/home/hb/hb_ws/install/serial_communication:/opt/ros/humble:/home/hb/hb_ws/install/teleop_twist_joy:/home/hb/hb_ws/install/micro_ros_setup:/home/hb/hb_ws/install/micro_ros_agent:/home/hb/hb_ws/install/micro_ros_msgs /usr/bin/cmake --install /home/hb/hb_ws/build/teleop_twist_joy
