[1.371s] Invoking command in '/home/hb/hb_ws/build/teleop_twist_joy': CMAKE_PREFIX_PATH=/home/hb/hb_ws/install/ydlidar_ros2_driver:/home/hb/hb_ws/install/serial_communication:/opt/ros/humble:/home/hb/hb_ws/install/teleop_twist_joy:/home/hb/hb_ws/install/micro_ros_setup:/home/hb/hb_ws/install/micro_ros_agent:/home/hb/hb_ws/install/micro_ros_msgs /usr/bin/cmake --build /home/hb/hb_ws/build/teleop_twist_joy -- -j4 -l4
[1.690s] [ 50%] Built target teleop_twist_joy
[1.848s] [100%] Built target teleop_twist_joy_node
[1.914s] Invoked command in '/home/hb/hb_ws/build/teleop_twist_joy' returned '0': CMAKE_PREFIX_PATH=/home/hb/hb_ws/install/ydlidar_ros2_driver:/home/hb/hb_ws/install/serial_communication:/opt/ros/humble:/home/hb/hb_ws/install/teleop_twist_joy:/home/hb/hb_ws/install/micro_ros_setup:/home/hb/hb_ws/install/micro_ros_agent:/home/hb/hb_ws/install/micro_ros_msgs /usr/bin/cmake --build /home/hb/hb_ws/build/teleop_twist_joy -- -j4 -l4
[2.179s] Invoking command in '/home/hb/hb_ws/build/teleop_twist_joy': CMAKE_PREFIX_PATH=/home/hb/hb_ws/install/ydlidar_ros2_driver:/home/hb/hb_ws/install/serial_communication:/opt/ros/humble:/home/hb/hb_ws/install/teleop_twist_joy:/home/hb/hb_ws/install/micro_ros_setup:/home/hb/hb_ws/install/micro_ros_agent:/home/hb/hb_ws/install/micro_ros_msgs /usr/bin/cmake --install /home/hb/hb_ws/build/teleop_twist_joy
[2.219s] -- Install configuration: ""
[2.221s] -- Up-to-date: /home/hb/hb_ws/install/teleop_twist_joy/lib/libteleop_twist_joy.so
[2.223s] -- Up-to-date: /home/hb/hb_ws/install/teleop_twist_joy/lib/teleop_twist_joy/teleop_node
[2.225s] -- Up-to-date: /home/hb/hb_ws/install/teleop_twist_joy/include/teleop_twist_joy
[2.226s] -- Up-to-date: /home/hb/hb_ws/install/teleop_twist_joy/include/teleop_twist_joy/teleop_twist_joy
[2.227s] -- Up-to-date: /home/hb/hb_ws/install/teleop_twist_joy/include/teleop_twist_joy/teleop_twist_joy/teleop_twist_joy.hpp
[2.228s] -- Up-to-date: /home/hb/hb_ws/install/teleop_twist_joy/include/teleop_twist_joy/teleop_twist_joy/teleop_twist_joy_export.h
[2.230s] -- Up-to-date: /home/hb/hb_ws/install/teleop_twist_joy/share/teleop_twist_joy/launch
[2.231s] -- Up-to-date: /home/hb/hb_ws/install/teleop_twist_joy/share/teleop_twist_joy/launch/teleop-launch.py
[2.232s] -- Up-to-date: /home/hb/hb_ws/install/teleop_twist_joy/share/teleop_twist_joy/config
[2.233s] -- Up-to-date: /home/hb/hb_ws/install/teleop_twist_joy/share/teleop_twist_joy/config/atk3.config.yaml
[2.233s] -- Up-to-date: /home/hb/hb_ws/install/teleop_twist_joy/share/teleop_twist_joy/config/ps3.config.yaml
[2.234s] -- Up-to-date: /home/hb/hb_ws/install/teleop_twist_joy/share/teleop_twist_joy/config/xd3.config.yaml
[2.235s] -- Installing: /home/hb/hb_ws/install/teleop_twist_joy/share/teleop_twist_joy/config/ds4.config.yaml
[2.236s] -- Up-to-date: /home/hb/hb_ws/install/teleop_twist_joy/share/teleop_twist_joy/config/xbox.config.yaml
[2.237s] -- Up-to-date: /home/hb/hb_ws/install/teleop_twist_joy/share/teleop_twist_joy/config/ps3-holonomic.config.yaml
[2.237s] -- Up-to-date: /home/hb/hb_ws/install/teleop_twist_joy/share/teleop_twist_joy/environment/library_path.sh
[2.238s] -- Up-to-date: /home/hb/hb_ws/install/teleop_twist_joy/share/teleop_twist_joy/environment/library_path.dsv
[2.239s] -- Up-to-date: /home/hb/hb_ws/install/teleop_twist_joy/share/ament_index/resource_index/package_run_dependencies/teleop_twist_joy
[2.241s] -- Up-to-date: /home/hb/hb_ws/install/teleop_twist_joy/share/ament_index/resource_index/parent_prefix_path/teleop_twist_joy
[2.243s] -- Up-to-date: /home/hb/hb_ws/install/teleop_twist_joy/share/teleop_twist_joy/environment/ament_prefix_path.sh
[2.244s] -- Up-to-date: /home/hb/hb_ws/install/teleop_twist_joy/share/teleop_twist_joy/environment/ament_prefix_path.dsv
[2.244s] -- Up-to-date: /home/hb/hb_ws/install/teleop_twist_joy/share/teleop_twist_joy/environment/path.sh
[2.245s] -- Up-to-date: /home/hb/hb_ws/install/teleop_twist_joy/share/teleop_twist_joy/environment/path.dsv
[2.245s] -- Up-to-date: /home/hb/hb_ws/install/teleop_twist_joy/share/teleop_twist_joy/local_setup.bash
[2.246s] -- Up-to-date: /home/hb/hb_ws/install/teleop_twist_joy/share/teleop_twist_joy/local_setup.sh
[2.247s] -- Up-to-date: /home/hb/hb_ws/install/teleop_twist_joy/share/teleop_twist_joy/local_setup.zsh
[2.262s] -- Up-to-date: /home/hb/hb_ws/install/teleop_twist_joy/share/teleop_twist_joy/local_setup.dsv
[2.262s] -- Installing: /home/hb/hb_ws/install/teleop_twist_joy/share/teleop_twist_joy/package.dsv
[2.262s] -- Up-to-date: /home/hb/hb_ws/install/teleop_twist_joy/share/ament_index/resource_index/packages/teleop_twist_joy
[2.263s] -- Up-to-date: /home/hb/hb_ws/install/teleop_twist_joy/share/ament_index/resource_index/rclcpp_components/teleop_twist_joy
[2.264s] -- Up-to-date: /home/hb/hb_ws/install/teleop_twist_joy/share/teleop_twist_joy/cmake/export_teleop_twist_joyExport.cmake
[2.264s] -- Up-to-date: /home/hb/hb_ws/install/teleop_twist_joy/share/teleop_twist_joy/cmake/export_teleop_twist_joyExport-noconfig.cmake
[2.265s] -- Up-to-date: /home/hb/hb_ws/install/teleop_twist_joy/share/teleop_twist_joy/cmake/ament_cmake_export_include_directories-extras.cmake
[2.266s] -- Up-to-date: /home/hb/hb_ws/install/teleop_twist_joy/share/teleop_twist_joy/cmake/ament_cmake_export_libraries-extras.cmake
[2.267s] -- Up-to-date: /home/hb/hb_ws/install/teleop_twist_joy/share/teleop_twist_joy/cmake/ament_cmake_export_targets-extras.cmake
[2.268s] -- Up-to-date: /home/hb/hb_ws/install/teleop_twist_joy/share/teleop_twist_joy/cmake/teleop_twist_joyConfig.cmake
[2.269s] -- Up-to-date: /home/hb/hb_ws/install/teleop_twist_joy/share/teleop_twist_joy/cmake/teleop_twist_joyConfig-version.cmake
[2.270s] -- Up-to-date: /home/hb/hb_ws/install/teleop_twist_joy/share/teleop_twist_joy/package.xml
[2.273s] Invoked command in '/home/hb/hb_ws/build/teleop_twist_joy' returned '0': CMAKE_PREFIX_PATH=/home/hb/hb_ws/install/ydlidar_ros2_driver:/home/hb/hb_ws/install/serial_communication:/opt/ros/humble:/home/hb/hb_ws/install/teleop_twist_joy:/home/hb/hb_ws/install/micro_ros_setup:/home/hb/hb_ws/install/micro_ros_agent:/home/hb/hb_ws/install/micro_ros_msgs /usr/bin/cmake --install /home/hb/hb_ws/build/teleop_twist_joy
