[0.048s] Invoking command in '/home/hb/hb_ws/build/micro_ros_msgs': CMAKE_PREFIX_PATH=/home/hb/hb_ws/install/ydlidar_ros2_driver:/opt/ros/humble:/home/hb/hb_ws/install/teleop_twist_joy:/home/hb/hb_ws/install/micro_ros_setup /usr/bin/cmake /home/hb/hb_ws/src/uros/micro_ros_msgs -DUAGENT_BUILD_EXECUTABLE=OFF -DUAGENT_P2P_PROFILE=OFF --no-warn-unused-cli -DCMAKE_INSTALL_PREFIX=/home/hb/hb_ws/install/micro_ros_msgs
[0.085s] Not searching for unused variables given on the command line.
[0.332s] -- The C compiler identification is GNU 11.4.0
[0.597s] -- The CXX compiler identification is GNU 11.4.0
[0.625s] -- Detecting C compiler ABI info
[0.958s] -- Detecting C compiler ABI info - done
[0.982s] -- Check for working C compiler: /usr/bin/cc - skipped
[0.983s] -- Detecting C compile features
[0.984s] -- Detecting C compile features - done
[0.995s] -- Detecting CXX compiler ABI info
[1.367s] -- Detecting CXX compiler ABI info - done
[1.393s] -- Check for working CXX compiler: /usr/bin/c++ - skipped
[1.394s] -- Detecting CXX compile features
[1.396s] -- Detecting CXX compile features - done
[1.427s] -- Found ament_cmake: 1.3.8 (/opt/ros/humble/share/ament_cmake/cmake)
[2.219s] -- Found Python3: /usr/bin/python3 (found version "3.10.12") found components: Interpreter 
[2.866s] -- Found rosidl_default_generators: 1.2.0 (/opt/ros/humble/share/rosidl_default_generators/cmake)
[2.906s] -- Using all available rosidl_typesupport_c: rosidl_typesupport_fastrtps_c;rosidl_typesupport_introspection_c
[3.030s] -- Found rosidl_adapter: 3.1.5 (/opt/ros/humble/share/rosidl_adapter/cmake)
[3.475s] -- Using all available rosidl_typesupport_cpp: rosidl_typesupport_fastrtps_cpp;rosidl_typesupport_introspection_cpp
[3.804s] -- Found ament_lint_auto: 0.12.10 (/opt/ros/humble/share/ament_lint_auto/cmake)
[5.294s] -- Found ament_cmake_ros: 0.10.0 (/opt/ros/humble/share/ament_cmake_ros/cmake)
[6.297s] -- Using all available rosidl_typesupport_c: rosidl_typesupport_fastrtps_c;rosidl_typesupport_introspection_c
[7.527s] -- Using all available rosidl_typesupport_cpp: rosidl_typesupport_fastrtps_cpp;rosidl_typesupport_introspection_cpp
[7.646s] -- Found PythonInterp: /usr/bin/python3 (found suitable version "3.10.12", minimum required is "3.6") 
[7.672s] -- Found python_cmake_module: 0.10.0 (/opt/ros/humble/share/python_cmake_module/cmake)
[7.822s] -- Found PythonLibs: /usr/lib/aarch64-linux-gnu/libpython3.10.so (found suitable version "3.10.12", minimum required is "3.5") 
[7.823s] -- Using PYTHON_EXECUTABLE: /usr/bin/python3
[7.823s] -- Using PYTHON_INCLUDE_DIRS: /usr/include/python3.10
[7.823s] -- Using PYTHON_LIBRARIES: /usr/lib/aarch64-linux-gnu/libpython3.10.so
[7.946s] -- Found PythonExtra: .so  
[8.124s] -- Added test 'copyright' to check source files copyright and LICENSE
[8.200s] -- Added test 'lint_cmake' to check CMake code style
[8.243s] -- Added test 'xmllint' to check XML markup files
[8.281s] -- Configuring done
[8.451s] -- Generating done
[8.464s] -- Build files have been written to: /home/hb/hb_ws/build/micro_ros_msgs
[8.486s] Invoked command in '/home/hb/hb_ws/build/micro_ros_msgs' returned '0': CMAKE_PREFIX_PATH=/home/hb/hb_ws/install/ydlidar_ros2_driver:/opt/ros/humble:/home/hb/hb_ws/install/teleop_twist_joy:/home/hb/hb_ws/install/micro_ros_setup /usr/bin/cmake /home/hb/hb_ws/src/uros/micro_ros_msgs -DUAGENT_BUILD_EXECUTABLE=OFF -DUAGENT_P2P_PROFILE=OFF --no-warn-unused-cli -DCMAKE_INSTALL_PREFIX=/home/hb/hb_ws/install/micro_ros_msgs
[8.496s] Invoking command in '/home/hb/hb_ws/build/micro_ros_msgs': CMAKE_PREFIX_PATH=/home/hb/hb_ws/install/ydlidar_ros2_driver:/opt/ros/humble:/home/hb/hb_ws/install/teleop_twist_joy:/home/hb/hb_ws/install/micro_ros_setup /usr/bin/cmake --build /home/hb/hb_ws/build/micro_ros_msgs -- -j4 -l4
[8.708s] [  2%] [34m[1mGenerating C code for ROS interfaces[0m
[8.776s] [  4%] [34m[1mGenerating C++ code for ROS interfaces[0m
[8.844s] [  4%] Built target ament_cmake_python_copy_micro_ros_msgs
[10.469s] running egg_info
[10.473s] creating micro_ros_msgs.egg-info
[10.476s] writing micro_ros_msgs.egg-info/PKG-INFO
[10.477s] writing dependency_links to micro_ros_msgs.egg-info/dependency_links.txt
[10.479s] writing top-level names to micro_ros_msgs.egg-info/top_level.txt
[10.481s] writing manifest file 'micro_ros_msgs.egg-info/SOURCES.txt'
[10.500s] reading manifest file 'micro_ros_msgs.egg-info/SOURCES.txt'
[10.516s] writing manifest file 'micro_ros_msgs.egg-info/SOURCES.txt'
[10.762s] [  4%] Built target ament_cmake_python_build_micro_ros_msgs_egg
[11.241s] [  4%] Built target micro_ros_msgs__cpp
[11.315s] [  6%] [34m[1mGenerating C++ type support for eProsima Fast-RTPS[0m
[11.388s] [  8%] [34m[1mGenerating C++ type support dispatch for ROS interfaces[0m
[11.396s] [ 10%] [34m[1mGenerating C++ introspection for ROS interfaces[0m
[12.044s] [ 12%] [32mBuilding C object CMakeFiles/micro_ros_msgs__rosidl_generator_c.dir/rosidl_generator_c/micro_ros_msgs/msg/detail/graph__functions.c.o[0m
[12.692s] [ 14%] [32mBuilding C object CMakeFiles/micro_ros_msgs__rosidl_generator_c.dir/rosidl_generator_c/micro_ros_msgs/msg/detail/node__functions.c.o[0m
[13.156s] [ 17%] [32mBuilding C object CMakeFiles/micro_ros_msgs__rosidl_generator_c.dir/rosidl_generator_c/micro_ros_msgs/msg/detail/entity__functions.c.o[0m
[13.934s] [ 19%] [32m[1mLinking C shared library libmicro_ros_msgs__rosidl_generator_c.so[0m
[14.230s] [ 21%] [32mBuilding CXX object CMakeFiles/micro_ros_msgs__rosidl_typesupport_fastrtps_cpp.dir/rosidl_typesupport_fastrtps_cpp/micro_ros_msgs/msg/detail/dds_fastrtps/graph__type_support.cpp.o[0m
[14.273s] [ 21%] Built target micro_ros_msgs__rosidl_generator_c
[14.338s] [ 23%] [32mBuilding CXX object CMakeFiles/micro_ros_msgs__rosidl_typesupport_introspection_cpp.dir/rosidl_typesupport_introspection_cpp/micro_ros_msgs/msg/detail/graph__type_support.cpp.o[0m
[14.387s] [ 25%] [34m[1mGenerating C type support for eProsima Fast-RTPS[0m
[14.566s] [ 27%] [32mBuilding CXX object CMakeFiles/micro_ros_msgs__rosidl_typesupport_cpp.dir/rosidl_typesupport_cpp/micro_ros_msgs/msg/graph__type_support.cpp.o[0m
[17.200s] [ 29%] [32mBuilding CXX object CMakeFiles/micro_ros_msgs__rosidl_typesupport_cpp.dir/rosidl_typesupport_cpp/micro_ros_msgs/msg/node__type_support.cpp.o[0m
[17.770s] [ 31%] [32mBuilding CXX object CMakeFiles/micro_ros_msgs__rosidl_typesupport_fastrtps_c.dir/rosidl_typesupport_fastrtps_c/micro_ros_msgs/msg/detail/graph__type_support_c.cpp.o[0m
[18.961s] [ 34%] [32mBuilding CXX object CMakeFiles/micro_ros_msgs__rosidl_typesupport_fastrtps_cpp.dir/rosidl_typesupport_fastrtps_cpp/micro_ros_msgs/msg/detail/dds_fastrtps/node__type_support.cpp.o[0m
[20.179s] [ 36%] [32mBuilding CXX object CMakeFiles/micro_ros_msgs__rosidl_typesupport_cpp.dir/rosidl_typesupport_cpp/micro_ros_msgs/msg/entity__type_support.cpp.o[0m
[20.222s] [ 38%] [32mBuilding CXX object CMakeFiles/micro_ros_msgs__rosidl_typesupport_introspection_cpp.dir/rosidl_typesupport_introspection_cpp/micro_ros_msgs/msg/detail/node__type_support.cpp.o[0m
[21.123s] [ 40%] [32mBuilding CXX object CMakeFiles/micro_ros_msgs__rosidl_typesupport_fastrtps_c.dir/rosidl_typesupport_fastrtps_c/micro_ros_msgs/msg/detail/node__type_support_c.cpp.o[0m
[22.707s] [ 42%] [32m[1mLinking CXX shared library libmicro_ros_msgs__rosidl_typesupport_cpp.so[0m
[23.130s] [ 42%] Built target micro_ros_msgs__rosidl_typesupport_cpp
[23.272s] [ 44%] [34m[1mGenerating C introspection for ROS interfaces[0m
[23.979s] [ 46%] [32mBuilding CXX object CMakeFiles/micro_ros_msgs__rosidl_typesupport_introspection_cpp.dir/rosidl_typesupport_introspection_cpp/micro_ros_msgs/msg/detail/entity__type_support.cpp.o[0m
[23.999s] [ 48%] [32mBuilding CXX object CMakeFiles/micro_ros_msgs__rosidl_typesupport_fastrtps_cpp.dir/rosidl_typesupport_fastrtps_cpp/micro_ros_msgs/msg/detail/dds_fastrtps/entity__type_support.cpp.o[0m
[25.000s] [ 51%] [32mBuilding CXX object CMakeFiles/micro_ros_msgs__rosidl_typesupport_fastrtps_c.dir/rosidl_typesupport_fastrtps_c/micro_ros_msgs/msg/detail/entity__type_support_c.cpp.o[0m
[26.732s] [ 53%] [32mBuilding C object CMakeFiles/micro_ros_msgs__rosidl_typesupport_introspection_c.dir/rosidl_typesupport_introspection_c/micro_ros_msgs/msg/detail/graph__type_support.c.o[0m
[27.142s] [ 55%] [32mBuilding C object CMakeFiles/micro_ros_msgs__rosidl_typesupport_introspection_c.dir/rosidl_typesupport_introspection_c/micro_ros_msgs/msg/detail/node__type_support.c.o[0m
[27.281s] [ 57%] [32m[1mLinking CXX shared library libmicro_ros_msgs__rosidl_typesupport_fastrtps_cpp.so[0m
[27.601s] [ 59%] [32mBuilding C object CMakeFiles/micro_ros_msgs__rosidl_typesupport_introspection_c.dir/rosidl_typesupport_introspection_c/micro_ros_msgs/msg/detail/entity__type_support.c.o[0m
[28.027s] [ 61%] [32m[1mLinking CXX shared library libmicro_ros_msgs__rosidl_typesupport_introspection_cpp.so[0m
[28.034s] [ 61%] Built target micro_ros_msgs__rosidl_typesupport_fastrtps_cpp
[28.121s] [ 63%] [32m[1mLinking C shared library libmicro_ros_msgs__rosidl_typesupport_introspection_c.so[0m
[28.146s] [ 65%] [34m[1mGenerating C type support dispatch for ROS interfaces[0m
[28.422s] [ 65%] Built target micro_ros_msgs__rosidl_typesupport_introspection_c
[28.737s] [ 65%] Built target micro_ros_msgs__rosidl_typesupport_introspection_cpp
[28.841s] [ 68%] [32m[1mLinking CXX shared library libmicro_ros_msgs__rosidl_typesupport_fastrtps_c.so[0m
[29.187s] [ 68%] Built target micro_ros_msgs__rosidl_typesupport_fastrtps_c
[29.830s] [ 70%] [32mBuilding CXX object CMakeFiles/micro_ros_msgs__rosidl_typesupport_c.dir/rosidl_typesupport_c/micro_ros_msgs/msg/graph__type_support.cpp.o[0m
[29.835s] [ 72%] [32mBuilding CXX object CMakeFiles/micro_ros_msgs__rosidl_typesupport_c.dir/rosidl_typesupport_c/micro_ros_msgs/msg/node__type_support.cpp.o[0m
[29.996s] [ 74%] [32mBuilding CXX object CMakeFiles/micro_ros_msgs__rosidl_typesupport_c.dir/rosidl_typesupport_c/micro_ros_msgs/msg/entity__type_support.cpp.o[0m
[30.148s] [ 76%] [32m[1mLinking CXX shared library libmicro_ros_msgs__rosidl_typesupport_c.so[0m
[30.320s] [ 76%] Built target micro_ros_msgs__rosidl_typesupport_c
[30.434s] [ 76%] Built target micro_ros_msgs
[30.520s] [ 78%] [34m[1mGenerating Python code for ROS interfaces[0m
[32.843s] [ 78%] Built target micro_ros_msgs__py
[32.937s] [ 80%] [32mBuilding C object CMakeFiles/micro_ros_msgs__rosidl_generator_py.dir/rosidl_generator_py/micro_ros_msgs/msg/_graph_s.c.o[0m
[32.943s] [ 82%] [32mBuilding C object CMakeFiles/micro_ros_msgs__rosidl_generator_py.dir/rosidl_generator_py/micro_ros_msgs/msg/_node_s.c.o[0m
[33.577s] [ 85%] [32mBuilding C object CMakeFiles/micro_ros_msgs__rosidl_generator_py.dir/rosidl_generator_py/micro_ros_msgs/msg/_entity_s.c.o[0m
[34.062s] [ 87%] [32m[1mLinking C shared library rosidl_generator_py/micro_ros_msgs/libmicro_ros_msgs__rosidl_generator_py.so[0m
[34.251s] [ 87%] Built target micro_ros_msgs__rosidl_generator_py
[34.343s] [ 89%] [32mBuilding C object CMakeFiles/micro_ros_msgs__rosidl_typesupport_fastrtps_c__pyext.dir/rosidl_generator_py/micro_ros_msgs/_micro_ros_msgs_s.ep.rosidl_typesupport_fastrtps_c.c.o[0m
[34.357s] [ 91%] [32mBuilding C object CMakeFiles/micro_ros_msgs__rosidl_typesupport_introspection_c__pyext.dir/rosidl_generator_py/micro_ros_msgs/_micro_ros_msgs_s.ep.rosidl_typesupport_introspection_c.c.o[0m
[34.898s] [ 93%] [32m[1mLinking C shared library rosidl_generator_py/micro_ros_msgs/micro_ros_msgs_s__rosidl_typesupport_fastrtps_c.cpython-310-aarch64-linux-gnu.so[0m
[34.929s] [ 95%] [32m[1mLinking C shared library rosidl_generator_py/micro_ros_msgs/micro_ros_msgs_s__rosidl_typesupport_introspection_c.cpython-310-aarch64-linux-gnu.so[0m
[35.094s] [ 95%] Built target micro_ros_msgs__rosidl_typesupport_fastrtps_c__pyext
[35.112s] [ 95%] Built target micro_ros_msgs__rosidl_typesupport_introspection_c__pyext
[35.188s] [ 97%] [32mBuilding C object CMakeFiles/micro_ros_msgs__rosidl_typesupport_c__pyext.dir/rosidl_generator_py/micro_ros_msgs/_micro_ros_msgs_s.ep.rosidl_typesupport_c.c.o[0m
[35.646s] [100%] [32m[1mLinking C shared library rosidl_generator_py/micro_ros_msgs/micro_ros_msgs_s__rosidl_typesupport_c.cpython-310-aarch64-linux-gnu.so[0m
[35.794s] [100%] Built target micro_ros_msgs__rosidl_typesupport_c__pyext
[35.849s] Invoked command in '/home/hb/hb_ws/build/micro_ros_msgs' returned '0': CMAKE_PREFIX_PATH=/home/hb/hb_ws/install/ydlidar_ros2_driver:/opt/ros/humble:/home/hb/hb_ws/install/teleop_twist_joy:/home/hb/hb_ws/install/micro_ros_setup /usr/bin/cmake --build /home/hb/hb_ws/build/micro_ros_msgs -- -j4 -l4
[36.515s] Invoking command in '/home/hb/hb_ws/build/micro_ros_msgs': CMAKE_PREFIX_PATH=/home/hb/hb_ws/install/ydlidar_ros2_driver:/opt/ros/humble:/home/hb/hb_ws/install/teleop_twist_joy:/home/hb/hb_ws/install/micro_ros_setup /usr/bin/cmake --install /home/hb/hb_ws/build/micro_ros_msgs
[36.552s] -- Install configuration: ""
[36.553s] -- Installing: /home/hb/hb_ws/install/micro_ros_msgs/share/ament_index/resource_index/rosidl_interfaces/micro_ros_msgs
[36.555s] -- Installing: /home/hb/hb_ws/install/micro_ros_msgs/include/micro_ros_msgs/micro_ros_msgs
[36.555s] -- Installing: /home/hb/hb_ws/install/micro_ros_msgs/include/micro_ros_msgs/micro_ros_msgs/msg
[36.556s] -- Installing: /home/hb/hb_ws/install/micro_ros_msgs/include/micro_ros_msgs/micro_ros_msgs/msg/detail
[36.557s] -- Installing: /home/hb/hb_ws/install/micro_ros_msgs/include/micro_ros_msgs/micro_ros_msgs/msg/detail/graph__functions.h
[36.558s] -- Installing: /home/hb/hb_ws/install/micro_ros_msgs/include/micro_ros_msgs/micro_ros_msgs/msg/detail/node__functions.c
[36.559s] -- Installing: /home/hb/hb_ws/install/micro_ros_msgs/include/micro_ros_msgs/micro_ros_msgs/msg/detail/graph__functions.c
[36.560s] -- Installing: /home/hb/hb_ws/install/micro_ros_msgs/include/micro_ros_msgs/micro_ros_msgs/msg/detail/entity__functions.h
[36.561s] -- Installing: /home/hb/hb_ws/install/micro_ros_msgs/include/micro_ros_msgs/micro_ros_msgs/msg/detail/node__struct.h
[36.562s] -- Installing: /home/hb/hb_ws/install/micro_ros_msgs/include/micro_ros_msgs/micro_ros_msgs/msg/detail/node__functions.h
[36.564s] -- Installing: /home/hb/hb_ws/install/micro_ros_msgs/include/micro_ros_msgs/micro_ros_msgs/msg/detail/graph__struct.h
[36.564s] -- Installing: /home/hb/hb_ws/install/micro_ros_msgs/include/micro_ros_msgs/micro_ros_msgs/msg/detail/entity__functions.c
[36.566s] -- Installing: /home/hb/hb_ws/install/micro_ros_msgs/include/micro_ros_msgs/micro_ros_msgs/msg/detail/entity__struct.h
[36.567s] -- Installing: /home/hb/hb_ws/install/micro_ros_msgs/include/micro_ros_msgs/micro_ros_msgs/msg/detail/node__type_support.h
[36.568s] -- Installing: /home/hb/hb_ws/install/micro_ros_msgs/include/micro_ros_msgs/micro_ros_msgs/msg/detail/entity__type_support.h
[36.569s] -- Installing: /home/hb/hb_ws/install/micro_ros_msgs/include/micro_ros_msgs/micro_ros_msgs/msg/detail/graph__type_support.h
[36.570s] -- Installing: /home/hb/hb_ws/install/micro_ros_msgs/include/micro_ros_msgs/micro_ros_msgs/msg/graph.h
[36.571s] -- Installing: /home/hb/hb_ws/install/micro_ros_msgs/include/micro_ros_msgs/micro_ros_msgs/msg/entity.h
[36.572s] -- Installing: /home/hb/hb_ws/install/micro_ros_msgs/include/micro_ros_msgs/micro_ros_msgs/msg/node.h
[36.573s] -- Installing: /home/hb/hb_ws/install/micro_ros_msgs/include/micro_ros_msgs/micro_ros_msgs/msg/rosidl_generator_c__visibility_control.h
[36.575s] -- Installing: /home/hb/hb_ws/install/micro_ros_msgs/share/micro_ros_msgs/environment/library_path.sh
[36.576s] -- Installing: /home/hb/hb_ws/install/micro_ros_msgs/share/micro_ros_msgs/environment/library_path.dsv
[36.577s] -- Installing: /home/hb/hb_ws/install/micro_ros_msgs/lib/libmicro_ros_msgs__rosidl_generator_c.so
[36.580s] -- Set runtime path of "/home/hb/hb_ws/install/micro_ros_msgs/lib/libmicro_ros_msgs__rosidl_generator_c.so" to ""
[36.581s] -- Up-to-date: /home/hb/hb_ws/install/micro_ros_msgs/include/micro_ros_msgs/micro_ros_msgs
[36.581s] -- Up-to-date: /home/hb/hb_ws/install/micro_ros_msgs/include/micro_ros_msgs/micro_ros_msgs/msg
[36.581s] -- Up-to-date: /home/hb/hb_ws/install/micro_ros_msgs/include/micro_ros_msgs/micro_ros_msgs/msg/detail
[36.582s] -- Installing: /home/hb/hb_ws/install/micro_ros_msgs/include/micro_ros_msgs/micro_ros_msgs/msg/detail/entity__rosidl_typesupport_fastrtps_c.h
[36.583s] -- Installing: /home/hb/hb_ws/install/micro_ros_msgs/include/micro_ros_msgs/micro_ros_msgs/msg/detail/graph__rosidl_typesupport_fastrtps_c.h
[36.584s] -- Installing: /home/hb/hb_ws/install/micro_ros_msgs/include/micro_ros_msgs/micro_ros_msgs/msg/detail/node__rosidl_typesupport_fastrtps_c.h
[36.585s] -- Installing: /home/hb/hb_ws/install/micro_ros_msgs/include/micro_ros_msgs/micro_ros_msgs/msg/rosidl_typesupport_fastrtps_c__visibility_control.h
[36.587s] -- Installing: /home/hb/hb_ws/install/micro_ros_msgs/lib/libmicro_ros_msgs__rosidl_typesupport_fastrtps_c.so
[36.590s] -- Set runtime path of "/home/hb/hb_ws/install/micro_ros_msgs/lib/libmicro_ros_msgs__rosidl_typesupport_fastrtps_c.so" to ""
[36.590s] -- Up-to-date: /home/hb/hb_ws/install/micro_ros_msgs/include/micro_ros_msgs/micro_ros_msgs
[36.590s] -- Up-to-date: /home/hb/hb_ws/install/micro_ros_msgs/include/micro_ros_msgs/micro_ros_msgs/msg
[36.591s] -- Up-to-date: /home/hb/hb_ws/install/micro_ros_msgs/include/micro_ros_msgs/micro_ros_msgs/msg/detail
[36.591s] -- Installing: /home/hb/hb_ws/install/micro_ros_msgs/include/micro_ros_msgs/micro_ros_msgs/msg/detail/graph__type_support.c
[36.592s] -- Installing: /home/hb/hb_ws/install/micro_ros_msgs/include/micro_ros_msgs/micro_ros_msgs/msg/detail/entity__rosidl_typesupport_introspection_c.h
[36.594s] -- Installing: /home/hb/hb_ws/install/micro_ros_msgs/include/micro_ros_msgs/micro_ros_msgs/msg/detail/node__type_support.c
[36.595s] -- Installing: /home/hb/hb_ws/install/micro_ros_msgs/include/micro_ros_msgs/micro_ros_msgs/msg/detail/graph__rosidl_typesupport_introspection_c.h
[36.596s] -- Installing: /home/hb/hb_ws/install/micro_ros_msgs/include/micro_ros_msgs/micro_ros_msgs/msg/detail/node__rosidl_typesupport_introspection_c.h
[36.597s] -- Installing: /home/hb/hb_ws/install/micro_ros_msgs/include/micro_ros_msgs/micro_ros_msgs/msg/detail/entity__type_support.c
[36.598s] -- Installing: /home/hb/hb_ws/install/micro_ros_msgs/include/micro_ros_msgs/micro_ros_msgs/msg/rosidl_typesupport_introspection_c__visibility_control.h
[36.600s] -- Installing: /home/hb/hb_ws/install/micro_ros_msgs/lib/libmicro_ros_msgs__rosidl_typesupport_introspection_c.so
[36.602s] -- Set runtime path of "/home/hb/hb_ws/install/micro_ros_msgs/lib/libmicro_ros_msgs__rosidl_typesupport_introspection_c.so" to ""
[36.603s] -- Installing: /home/hb/hb_ws/install/micro_ros_msgs/lib/libmicro_ros_msgs__rosidl_typesupport_c.so
[36.606s] -- Set runtime path of "/home/hb/hb_ws/install/micro_ros_msgs/lib/libmicro_ros_msgs__rosidl_typesupport_c.so" to ""
[36.606s] -- Up-to-date: /home/hb/hb_ws/install/micro_ros_msgs/include/micro_ros_msgs/micro_ros_msgs
[36.606s] -- Up-to-date: /home/hb/hb_ws/install/micro_ros_msgs/include/micro_ros_msgs/micro_ros_msgs/msg
[36.607s] -- Installing: /home/hb/hb_ws/install/micro_ros_msgs/include/micro_ros_msgs/micro_ros_msgs/msg/graph.hpp
[36.607s] -- Up-to-date: /home/hb/hb_ws/install/micro_ros_msgs/include/micro_ros_msgs/micro_ros_msgs/msg/detail
[36.608s] -- Installing: /home/hb/hb_ws/install/micro_ros_msgs/include/micro_ros_msgs/micro_ros_msgs/msg/detail/entity__traits.hpp
[36.609s] -- Installing: /home/hb/hb_ws/install/micro_ros_msgs/include/micro_ros_msgs/micro_ros_msgs/msg/detail/node__traits.hpp
[36.610s] -- Installing: /home/hb/hb_ws/install/micro_ros_msgs/include/micro_ros_msgs/micro_ros_msgs/msg/detail/node__builder.hpp
[36.611s] -- Installing: /home/hb/hb_ws/install/micro_ros_msgs/include/micro_ros_msgs/micro_ros_msgs/msg/detail/graph__traits.hpp
[36.613s] -- Installing: /home/hb/hb_ws/install/micro_ros_msgs/include/micro_ros_msgs/micro_ros_msgs/msg/detail/entity__builder.hpp
[36.614s] -- Installing: /home/hb/hb_ws/install/micro_ros_msgs/include/micro_ros_msgs/micro_ros_msgs/msg/detail/graph__builder.hpp
[36.614s] -- Installing: /home/hb/hb_ws/install/micro_ros_msgs/include/micro_ros_msgs/micro_ros_msgs/msg/detail/graph__struct.hpp
[36.615s] -- Installing: /home/hb/hb_ws/install/micro_ros_msgs/include/micro_ros_msgs/micro_ros_msgs/msg/detail/node__struct.hpp
[36.616s] -- Installing: /home/hb/hb_ws/install/micro_ros_msgs/include/micro_ros_msgs/micro_ros_msgs/msg/detail/entity__struct.hpp
[36.617s] -- Installing: /home/hb/hb_ws/install/micro_ros_msgs/include/micro_ros_msgs/micro_ros_msgs/msg/node.hpp
[36.618s] -- Installing: /home/hb/hb_ws/install/micro_ros_msgs/include/micro_ros_msgs/micro_ros_msgs/msg/entity.hpp
[36.620s] -- Up-to-date: /home/hb/hb_ws/install/micro_ros_msgs/include/micro_ros_msgs/micro_ros_msgs
[36.620s] -- Up-to-date: /home/hb/hb_ws/install/micro_ros_msgs/include/micro_ros_msgs/micro_ros_msgs/msg
[36.621s] -- Up-to-date: /home/hb/hb_ws/install/micro_ros_msgs/include/micro_ros_msgs/micro_ros_msgs/msg/detail
[36.621s] -- Installing: /home/hb/hb_ws/install/micro_ros_msgs/include/micro_ros_msgs/micro_ros_msgs/msg/detail/graph__rosidl_typesupport_fastrtps_cpp.hpp
[36.622s] -- Installing: /home/hb/hb_ws/install/micro_ros_msgs/include/micro_ros_msgs/micro_ros_msgs/msg/detail/dds_fastrtps
[36.622s] -- Installing: /home/hb/hb_ws/install/micro_ros_msgs/include/micro_ros_msgs/micro_ros_msgs/msg/detail/node__rosidl_typesupport_fastrtps_cpp.hpp
[36.624s] -- Installing: /home/hb/hb_ws/install/micro_ros_msgs/include/micro_ros_msgs/micro_ros_msgs/msg/detail/entity__rosidl_typesupport_fastrtps_cpp.hpp
[36.625s] -- Installing: /home/hb/hb_ws/install/micro_ros_msgs/include/micro_ros_msgs/micro_ros_msgs/msg/rosidl_typesupport_fastrtps_cpp__visibility_control.h
[36.626s] -- Installing: /home/hb/hb_ws/install/micro_ros_msgs/lib/libmicro_ros_msgs__rosidl_typesupport_fastrtps_cpp.so
[36.635s] -- Set runtime path of "/home/hb/hb_ws/install/micro_ros_msgs/lib/libmicro_ros_msgs__rosidl_typesupport_fastrtps_cpp.so" to ""
[36.635s] -- Up-to-date: /home/hb/hb_ws/install/micro_ros_msgs/include/micro_ros_msgs/micro_ros_msgs
[36.636s] -- Up-to-date: /home/hb/hb_ws/install/micro_ros_msgs/include/micro_ros_msgs/micro_ros_msgs/msg
[36.639s] -- Up-to-date: /home/hb/hb_ws/install/micro_ros_msgs/include/micro_ros_msgs/micro_ros_msgs/msg/detail
[36.640s] -- Installing: /home/hb/hb_ws/install/micro_ros_msgs/include/micro_ros_msgs/micro_ros_msgs/msg/detail/graph__type_support.cpp
[36.640s] -- Installing: /home/hb/hb_ws/install/micro_ros_msgs/include/micro_ros_msgs/micro_ros_msgs/msg/detail/graph__rosidl_typesupport_introspection_cpp.hpp
[36.640s] -- Installing: /home/hb/hb_ws/install/micro_ros_msgs/include/micro_ros_msgs/micro_ros_msgs/msg/detail/node__rosidl_typesupport_introspection_cpp.hpp
[36.641s] -- Installing: /home/hb/hb_ws/install/micro_ros_msgs/include/micro_ros_msgs/micro_ros_msgs/msg/detail/entity__rosidl_typesupport_introspection_cpp.hpp
[36.641s] -- Installing: /home/hb/hb_ws/install/micro_ros_msgs/include/micro_ros_msgs/micro_ros_msgs/msg/detail/node__type_support.cpp
[36.642s] -- Installing: /home/hb/hb_ws/install/micro_ros_msgs/include/micro_ros_msgs/micro_ros_msgs/msg/detail/entity__type_support.cpp
[36.643s] -- Installing: /home/hb/hb_ws/install/micro_ros_msgs/lib/libmicro_ros_msgs__rosidl_typesupport_introspection_cpp.so
[36.645s] -- Set runtime path of "/home/hb/hb_ws/install/micro_ros_msgs/lib/libmicro_ros_msgs__rosidl_typesupport_introspection_cpp.so" to ""
[36.646s] -- Installing: /home/hb/hb_ws/install/micro_ros_msgs/lib/libmicro_ros_msgs__rosidl_typesupport_cpp.so
[36.649s] -- Set runtime path of "/home/hb/hb_ws/install/micro_ros_msgs/lib/libmicro_ros_msgs__rosidl_typesupport_cpp.so" to ""
[36.649s] -- Installing: /home/hb/hb_ws/install/micro_ros_msgs/share/micro_ros_msgs/environment/pythonpath.sh
[36.651s] -- Installing: /home/hb/hb_ws/install/micro_ros_msgs/share/micro_ros_msgs/environment/pythonpath.dsv
[36.652s] -- Installing: /home/hb/hb_ws/install/micro_ros_msgs/local/lib/python3.10/dist-packages/micro_ros_msgs-3.0.1-py3.10.egg-info
[36.653s] -- Installing: /home/hb/hb_ws/install/micro_ros_msgs/local/lib/python3.10/dist-packages/micro_ros_msgs-3.0.1-py3.10.egg-info/dependency_links.txt
[36.655s] -- Installing: /home/hb/hb_ws/install/micro_ros_msgs/local/lib/python3.10/dist-packages/micro_ros_msgs-3.0.1-py3.10.egg-info/top_level.txt
[36.656s] -- Installing: /home/hb/hb_ws/install/micro_ros_msgs/local/lib/python3.10/dist-packages/micro_ros_msgs-3.0.1-py3.10.egg-info/SOURCES.txt
[36.657s] -- Installing: /home/hb/hb_ws/install/micro_ros_msgs/local/lib/python3.10/dist-packages/micro_ros_msgs-3.0.1-py3.10.egg-info/PKG-INFO
[36.658s] -- Installing: /home/hb/hb_ws/install/micro_ros_msgs/local/lib/python3.10/dist-packages/micro_ros_msgs
[36.660s] -- Installing: /home/hb/hb_ws/install/micro_ros_msgs/local/lib/python3.10/dist-packages/micro_ros_msgs/micro_ros_msgs_s__rosidl_typesupport_introspection_c.cpython-310-aarch64-linux-gnu.so
[36.661s] -- Installing: /home/hb/hb_ws/install/micro_ros_msgs/local/lib/python3.10/dist-packages/micro_ros_msgs/_micro_ros_msgs_s.ep.rosidl_typesupport_c.c
[36.663s] -- Installing: /home/hb/hb_ws/install/micro_ros_msgs/local/lib/python3.10/dist-packages/micro_ros_msgs/micro_ros_msgs_s__rosidl_typesupport_fastrtps_c.cpython-310-aarch64-linux-gnu.so
[36.664s] -- Installing: /home/hb/hb_ws/install/micro_ros_msgs/local/lib/python3.10/dist-packages/micro_ros_msgs/msg
[36.665s] -- Installing: /home/hb/hb_ws/install/micro_ros_msgs/local/lib/python3.10/dist-packages/micro_ros_msgs/msg/_node_s.c
[36.666s] -- Installing: /home/hb/hb_ws/install/micro_ros_msgs/local/lib/python3.10/dist-packages/micro_ros_msgs/msg/_graph_s.c
[36.667s] -- Installing: /home/hb/hb_ws/install/micro_ros_msgs/local/lib/python3.10/dist-packages/micro_ros_msgs/msg/_entity.py
[36.668s] -- Installing: /home/hb/hb_ws/install/micro_ros_msgs/local/lib/python3.10/dist-packages/micro_ros_msgs/msg/_node.py
[36.670s] -- Installing: /home/hb/hb_ws/install/micro_ros_msgs/local/lib/python3.10/dist-packages/micro_ros_msgs/msg/_entity_s.c
[36.671s] -- Installing: /home/hb/hb_ws/install/micro_ros_msgs/local/lib/python3.10/dist-packages/micro_ros_msgs/msg/__init__.py
[36.672s] -- Installing: /home/hb/hb_ws/install/micro_ros_msgs/local/lib/python3.10/dist-packages/micro_ros_msgs/msg/_graph.py
[36.673s] -- Installing: /home/hb/hb_ws/install/micro_ros_msgs/local/lib/python3.10/dist-packages/micro_ros_msgs/libmicro_ros_msgs__rosidl_generator_py.so
[36.675s] -- Installing: /home/hb/hb_ws/install/micro_ros_msgs/local/lib/python3.10/dist-packages/micro_ros_msgs/_micro_ros_msgs_s.ep.rosidl_typesupport_fastrtps_c.c
[36.676s] -- Installing: /home/hb/hb_ws/install/micro_ros_msgs/local/lib/python3.10/dist-packages/micro_ros_msgs/__init__.py
[36.677s] -- Installing: /home/hb/hb_ws/install/micro_ros_msgs/local/lib/python3.10/dist-packages/micro_ros_msgs/micro_ros_msgs_s__rosidl_typesupport_c.cpython-310-aarch64-linux-gnu.so
[36.679s] -- Installing: /home/hb/hb_ws/install/micro_ros_msgs/local/lib/python3.10/dist-packages/micro_ros_msgs/_micro_ros_msgs_s.ep.rosidl_typesupport_introspection_c.c
[36.864s] Listing '/home/hb/hb_ws/install/micro_ros_msgs/local/lib/python3.10/dist-packages/micro_ros_msgs'...
[36.865s] Compiling '/home/hb/hb_ws/install/micro_ros_msgs/local/lib/python3.10/dist-packages/micro_ros_msgs/__init__.py'...
[36.866s] Listing '/home/hb/hb_ws/install/micro_ros_msgs/local/lib/python3.10/dist-packages/micro_ros_msgs/msg'...
[36.867s] Compiling '/home/hb/hb_ws/install/micro_ros_msgs/local/lib/python3.10/dist-packages/micro_ros_msgs/msg/__init__.py'...
[36.868s] Compiling '/home/hb/hb_ws/install/micro_ros_msgs/local/lib/python3.10/dist-packages/micro_ros_msgs/msg/_entity.py'...
[36.869s] Compiling '/home/hb/hb_ws/install/micro_ros_msgs/local/lib/python3.10/dist-packages/micro_ros_msgs/msg/_graph.py'...
[36.876s] Compiling '/home/hb/hb_ws/install/micro_ros_msgs/local/lib/python3.10/dist-packages/micro_ros_msgs/msg/_node.py'...
[36.893s] -- Installing: /home/hb/hb_ws/install/micro_ros_msgs/local/lib/python3.10/dist-packages/micro_ros_msgs/micro_ros_msgs_s__rosidl_typesupport_fastrtps_c.cpython-310-aarch64-linux-gnu.so
[36.896s] -- Set runtime path of "/home/hb/hb_ws/install/micro_ros_msgs/local/lib/python3.10/dist-packages/micro_ros_msgs/micro_ros_msgs_s__rosidl_typesupport_fastrtps_c.cpython-310-aarch64-linux-gnu.so" to ""
[36.897s] -- Installing: /home/hb/hb_ws/install/micro_ros_msgs/local/lib/python3.10/dist-packages/micro_ros_msgs/micro_ros_msgs_s__rosidl_typesupport_introspection_c.cpython-310-aarch64-linux-gnu.so
[36.900s] -- Set runtime path of "/home/hb/hb_ws/install/micro_ros_msgs/local/lib/python3.10/dist-packages/micro_ros_msgs/micro_ros_msgs_s__rosidl_typesupport_introspection_c.cpython-310-aarch64-linux-gnu.so" to ""
[36.901s] -- Installing: /home/hb/hb_ws/install/micro_ros_msgs/local/lib/python3.10/dist-packages/micro_ros_msgs/micro_ros_msgs_s__rosidl_typesupport_c.cpython-310-aarch64-linux-gnu.so
[36.904s] -- Set runtime path of "/home/hb/hb_ws/install/micro_ros_msgs/local/lib/python3.10/dist-packages/micro_ros_msgs/micro_ros_msgs_s__rosidl_typesupport_c.cpython-310-aarch64-linux-gnu.so" to ""
[36.905s] -- Installing: /home/hb/hb_ws/install/micro_ros_msgs/lib/libmicro_ros_msgs__rosidl_generator_py.so
[36.907s] -- Set runtime path of "/home/hb/hb_ws/install/micro_ros_msgs/lib/libmicro_ros_msgs__rosidl_generator_py.so" to ""
[36.908s] -- Installing: /home/hb/hb_ws/install/micro_ros_msgs/share/micro_ros_msgs/msg/Graph.idl
[36.909s] -- Installing: /home/hb/hb_ws/install/micro_ros_msgs/share/micro_ros_msgs/msg/Node.idl
[36.911s] -- Installing: /home/hb/hb_ws/install/micro_ros_msgs/share/micro_ros_msgs/msg/Entity.idl
[36.912s] -- Installing: /home/hb/hb_ws/install/micro_ros_msgs/share/micro_ros_msgs/msg/Graph.msg
[36.914s] -- Installing: /home/hb/hb_ws/install/micro_ros_msgs/share/micro_ros_msgs/msg/Node.msg
[36.915s] -- Installing: /home/hb/hb_ws/install/micro_ros_msgs/share/micro_ros_msgs/msg/Entity.msg
[36.917s] -- Installing: /home/hb/hb_ws/install/micro_ros_msgs/share/ament_index/resource_index/package_run_dependencies/micro_ros_msgs
[36.918s] -- Installing: /home/hb/hb_ws/install/micro_ros_msgs/share/ament_index/resource_index/parent_prefix_path/micro_ros_msgs
[36.920s] -- Installing: /home/hb/hb_ws/install/micro_ros_msgs/share/micro_ros_msgs/environment/ament_prefix_path.sh
[36.921s] -- Installing: /home/hb/hb_ws/install/micro_ros_msgs/share/micro_ros_msgs/environment/ament_prefix_path.dsv
[36.923s] -- Installing: /home/hb/hb_ws/install/micro_ros_msgs/share/micro_ros_msgs/environment/path.sh
[36.924s] -- Installing: /home/hb/hb_ws/install/micro_ros_msgs/share/micro_ros_msgs/environment/path.dsv
[36.925s] -- Installing: /home/hb/hb_ws/install/micro_ros_msgs/share/micro_ros_msgs/local_setup.bash
[36.927s] -- Installing: /home/hb/hb_ws/install/micro_ros_msgs/share/micro_ros_msgs/local_setup.sh
[36.928s] -- Installing: /home/hb/hb_ws/install/micro_ros_msgs/share/micro_ros_msgs/local_setup.zsh
[36.936s] -- Installing: /home/hb/hb_ws/install/micro_ros_msgs/share/micro_ros_msgs/local_setup.dsv
[36.939s] -- Installing: /home/hb/hb_ws/install/micro_ros_msgs/share/micro_ros_msgs/package.dsv
[36.940s] -- Installing: /home/hb/hb_ws/install/micro_ros_msgs/share/ament_index/resource_index/packages/micro_ros_msgs
[36.940s] -- Installing: /home/hb/hb_ws/install/micro_ros_msgs/share/micro_ros_msgs/cmake/export_micro_ros_msgs__rosidl_generator_cExport.cmake
[36.941s] -- Installing: /home/hb/hb_ws/install/micro_ros_msgs/share/micro_ros_msgs/cmake/export_micro_ros_msgs__rosidl_generator_cExport-noconfig.cmake
[36.941s] -- Installing: /home/hb/hb_ws/install/micro_ros_msgs/share/micro_ros_msgs/cmake/export_micro_ros_msgs__rosidl_typesupport_fastrtps_cExport.cmake
[36.942s] -- Installing: /home/hb/hb_ws/install/micro_ros_msgs/share/micro_ros_msgs/cmake/export_micro_ros_msgs__rosidl_typesupport_fastrtps_cExport-noconfig.cmake
[36.943s] -- Installing: /home/hb/hb_ws/install/micro_ros_msgs/share/micro_ros_msgs/cmake/micro_ros_msgs__rosidl_typesupport_introspection_cExport.cmake
[36.945s] -- Installing: /home/hb/hb_ws/install/micro_ros_msgs/share/micro_ros_msgs/cmake/micro_ros_msgs__rosidl_typesupport_introspection_cExport-noconfig.cmake
[36.946s] -- Installing: /home/hb/hb_ws/install/micro_ros_msgs/share/micro_ros_msgs/cmake/micro_ros_msgs__rosidl_typesupport_cExport.cmake
[36.948s] -- Installing: /home/hb/hb_ws/install/micro_ros_msgs/share/micro_ros_msgs/cmake/micro_ros_msgs__rosidl_typesupport_cExport-noconfig.cmake
[36.951s] -- Installing: /home/hb/hb_ws/install/micro_ros_msgs/share/micro_ros_msgs/cmake/export_micro_ros_msgs__rosidl_generator_cppExport.cmake
[36.952s] -- Installing: /home/hb/hb_ws/install/micro_ros_msgs/share/micro_ros_msgs/cmake/export_micro_ros_msgs__rosidl_typesupport_fastrtps_cppExport.cmake
[36.953s] -- Installing: /home/hb/hb_ws/install/micro_ros_msgs/share/micro_ros_msgs/cmake/export_micro_ros_msgs__rosidl_typesupport_fastrtps_cppExport-noconfig.cmake
[36.955s] -- Installing: /home/hb/hb_ws/install/micro_ros_msgs/share/micro_ros_msgs/cmake/micro_ros_msgs__rosidl_typesupport_introspection_cppExport.cmake
[36.957s] -- Installing: /home/hb/hb_ws/install/micro_ros_msgs/share/micro_ros_msgs/cmake/micro_ros_msgs__rosidl_typesupport_introspection_cppExport-noconfig.cmake
[36.958s] -- Installing: /home/hb/hb_ws/install/micro_ros_msgs/share/micro_ros_msgs/cmake/micro_ros_msgs__rosidl_typesupport_cppExport.cmake
[36.960s] -- Installing: /home/hb/hb_ws/install/micro_ros_msgs/share/micro_ros_msgs/cmake/micro_ros_msgs__rosidl_typesupport_cppExport-noconfig.cmake
[36.962s] -- Installing: /home/hb/hb_ws/install/micro_ros_msgs/share/micro_ros_msgs/cmake/export_micro_ros_msgs__rosidl_generator_pyExport.cmake
[36.963s] -- Installing: /home/hb/hb_ws/install/micro_ros_msgs/share/micro_ros_msgs/cmake/export_micro_ros_msgs__rosidl_generator_pyExport-noconfig.cmake
[36.965s] -- Installing: /home/hb/hb_ws/install/micro_ros_msgs/share/micro_ros_msgs/cmake/rosidl_cmake-extras.cmake
[36.966s] -- Installing: /home/hb/hb_ws/install/micro_ros_msgs/share/micro_ros_msgs/cmake/ament_cmake_export_include_directories-extras.cmake
[36.968s] -- Installing: /home/hb/hb_ws/install/micro_ros_msgs/share/micro_ros_msgs/cmake/ament_cmake_export_libraries-extras.cmake
[36.969s] -- Installing: /home/hb/hb_ws/install/micro_ros_msgs/share/micro_ros_msgs/cmake/ament_cmake_export_targets-extras.cmake
[36.971s] -- Installing: /home/hb/hb_ws/install/micro_ros_msgs/share/micro_ros_msgs/cmake/rosidl_cmake_export_typesupport_targets-extras.cmake
[36.972s] -- Installing: /home/hb/hb_ws/install/micro_ros_msgs/share/micro_ros_msgs/cmake/ament_cmake_export_dependencies-extras.cmake
[36.974s] -- Installing: /home/hb/hb_ws/install/micro_ros_msgs/share/micro_ros_msgs/cmake/rosidl_cmake_export_typesupport_libraries-extras.cmake
[36.975s] -- Installing: /home/hb/hb_ws/install/micro_ros_msgs/share/micro_ros_msgs/cmake/micro_ros_msgsConfig.cmake
[36.976s] -- Installing: /home/hb/hb_ws/install/micro_ros_msgs/share/micro_ros_msgs/cmake/micro_ros_msgsConfig-version.cmake
[36.978s] -- Installing: /home/hb/hb_ws/install/micro_ros_msgs/share/micro_ros_msgs/package.xml
[36.987s] Invoked command in '/home/hb/hb_ws/build/micro_ros_msgs' returned '0': CMAKE_PREFIX_PATH=/home/hb/hb_ws/install/ydlidar_ros2_driver:/opt/ros/humble:/home/hb/hb_ws/install/teleop_twist_joy:/home/hb/hb_ws/install/micro_ros_setup /usr/bin/cmake --install /home/hb/hb_ws/build/micro_ros_msgs
