[1.692s] Invoking command in '/home/hb/hb_ws/build/teleop_twist_joy': CMAKE_PREFIX_PATH=/home/hb/hb_ws/install/ydlidar_ros2_driver:/home/hb/hb_ws/install/usb_cam:/home/hb/hb_ws/install/serial_communication:/opt/ros/humble:/home/hb/hb_ws/install/teleop_twist_joy:/home/hb/hb_ws/install/micro_ros_setup:/home/hb/hb_ws/install/micro_ros_agent:/home/hb/hb_ws/install/micro_ros_msgs:/home/hb/hb_ws/install/apriltag_ros /usr/bin/cmake --build /home/hb/hb_ws/build/teleop_twist_joy -- -j4 -l4
[2.045s] [ 50%] Built target teleop_twist_joy
[2.333s] [100%] Built target teleop_twist_joy_node
[2.461s] Invoked command in '/home/hb/hb_ws/build/teleop_twist_joy' returned '0': CMAKE_PREFIX_PATH=/home/hb/hb_ws/install/ydlidar_ros2_driver:/home/hb/hb_ws/install/usb_cam:/home/hb/hb_ws/install/serial_communication:/opt/ros/humble:/home/hb/hb_ws/install/teleop_twist_joy:/home/hb/hb_ws/install/micro_ros_setup:/home/hb/hb_ws/install/micro_ros_agent:/home/hb/hb_ws/install/micro_ros_msgs:/home/hb/hb_ws/install/apriltag_ros /usr/bin/cmake --build /home/hb/hb_ws/build/teleop_twist_joy -- -j4 -l4
[2.726s] Invoking command in '/home/hb/hb_ws/build/teleop_twist_joy': CMAKE_PREFIX_PATH=/home/hb/hb_ws/install/ydlidar_ros2_driver:/home/hb/hb_ws/install/usb_cam:/home/hb/hb_ws/install/serial_communication:/opt/ros/humble:/home/hb/hb_ws/install/teleop_twist_joy:/home/hb/hb_ws/install/micro_ros_setup:/home/hb/hb_ws/install/micro_ros_agent:/home/hb/hb_ws/install/micro_ros_msgs:/home/hb/hb_ws/install/apriltag_ros /usr/bin/cmake --install /home/hb/hb_ws/build/teleop_twist_joy
[2.786s] -- Install configuration: ""
[2.787s] -- Up-to-date: /home/hb/hb_ws/install/teleop_twist_joy/lib/libteleop_twist_joy.so
[2.791s] -- Up-to-date: /home/hb/hb_ws/install/teleop_twist_joy/lib/teleop_twist_joy/teleop_node
[2.810s] -- Up-to-date: /home/hb/hb_ws/install/teleop_twist_joy/include/teleop_twist_joy
[2.811s] -- Up-to-date: /home/hb/hb_ws/install/teleop_twist_joy/include/teleop_twist_joy/teleop_twist_joy
[2.812s] -- Up-to-date: /home/hb/hb_ws/install/teleop_twist_joy/include/teleop_twist_joy/teleop_twist_joy/teleop_twist_joy.hpp
[2.813s] -- Up-to-date: /home/hb/hb_ws/install/teleop_twist_joy/include/teleop_twist_joy/teleop_twist_joy/teleop_twist_joy_export.h
[2.814s] -- Up-to-date: /home/hb/hb_ws/install/teleop_twist_joy/share/teleop_twist_joy/launch
[2.816s] -- Up-to-date: /home/hb/hb_ws/install/teleop_twist_joy/share/teleop_twist_joy/launch/teleop-launch.py
[2.817s] -- Up-to-date: /home/hb/hb_ws/install/teleop_twist_joy/share/teleop_twist_joy/config
[2.820s] -- Up-to-date: /home/hb/hb_ws/install/teleop_twist_joy/share/teleop_twist_joy/config/atk3.config.yaml
[2.821s] -- Up-to-date: /home/hb/hb_ws/install/teleop_twist_joy/share/teleop_twist_joy/config/ps4.config.yaml
[2.827s] -- Up-to-date: /home/hb/hb_ws/install/teleop_twist_joy/share/teleop_twist_joy/config/ps3.config.yaml
[2.828s] -- Up-to-date: /home/hb/hb_ws/install/teleop_twist_joy/share/teleop_twist_joy/config/xd3.config.yaml
[2.830s] -- Up-to-date: /home/hb/hb_ws/install/teleop_twist_joy/share/teleop_twist_joy/config/xbox.config.yaml
[2.831s] -- Up-to-date: /home/hb/hb_ws/install/teleop_twist_joy/share/teleop_twist_joy/config/ps3-holonomic.config.yaml
[2.832s] -- Up-to-date: /home/hb/hb_ws/install/teleop_twist_joy/share/teleop_twist_joy/environment/library_path.sh
[2.834s] -- Up-to-date: /home/hb/hb_ws/install/teleop_twist_joy/share/teleop_twist_joy/environment/library_path.dsv
[2.835s] -- Up-to-date: /home/hb/hb_ws/install/teleop_twist_joy/share/ament_index/resource_index/package_run_dependencies/teleop_twist_joy
[2.836s] -- Up-to-date: /home/hb/hb_ws/install/teleop_twist_joy/share/ament_index/resource_index/parent_prefix_path/teleop_twist_joy
[2.836s] -- Up-to-date: /home/hb/hb_ws/install/teleop_twist_joy/share/teleop_twist_joy/environment/ament_prefix_path.sh
[2.837s] -- Up-to-date: /home/hb/hb_ws/install/teleop_twist_joy/share/teleop_twist_joy/environment/ament_prefix_path.dsv
[2.838s] -- Up-to-date: /home/hb/hb_ws/install/teleop_twist_joy/share/teleop_twist_joy/environment/path.sh
[2.840s] -- Up-to-date: /home/hb/hb_ws/install/teleop_twist_joy/share/teleop_twist_joy/environment/path.dsv
[2.841s] -- Up-to-date: /home/hb/hb_ws/install/teleop_twist_joy/share/teleop_twist_joy/local_setup.bash
[2.843s] -- Up-to-date: /home/hb/hb_ws/install/teleop_twist_joy/share/teleop_twist_joy/local_setup.sh
[2.843s] -- Up-to-date: /home/hb/hb_ws/install/teleop_twist_joy/share/teleop_twist_joy/local_setup.zsh
[2.844s] -- Up-to-date: /home/hb/hb_ws/install/teleop_twist_joy/share/teleop_twist_joy/local_setup.dsv
[2.845s] -- Installing: /home/hb/hb_ws/install/teleop_twist_joy/share/teleop_twist_joy/package.dsv
[2.846s] -- Up-to-date: /home/hb/hb_ws/install/teleop_twist_joy/share/ament_index/resource_index/packages/teleop_twist_joy
[2.846s] -- Up-to-date: /home/hb/hb_ws/install/teleop_twist_joy/share/ament_index/resource_index/rclcpp_components/teleop_twist_joy
[2.847s] -- Up-to-date: /home/hb/hb_ws/install/teleop_twist_joy/share/teleop_twist_joy/cmake/export_teleop_twist_joyExport.cmake
[2.850s] -- Up-to-date: /home/hb/hb_ws/install/teleop_twist_joy/share/teleop_twist_joy/cmake/export_teleop_twist_joyExport-noconfig.cmake
[2.853s] -- Up-to-date: /home/hb/hb_ws/install/teleop_twist_joy/share/teleop_twist_joy/cmake/ament_cmake_export_include_directories-extras.cmake
[2.854s] -- Up-to-date: /home/hb/hb_ws/install/teleop_twist_joy/share/teleop_twist_joy/cmake/ament_cmake_export_libraries-extras.cmake
[2.854s] -- Up-to-date: /home/hb/hb_ws/install/teleop_twist_joy/share/teleop_twist_joy/cmake/ament_cmake_export_targets-extras.cmake
[2.855s] -- Up-to-date: /home/hb/hb_ws/install/teleop_twist_joy/share/teleop_twist_joy/cmake/teleop_twist_joyConfig.cmake
[2.857s] -- Up-to-date: /home/hb/hb_ws/install/teleop_twist_joy/share/teleop_twist_joy/cmake/teleop_twist_joyConfig-version.cmake
[2.858s] -- Up-to-date: /home/hb/hb_ws/install/teleop_twist_joy/share/teleop_twist_joy/package.xml
[2.912s] Invoked command in '/home/hb/hb_ws/build/teleop_twist_joy' returned '0': CMAKE_PREFIX_PATH=/home/hb/hb_ws/install/ydlidar_ros2_driver:/home/hb/hb_ws/install/usb_cam:/home/hb/hb_ws/install/serial_communication:/opt/ros/humble:/home/hb/hb_ws/install/teleop_twist_joy:/home/hb/hb_ws/install/micro_ros_setup:/home/hb/hb_ws/install/micro_ros_agent:/home/hb/hb_ws/install/micro_ros_msgs:/home/hb/hb_ws/install/apriltag_ros /usr/bin/cmake --install /home/hb/hb_ws/build/teleop_twist_joy
